-LAYER
S
PainĂ©is

_ZOOM
C -7000,-100 10
-LAYER
S
NĂ­vel

-DIMSTYLE
restore
PAINEL-NOVA
-LAYER
S
SARR_2.2x7

-LINETYPE
S
DASHED

-STYLE
Arial

12




_PLINE
-7000,-100
-5630,-100

_PLINE
-7000,-400.0
-5630,-400.0

-LINETYPE
S
continuous

-LAYER
S
COTA

_DIMLINEAR
-5645,-400.0
-5645,-100
-5665,-250.0
_ZOOM
C -7000,-100 10
-INSERT
MULDURA
-7000,-362.0
1
0
-LAYER
S
nomenclatura

-STYLE
Romans

15





-TEXT
J
L
-6969,260.0
0
TĂ©rreo - PD: 3,00
-TEXT
J
L
-6969,235.0
0
NĂŤVEL DE SAĂŤDA: 3
-TEXT
J
L
-6969,210.0
0
NĂŤVEL DE CHEGADA: 6,00
-LAYER
S
PainĂ©is

_PLINE
-6920,-400.0
-6848.0,-400.0

_PLINE
-6848.0,-400.0
-6848.0,-398.0

_PLINE
-6848.0,-398.0
-6920,-398.0

_PLINE
-6920,-398.0
-6920,-400.0

_PLINE
-6920,-398.0
-6848.0,-398.0

_PLINE
-6848.0,-398.0
-6848.0,-276.0

_PLINE
-6848.0,-276.0
-6920,-276.0

_PLINE
-6920,-276.0
-6920,-398.0

_PLINE
-6920,-276.0
-6848.0,-276.0

_PLINE
-6848.0,-276.0
-6848.0,-154.0

_PLINE
-6848.0,-154.0
-6920,-154.0

_PLINE
-6920,-154.0
-6920,-276.0

_PLINE
-6920,-154.0
-6848.0,-154.0

_PLINE
-6848.0,-154.0
-6848.0,-100.0

_PLINE
-6848.0,-100.0
-6920,-100.0

_PLINE
-6920,-100.0
-6920,-154.0

_PLINE
-6548.0,-400.0
-6476.0,-400.0

_PLINE
-6476.0,-400.0
-6476.0,-398.0

_PLINE
-6476.0,-398.0
-6548.0,-398.0

_PLINE
-6548.0,-398.0
-6548.0,-400.0

_PLINE
-6548.0,-398.0
-6476.0,-398.0

_PLINE
-6476.0,-398.0
-6476.0,-276.0

_PLINE
-6476.0,-276.0
-6548.0,-276.0

_PLINE
-6548.0,-276.0
-6548.0,-398.0

_PLINE
-6548.0,-276.0
-6476.0,-276.0

_PLINE
-6476.0,-276.0
-6476.0,-154.0

_PLINE
-6476.0,-154.0
-6548.0,-154.0

_PLINE
-6548.0,-154.0
-6548.0,-276.0

_PLINE
-6548.0,-154.0
-6476.0,-154.0

_PLINE
-6476.0,-154.0
-6476.0,-100.0

_PLINE
-6476.0,-100.0
-6548.0,-100.0

_PLINE
-6548.0,-100.0
-6548.0,-154.0

_PLINE
-6176.0,-400.0
-6136.0,-400.0

_PLINE
-6136.0,-400.0
-6136.0,-398.0

_PLINE
-6136.0,-398.0
-6176.0,-398.0

_PLINE
-6176.0,-398.0
-6176.0,-400.0

_PLINE
-6176.0,-398.0
-6136.0,-398.0

_PLINE
-6136.0,-398.0
-6136.0,-154.0

_PLINE
-6136.0,-154.0
-6176.0,-154.0

_PLINE
-6176.0,-154.0
-6176.0,-398.0

_PLINE
-6176.0,-154.0
-6136.0,-154.0

_PLINE
-6136.0,-154.0
-6136.0,-100.0

_PLINE
-6136.0,-100.0
-6176.0,-100.0

_PLINE
-6176.0,-100.0
-6176.0,-154.0

_PLINE
-5906.0,-400.0
-5866.0,-400.0

_PLINE
-5866.0,-400.0
-5866.0,-398.0

_PLINE
-5866.0,-398.0
-5906.0,-398.0

_PLINE
-5906.0,-398.0
-5906.0,-400.0

_PLINE
-5906.0,-398.0
-5866.0,-398.0

_PLINE
-5866.0,-398.0
-5866.0,-154.0

_PLINE
-5866.0,-154.0
-5906.0,-154.0

_PLINE
-5906.0,-154.0
-5906.0,-398.0

_PLINE
-5906.0,-154.0
-5866.0,-154.0

_PLINE
-5866.0,-154.0
-5866.0,-100.0

_PLINE
-5866.0,-100.0
-5906.0,-100.0

_PLINE
-5906.0,-100.0
-5906.0,-154.0
-LAYER
S
SARR_2.2x7

-LINETYPE
S
DASHED

-LAYER
S
SARR_2.2x7

_PLINE
-6913.0,-398.0
-6913.0,-276.0

_PLINE
-6855.0,-398.0
-6855.0,-276.0
-LAYER
S
SARR_2.2x7

-LINETYPE
S
CONTINUOUS

-LINETYPE
S
DASHED

-LAYER
S
SARR_2.2x7

_PLINE
-6913.0,-276.0
-6913.0,-154.0

_PLINE
-6855.0,-276.0
-6855.0,-154.0
-LAYER
S
SARR_2.2x7

-LINETYPE
S
CONTINUOUS

-LINETYPE
S
DASHED

-LAYER
S
SARR_2.2x7

_PLINE
-6913.0,-154.0
-6913.0,-100.0

_PLINE
-6855.0,-154.0
-6855.0,-100.0
-LAYER
S
SARR_2.2x7

-LINETYPE
S
CONTINUOUS

-LINETYPE
S
CONTINUOUS

_PLINE
-6920,-107.0
-6848.0,-107.0
-LAYER
S
SARR_2.2x7

-LINETYPE
S
DASHED

-LAYER
S
SARR_2.2x7

_PLINE
-6541.0,-398.0
-6541.0,-276.0

_PLINE
-6483.0,-398.0
-6483.0,-276.0
-LAYER
S
SARR_2.2x7

-LINETYPE
S
CONTINUOUS

-LINETYPE
S
DASHED

-LAYER
S
SARR_2.2x7

_PLINE
-6541.0,-276.0
-6541.0,-154.0

_PLINE
-6483.0,-276.0
-6483.0,-154.0
-LAYER
S
SARR_2.2x7

-LINETYPE
S
CONTINUOUS

-LINETYPE
S
DASHED

-LAYER
S
SARR_2.2x7

_PLINE
-6541.0,-154.0
-6541.0,-100.0

_PLINE
-6483.0,-154.0
-6483.0,-100.0
-LAYER
S
SARR_2.2x7

-LINETYPE
S
CONTINUOUS

-LINETYPE
S
CONTINUOUS

_PLINE
-6548.0,-107.0
-6476.0,-107.0
-LAYER
S
SARR_2.2x7

-LINETYPE
S
CONTINUOUS

_PLINE
-6176.0,-391.0
-6136.0,-391.0

_PLINE
-6176.0,-161.0
-6136.0,-161.0

-LINETYPE
S
CONTINUOUS

_PLINE
-6176.0,-147.0
-6136.0,-147.0

_PLINE
-6176.0,-107.0
-6136.0,-107.0
-LAYER
S
SARR_2.2x7

-LINETYPE
S
CONTINUOUS

_PLINE
-5906.0,-391.0
-5866.0,-391.0

_PLINE
-5906.0,-161.0
-5866.0,-161.0

-LINETYPE
S
CONTINUOUS

_PLINE
-5906.0,-147.0
-5866.0,-147.0

_PLINE
-5906.0,-107.0
-5866.0,-107.0
-LAYER
S
COTA

_DIMLINEAR
-6848.0,-400.0
-6848.0,-398.0
-6823.0,-399.0
_DIMLINEAR
-6848.0,-276.0
-6848.0,-154.0
-6798.0,-215.0
_DIMLINEAR
-6848.0,-154.0
-6848.0,-100.0
-6798.0,-127.0
_DIMLINEAR
-6848.0,-400.0
-6848.0,-276.0
-6798.0,-338.0
_DIMLINEAR
-6920,-400.0
-6848.0,-400.0
-6884.0,-430.0
-INSERT
SLIPTEE
-6920,-397.0
1
0
-INSERT
SLIPTDD
-6848.0,-397.0
1
0
_DIMLINEAR
-6884.0,-370.0
-6884.0,-400.0
-6869.0,-385.0
-INSERT
furacao
-6884.0,-370.0
1
0
-INSERT
furacao
-6884.0,-320.0
1
0
-INSERT
furacao
-6884.0,-265.0
1
0
-INSERT
furacao
-6884.0,-210.0
1
0
-INSERT
furacao
-6884.0,-155.0
1
0
_DIMLINEAR
-6476.0,-400.0
-6476.0,-398.0
-6451.0,-399.0
_DIMLINEAR
-6476.0,-276.0
-6476.0,-154.0
-6426.0,-215.0
_DIMLINEAR
-6476.0,-154.0
-6476.0,-100.0
-6426.0,-127.0
_DIMLINEAR
-6476.0,-400.0
-6476.0,-276.0
-6426.0,-338.0
_DIMLINEAR
-6548.0,-400.0
-6476.0,-400.0
-6512.0,-430.0
-INSERT
SLIPTEE
-6548.0,-397.0
1
0
-INSERT
SLIPTDD
-6476.0,-397.0
1
0
_DIMLINEAR
-6512.0,-370.0
-6512.0,-400.0
-6497.0,-385.0
-INSERT
furacao
-6512.0,-370.0
1
0
-INSERT
furacao
-6512.0,-320.0
1
0
-INSERT
furacao
-6512.0,-265.0
1
0
-INSERT
furacao
-6512.0,-210.0
1
0
-INSERT
furacao
-6512.0,-155.0
1
0
_DIMLINEAR
-6136.0,-400.0
-6136.0,-398.0
-6086.0,-399.0
_DIMLINEAR
-6136.0,-398.0
-6136.0,-154.0
-6086.0,-276.0
_DIMLINEAR
-6136.0,-154.0
-6136.0,-100.0
-6086.0,-127.0
_DIMLINEAR
-6176.0,-400.0
-6136.0,-400.0
-6156.0,-430.0
-INSERT
furacao
-6156.0,-370.0
1
0
-INSERT
furacao
-6156.0,-320.0
1
0
-INSERT
furacao
-6156.0,-265.0
1
0
-INSERT
furacao
-6156.0,-210.0
1
0
-INSERT
furacao
-6156.0,-155.0
1
0
_DIMLINEAR
-5866.0,-400.0
-5866.0,-398.0
-5816.0,-399.0
_DIMLINEAR
-5866.0,-398.0
-5866.0,-154.0
-5816.0,-276.0
_DIMLINEAR
-5866.0,-154.0
-5866.0,-100.0
-5816.0,-127.0
_DIMLINEAR
-5906.0,-400.0
-5866.0,-400.0
-5886.0,-430.0
-INSERT
furacao
-5886.0,-370.0
1
0
-INSERT
furacao
-5886.0,-320.0
1
0
-INSERT
furacao
-5886.0,-265.0
1
0
-INSERT
furacao
-5886.0,-210.0
1
0
-INSERT
furacao
-5886.0,-155.0
1
0
-LAYER
S
nomenclatura

-STYLE
Romans

12





-TEXT
J
L
-6935,-395.0
90
P2.A
-LAYER
S
nomenclatura

-STYLE
Romans

12





-TEXT
J
L
-6563.0,-395.0
90
P2.B
-LAYER
S
nomenclatura

-STYLE
Romans

12





-TEXT
J
L
-6191.0,-395.0
90
P2.C
-LAYER
S
nomenclatura

-TEXT
-6071.0,-316.0
90
9sarr.
-LAYER
S
nomenclatura

-TEXT
-6071.0,-167.0
90
3sarr.
-LAYER
S
nomenclatura

-STYLE
Romans

12





-TEXT
J
L
-5921.0,-395.0
90
P2.D
-LAYER
S
nomenclatura

-TEXT
-5801.0,-316.0
90
9sarr.
-LAYER
S
nomenclatura

-TEXT
-5801.0,-167.0
90
3sarr.
-LAYER
S
PainĂ©is

-LAYER
S
PainĂ©is

-LAYER
S
PainĂ©is

-LAYER
S
PainĂ©is

-LAYER
S
PainĂ©is

-LAYER
S
NĂ­vel2026-01-24 19:28:18,676 - INFO - Binds configurados para todos os locks
2026-01-24 19:28:18,688 - INFO - Carregando configuraçőes de layers...
2026-01-24 19:28:18,694 - INFO - Carregando configuraçőes de blocos...
2026-01-24 19:28:18,698 - INFO - Carregando opçőes de desenho...
2026-01-24 19:28:18,702 - INFO - Configuraçőes carregadas com sucesso!
2026-01-24 19:28:18,703 - INFO - Aplicaçăo inicializada com sucesso
