2025-09-22 21:41:02 | debug_main_system | INFO | Iniciando logs de depuração para main_system
2025-09-22 21:41:02 | debug_main_system | INFO | Arquivo de log: logs\depuracao\main_system_20250922_214102.log
2025-09-22 21:41:02 | debug_main_system | INFO | 
============================================================
2025-09-22 21:41:02 | debug_main_system | INFO | 📋 SISTEMA PRINCIPAL PILARANALYZER
2025-09-22 21:41:02 | debug_main_system | INFO | ============================================================
2025-09-22 21:41:02 | debug_main_system | INFO | ℹ️ Data/Hora de início: 2025-09-22 21:41:02
2025-09-22 21:41:02 | debug_main_system | INFO | ℹ️ Diretório atual: c:\Users\rvene\Desktop\pilares-clean-final\src
2025-09-22 21:41:02 | debug_main_system | INFO | ℹ️ Projeto root: c:\Users\rvene\Desktop\pilares-clean-final
2025-09-22 21:41:02 | debug_main_system | INFO | 
----------------------------------------
2025-09-22 21:41:02 | debug_main_system | INFO | 📌 IMPORTAÇÃO DO PILAR_ANALYZER
2025-09-22 21:41:02 | debug_main_system | INFO | ----------------------------------------
2025-09-22 21:41:02 | debug_main_system | INFO | ℹ️ 🔄 Importando módulo core.pilar_analyzer...
2025-09-22 21:41:02 | debug_main_system | INFO | ℹ️ ✅ Módulo pilar_analyzer importado com sucesso!
2025-09-22 21:41:02 | debug_main_system | INFO | 
----------------------------------------
2025-09-22 21:41:02 | debug_main_system | INFO | 📌 EXECUÇÃO DO SISTEMA PRINCIPAL
2025-09-22 21:41:02 | debug_main_system | INFO | ----------------------------------------
2025-09-23 10:31:17 | debug_main_system | INFO | ℹ️ ✅ Sistema principal executado com sucesso!
2025-09-23 10:31:17 | debug_main_system | INFO | ⏱️ Tempo total do sistema principal: 46215.199s
2025-09-23 10:31:17 | debug_main_system | INFO | 
============================================================
2025-09-23 10:31:17 | debug_main_system | INFO | 📋 FINALIZAÇÃO DO SISTEMA PRINCIPAL
2025-09-23 10:31:17 | debug_main_system | INFO | ============================================================
2025-09-23 10:31:17 | debug_main_system | INFO | ℹ️ 📅 Data/Hora de término: 2025-09-23 10:31:17
2025-09-23 10:31:17 | debug_main_system | INFO | ℹ️ ✅ Sistema principal concluído com sucesso!
