2025-10-23 20:54:36 | debug_main_system | INFO | Iniciando logs de depuração para main_system
2025-10-23 20:54:36 | debug_main_system | INFO | Arquivo de log: logs\depuracao\main_system_20251023_205436.log
2025-10-23 20:54:36 | debug_main_system | INFO | 
============================================================
2025-10-23 20:54:36 | debug_main_system | INFO | 📋 SISTEMA PRINCIPAL PILARANALYZER
2025-10-23 20:54:36 | debug_main_system | INFO | ============================================================
2025-10-23 20:54:36 | debug_main_system | INFO | ℹ️ Data/Hora de início: 2025-10-23 20:54:36
2025-10-23 20:54:36 | debug_main_system | INFO | ℹ️ Diretório atual: C:\Users\Ryzen\Desktop\GITHUB\pilares\pilares-atualizado-09-25\src
2025-10-23 20:54:36 | debug_main_system | INFO | ℹ️ Projeto root: C:\Users\Ryzen\Desktop\GITHUB\pilares\pilares-atualizado-09-25
2025-10-23 20:54:36 | debug_main_system | INFO | 
----------------------------------------
2025-10-23 20:54:36 | debug_main_system | INFO | 📌 IMPORTAÇÃO DO PILAR_ANALYZER
2025-10-23 20:54:36 | debug_main_system | INFO | ----------------------------------------
2025-10-23 20:54:36 | debug_main_system | INFO | ℹ️ 🔄 Importando módulo core.pilar_analyzer...
2025-10-23 20:54:36 | debug_main_system | INFO | ℹ️ ✅ Módulo pilar_analyzer importado com sucesso!
2025-10-23 20:54:36 | debug_main_system | INFO | 
----------------------------------------
2025-10-23 20:54:36 | debug_main_system | INFO | 📌 EXECUÇÃO DO SISTEMA PRINCIPAL
2025-10-23 20:54:36 | debug_main_system | INFO | ----------------------------------------
2025-10-23 22:00:18 | debug_main_system | INFO | ℹ️ ✅ Sistema principal executado com sucesso!
2025-10-23 22:00:18 | debug_main_system | INFO | ⏱️ Tempo total do sistema principal: 3942.316s
2025-10-23 22:00:18 | debug_main_system | INFO | 
============================================================
2025-10-23 22:00:18 | debug_main_system | INFO | 📋 FINALIZAÇÃO DO SISTEMA PRINCIPAL
2025-10-23 22:00:18 | debug_main_system | INFO | ============================================================
2025-10-23 22:00:18 | debug_main_system | INFO | ℹ️ 📅 Data/Hora de término: 2025-10-23 22:00:18
2025-10-23 22:00:18 | debug_main_system | INFO | ℹ️ ✅ Sistema principal concluído com sucesso!
