2025-10-21 14:45:22 | debug_main_system | INFO | Iniciando logs de depuração para main_system
2025-10-21 14:45:22 | debug_main_system | INFO | Arquivo de log: logs\depuracao\main_system_20251021_144522.log
2025-10-21 14:45:22 | debug_main_system | INFO | 
============================================================
2025-10-21 14:45:22 | debug_main_system | INFO | 📋 SISTEMA PRINCIPAL PILARANALYZER
2025-10-21 14:45:22 | debug_main_system | INFO | ============================================================
2025-10-21 14:45:22 | debug_main_system | INFO | ℹ️ Data/Hora de início: 2025-10-21 14:45:22
2025-10-21 14:45:22 | debug_main_system | INFO | ℹ️ Diretório atual: C:\Users\Ryzen\Desktop\GITHUB\pilares\pilares-atualizado-09-25\src
2025-10-21 14:45:22 | debug_main_system | INFO | ℹ️ Projeto root: C:\Users\Ryzen\Desktop\GITHUB\pilares\pilares-atualizado-09-25
2025-10-21 14:45:22 | debug_main_system | INFO | 
----------------------------------------
2025-10-21 14:45:22 | debug_main_system | INFO | 📌 IMPORTAÇÃO DO PILAR_ANALYZER
2025-10-21 14:45:22 | debug_main_system | INFO | ----------------------------------------
2025-10-21 14:45:22 | debug_main_system | INFO | ℹ️ 🔄 Importando módulo core.pilar_analyzer...
2025-10-21 14:45:22 | debug_main_system | INFO | ℹ️ ✅ Módulo pilar_analyzer importado com sucesso!
2025-10-21 14:45:22 | debug_main_system | INFO | 
----------------------------------------
2025-10-21 14:45:22 | debug_main_system | INFO | 📌 EXECUÇÃO DO SISTEMA PRINCIPAL
2025-10-21 14:45:22 | debug_main_system | INFO | ----------------------------------------
2025-10-21 14:45:57 | debug_main_system | INFO | ℹ️ ✅ Sistema principal executado com sucesso!
2025-10-21 14:45:57 | debug_main_system | INFO | ⏱️ Tempo total do sistema principal: 35.588s
2025-10-21 14:45:57 | debug_main_system | INFO | 
============================================================
2025-10-21 14:45:57 | debug_main_system | INFO | 📋 FINALIZAÇÃO DO SISTEMA PRINCIPAL
2025-10-21 14:45:57 | debug_main_system | INFO | ============================================================
2025-10-21 14:45:57 | debug_main_system | INFO | ℹ️ 📅 Data/Hora de término: 2025-10-21 14:45:57
2025-10-21 14:45:57 | debug_main_system | INFO | ℹ️ ✅ Sistema principal concluído com sucesso!
