2025-09-30 14:53:40 | debug_main_system | INFO | Iniciando logs de depuração para main_system
2025-09-30 14:53:40 | debug_main_system | INFO | Arquivo de log: logs\depuracao\main_system_20250930_145340.log
2025-09-30 14:53:40 | debug_main_system | INFO | 
============================================================
2025-09-30 14:53:40 | debug_main_system | INFO | 📋 SISTEMA PRINCIPAL PILARANALYZER
2025-09-30 14:53:40 | debug_main_system | INFO | ============================================================
2025-09-30 14:53:40 | debug_main_system | INFO | ℹ️ Data/Hora de início: 2025-09-30 14:53:40
2025-09-30 14:53:40 | debug_main_system | INFO | ℹ️ Diretório atual: C:\Users\rvene\Desktop\pilares-clean-final\src
2025-09-30 14:53:40 | debug_main_system | INFO | ℹ️ Projeto root: C:\Users\rvene\Desktop\pilares-clean-final
2025-09-30 14:53:40 | debug_main_system | INFO | 
----------------------------------------
2025-09-30 14:53:40 | debug_main_system | INFO | 📌 IMPORTAÇÃO DO PILAR_ANALYZER
2025-09-30 14:53:40 | debug_main_system | INFO | ----------------------------------------
2025-09-30 14:53:40 | debug_main_system | INFO | ℹ️ 🔄 Importando módulo core.pilar_analyzer...
2025-09-30 14:53:40 | debug_main_system | INFO | ℹ️ ✅ Módulo pilar_analyzer importado com sucesso!
2025-09-30 14:53:40 | debug_main_system | INFO | 
----------------------------------------
2025-09-30 14:53:40 | debug_main_system | INFO | 📌 EXECUÇÃO DO SISTEMA PRINCIPAL
2025-09-30 14:53:40 | debug_main_system | INFO | ----------------------------------------
2025-09-30 15:12:56 | debug_main_system | INFO | ℹ️ ✅ Sistema principal executado com sucesso!
2025-09-30 15:12:56 | debug_main_system | INFO | ⏱️ Tempo total do sistema principal: 1155.754s
2025-09-30 15:12:56 | debug_main_system | INFO | 
============================================================
2025-09-30 15:12:56 | debug_main_system | INFO | 📋 FINALIZAÇÃO DO SISTEMA PRINCIPAL
2025-09-30 15:12:56 | debug_main_system | INFO | ============================================================
2025-09-30 15:12:56 | debug_main_system | INFO | ℹ️ 📅 Data/Hora de término: 2025-09-30 15:12:56
2025-09-30 15:12:56 | debug_main_system | INFO | ℹ️ ✅ Sistema principal concluído com sucesso!
