2025-10-29 00:28:38 | debug_pilar_analyzer | INFO | Iniciando logs de depuração para pilar_analyzer
2025-10-29 00:28:38 | debug_pilar_analyzer | INFO | Arquivo de log: logs\depuracao\pilar_analyzer_20251029_002838.log
2025-10-29 00:28:38 | debug_pilar_analyzer | INFO | 
============================================================
2025-10-29 00:28:38 | debug_pilar_analyzer | INFO | 📋 PILAR ANALYZER - SISTEMA PRINCIPAL
2025-10-29 00:28:38 | debug_pilar_analyzer | INFO | ============================================================
2025-10-29 00:28:38 | debug_pilar_analyzer | INFO | ℹ️ 📅 Data/Hora de início: 2025-10-29 00:28:38
2025-10-29 00:28:38 | debug_pilar_analyzer | INFO | ℹ️ 🚀 Iniciando PilarAnalyzer v3.0.0
2025-10-29 00:28:38 | debug_pilar_analyzer | INFO | ℹ️ 📁 Diretório atual: c:\Users\rvene\Desktop\pilares-clean-final\src\core
2025-10-29 00:28:38 | debug_pilar_analyzer | INFO | ℹ️ ✅ Paths configurados com sucesso
2025-10-29 00:28:38 | debug_pilar_analyzer | INFO | 
----------------------------------------
2025-10-29 00:28:38 | debug_pilar_analyzer | INFO | 📌 SISTEMA DE CRÉDITOS
2025-10-29 00:28:38 | debug_pilar_analyzer | INFO | ----------------------------------------
2025-10-29 00:28:38 | debug_pilar_analyzer | INFO | ℹ️ 🔄 Iniciando sistema de créditos...
2025-10-29 00:28:52 | debug_pilar_analyzer | ERROR | ❌ Login não realizado. Sistema de créditos é obrigatório.
2025-10-29 00:28:52 | debug_pilar_analyzer | INFO | ℹ️ 🛑 Encerrando PilarAnalyzer - autenticação necessária
2025-10-29 00:28:54 | debug_pilar_analyzer | INFO | 
============================================================
2025-10-29 00:28:54 | debug_pilar_analyzer | INFO | 📋 FINALIZAÇÃO - LOGIN NÃO REALIZADO
2025-10-29 00:28:54 | debug_pilar_analyzer | INFO | ============================================================
2025-10-29 00:28:54 | debug_pilar_analyzer | INFO | ℹ️ 🚪 PilarAnalyzer encerrado - usuário cancelou login
