2025-09-14 23:43:26 | debug_robo_cima | INFO | Iniciando logs de depuração para robo_cima
2025-09-14 23:43:26 | debug_robo_cima | INFO | Arquivo de log: logs\depuracao\robo_cima_20250914_234326.log
2025-09-14 23:43:26 | debug_robo_cima | INFO | ℹ️ 🔄 Instância do GeradorPilar registrada globalmente
2025-09-14 23:43:26 | debug_robo_cima | INFO | ℹ️ 🔄 Globais do pilar especial inicializadas
2025-09-14 23:43:27 | debug_robo_cima | INFO | 
============================================================
2025-09-14 23:43:27 | debug_robo_cima | INFO | 📋 GERAÇÃO DE SCRIPT CIMA
2025-09-14 23:43:27 | debug_robo_cima | INFO | ============================================================
2025-09-14 23:43:27 | debug_robo_cima | INFO | ℹ️ 🔄 === INÍCIO DO gerar_script() ===
2025-09-14 23:43:27 | debug_robo_cima | INFO | ℹ️ 🔄 Estado inicial das globais: ID=2331060520640, len=0
2025-09-14 23:43:27 | debug_robo_cima | WARNING | ⚠️ _globais_pilar_especial está vazio ou None!
2025-09-14 23:43:27 | debug_robo_cima | INFO | ℹ️ 🔄 Status pilar_rotacionado no inicio: True
2025-09-14 23:43:27 | debug_robo_cima | INFO | ℹ️ 🔄 Prestes a chamar _verificar_pilar_especial_ativo()...
2025-09-14 23:43:27 | debug_robo_cima | INFO | ℹ️ 🔄 Estado das globais ANTES da verificação: False
2025-09-14 23:43:27 | debug_robo_cima | INFO | 
----------------------------------------
2025-09-14 23:43:27 | debug_robo_cima | INFO | 📌 VERIFICAÇÃO DE PILAR ESPECIAL ATIVO
2025-09-14 23:43:27 | debug_robo_cima | INFO | ----------------------------------------
2025-09-14 23:43:27 | debug_robo_cima | INFO | ℹ️ 🔄 Verificando se pilar especial está ativo...
2025-09-14 23:43:27 | debug_robo_cima | INFO | ℹ️ 🔄 Status do checkbox pilar_rotacionado_var: True
2025-09-14 23:43:27 | debug_robo_cima | INFO | ℹ️ 🔄 Status do checkbox pilar_especial_ativo_var: False
2025-09-14 23:43:27 | debug_robo_cima | INFO | ℹ️ 🔄 Globais encontradas: 37 valores, tipo: 'L'
2025-09-14 23:43:27 | debug_robo_cima | INFO | ℹ️ ✅ Pilar especial ATIVO - pilar_rotacionado: True, pilar_especial: False, globais: True, tipo: L
2025-09-14 23:43:27 | debug_robo_cima | INFO | ℹ️ 🔄 Resultado da verificação: True
2025-09-14 23:43:27 | debug_robo_cima | INFO | ℹ️ 🔄 Estado das globais APÓS a verificação: False
2025-09-14 23:43:27 | debug_robo_cima | INFO | ℹ️ 🔄 Pilar especial ativo: True
2025-09-14 23:43:27 | debug_robo_cima | INFO | 
----------------------------------------
2025-09-14 23:43:27 | debug_robo_cima | INFO | 📌 APLICAÇÃO DE ALTERAÇÕES PILAR ESPECIAL - PAI.B
2025-09-14 23:43:27 | debug_robo_cima | INFO | ----------------------------------------
2025-09-14 23:43:27 | debug_robo_cima | INFO | ℹ️ 🔄 Aplicando alterações do pilar especial para PAI.B...
2025-09-14 23:43:27 | debug_robo_cima | DEBUG | 🔍 Sem alteração para pilar1_paib_posicao - retornando valor original: -51
2025-09-14 23:43:27 | debug_robo_cima | DEBUG | 🔍 Sem alteração para pilar1_paib_posicao - retornando valor original: 95.0
2025-09-14 23:43:27 | debug_robo_cima | INFO | ℹ️ Aplicando tamanho pilar especial: 222.0 -> 176.9 (pilar1_paib_tamanho)
2025-09-14 23:43:27 | debug_robo_cima | INFO | ℹ️ 🔄 PAI.B - Posição X: -51 -> -51
2025-09-14 23:43:27 | debug_robo_cima | INFO | ℹ️ 🔄 PAI.B - Posição Y: 95.0 -> 95.0
2025-09-14 23:43:27 | debug_robo_cima | INFO | ℹ️ 🔄 PAI.B - Comprimento: 222.0 -> 191.0
2025-09-14 23:43:27 | debug_robo_cima | DEBUG | 🔍 Sem alteração para pilar1_paia_posicao - retornando valor original: -51
2025-09-14 23:43:27 | debug_robo_cima | DEBUG | 🔍 Sem alteração para pilar1_paia_posicao - retornando valor original: 70
2025-09-14 23:43:27 | debug_robo_cima | INFO | ℹ️ Aplicando tamanho pilar especial: 222.0 -> 222.0 (pilar1_paia_tamanho)
2025-09-14 23:43:27 | debug_robo_cima | DEBUG | 🔍 Sem alteração para pilar1_metala_posicao - retornando valor original: -71
2025-09-14 23:43:27 | debug_robo_cima | DEBUG | 🔍 Sem alteração para pilar1_metala_tamanho - retornando valor original: 262.0
2025-09-14 23:43:27 | debug_robo_cima | INFO | ℹ️ 🔧 METAL A - posX=-71.0, posY=58.6, comp=262.0, endX=191.0, largura=7
2025-09-14 23:43:27 | debug_robo_cima | INFO | ℹ️ 🔧 METAL B - posX=-71.0, posY=106.4, comp=209.0, endX=138.0, largura=7
2025-09-14 23:43:27 | debug_robo_cima | INFO | ℹ️ DEBUG: Valores lidos Grade A - grade1=50.0, grade2=60.0, grade3=70.0, dist1=10.0, dist2=15.0
2025-09-14 23:43:27 | debug_robo_cima | INFO | ℹ️ DEBUG: Condição Grade A - grade1 > 0: True, grade2 > 0: True, grade3 > 0: True
2025-09-14 23:43:27 | debug_robo_cima | INFO | ℹ️ DEBUG: Condição Grade A - grade1 > 0 or grade2 > 0 or grade3 > 0: True
2025-09-14 23:43:27 | debug_robo_cima | INFO | ℹ️ GRA.A usando valores específicos: comprimentos=[50.0, 60.0, 70.0], espacos=[10.0, 15.0]
2025-09-14 23:43:27 | debug_robo_cima | INFO | 
----------------------------------------
2025-09-14 23:43:27 | debug_robo_cima | INFO | 📌 VERIFICAÇÃO DE PILAR ESPECIAL ATIVO
2025-09-14 23:43:27 | debug_robo_cima | INFO | ----------------------------------------
2025-09-14 23:43:27 | debug_robo_cima | INFO | ℹ️ 🔄 Verificando se pilar especial está ativo...
2025-09-14 23:43:27 | debug_robo_cima | INFO | ℹ️ 🔄 Status do checkbox pilar_rotacionado_var: True
2025-09-14 23:43:27 | debug_robo_cima | INFO | ℹ️ 🔄 Status do checkbox pilar_especial_ativo_var: False
2025-09-14 23:43:27 | debug_robo_cima | INFO | ℹ️ 🔄 Globais encontradas: 37 valores, tipo: 'L'
2025-09-14 23:43:27 | debug_robo_cima | INFO | ℹ️ ✅ Pilar especial ATIVO - pilar_rotacionado: True, pilar_especial: False, globais: True, tipo: L
2025-09-14 23:43:27 | debug_robo_cima | INFO | 
----------------------------------------
2025-09-14 23:43:27 | debug_robo_cima | INFO | 📌 VERIFICAÇÃO DE PILAR ESPECIAL ATIVO
2025-09-14 23:43:27 | debug_robo_cima | INFO | ----------------------------------------
2025-09-14 23:43:27 | debug_robo_cima | INFO | ℹ️ 🔄 Verificando se pilar especial está ativo...
2025-09-14 23:43:27 | debug_robo_cima | INFO | ℹ️ 🔄 Status do checkbox pilar_rotacionado_var: True
2025-09-14 23:43:27 | debug_robo_cima | INFO | ℹ️ 🔄 Status do checkbox pilar_especial_ativo_var: False
2025-09-14 23:43:27 | debug_robo_cima | INFO | ℹ️ 🔄 Globais encontradas: 37 valores, tipo: 'L'
2025-09-14 23:43:27 | debug_robo_cima | INFO | ℹ️ ✅ Pilar especial ATIVO - pilar_rotacionado: True, pilar_especial: False, globais: True, tipo: L
2025-09-14 23:43:28 | debug_robo_cima | INFO | 
----------------------------------------
2025-09-14 23:43:28 | debug_robo_cima | INFO | 📌 VERIFICAÇÃO DE PILAR ESPECIAL ATIVO
2025-09-14 23:43:28 | debug_robo_cima | INFO | ----------------------------------------
2025-09-14 23:43:28 | debug_robo_cima | INFO | ℹ️ 🔄 Verificando se pilar especial está ativo...
2025-09-14 23:43:28 | debug_robo_cima | INFO | ℹ️ 🔄 Status do checkbox pilar_rotacionado_var: True
2025-09-14 23:43:28 | debug_robo_cima | INFO | ℹ️ 🔄 Status do checkbox pilar_especial_ativo_var: False
2025-09-14 23:43:28 | debug_robo_cima | INFO | ℹ️ 🔄 Globais encontradas: 37 valores, tipo: 'L'
2025-09-14 23:43:28 | debug_robo_cima | INFO | ℹ️ ✅ Pilar especial ATIVO - pilar_rotacionado: True, pilar_especial: False, globais: True, tipo: L
2025-09-14 23:43:28 | debug_robo_cima | INFO | ℹ️ DEBUG: Valores lidos Grade B - grade1_grupo2=40.0, grade2_grupo2=45.0, grade3_grupo2=55.0, dist1_grupo2=8.0, dist2_grupo2=12.0
2025-09-14 23:43:28 | debug_robo_cima | INFO | ℹ️ DEBUG: Condição Grade B - grade1_grupo2 > 0: True, grade2_grupo2 > 0: True, grade3_grupo2 > 0: True
2025-09-14 23:43:28 | debug_robo_cima | INFO | ℹ️ DEBUG: Condição Grade B - grade1_grupo2 > 0 or grade2_grupo2 > 0 or grade3_grupo2 > 0: True
2025-09-14 23:43:28 | debug_robo_cima | INFO | ℹ️ GRA.B usando valores específicos: comprimentos=[40.0, 45.0, 55.0], espacos=[8.0, 12.0]
2025-09-14 23:43:28 | debug_robo_cima | INFO | 
----------------------------------------
2025-09-14 23:43:28 | debug_robo_cima | INFO | 📌 VERIFICAÇÃO DE PILAR ESPECIAL ATIVO
2025-09-14 23:43:28 | debug_robo_cima | INFO | ----------------------------------------
2025-09-14 23:43:28 | debug_robo_cima | INFO | ℹ️ 🔄 Verificando se pilar especial está ativo...
2025-09-14 23:43:28 | debug_robo_cima | INFO | ℹ️ 🔄 Status do checkbox pilar_rotacionado_var: True
2025-09-14 23:43:28 | debug_robo_cima | INFO | ℹ️ 🔄 Status do checkbox pilar_especial_ativo_var: False
2025-09-14 23:43:28 | debug_robo_cima | INFO | ℹ️ 🔄 Globais encontradas: 37 valores, tipo: 'L'
2025-09-14 23:43:28 | debug_robo_cima | INFO | ℹ️ ✅ Pilar especial ATIVO - pilar_rotacionado: True, pilar_especial: False, globais: True, tipo: L
2025-09-14 23:43:28 | debug_robo_cima | INFO | 
----------------------------------------
2025-09-14 23:43:28 | debug_robo_cima | INFO | 📌 VERIFICAÇÃO DE PILAR ESPECIAL ATIVO
2025-09-14 23:43:28 | debug_robo_cima | INFO | ----------------------------------------
2025-09-14 23:43:28 | debug_robo_cima | INFO | ℹ️ 🔄 Verificando se pilar especial está ativo...
2025-09-14 23:43:28 | debug_robo_cima | INFO | ℹ️ 🔄 Status do checkbox pilar_rotacionado_var: True
2025-09-14 23:43:28 | debug_robo_cima | INFO | ℹ️ 🔄 Status do checkbox pilar_especial_ativo_var: False
2025-09-14 23:43:28 | debug_robo_cima | INFO | ℹ️ 🔄 Globais encontradas: 37 valores, tipo: 'L'
2025-09-14 23:43:28 | debug_robo_cima | INFO | ℹ️ ✅ Pilar especial ATIVO - pilar_rotacionado: True, pilar_especial: False, globais: True, tipo: L
2025-09-14 23:43:28 | debug_robo_cima | INFO | 
----------------------------------------
2025-09-14 23:43:28 | debug_robo_cima | INFO | 📌 VERIFICAÇÃO DE PILAR ESPECIAL ATIVO
2025-09-14 23:43:28 | debug_robo_cima | INFO | ----------------------------------------
2025-09-14 23:43:28 | debug_robo_cima | INFO | ℹ️ 🔄 Verificando se pilar especial está ativo...
2025-09-14 23:43:28 | debug_robo_cima | INFO | ℹ️ 🔄 Status do checkbox pilar_rotacionado_var: True
2025-09-14 23:43:28 | debug_robo_cima | INFO | ℹ️ 🔄 Status do checkbox pilar_especial_ativo_var: False
2025-09-14 23:43:28 | debug_robo_cima | INFO | ℹ️ 🔄 Globais encontradas: 37 valores, tipo: 'L'
2025-09-14 23:43:28 | debug_robo_cima | INFO | ℹ️ ✅ Pilar especial ATIVO - pilar_rotacionado: True, pilar_especial: False, globais: True, tipo: L
2025-09-14 23:43:28 | debug_robo_cima | INFO | 
----------------------------------------
2025-09-14 23:43:28 | debug_robo_cima | INFO | 📌 PARAFUSOS ESPECIAIS - PILAR 1 (PARAFUSOS A)
2025-09-14 23:43:28 | debug_robo_cima | INFO | ----------------------------------------
2025-09-14 23:43:28 | debug_robo_cima | INFO | 
----------------------------------------
2025-09-14 23:43:28 | debug_robo_cima | INFO | 📌 PARAFUSOS - FALLBACK CÁLCULO AUTOMÁTICO
2025-09-14 23:43:28 | debug_robo_cima | INFO | ----------------------------------------
2025-09-14 23:43:28 | debug_robo_cima | INFO | ℹ️ Nenhum valor especificado - usando cálculo: 139.0
2025-09-14 23:43:28 | debug_robo_cima | DEBUG | 🔍 Sem alteração para pilar1_parafuso_posicao - retornando valor original: -52
2025-09-14 23:43:28 | debug_robo_cima | INFO | 
----------------------------------------
2025-09-14 23:43:28 | debug_robo_cima | INFO | 📌 DECISÃO DE COMANDO SCALE/ROTATE
2025-09-14 23:43:28 | debug_robo_cima | INFO | ----------------------------------------
2025-09-14 23:43:28 | debug_robo_cima | INFO | ℹ️ 🔄 Verificando qual comando usar (SCALE ou ROTATE)...
2025-09-14 23:43:28 | debug_robo_cima | INFO | ℹ️ 🔄 Status pilar_rotacionado = True, usar_scale = False
2025-09-14 23:43:28 | debug_robo_cima | INFO | ℹ️ ✅ PILAR ROTACIONADO ATIVO - Usando _ROTATE
2025-09-14 23:43:28 | debug_robo_cima | INFO | ℹ️ ✅ Script gerado com sucesso!
2025-09-14 23:43:28 | debug_robo_cima | INFO | 🔄 Script gerado: Tamanho: 3349 caracteres
2025-09-14 23:43:28 | debug_robo_cima | INFO | 
============================================================
2025-09-14 23:43:28 | debug_robo_cima | INFO | 📋 FIM DA GERAÇÃO DE SCRIPT CIMA
2025-09-14 23:43:28 | debug_robo_cima | INFO | ============================================================
2025-09-14 23:43:28 | debug_robo_cima | INFO | 
============================================================
2025-09-14 23:43:28 | debug_robo_cima | INFO | 📋 GERAÇÃO DE SCRIPT CIMA
2025-09-14 23:43:28 | debug_robo_cima | INFO | ============================================================
2025-09-14 23:43:28 | debug_robo_cima | INFO | ℹ️ 🔄 === INÍCIO DO gerar_script() ===
2025-09-14 23:43:28 | debug_robo_cima | INFO | ℹ️ 🔄 Estado inicial das globais: ID=2331060520640, len=0
2025-09-14 23:43:28 | debug_robo_cima | WARNING | ⚠️ _globais_pilar_especial está vazio ou None!
2025-09-14 23:43:28 | debug_robo_cima | INFO | ℹ️ 🔄 Status pilar_rotacionado no inicio: False
2025-09-14 23:43:28 | debug_robo_cima | INFO | ℹ️ 🔄 Prestes a chamar _verificar_pilar_especial_ativo()...
2025-09-14 23:43:28 | debug_robo_cima | INFO | ℹ️ 🔄 Estado das globais ANTES da verificação: False
2025-09-14 23:43:28 | debug_robo_cima | INFO | 
----------------------------------------
2025-09-14 23:43:28 | debug_robo_cima | INFO | 📌 VERIFICAÇÃO DE PILAR ESPECIAL ATIVO
2025-09-14 23:43:28 | debug_robo_cima | INFO | ----------------------------------------
2025-09-14 23:43:28 | debug_robo_cima | INFO | ℹ️ 🔄 Verificando se pilar especial está ativo...
2025-09-14 23:43:28 | debug_robo_cima | INFO | ℹ️ 🔄 Status do checkbox pilar_rotacionado_var: False
2025-09-14 23:43:28 | debug_robo_cima | INFO | ℹ️ 🔄 Status do checkbox pilar_especial_ativo_var: True
2025-09-14 23:43:28 | debug_robo_cima | INFO | ℹ️ 🔄 Globais encontradas: 37 valores, tipo: 'L'
2025-09-14 23:43:28 | debug_robo_cima | INFO | ℹ️ ✅ Pilar especial ATIVO - pilar_rotacionado: False, pilar_especial: True, globais: True, tipo: L
2025-09-14 23:43:28 | debug_robo_cima | INFO | ℹ️ 🔄 Resultado da verificação: True
2025-09-14 23:43:28 | debug_robo_cima | INFO | ℹ️ 🔄 Estado das globais APÓS a verificação: False
2025-09-14 23:43:28 | debug_robo_cima | INFO | ℹ️ 🔄 Pilar especial ativo: True
2025-09-14 23:43:28 | debug_robo_cima | INFO | ℹ️ 🔄 PILAR ESPECIAL L - Coordenada X base ajustada (SEGUNDO PILAR): -40 -> -236
2025-09-14 23:43:28 | debug_robo_cima | INFO | ℹ️ 🔄 PILAR ESPECIAL L - Ajuste Y do Pilar 2:
2025-09-14 23:43:28 | debug_robo_cima | INFO | ℹ️    Comprimento Pilar 1: 200.0
2025-09-14 23:43:28 | debug_robo_cima | INFO | ℹ️    Largura Pilar 2: 20.0
2025-09-14 23:43:28 | debug_robo_cima | INFO | ℹ️    Largura Pilar 1: 25.0
2025-09-14 23:43:28 | debug_robo_cima | INFO | ℹ️    Deslocamento base: -200.0 + 20.0 = -180.0
2025-09-14 23:43:28 | debug_robo_cima | INFO | ℹ️    Ajuste largura 1: 25.0 - 20 = 5.0
2025-09-14 23:43:28 | debug_robo_cima | INFO | ℹ️    Ajuste largura 2: -(20.0 - 20) = -0.0
2025-09-14 23:43:28 | debug_robo_cima | INFO | ℹ️    Deslocamento total: -175.0
2025-09-14 23:43:28 | debug_robo_cima | INFO | ℹ️    Valor original Y: 70 -> Novo Y: -105.0
2025-09-14 23:43:28 | debug_robo_cima | INFO | ℹ️ 🔄 PILAR ESPECIAL L - Coordenada Y base ajustada (SEGUNDO PILAR): 70 -> -105.0
2025-09-14 23:43:28 | debug_robo_cima | INFO | 
----------------------------------------
2025-09-14 23:43:28 | debug_robo_cima | INFO | 📌 APLICAÇÃO DE ALTERAÇÕES PILAR ESPECIAL - PAI.B
2025-09-14 23:43:28 | debug_robo_cima | INFO | ----------------------------------------
2025-09-14 23:43:28 | debug_robo_cima | INFO | ℹ️ 🔄 Aplicando alterações do pilar especial para PAI.B...
2025-09-14 23:43:28 | debug_robo_cima | DEBUG | 🔍 Sem alteração para pilar1_paib_posicao - retornando valor original: -247
2025-09-14 23:43:28 | debug_robo_cima | DEBUG | 🔍 Sem alteração para pilar1_paib_posicao - retornando valor original: -85.0
2025-09-14 23:43:28 | debug_robo_cima | INFO | ℹ️ Aplicando tamanho pilar especial: 172.0 -> 176.9 (pilar1_paib_tamanho)
2025-09-14 23:43:28 | debug_robo_cima | INFO | ℹ️ 🔧 AJUSTE LARGURA - PAI.B Pilar 2 POSIÇÃO:
2025-09-14 23:43:28 | debug_robo_cima | INFO | ℹ️    Largura 1: 25.0cm, ajuste: -5.0cm
2025-09-14 23:43:28 | debug_robo_cima | INFO | ℹ️    Largura 2: 20.0cm, ajuste: -0.0cm
2025-09-14 23:43:28 | debug_robo_cima | INFO | ℹ️    Ajuste total: -5.0cm
2025-09-14 23:43:28 | debug_robo_cima | INFO | ℹ️    Posição: -288.0 -> -293.0
2025-09-14 23:43:28 | debug_robo_cima | INFO | ℹ️ 🔧 AJUSTE LARGURA - PAI.B Pilar 2 TAMANHO: larg_2=20.0cm, ajuste=+0.0cm (ponta direita)
2025-09-14 23:43:28 | debug_robo_cima | INFO | ℹ️ 🔧 AJUSTE LARGURA - Tamanho: 213.0 -> 213.0
2025-09-14 23:43:28 | debug_robo_cima | INFO | ℹ️ 🔄 PAI.B - Posição X: -247 -> -293.0
2025-09-14 23:43:28 | debug_robo_cima | INFO | ℹ️ 🔄 PAI.B - Posição Y: -85.0 -> -85.0
2025-09-14 23:43:28 | debug_robo_cima | INFO | ℹ️ 🔄 PAI.B - Comprimento: 172.0 -> 213.0
2025-09-14 23:43:28 | debug_robo_cima | DEBUG | 🔍 Sem alteração para pilar1_paia_posicao - retornando valor original: -247
2025-09-14 23:43:28 | debug_robo_cima | DEBUG | 🔍 Sem alteração para pilar1_paia_posicao - retornando valor original: -105.0
2025-09-14 23:43:28 | debug_robo_cima | INFO | ℹ️ Aplicando tamanho pilar especial: 172.0 -> 222.0 (pilar1_paia_tamanho)
2025-09-14 23:43:28 | debug_robo_cima | INFO | ℹ️ 🔧 AJUSTE LARGURA - PAI.A Pilar 2 POSIÇÃO: larg_1=25.0cm, ajuste=-5.0cm
2025-09-14 23:43:28 | debug_robo_cima | INFO | ℹ️    Posição: -260.0 -> -265.0
2025-09-14 23:43:28 | debug_robo_cima | INFO | ℹ️ 🔧 AJUSTE LARGURA - PAI.A Pilar 2: larg_1=25.0cm, ajuste=+5.0cm
2025-09-14 23:43:28 | debug_robo_cima | INFO | ℹ️    Tamanho: 235.0 -> 240.0
2025-09-14 23:43:28 | debug_robo_cima | INFO | ℹ️ 🎯 PILAR 2 - Texto da cota PAI.B movido 30cm para direita
2025-09-14 23:43:28 | debug_robo_cima | INFO | ℹ️ 🔧 AJUSTE LARGURA - Metal A Pilar 2 POSIÇÃO: larg_1=25.0cm, ajuste=-5.0cm
2025-09-14 23:43:28 | debug_robo_cima | INFO | ℹ️    Posição: -271.4 -> -276.4
2025-09-14 23:43:28 | debug_robo_cima | INFO | ℹ️ 🔧 AJUSTE LARGURA - Metal A Pilar 2: larg_1=25.0cm, ajuste=+5.0cm
2025-09-14 23:43:28 | debug_robo_cima | INFO | ℹ️    Tamanho: 216.4 -> 221.4
2025-09-14 23:43:28 | debug_robo_cima | INFO | ℹ️ 🔧 METAL A - posX=-276.4, posY=-116.4, comp=221.4, endX=-78.99999999999997, largura=7
2025-09-14 23:43:28 | debug_robo_cima | INFO | ℹ️ 🔧 METAL B - posX=-221.6, posY=-73.6, comp=166.6, endX=-79.0, largura=7
2025-09-14 23:43:28 | debug_robo_cima | INFO | ℹ️ Grade A - Pilar 2 Especial: ajuste fixo -13cm + largura 25.0cm (ajuste -5.0cm)
2025-09-14 23:43:28 | debug_robo_cima | INFO | ℹ️ Grade A - Pilar 2: -24.0 -> -29.0
2025-09-14 23:43:28 | debug_robo_cima | INFO | ℹ️ DEBUG: Valores lidos Grade A - grade1=30.0, grade2=35.0, grade3=40.0, dist1=5.0, dist2=7.0
2025-09-14 23:43:28 | debug_robo_cima | INFO | ℹ️ DEBUG: Condição Grade A - grade1 > 0: True, grade2 > 0: True, grade3 > 0: True
2025-09-14 23:43:28 | debug_robo_cima | INFO | ℹ️ DEBUG: Condição Grade A - grade1 > 0 or grade2 > 0 or grade3 > 0: True
2025-09-14 23:43:28 | debug_robo_cima | INFO | ℹ️ GRA.A usando valores específicos: comprimentos=[30.0, 35.0, 40.0], espacos=[5.0, 7.0]
2025-09-14 23:43:28 | debug_robo_cima | INFO | 
----------------------------------------
2025-09-14 23:43:28 | debug_robo_cima | INFO | 📌 VERIFICAÇÃO DE PILAR ESPECIAL ATIVO
2025-09-14 23:43:28 | debug_robo_cima | INFO | ----------------------------------------
2025-09-14 23:43:28 | debug_robo_cima | INFO | ℹ️ 🔄 Verificando se pilar especial está ativo...
2025-09-14 23:43:28 | debug_robo_cima | INFO | ℹ️ 🔄 Status do checkbox pilar_rotacionado_var: False
2025-09-14 23:43:28 | debug_robo_cima | INFO | ℹ️ 🔄 Status do checkbox pilar_especial_ativo_var: True
2025-09-14 23:43:28 | debug_robo_cima | INFO | ℹ️ 🔄 Globais encontradas: 37 valores, tipo: 'L'
2025-09-14 23:43:28 | debug_robo_cima | INFO | ℹ️ ✅ Pilar especial ATIVO - pilar_rotacionado: False, pilar_especial: True, globais: True, tipo: L
2025-09-14 23:43:28 | debug_robo_cima | INFO | ℹ️ Grade A Block - Pilar 2: ajuste fixo -13cm + largura 25.0cm (ajuste -5.0cm)
2025-09-14 23:43:28 | debug_robo_cima | INFO | ℹ️ Grade A Block - Pilar 2: -260.0 -> -265.0
2025-09-14 23:43:28 | debug_robo_cima | INFO | ℹ️ Grade A Cota - Pilar 2: ajuste fixo -13cm + largura 25.0cm (ajuste -5.0cm)
2025-09-14 23:43:28 | debug_robo_cima | INFO | ℹ️ Grade A Cota - Pilar 2: ajuste total -18.0cm
2025-09-14 23:43:28 | debug_robo_cima | INFO | 
----------------------------------------
2025-09-14 23:43:28 | debug_robo_cima | INFO | 📌 VERIFICAÇÃO DE PILAR ESPECIAL ATIVO
2025-09-14 23:43:28 | debug_robo_cima | INFO | ----------------------------------------
2025-09-14 23:43:28 | debug_robo_cima | INFO | ℹ️ 🔄 Verificando se pilar especial está ativo...
2025-09-14 23:43:28 | debug_robo_cima | INFO | ℹ️ 🔄 Status do checkbox pilar_rotacionado_var: False
2025-09-14 23:43:28 | debug_robo_cima | INFO | ℹ️ 🔄 Status do checkbox pilar_especial_ativo_var: True
2025-09-14 23:43:28 | debug_robo_cima | INFO | ℹ️ 🔄 Globais encontradas: 37 valores, tipo: 'L'
2025-09-14 23:43:28 | debug_robo_cima | INFO | ℹ️ ✅ Pilar especial ATIVO - pilar_rotacionado: False, pilar_especial: True, globais: True, tipo: L
2025-09-14 23:43:28 | debug_robo_cima | INFO | ℹ️ Grade A Block - Pilar 2: ajuste fixo -13cm + largura 25.0cm (ajuste -5.0cm)
2025-09-14 23:43:28 | debug_robo_cima | INFO | ℹ️ Grade A Block - Pilar 2: -228.5 -> -233.5
2025-09-14 23:43:28 | debug_robo_cima | INFO | ℹ️ Grade A Cota - Pilar 2: ajuste fixo -13cm + largura 25.0cm (ajuste -5.0cm)
2025-09-14 23:43:28 | debug_robo_cima | INFO | ℹ️ Grade A Cota - Pilar 2: ajuste total -18.0cm
2025-09-14 23:43:28 | debug_robo_cima | INFO | 
----------------------------------------
2025-09-14 23:43:28 | debug_robo_cima | INFO | 📌 VERIFICAÇÃO DE PILAR ESPECIAL ATIVO
2025-09-14 23:43:28 | debug_robo_cima | INFO | ----------------------------------------
2025-09-14 23:43:28 | debug_robo_cima | INFO | ℹ️ 🔄 Verificando se pilar especial está ativo...
2025-09-14 23:43:28 | debug_robo_cima | INFO | ℹ️ 🔄 Status do checkbox pilar_rotacionado_var: False
2025-09-14 23:43:28 | debug_robo_cima | INFO | ℹ️ 🔄 Status do checkbox pilar_especial_ativo_var: True
2025-09-14 23:43:28 | debug_robo_cima | INFO | ℹ️ 🔄 Globais encontradas: 37 valores, tipo: 'L'
2025-09-14 23:43:29 | debug_robo_cima | INFO | ℹ️ ✅ Pilar especial ATIVO - pilar_rotacionado: False, pilar_especial: True, globais: True, tipo: L
2025-09-14 23:43:29 | debug_robo_cima | INFO | ℹ️ Grade A Block - Pilar 2: ajuste fixo -13cm + largura 25.0cm (ajuste -5.0cm)
2025-09-14 23:43:29 | debug_robo_cima | INFO | ℹ️ Grade A Block - Pilar 2: -183.0 -> -188.0
2025-09-14 23:43:29 | debug_robo_cima | INFO | ℹ️ Grade A Cota - Pilar 2: ajuste fixo -13cm + largura 25.0cm (ajuste -5.0cm)
2025-09-14 23:43:29 | debug_robo_cima | INFO | ℹ️ Grade A Cota - Pilar 2: ajuste total -18.0cm
2025-09-14 23:43:29 | debug_robo_cima | INFO | ℹ️ Grade B - Pilar 2 Especial: movendo 25.4cm para direita: -11.0 -> 14.399999999999999
2025-09-14 23:43:29 | debug_robo_cima | INFO | ℹ️ DEBUG: Valores lidos Grade B - grade1_grupo2=25.0, grade2_grupo2=30.0, grade3_grupo2=35.0, dist1_grupo2=4.0, dist2_grupo2=6.0
2025-09-14 23:43:29 | debug_robo_cima | INFO | ℹ️ DEBUG: Condição Grade B - grade1_grupo2 > 0: True, grade2_grupo2 > 0: True, grade3_grupo2 > 0: True
2025-09-14 23:43:29 | debug_robo_cima | INFO | ℹ️ DEBUG: Condição Grade B - grade1_grupo2 > 0 or grade2_grupo2 > 0 or grade3_grupo2 > 0: True
2025-09-14 23:43:29 | debug_robo_cima | INFO | ℹ️ GRA.B usando valores específicos: comprimentos=[25.0, 30.0, 35.0], espacos=[4.0, 6.0]
2025-09-14 23:43:29 | debug_robo_cima | INFO | 
----------------------------------------
2025-09-14 23:43:29 | debug_robo_cima | INFO | 📌 VERIFICAÇÃO DE PILAR ESPECIAL ATIVO
2025-09-14 23:43:29 | debug_robo_cima | INFO | ----------------------------------------
2025-09-14 23:43:29 | debug_robo_cima | INFO | ℹ️ 🔄 Verificando se pilar especial está ativo...
2025-09-14 23:43:29 | debug_robo_cima | INFO | ℹ️ 🔄 Status do checkbox pilar_rotacionado_var: False
2025-09-14 23:43:29 | debug_robo_cima | INFO | ℹ️ 🔄 Status do checkbox pilar_especial_ativo_var: True
2025-09-14 23:43:29 | debug_robo_cima | INFO | ℹ️ 🔄 Globais encontradas: 37 valores, tipo: 'L'
2025-09-14 23:43:29 | debug_robo_cima | INFO | ℹ️ ✅ Pilar especial ATIVO - pilar_rotacionado: False, pilar_especial: True, globais: True, tipo: L
2025-09-14 23:43:29 | debug_robo_cima | INFO | ℹ️ Grade B Block - Pilar 2 Especial: movendo 25.4cm para direita: -247.0 -> -221.6
2025-09-14 23:43:29 | debug_robo_cima | INFO | 
----------------------------------------
2025-09-14 23:43:29 | debug_robo_cima | INFO | 📌 VERIFICAÇÃO DE PILAR ESPECIAL ATIVO
2025-09-14 23:43:29 | debug_robo_cima | INFO | ----------------------------------------
2025-09-14 23:43:29 | debug_robo_cima | INFO | ℹ️ 🔄 Verificando se pilar especial está ativo...
2025-09-14 23:43:29 | debug_robo_cima | INFO | ℹ️ 🔄 Status do checkbox pilar_rotacionado_var: False
2025-09-14 23:43:29 | debug_robo_cima | INFO | ℹ️ 🔄 Status do checkbox pilar_especial_ativo_var: True
2025-09-14 23:43:29 | debug_robo_cima | INFO | ℹ️ 🔄 Globais encontradas: 37 valores, tipo: 'L'
2025-09-14 23:43:29 | debug_robo_cima | INFO | ℹ️ ✅ Pilar especial ATIVO - pilar_rotacionado: False, pilar_especial: True, globais: True, tipo: L
2025-09-14 23:43:29 | debug_robo_cima | INFO | ℹ️ Grade B Block - Pilar 2 Especial: movendo 25.4cm para direita: -215.5 -> -190.1
2025-09-14 23:43:29 | debug_robo_cima | INFO | 
----------------------------------------
2025-09-14 23:43:29 | debug_robo_cima | INFO | 📌 VERIFICAÇÃO DE PILAR ESPECIAL ATIVO
2025-09-14 23:43:29 | debug_robo_cima | INFO | ----------------------------------------
2025-09-14 23:43:29 | debug_robo_cima | INFO | ℹ️ 🔄 Verificando se pilar especial está ativo...
2025-09-14 23:43:29 | debug_robo_cima | INFO | ℹ️ 🔄 Status do checkbox pilar_rotacionado_var: False
2025-09-14 23:43:29 | debug_robo_cima | INFO | ℹ️ 🔄 Status do checkbox pilar_especial_ativo_var: True
2025-09-14 23:43:29 | debug_robo_cima | INFO | ℹ️ 🔄 Globais encontradas: 37 valores, tipo: 'L'
2025-09-14 23:43:29 | debug_robo_cima | INFO | ℹ️ ✅ Pilar especial ATIVO - pilar_rotacionado: False, pilar_especial: True, globais: True, tipo: L
2025-09-14 23:43:29 | debug_robo_cima | INFO | ℹ️ Grade B Block - Pilar 2 Especial: movendo 25.4cm para direita: -170.0 -> -144.6
2025-09-14 23:43:29 | debug_robo_cima | INFO | 
----------------------------------------
2025-09-14 23:43:29 | debug_robo_cima | INFO | 📌 PARAFUSOS ESPECIAIS - PILAR 2 (PARAFUSOS E)
2025-09-14 23:43:29 | debug_robo_cima | INFO | ----------------------------------------
2025-09-14 23:43:29 | debug_robo_cima | INFO | 
----------------------------------------
2025-09-14 23:43:29 | debug_robo_cima | INFO | 📌 PARAFUSOS - FALLBACK CÁLCULO AUTOMÁTICO
2025-09-14 23:43:29 | debug_robo_cima | INFO | ----------------------------------------
2025-09-14 23:43:29 | debug_robo_cima | INFO | ℹ️ Nenhum valor especificado - usando cálculo: 139.0
2025-09-14 23:43:29 | debug_robo_cima | DEBUG | 🔍 Sem alteração para pilar1_parafuso_posicao - retornando valor original: -186.5
2025-09-14 23:43:29 | debug_robo_cima | INFO | 
----------------------------------------
2025-09-14 23:43:29 | debug_robo_cima | INFO | 📌 DECISÃO DE COMANDO SCALE/ROTATE
2025-09-14 23:43:29 | debug_robo_cima | INFO | ----------------------------------------
2025-09-14 23:43:29 | debug_robo_cima | INFO | ℹ️ 🔄 Verificando qual comando usar (SCALE ou ROTATE)...
2025-09-14 23:43:29 | debug_robo_cima | INFO | ℹ️ 🔄 Status pilar_rotacionado = False, usar_scale = True
2025-09-14 23:43:29 | debug_robo_cima | INFO | ℹ️ ✅ Usando _SCALE
2025-09-14 23:43:29 | debug_robo_cima | INFO | ℹ️ 🔄 Verificando se é pilar especial: True
2025-09-14 23:43:29 | debug_robo_cima | INFO | ℹ️ ✅ Pilar especial - usando valores alterados no _SCALE
2025-09-14 23:43:29 | debug_robo_cima | INFO | ℹ️ ✅ Script gerado com sucesso!
2025-09-14 23:43:29 | debug_robo_cima | INFO | 🔄 Script gerado: Tamanho: 3933 caracteres
2025-09-14 23:43:29 | debug_robo_cima | INFO | 
============================================================
2025-09-14 23:43:29 | debug_robo_cima | INFO | 📋 FIM DA GERAÇÃO DE SCRIPT CIMA
2025-09-14 23:43:29 | debug_robo_cima | INFO | ============================================================
2025-09-14 23:43:29 | debug_robo_cima | INFO | ℹ️ 🔄 Instância do GeradorPilar registrada globalmente
2025-09-14 23:43:29 | debug_robo_cima | INFO | ℹ️ 🔄 Globais do pilar especial inicializadas
2025-09-14 23:43:30 | debug_robo_cima | INFO | 
============================================================
2025-09-14 23:43:30 | debug_robo_cima | INFO | 📋 GERAÇÃO DE SCRIPT CIMA
2025-09-14 23:43:30 | debug_robo_cima | INFO | ============================================================
2025-09-14 23:43:30 | debug_robo_cima | INFO | ℹ️ 🔄 === INÍCIO DO gerar_script() ===
2025-09-14 23:43:30 | debug_robo_cima | INFO | ℹ️ 🔄 Estado inicial das globais: ID=2331060520640, len=0
2025-09-14 23:43:30 | debug_robo_cima | WARNING | ⚠️ _globais_pilar_especial está vazio ou None!
2025-09-14 23:43:30 | debug_robo_cima | INFO | ℹ️ 🔄 Status pilar_rotacionado no inicio: True
2025-09-14 23:43:30 | debug_robo_cima | INFO | ℹ️ 🔄 Prestes a chamar _verificar_pilar_especial_ativo()...
2025-09-14 23:43:30 | debug_robo_cima | INFO | ℹ️ 🔄 Estado das globais ANTES da verificação: False
2025-09-14 23:43:30 | debug_robo_cima | INFO | 
----------------------------------------
2025-09-14 23:43:30 | debug_robo_cima | INFO | 📌 VERIFICAÇÃO DE PILAR ESPECIAL ATIVO
2025-09-14 23:43:30 | debug_robo_cima | INFO | ----------------------------------------
2025-09-14 23:43:30 | debug_robo_cima | INFO | ℹ️ 🔄 Verificando se pilar especial está ativo...
2025-09-14 23:43:30 | debug_robo_cima | INFO | ℹ️ 🔄 Status do checkbox pilar_rotacionado_var: True
2025-09-14 23:43:30 | debug_robo_cima | INFO | ℹ️ 🔄 Status do checkbox pilar_especial_ativo_var: False
2025-09-14 23:43:30 | debug_robo_cima | INFO | ℹ️ 🔄 Globais encontradas: 37 valores, tipo: 'L'
2025-09-14 23:43:30 | debug_robo_cima | INFO | ℹ️ ✅ Pilar especial ATIVO - pilar_rotacionado: True, pilar_especial: False, globais: True, tipo: L
2025-09-14 23:43:30 | debug_robo_cima | INFO | ℹ️ 🔄 Resultado da verificação: True
2025-09-14 23:43:30 | debug_robo_cima | INFO | ℹ️ 🔄 Estado das globais APÓS a verificação: False
2025-09-14 23:43:30 | debug_robo_cima | INFO | ℹ️ 🔄 Pilar especial ativo: True
2025-09-14 23:43:30 | debug_robo_cima | INFO | 
----------------------------------------
2025-09-14 23:43:30 | debug_robo_cima | INFO | 📌 APLICAÇÃO DE ALTERAÇÕES PILAR ESPECIAL - PAI.B
2025-09-14 23:43:30 | debug_robo_cima | INFO | ----------------------------------------
2025-09-14 23:43:30 | debug_robo_cima | INFO | ℹ️ 🔄 Aplicando alterações do pilar especial para PAI.B...
2025-09-14 23:43:30 | debug_robo_cima | DEBUG | 🔍 Sem alteração para pilar1_paib_posicao - retornando valor original: -51
2025-09-14 23:43:30 | debug_robo_cima | DEBUG | 🔍 Sem alteração para pilar1_paib_posicao - retornando valor original: 95.0
2025-09-14 23:43:30 | debug_robo_cima | INFO | ℹ️ Aplicando tamanho pilar especial: 222.0 -> 176.9 (pilar1_paib_tamanho)
2025-09-14 23:43:30 | debug_robo_cima | INFO | ℹ️ 🔄 PAI.B - Posição X: -51 -> -51
2025-09-14 23:43:30 | debug_robo_cima | INFO | ℹ️ 🔄 PAI.B - Posição Y: 95.0 -> 95.0
2025-09-14 23:43:30 | debug_robo_cima | INFO | ℹ️ 🔄 PAI.B - Comprimento: 222.0 -> 191.0
2025-09-14 23:43:30 | debug_robo_cima | DEBUG | 🔍 Sem alteração para pilar1_paia_posicao - retornando valor original: -51
2025-09-14 23:43:30 | debug_robo_cima | DEBUG | 🔍 Sem alteração para pilar1_paia_posicao - retornando valor original: 70
2025-09-14 23:43:30 | debug_robo_cima | INFO | ℹ️ Aplicando tamanho pilar especial: 222.0 -> 222.0 (pilar1_paia_tamanho)
2025-09-14 23:43:30 | debug_robo_cima | DEBUG | 🔍 Sem alteração para pilar1_metala_posicao - retornando valor original: -71
2025-09-14 23:43:30 | debug_robo_cima | DEBUG | 🔍 Sem alteração para pilar1_metala_tamanho - retornando valor original: 262.0
2025-09-14 23:43:30 | debug_robo_cima | INFO | ℹ️ 🔧 METAL A - posX=-71.0, posY=58.6, comp=262.0, endX=191.0, largura=7
2025-09-14 23:43:30 | debug_robo_cima | INFO | ℹ️ 🔧 METAL B - posX=-71.0, posY=106.4, comp=209.0, endX=138.0, largura=7
2025-09-14 23:43:30 | debug_robo_cima | INFO | ℹ️ DEBUG: Valores lidos Grade A - grade1=50.0, grade2=60.0, grade3=70.0, dist1=10.0, dist2=15.0
2025-09-14 23:43:30 | debug_robo_cima | INFO | ℹ️ DEBUG: Condição Grade A - grade1 > 0: True, grade2 > 0: True, grade3 > 0: True
2025-09-14 23:43:30 | debug_robo_cima | INFO | ℹ️ DEBUG: Condição Grade A - grade1 > 0 or grade2 > 0 or grade3 > 0: True
2025-09-14 23:43:30 | debug_robo_cima | INFO | ℹ️ GRA.A usando valores específicos: comprimentos=[50.0, 60.0, 70.0], espacos=[10.0, 15.0]
2025-09-14 23:43:30 | debug_robo_cima | INFO | 
----------------------------------------
2025-09-14 23:43:30 | debug_robo_cima | INFO | 📌 VERIFICAÇÃO DE PILAR ESPECIAL ATIVO
2025-09-14 23:43:30 | debug_robo_cima | INFO | ----------------------------------------
2025-09-14 23:43:30 | debug_robo_cima | INFO | ℹ️ 🔄 Verificando se pilar especial está ativo...
2025-09-14 23:43:30 | debug_robo_cima | INFO | ℹ️ 🔄 Status do checkbox pilar_rotacionado_var: True
2025-09-14 23:43:30 | debug_robo_cima | INFO | ℹ️ 🔄 Status do checkbox pilar_especial_ativo_var: False
2025-09-14 23:43:30 | debug_robo_cima | INFO | ℹ️ 🔄 Globais encontradas: 37 valores, tipo: 'L'
2025-09-14 23:43:30 | debug_robo_cima | INFO | ℹ️ ✅ Pilar especial ATIVO - pilar_rotacionado: True, pilar_especial: False, globais: True, tipo: L
2025-09-14 23:43:30 | debug_robo_cima | INFO | 
----------------------------------------
2025-09-14 23:43:30 | debug_robo_cima | INFO | 📌 VERIFICAÇÃO DE PILAR ESPECIAL ATIVO
2025-09-14 23:43:30 | debug_robo_cima | INFO | ----------------------------------------
2025-09-14 23:43:30 | debug_robo_cima | INFO | ℹ️ 🔄 Verificando se pilar especial está ativo...
2025-09-14 23:43:30 | debug_robo_cima | INFO | ℹ️ 🔄 Status do checkbox pilar_rotacionado_var: True
2025-09-14 23:43:30 | debug_robo_cima | INFO | ℹ️ 🔄 Status do checkbox pilar_especial_ativo_var: False
2025-09-14 23:43:30 | debug_robo_cima | INFO | ℹ️ 🔄 Globais encontradas: 37 valores, tipo: 'L'
2025-09-14 23:43:30 | debug_robo_cima | INFO | ℹ️ ✅ Pilar especial ATIVO - pilar_rotacionado: True, pilar_especial: False, globais: True, tipo: L
2025-09-14 23:43:30 | debug_robo_cima | INFO | 
----------------------------------------
2025-09-14 23:43:30 | debug_robo_cima | INFO | 📌 VERIFICAÇÃO DE PILAR ESPECIAL ATIVO
2025-09-14 23:43:30 | debug_robo_cima | INFO | ----------------------------------------
2025-09-14 23:43:30 | debug_robo_cima | INFO | ℹ️ 🔄 Verificando se pilar especial está ativo...
2025-09-14 23:43:30 | debug_robo_cima | INFO | ℹ️ 🔄 Status do checkbox pilar_rotacionado_var: True
2025-09-14 23:43:30 | debug_robo_cima | INFO | ℹ️ 🔄 Status do checkbox pilar_especial_ativo_var: False
2025-09-14 23:43:30 | debug_robo_cima | INFO | ℹ️ 🔄 Globais encontradas: 37 valores, tipo: 'L'
2025-09-14 23:43:30 | debug_robo_cima | INFO | ℹ️ ✅ Pilar especial ATIVO - pilar_rotacionado: True, pilar_especial: False, globais: True, tipo: L
2025-09-14 23:43:30 | debug_robo_cima | INFO | ℹ️ DEBUG: Valores lidos Grade B - grade1_grupo2=40.0, grade2_grupo2=45.0, grade3_grupo2=55.0, dist1_grupo2=8.0, dist2_grupo2=12.0
2025-09-14 23:43:30 | debug_robo_cima | INFO | ℹ️ DEBUG: Condição Grade B - grade1_grupo2 > 0: True, grade2_grupo2 > 0: True, grade3_grupo2 > 0: True
2025-09-14 23:43:30 | debug_robo_cima | INFO | ℹ️ DEBUG: Condição Grade B - grade1_grupo2 > 0 or grade2_grupo2 > 0 or grade3_grupo2 > 0: True
2025-09-14 23:43:30 | debug_robo_cima | INFO | ℹ️ GRA.B usando valores específicos: comprimentos=[40.0, 45.0, 55.0], espacos=[8.0, 12.0]
2025-09-14 23:43:30 | debug_robo_cima | INFO | 
----------------------------------------
2025-09-14 23:43:30 | debug_robo_cima | INFO | 📌 VERIFICAÇÃO DE PILAR ESPECIAL ATIVO
2025-09-14 23:43:30 | debug_robo_cima | INFO | ----------------------------------------
2025-09-14 23:43:30 | debug_robo_cima | INFO | ℹ️ 🔄 Verificando se pilar especial está ativo...
2025-09-14 23:43:30 | debug_robo_cima | INFO | ℹ️ 🔄 Status do checkbox pilar_rotacionado_var: True
2025-09-14 23:43:30 | debug_robo_cima | INFO | ℹ️ 🔄 Status do checkbox pilar_especial_ativo_var: False
2025-09-14 23:43:30 | debug_robo_cima | INFO | ℹ️ 🔄 Globais encontradas: 37 valores, tipo: 'L'
2025-09-14 23:43:30 | debug_robo_cima | INFO | ℹ️ ✅ Pilar especial ATIVO - pilar_rotacionado: True, pilar_especial: False, globais: True, tipo: L
2025-09-14 23:43:30 | debug_robo_cima | INFO | 
----------------------------------------
2025-09-14 23:43:30 | debug_robo_cima | INFO | 📌 VERIFICAÇÃO DE PILAR ESPECIAL ATIVO
2025-09-14 23:43:30 | debug_robo_cima | INFO | ----------------------------------------
2025-09-14 23:43:30 | debug_robo_cima | INFO | ℹ️ 🔄 Verificando se pilar especial está ativo...
2025-09-14 23:43:30 | debug_robo_cima | INFO | ℹ️ 🔄 Status do checkbox pilar_rotacionado_var: True
2025-09-14 23:43:30 | debug_robo_cima | INFO | ℹ️ 🔄 Status do checkbox pilar_especial_ativo_var: False
2025-09-14 23:43:30 | debug_robo_cima | INFO | ℹ️ 🔄 Globais encontradas: 37 valores, tipo: 'L'
2025-09-14 23:43:30 | debug_robo_cima | INFO | ℹ️ ✅ Pilar especial ATIVO - pilar_rotacionado: True, pilar_especial: False, globais: True, tipo: L
2025-09-14 23:43:30 | debug_robo_cima | INFO | 
----------------------------------------
2025-09-14 23:43:30 | debug_robo_cima | INFO | 📌 VERIFICAÇÃO DE PILAR ESPECIAL ATIVO
2025-09-14 23:43:30 | debug_robo_cima | INFO | ----------------------------------------
2025-09-14 23:43:30 | debug_robo_cima | INFO | ℹ️ 🔄 Verificando se pilar especial está ativo...
2025-09-14 23:43:30 | debug_robo_cima | INFO | ℹ️ 🔄 Status do checkbox pilar_rotacionado_var: True
2025-09-14 23:43:30 | debug_robo_cima | INFO | ℹ️ 🔄 Status do checkbox pilar_especial_ativo_var: False
2025-09-14 23:43:30 | debug_robo_cima | INFO | ℹ️ 🔄 Globais encontradas: 37 valores, tipo: 'L'
2025-09-14 23:43:30 | debug_robo_cima | INFO | ℹ️ ✅ Pilar especial ATIVO - pilar_rotacionado: True, pilar_especial: False, globais: True, tipo: L
2025-09-14 23:43:30 | debug_robo_cima | INFO | 
----------------------------------------
2025-09-14 23:43:30 | debug_robo_cima | INFO | 📌 PARAFUSOS ESPECIAIS - PILAR 1 (PARAFUSOS A)
2025-09-14 23:43:30 | debug_robo_cima | INFO | ----------------------------------------
2025-09-14 23:43:30 | debug_robo_cima | INFO | 
----------------------------------------
2025-09-14 23:43:30 | debug_robo_cima | INFO | 📌 PARAFUSOS - FALLBACK CÁLCULO AUTOMÁTICO
2025-09-14 23:43:30 | debug_robo_cima | INFO | ----------------------------------------
2025-09-14 23:43:30 | debug_robo_cima | INFO | ℹ️ Nenhum valor especificado - usando cálculo: 139.0
2025-09-14 23:43:30 | debug_robo_cima | DEBUG | 🔍 Sem alteração para pilar1_parafuso_posicao - retornando valor original: -52
2025-09-14 23:43:30 | debug_robo_cima | INFO | 
----------------------------------------
2025-09-14 23:43:30 | debug_robo_cima | INFO | 📌 DECISÃO DE COMANDO SCALE/ROTATE
2025-09-14 23:43:30 | debug_robo_cima | INFO | ----------------------------------------
2025-09-14 23:43:30 | debug_robo_cima | INFO | ℹ️ 🔄 Verificando qual comando usar (SCALE ou ROTATE)...
2025-09-14 23:43:30 | debug_robo_cima | INFO | ℹ️ 🔄 Status pilar_rotacionado = True, usar_scale = False
2025-09-14 23:43:30 | debug_robo_cima | INFO | ℹ️ ✅ PILAR ROTACIONADO ATIVO - Usando _ROTATE
2025-09-14 23:43:30 | debug_robo_cima | INFO | ℹ️ ✅ Script gerado com sucesso!
2025-09-14 23:43:30 | debug_robo_cima | INFO | 🔄 Script gerado: Tamanho: 3349 caracteres
2025-09-14 23:43:30 | debug_robo_cima | INFO | 
============================================================
2025-09-14 23:43:30 | debug_robo_cima | INFO | 📋 FIM DA GERAÇÃO DE SCRIPT CIMA
2025-09-14 23:43:30 | debug_robo_cima | INFO | ============================================================
2025-09-14 23:43:30 | debug_robo_cima | INFO | 
============================================================
2025-09-14 23:43:30 | debug_robo_cima | INFO | 📋 GERAÇÃO DE SCRIPT CIMA
2025-09-14 23:43:30 | debug_robo_cima | INFO | ============================================================
2025-09-14 23:43:30 | debug_robo_cima | INFO | ℹ️ 🔄 === INÍCIO DO gerar_script() ===
2025-09-14 23:43:30 | debug_robo_cima | INFO | ℹ️ 🔄 Estado inicial das globais: ID=2331060520640, len=0
2025-09-14 23:43:30 | debug_robo_cima | WARNING | ⚠️ _globais_pilar_especial está vazio ou None!
2025-09-14 23:43:30 | debug_robo_cima | INFO | ℹ️ 🔄 Status pilar_rotacionado no inicio: False
2025-09-14 23:43:30 | debug_robo_cima | INFO | ℹ️ 🔄 Prestes a chamar _verificar_pilar_especial_ativo()...
2025-09-14 23:43:30 | debug_robo_cima | INFO | ℹ️ 🔄 Estado das globais ANTES da verificação: False
2025-09-14 23:43:30 | debug_robo_cima | INFO | 
----------------------------------------
2025-09-14 23:43:30 | debug_robo_cima | INFO | 📌 VERIFICAÇÃO DE PILAR ESPECIAL ATIVO
2025-09-14 23:43:30 | debug_robo_cima | INFO | ----------------------------------------
2025-09-14 23:43:30 | debug_robo_cima | INFO | ℹ️ 🔄 Verificando se pilar especial está ativo...
2025-09-14 23:43:30 | debug_robo_cima | INFO | ℹ️ 🔄 Status do checkbox pilar_rotacionado_var: False
2025-09-14 23:43:30 | debug_robo_cima | INFO | ℹ️ 🔄 Status do checkbox pilar_especial_ativo_var: True
2025-09-14 23:43:30 | debug_robo_cima | INFO | ℹ️ 🔄 Globais encontradas: 37 valores, tipo: 'L'
2025-09-14 23:43:30 | debug_robo_cima | INFO | ℹ️ ✅ Pilar especial ATIVO - pilar_rotacionado: False, pilar_especial: True, globais: True, tipo: L
2025-09-14 23:43:30 | debug_robo_cima | INFO | ℹ️ 🔄 Resultado da verificação: True
2025-09-14 23:43:30 | debug_robo_cima | INFO | ℹ️ 🔄 Estado das globais APÓS a verificação: False
2025-09-14 23:43:30 | debug_robo_cima | INFO | ℹ️ 🔄 Pilar especial ativo: True
2025-09-14 23:43:30 | debug_robo_cima | INFO | ℹ️ 🔄 PILAR ESPECIAL L - Coordenada X base ajustada (SEGUNDO PILAR): -40 -> -236
2025-09-14 23:43:30 | debug_robo_cima | INFO | ℹ️ 🔄 PILAR ESPECIAL L - Ajuste Y do Pilar 2:
2025-09-14 23:43:30 | debug_robo_cima | INFO | ℹ️    Comprimento Pilar 1: 200.0
2025-09-14 23:43:30 | debug_robo_cima | INFO | ℹ️    Largura Pilar 2: 20.0
2025-09-14 23:43:30 | debug_robo_cima | INFO | ℹ️    Largura Pilar 1: 25.0
2025-09-14 23:43:30 | debug_robo_cima | INFO | ℹ️    Deslocamento base: -200.0 + 20.0 = -180.0
2025-09-14 23:43:30 | debug_robo_cima | INFO | ℹ️    Ajuste largura 1: 25.0 - 20 = 5.0
2025-09-14 23:43:30 | debug_robo_cima | INFO | ℹ️    Ajuste largura 2: -(20.0 - 20) = -0.0
2025-09-14 23:43:30 | debug_robo_cima | INFO | ℹ️    Deslocamento total: -175.0
2025-09-14 23:43:30 | debug_robo_cima | INFO | ℹ️    Valor original Y: 70 -> Novo Y: -105.0
2025-09-14 23:43:30 | debug_robo_cima | INFO | ℹ️ 🔄 PILAR ESPECIAL L - Coordenada Y base ajustada (SEGUNDO PILAR): 70 -> -105.0
2025-09-14 23:43:30 | debug_robo_cima | INFO | 
----------------------------------------
2025-09-14 23:43:30 | debug_robo_cima | INFO | 📌 APLICAÇÃO DE ALTERAÇÕES PILAR ESPECIAL - PAI.B
2025-09-14 23:43:30 | debug_robo_cima | INFO | ----------------------------------------
2025-09-14 23:43:30 | debug_robo_cima | INFO | ℹ️ 🔄 Aplicando alterações do pilar especial para PAI.B...
2025-09-14 23:43:30 | debug_robo_cima | DEBUG | 🔍 Sem alteração para pilar1_paib_posicao - retornando valor original: -247
2025-09-14 23:43:30 | debug_robo_cima | DEBUG | 🔍 Sem alteração para pilar1_paib_posicao - retornando valor original: -85.0
2025-09-14 23:43:30 | debug_robo_cima | INFO | ℹ️ Aplicando tamanho pilar especial: 172.0 -> 176.9 (pilar1_paib_tamanho)
2025-09-14 23:43:30 | debug_robo_cima | INFO | ℹ️ 🔧 AJUSTE LARGURA - PAI.B Pilar 2 POSIÇÃO:
2025-09-14 23:43:30 | debug_robo_cima | INFO | ℹ️    Largura 1: 25.0cm, ajuste: -5.0cm
2025-09-14 23:43:30 | debug_robo_cima | INFO | ℹ️    Largura 2: 20.0cm, ajuste: -0.0cm
2025-09-14 23:43:30 | debug_robo_cima | INFO | ℹ️    Ajuste total: -5.0cm
2025-09-14 23:43:30 | debug_robo_cima | INFO | ℹ️    Posição: -288.0 -> -293.0
2025-09-14 23:43:30 | debug_robo_cima | INFO | ℹ️ 🔧 AJUSTE LARGURA - PAI.B Pilar 2 TAMANHO: larg_2=20.0cm, ajuste=+0.0cm (ponta direita)
2025-09-14 23:43:30 | debug_robo_cima | INFO | ℹ️ 🔧 AJUSTE LARGURA - Tamanho: 213.0 -> 213.0
2025-09-14 23:43:30 | debug_robo_cima | INFO | ℹ️ 🔄 PAI.B - Posição X: -247 -> -293.0
2025-09-14 23:43:30 | debug_robo_cima | INFO | ℹ️ 🔄 PAI.B - Posição Y: -85.0 -> -85.0
2025-09-14 23:43:30 | debug_robo_cima | INFO | ℹ️ 🔄 PAI.B - Comprimento: 172.0 -> 213.0
2025-09-14 23:43:30 | debug_robo_cima | DEBUG | 🔍 Sem alteração para pilar1_paia_posicao - retornando valor original: -247
2025-09-14 23:43:30 | debug_robo_cima | DEBUG | 🔍 Sem alteração para pilar1_paia_posicao - retornando valor original: -105.0
2025-09-14 23:43:30 | debug_robo_cima | INFO | ℹ️ Aplicando tamanho pilar especial: 172.0 -> 222.0 (pilar1_paia_tamanho)
2025-09-14 23:43:30 | debug_robo_cima | INFO | ℹ️ 🔧 AJUSTE LARGURA - PAI.A Pilar 2 POSIÇÃO: larg_1=25.0cm, ajuste=-5.0cm
2025-09-14 23:43:30 | debug_robo_cima | INFO | ℹ️    Posição: -260.0 -> -265.0
2025-09-14 23:43:30 | debug_robo_cima | INFO | ℹ️ 🔧 AJUSTE LARGURA - PAI.A Pilar 2: larg_1=25.0cm, ajuste=+5.0cm
2025-09-14 23:43:30 | debug_robo_cima | INFO | ℹ️    Tamanho: 235.0 -> 240.0
2025-09-14 23:43:30 | debug_robo_cima | INFO | ℹ️ 🎯 PILAR 2 - Texto da cota PAI.B movido 30cm para direita
2025-09-14 23:43:30 | debug_robo_cima | INFO | ℹ️ 🔧 AJUSTE LARGURA - Metal A Pilar 2 POSIÇÃO: larg_1=25.0cm, ajuste=-5.0cm
2025-09-14 23:43:30 | debug_robo_cima | INFO | ℹ️    Posição: -271.4 -> -276.4
2025-09-14 23:43:30 | debug_robo_cima | INFO | ℹ️ 🔧 AJUSTE LARGURA - Metal A Pilar 2: larg_1=25.0cm, ajuste=+5.0cm
2025-09-14 23:43:30 | debug_robo_cima | INFO | ℹ️    Tamanho: 216.4 -> 221.4
2025-09-14 23:43:30 | debug_robo_cima | INFO | ℹ️ 🔧 METAL A - posX=-276.4, posY=-116.4, comp=221.4, endX=-78.99999999999997, largura=7
2025-09-14 23:43:30 | debug_robo_cima | INFO | ℹ️ 🔧 METAL B - posX=-221.6, posY=-73.6, comp=166.6, endX=-79.0, largura=7
2025-09-14 23:43:30 | debug_robo_cima | INFO | ℹ️ Grade A - Pilar 2 Especial: ajuste fixo -13cm + largura 25.0cm (ajuste -5.0cm)
2025-09-14 23:43:30 | debug_robo_cima | INFO | ℹ️ Grade A - Pilar 2: -24.0 -> -29.0
2025-09-14 23:43:30 | debug_robo_cima | INFO | ℹ️ DEBUG: Valores lidos Grade A - grade1=30.0, grade2=35.0, grade3=40.0, dist1=5.0, dist2=7.0
2025-09-14 23:43:30 | debug_robo_cima | INFO | ℹ️ DEBUG: Condição Grade A - grade1 > 0: True, grade2 > 0: True, grade3 > 0: True
2025-09-14 23:43:30 | debug_robo_cima | INFO | ℹ️ DEBUG: Condição Grade A - grade1 > 0 or grade2 > 0 or grade3 > 0: True
2025-09-14 23:43:30 | debug_robo_cima | INFO | ℹ️ GRA.A usando valores específicos: comprimentos=[30.0, 35.0, 40.0], espacos=[5.0, 7.0]
2025-09-14 23:43:30 | debug_robo_cima | INFO | 
----------------------------------------
2025-09-14 23:43:30 | debug_robo_cima | INFO | 📌 VERIFICAÇÃO DE PILAR ESPECIAL ATIVO
2025-09-14 23:43:30 | debug_robo_cima | INFO | ----------------------------------------
2025-09-14 23:43:30 | debug_robo_cima | INFO | ℹ️ 🔄 Verificando se pilar especial está ativo...
2025-09-14 23:43:30 | debug_robo_cima | INFO | ℹ️ 🔄 Status do checkbox pilar_rotacionado_var: False
2025-09-14 23:43:31 | debug_robo_cima | INFO | ℹ️ 🔄 Status do checkbox pilar_especial_ativo_var: True
2025-09-14 23:43:31 | debug_robo_cima | INFO | ℹ️ 🔄 Globais encontradas: 37 valores, tipo: 'L'
2025-09-14 23:43:31 | debug_robo_cima | INFO | ℹ️ ✅ Pilar especial ATIVO - pilar_rotacionado: False, pilar_especial: True, globais: True, tipo: L
2025-09-14 23:43:31 | debug_robo_cima | INFO | ℹ️ Grade A Block - Pilar 2: ajuste fixo -13cm + largura 25.0cm (ajuste -5.0cm)
2025-09-14 23:43:31 | debug_robo_cima | INFO | ℹ️ Grade A Block - Pilar 2: -260.0 -> -265.0
2025-09-14 23:43:31 | debug_robo_cima | INFO | ℹ️ Grade A Cota - Pilar 2: ajuste fixo -13cm + largura 25.0cm (ajuste -5.0cm)
2025-09-14 23:43:31 | debug_robo_cima | INFO | ℹ️ Grade A Cota - Pilar 2: ajuste total -18.0cm
2025-09-14 23:43:31 | debug_robo_cima | INFO | 
----------------------------------------
2025-09-14 23:43:31 | debug_robo_cima | INFO | 📌 VERIFICAÇÃO DE PILAR ESPECIAL ATIVO
2025-09-14 23:43:31 | debug_robo_cima | INFO | ----------------------------------------
2025-09-14 23:43:31 | debug_robo_cima | INFO | ℹ️ 🔄 Verificando se pilar especial está ativo...
2025-09-14 23:43:31 | debug_robo_cima | INFO | ℹ️ 🔄 Status do checkbox pilar_rotacionado_var: False
2025-09-14 23:43:31 | debug_robo_cima | INFO | ℹ️ 🔄 Status do checkbox pilar_especial_ativo_var: True
2025-09-14 23:43:31 | debug_robo_cima | INFO | ℹ️ 🔄 Globais encontradas: 37 valores, tipo: 'L'
2025-09-14 23:43:31 | debug_robo_cima | INFO | ℹ️ ✅ Pilar especial ATIVO - pilar_rotacionado: False, pilar_especial: True, globais: True, tipo: L
2025-09-14 23:43:31 | debug_robo_cima | INFO | ℹ️ Grade A Block - Pilar 2: ajuste fixo -13cm + largura 25.0cm (ajuste -5.0cm)
2025-09-14 23:43:31 | debug_robo_cima | INFO | ℹ️ Grade A Block - Pilar 2: -228.5 -> -233.5
2025-09-14 23:43:31 | debug_robo_cima | INFO | ℹ️ Grade A Cota - Pilar 2: ajuste fixo -13cm + largura 25.0cm (ajuste -5.0cm)
2025-09-14 23:43:31 | debug_robo_cima | INFO | ℹ️ Grade A Cota - Pilar 2: ajuste total -18.0cm
2025-09-14 23:43:31 | debug_robo_cima | INFO | 
----------------------------------------
2025-09-14 23:43:31 | debug_robo_cima | INFO | 📌 VERIFICAÇÃO DE PILAR ESPECIAL ATIVO
2025-09-14 23:43:31 | debug_robo_cima | INFO | ----------------------------------------
2025-09-14 23:43:31 | debug_robo_cima | INFO | ℹ️ 🔄 Verificando se pilar especial está ativo...
2025-09-14 23:43:31 | debug_robo_cima | INFO | ℹ️ 🔄 Status do checkbox pilar_rotacionado_var: False
2025-09-14 23:43:31 | debug_robo_cima | INFO | ℹ️ 🔄 Status do checkbox pilar_especial_ativo_var: True
2025-09-14 23:43:31 | debug_robo_cima | INFO | ℹ️ 🔄 Globais encontradas: 37 valores, tipo: 'L'
2025-09-14 23:43:31 | debug_robo_cima | INFO | ℹ️ ✅ Pilar especial ATIVO - pilar_rotacionado: False, pilar_especial: True, globais: True, tipo: L
2025-09-14 23:43:31 | debug_robo_cima | INFO | ℹ️ Grade A Block - Pilar 2: ajuste fixo -13cm + largura 25.0cm (ajuste -5.0cm)
2025-09-14 23:43:31 | debug_robo_cima | INFO | ℹ️ Grade A Block - Pilar 2: -183.0 -> -188.0
2025-09-14 23:43:31 | debug_robo_cima | INFO | ℹ️ Grade A Cota - Pilar 2: ajuste fixo -13cm + largura 25.0cm (ajuste -5.0cm)
2025-09-14 23:43:31 | debug_robo_cima | INFO | ℹ️ Grade A Cota - Pilar 2: ajuste total -18.0cm
2025-09-14 23:43:31 | debug_robo_cima | INFO | ℹ️ Grade B - Pilar 2 Especial: movendo 25.4cm para direita: -11.0 -> 14.399999999999999
2025-09-14 23:43:31 | debug_robo_cima | INFO | ℹ️ DEBUG: Valores lidos Grade B - grade1_grupo2=25.0, grade2_grupo2=30.0, grade3_grupo2=35.0, dist1_grupo2=4.0, dist2_grupo2=6.0
2025-09-14 23:43:31 | debug_robo_cima | INFO | ℹ️ DEBUG: Condição Grade B - grade1_grupo2 > 0: True, grade2_grupo2 > 0: True, grade3_grupo2 > 0: True
2025-09-14 23:43:31 | debug_robo_cima | INFO | ℹ️ DEBUG: Condição Grade B - grade1_grupo2 > 0 or grade2_grupo2 > 0 or grade3_grupo2 > 0: True
2025-09-14 23:43:31 | debug_robo_cima | INFO | ℹ️ GRA.B usando valores específicos: comprimentos=[25.0, 30.0, 35.0], espacos=[4.0, 6.0]
2025-09-14 23:43:31 | debug_robo_cima | INFO | 
----------------------------------------
2025-09-14 23:43:31 | debug_robo_cima | INFO | 📌 VERIFICAÇÃO DE PILAR ESPECIAL ATIVO
2025-09-14 23:43:31 | debug_robo_cima | INFO | ----------------------------------------
2025-09-14 23:43:31 | debug_robo_cima | INFO | ℹ️ 🔄 Verificando se pilar especial está ativo...
2025-09-14 23:43:31 | debug_robo_cima | INFO | ℹ️ 🔄 Status do checkbox pilar_rotacionado_var: False
2025-09-14 23:43:31 | debug_robo_cima | INFO | ℹ️ 🔄 Status do checkbox pilar_especial_ativo_var: True
2025-09-14 23:43:31 | debug_robo_cima | INFO | ℹ️ 🔄 Globais encontradas: 37 valores, tipo: 'L'
2025-09-14 23:43:31 | debug_robo_cima | INFO | ℹ️ ✅ Pilar especial ATIVO - pilar_rotacionado: False, pilar_especial: True, globais: True, tipo: L
2025-09-14 23:43:31 | debug_robo_cima | INFO | ℹ️ Grade B Block - Pilar 2 Especial: movendo 25.4cm para direita: -247.0 -> -221.6
2025-09-14 23:43:31 | debug_robo_cima | INFO | 
----------------------------------------
2025-09-14 23:43:31 | debug_robo_cima | INFO | 📌 VERIFICAÇÃO DE PILAR ESPECIAL ATIVO
2025-09-14 23:43:31 | debug_robo_cima | INFO | ----------------------------------------
2025-09-14 23:43:31 | debug_robo_cima | INFO | ℹ️ 🔄 Verificando se pilar especial está ativo...
2025-09-14 23:43:31 | debug_robo_cima | INFO | ℹ️ 🔄 Status do checkbox pilar_rotacionado_var: False
2025-09-14 23:43:31 | debug_robo_cima | INFO | ℹ️ 🔄 Status do checkbox pilar_especial_ativo_var: True
2025-09-14 23:43:31 | debug_robo_cima | INFO | ℹ️ 🔄 Globais encontradas: 37 valores, tipo: 'L'
2025-09-14 23:43:31 | debug_robo_cima | INFO | ℹ️ ✅ Pilar especial ATIVO - pilar_rotacionado: False, pilar_especial: True, globais: True, tipo: L
2025-09-14 23:43:31 | debug_robo_cima | INFO | ℹ️ Grade B Block - Pilar 2 Especial: movendo 25.4cm para direita: -215.5 -> -190.1
2025-09-14 23:43:31 | debug_robo_cima | INFO | 
----------------------------------------
2025-09-14 23:43:31 | debug_robo_cima | INFO | 📌 VERIFICAÇÃO DE PILAR ESPECIAL ATIVO
2025-09-14 23:43:31 | debug_robo_cima | INFO | ----------------------------------------
2025-09-14 23:43:31 | debug_robo_cima | INFO | ℹ️ 🔄 Verificando se pilar especial está ativo...
2025-09-14 23:43:31 | debug_robo_cima | INFO | ℹ️ 🔄 Status do checkbox pilar_rotacionado_var: False
2025-09-14 23:43:31 | debug_robo_cima | INFO | ℹ️ 🔄 Status do checkbox pilar_especial_ativo_var: True
2025-09-14 23:43:31 | debug_robo_cima | INFO | ℹ️ 🔄 Globais encontradas: 37 valores, tipo: 'L'
2025-09-14 23:43:31 | debug_robo_cima | INFO | ℹ️ ✅ Pilar especial ATIVO - pilar_rotacionado: False, pilar_especial: True, globais: True, tipo: L
2025-09-14 23:43:31 | debug_robo_cima | INFO | ℹ️ Grade B Block - Pilar 2 Especial: movendo 25.4cm para direita: -170.0 -> -144.6
2025-09-14 23:43:31 | debug_robo_cima | INFO | 
----------------------------------------
2025-09-14 23:43:31 | debug_robo_cima | INFO | 📌 PARAFUSOS ESPECIAIS - PILAR 2 (PARAFUSOS E)
2025-09-14 23:43:31 | debug_robo_cima | INFO | ----------------------------------------
2025-09-14 23:43:31 | debug_robo_cima | INFO | 
----------------------------------------
2025-09-14 23:43:31 | debug_robo_cima | INFO | 📌 PARAFUSOS - FALLBACK CÁLCULO AUTOMÁTICO
2025-09-14 23:43:31 | debug_robo_cima | INFO | ----------------------------------------
2025-09-14 23:43:31 | debug_robo_cima | INFO | ℹ️ Nenhum valor especificado - usando cálculo: 139.0
2025-09-14 23:43:31 | debug_robo_cima | DEBUG | 🔍 Sem alteração para pilar1_parafuso_posicao - retornando valor original: -186.5
2025-09-14 23:43:31 | debug_robo_cima | INFO | 
----------------------------------------
2025-09-14 23:43:31 | debug_robo_cima | INFO | 📌 DECISÃO DE COMANDO SCALE/ROTATE
2025-09-14 23:43:31 | debug_robo_cima | INFO | ----------------------------------------
2025-09-14 23:43:31 | debug_robo_cima | INFO | ℹ️ 🔄 Verificando qual comando usar (SCALE ou ROTATE)...
2025-09-14 23:43:31 | debug_robo_cima | INFO | ℹ️ 🔄 Status pilar_rotacionado = False, usar_scale = True
2025-09-14 23:43:31 | debug_robo_cima | INFO | ℹ️ ✅ Usando _SCALE
2025-09-14 23:43:31 | debug_robo_cima | INFO | ℹ️ 🔄 Verificando se é pilar especial: True
2025-09-14 23:43:31 | debug_robo_cima | INFO | ℹ️ ✅ Pilar especial - usando valores alterados no _SCALE
2025-09-14 23:43:31 | debug_robo_cima | INFO | ℹ️ ✅ Script gerado com sucesso!
2025-09-14 23:43:31 | debug_robo_cima | INFO | 🔄 Script gerado: Tamanho: 3933 caracteres
2025-09-14 23:43:31 | debug_robo_cima | INFO | 
============================================================
2025-09-14 23:43:31 | debug_robo_cima | INFO | 📋 FIM DA GERAÇÃO DE SCRIPT CIMA
2025-09-14 23:43:31 | debug_robo_cima | INFO | ============================================================
