2025-11-27 10:08:36 | debug_robo_cima | INFO | Iniciando logs de depuração para robo_cima
2025-11-27 10:08:36 | debug_robo_cima | INFO | Arquivo de log: logs\depuracao\robo_cima_20251127_100836.log
2025-11-27 10:08:36 | debug_robo_cima | WARNING | ⚠️ Instancia do GeradorPilar nao disponivel para alterar checkbox
2025-11-27 10:08:38 | debug_robo_cima | WARNING | ⚠️ Instancia do GeradorPilar nao disponivel para alterar checkbox
2025-11-27 10:08:56 | debug_robo_cima | INFO | Iniciando logs de depuração para robo_cima
2025-11-27 10:08:56 | debug_robo_cima | INFO | Arquivo de log: logs\depuracao\robo_cima_20251127_100856.log
2025-11-27 10:08:56 | debug_robo_cima | INFO | ℹ️ 🔄 Instância do GeradorPilar registrada globalmente
2025-11-27 10:08:56 | debug_robo_cima | INFO | ℹ️ 🔄 Globais do pilar especial inicializadas
2025-11-27 10:08:57 | debug_robo_cima | INFO | 
============================================================
2025-11-27 10:08:57 | debug_robo_cima | INFO | 📋 GERAÇÃO DE SCRIPT CIMA
2025-11-27 10:08:57 | debug_robo_cima | INFO | ============================================================
2025-11-27 10:08:57 | debug_robo_cima | INFO | ℹ️ 🔄 === INÍCIO DO gerar_script() ===
2025-11-27 10:08:57 | debug_robo_cima | INFO | ℹ️ 🔄 Estado inicial das globais: ID=2219568921280, len=0
2025-11-27 10:08:57 | debug_robo_cima | WARNING | ⚠️ _globais_pilar_especial está vazio ou None!
2025-11-27 10:08:57 | debug_robo_cima | INFO | ℹ️ 🔄 Status pilar_rotacionado no inicio: True
2025-11-27 10:08:57 | debug_robo_cima | INFO | ℹ️ 🔄 Prestes a chamar _verificar_pilar_especial_ativo()...
2025-11-27 10:08:57 | debug_robo_cima | INFO | ℹ️ 🔄 Estado das globais ANTES da verificação: False
2025-11-27 10:08:57 | debug_robo_cima | INFO | 
----------------------------------------
2025-11-27 10:08:57 | debug_robo_cima | INFO | 📌 VERIFICAÇÃO DE PILAR ESPECIAL ATIVO
2025-11-27 10:08:57 | debug_robo_cima | INFO | ----------------------------------------
2025-11-27 10:08:57 | debug_robo_cima | INFO | ℹ️ 🔄 Verificando se pilar especial está ativo...
2025-11-27 10:08:57 | debug_robo_cima | INFO | ℹ️ 🔄 Status do checkbox pilar_rotacionado_var: True
2025-11-27 10:08:57 | debug_robo_cima | INFO | ℹ️ 🔄 Status do checkbox pilar_especial_ativo_var: False
2025-11-27 10:08:57 | debug_robo_cima | INFO | ℹ️ 🔄 Globais encontradas: 37 valores, tipo: 'L'
2025-11-27 10:08:57 | debug_robo_cima | INFO | ℹ️ ✅ Pilar especial ATIVO - pilar_rotacionado: True, pilar_especial: False, globais: True, tipo: L
2025-11-27 10:08:57 | debug_robo_cima | INFO | ℹ️ 🔄 Resultado da verificação: True
2025-11-27 10:08:57 | debug_robo_cima | INFO | ℹ️ 🔄 Estado das globais APÓS a verificação: False
2025-11-27 10:08:57 | debug_robo_cima | INFO | ℹ️ 🔄 Pilar especial ativo: True
2025-11-27 10:08:57 | debug_robo_cima | INFO | 
----------------------------------------
2025-11-27 10:08:57 | debug_robo_cima | INFO | 📌 APLICAÇÃO DE ALTERAÇÕES PILAR ESPECIAL - PAI.B
2025-11-27 10:08:57 | debug_robo_cima | INFO | ----------------------------------------
2025-11-27 10:08:57 | debug_robo_cima | INFO | ℹ️ 🔄 Aplicando alterações do pilar especial para PAI.B...
2025-11-27 10:08:57 | debug_robo_cima | DEBUG | 🔍 Sem alteração para pilar1_paib_posicao - retornando valor original: -51
2025-11-27 10:08:57 | debug_robo_cima | DEBUG | 🔍 Sem alteração para pilar1_paib_posicao - retornando valor original: 120.0
2025-11-27 10:08:57 | debug_robo_cima | INFO | ℹ️ Aplicando tamanho pilar especial: 172.0 -> 96.9 (pilar1_paib_tamanho)
2025-11-27 10:08:57 | debug_robo_cima | INFO | ℹ️ 🔄 PAI.B - Posição X: -51 -> -51
2025-11-27 10:08:57 | debug_robo_cima | INFO | ℹ️ 🔄 PAI.B - Posição Y: 120.0 -> 120.0
2025-11-27 10:08:57 | debug_robo_cima | INFO | ℹ️ 🔄 PAI.B - Comprimento: 172.0 -> 111.0
2025-11-27 10:08:57 | debug_robo_cima | DEBUG | 🔍 Sem alteração para pilar1_paia_posicao - retornando valor original: -51
2025-11-27 10:08:57 | debug_robo_cima | DEBUG | 🔍 Sem alteração para pilar1_paia_posicao - retornando valor original: 70
2025-11-27 10:08:57 | debug_robo_cima | INFO | ℹ️ Aplicando tamanho pilar especial: 172.0 -> 172.0 (pilar1_paia_tamanho)
2025-11-27 10:08:57 | debug_robo_cima | INFO | ℹ️ [REFERENCIA-DINAMICA] Parede esquerda PAI.A FINAL REAL registrada: -51.0
2025-11-27 10:08:57 | debug_robo_cima | DEBUG | 🔍 Sem alteração para pilar1_metala_posicao - retornando valor original: -71
2025-11-27 10:08:57 | debug_robo_cima | DEBUG | 🔍 Sem alteração para pilar1_metala_tamanho - retornando valor original: 212.0
2025-11-27 10:08:57 | debug_robo_cima | INFO | ℹ️ 🔧 METAL A - posX=-71.0, posY=61.0, comp=212.0, endX=141.0, largura=7
2025-11-27 10:08:57 | debug_robo_cima | INFO | ℹ️ 🔧 METAL B - posX=-71.0, posY=129.0, comp=129.0, endX=58.0, largura=7
2025-11-27 10:08:57 | debug_robo_cima | INFO | ℹ️ DEBUG: Valores lidos Grade A - grade1=70.0, grade2=70.0, grade3=0.0, dist1=26.0, dist2=0.0
2025-11-27 10:08:57 | debug_robo_cima | INFO | ℹ️ DEBUG: Condição Grade A - grade1 > 0: True, grade2 > 0: True, grade3 > 0: False
2025-11-27 10:08:57 | debug_robo_cima | INFO | ℹ️ DEBUG: Condição Grade A - grade1 > 0 or grade2 > 0 or grade3 > 0: True
2025-11-27 10:08:57 | debug_robo_cima | INFO | ℹ️ GRA.A usando valores específicos: comprimentos=[70.0, 70.0, 0.0], espacos=[26.0, 0.0]
2025-11-27 10:08:57 | debug_robo_cima | INFO | 
----------------------------------------
2025-11-27 10:08:57 | debug_robo_cima | INFO | 📌 VERIFICAÇÃO DE PILAR ESPECIAL ATIVO
2025-11-27 10:08:57 | debug_robo_cima | INFO | ----------------------------------------
2025-11-27 10:08:57 | debug_robo_cima | INFO | ℹ️ 🔄 Verificando se pilar especial está ativo...
2025-11-27 10:08:57 | debug_robo_cima | INFO | ℹ️ 🔄 Status do checkbox pilar_rotacionado_var: True
2025-11-27 10:08:57 | debug_robo_cima | INFO | ℹ️ 🔄 Status do checkbox pilar_especial_ativo_var: False
2025-11-27 10:08:57 | debug_robo_cima | INFO | ℹ️ 🔄 Globais encontradas: 37 valores, tipo: 'L'
2025-11-27 10:08:57 | debug_robo_cima | INFO | ℹ️ ✅ Pilar especial ATIVO - pilar_rotacionado: True, pilar_especial: False, globais: True, tipo: L
2025-11-27 10:08:57 | debug_robo_cima | INFO | 
----------------------------------------
2025-11-27 10:08:57 | debug_robo_cima | INFO | 📌 VERIFICAÇÃO DE PILAR ESPECIAL ATIVO
2025-11-27 10:08:57 | debug_robo_cima | INFO | ----------------------------------------
2025-11-27 10:08:57 | debug_robo_cima | INFO | ℹ️ 🔄 Verificando se pilar especial está ativo...
2025-11-27 10:08:57 | debug_robo_cima | INFO | ℹ️ 🔄 Status do checkbox pilar_rotacionado_var: True
2025-11-27 10:08:57 | debug_robo_cima | INFO | ℹ️ 🔄 Status do checkbox pilar_especial_ativo_var: False
2025-11-27 10:08:57 | debug_robo_cima | INFO | ℹ️ 🔄 Globais encontradas: 37 valores, tipo: 'L'
2025-11-27 10:08:57 | debug_robo_cima | INFO | ℹ️ ✅ Pilar especial ATIVO - pilar_rotacionado: True, pilar_especial: False, globais: True, tipo: L
2025-11-27 10:08:57 | debug_robo_cima | INFO | ℹ️ DEBUG: Valores lidos Grade B - grade1_grupo2=40.0, grade2_grupo2=40.0, grade3_grupo2=0.0, dist1_grupo2=26.0, dist2_grupo2=0.0
2025-11-27 10:08:57 | debug_robo_cima | INFO | ℹ️ DEBUG: Condição Grade B - grade1_grupo2 > 0: True, grade2_grupo2 > 0: True, grade3_grupo2 > 0: False
2025-11-27 10:08:57 | debug_robo_cima | INFO | ℹ️ DEBUG: Condição Grade B - grade1_grupo2 > 0 or grade2_grupo2 > 0 or grade3_grupo2 > 0: True
2025-11-27 10:08:57 | debug_robo_cima | INFO | ℹ️ GRA.B usando valores específicos: comprimentos=[40.0, 40.0, 0.0], espacos=[26.0, 0.0]
2025-11-27 10:08:57 | debug_robo_cima | INFO | 
----------------------------------------
2025-11-27 10:08:57 | debug_robo_cima | INFO | 📌 VERIFICAÇÃO DE PILAR ESPECIAL ATIVO
2025-11-27 10:08:57 | debug_robo_cima | INFO | ----------------------------------------
2025-11-27 10:08:57 | debug_robo_cima | INFO | ℹ️ 🔄 Verificando se pilar especial está ativo...
2025-11-27 10:08:57 | debug_robo_cima | INFO | ℹ️ 🔄 Status do checkbox pilar_rotacionado_var: True
2025-11-27 10:08:57 | debug_robo_cima | INFO | ℹ️ 🔄 Status do checkbox pilar_especial_ativo_var: False
2025-11-27 10:08:57 | debug_robo_cima | INFO | ℹ️ 🔄 Globais encontradas: 37 valores, tipo: 'L'
2025-11-27 10:08:57 | debug_robo_cima | INFO | ℹ️ ✅ Pilar especial ATIVO - pilar_rotacionado: True, pilar_especial: False, globais: True, tipo: L
2025-11-27 10:08:57 | debug_robo_cima | INFO | 
----------------------------------------
2025-11-27 10:08:57 | debug_robo_cima | INFO | 📌 VERIFICAÇÃO DE PILAR ESPECIAL ATIVO
2025-11-27 10:08:57 | debug_robo_cima | INFO | ----------------------------------------
2025-11-27 10:08:57 | debug_robo_cima | INFO | ℹ️ 🔄 Verificando se pilar especial está ativo...
2025-11-27 10:08:57 | debug_robo_cima | INFO | ℹ️ 🔄 Status do checkbox pilar_rotacionado_var: True
2025-11-27 10:08:57 | debug_robo_cima | INFO | ℹ️ 🔄 Status do checkbox pilar_especial_ativo_var: False
2025-11-27 10:08:57 | debug_robo_cima | INFO | ℹ️ 🔄 Globais encontradas: 37 valores, tipo: 'L'
2025-11-27 10:08:57 | debug_robo_cima | INFO | ℹ️ ✅ Pilar especial ATIVO - pilar_rotacionado: True, pilar_especial: False, globais: True, tipo: L
2025-11-27 10:08:57 | debug_robo_cima | INFO | 
----------------------------------------
2025-11-27 10:08:57 | debug_robo_cima | INFO | 📌 PARAFUSOS ESPECIAIS - PILAR 1 (PARAFUSOS A)
2025-11-27 10:08:57 | debug_robo_cima | INFO | ----------------------------------------
2025-11-27 10:08:57 | debug_robo_cima | INFO | ℹ️ Pilar 1: Usando parafusos especiais: [44.0, 44.0]
2025-11-27 10:08:57 | debug_robo_cima | INFO | ℹ️ Quantidade de parafusos: 2
2025-11-27 10:08:57 | debug_robo_cima | DEBUG | 🔍 Sem alteração para pilar1_parafuso_posicao - retornando valor original: -52
2025-11-27 10:08:57 | debug_robo_cima | INFO | 
----------------------------------------
2025-11-27 10:08:57 | debug_robo_cima | INFO | 📌 VERIFICAÇÃO DE PILAR ESPECIAL ATIVO
2025-11-27 10:08:57 | debug_robo_cima | INFO | ----------------------------------------
2025-11-27 10:08:57 | debug_robo_cima | INFO | ℹ️ 🔄 Verificando se pilar especial está ativo...
2025-11-27 10:08:57 | debug_robo_cima | INFO | ℹ️ 🔄 Status do checkbox pilar_rotacionado_var: True
2025-11-27 10:08:57 | debug_robo_cima | INFO | ℹ️ 🔄 Status do checkbox pilar_especial_ativo_var: False
2025-11-27 10:08:57 | debug_robo_cima | INFO | ℹ️ 🔄 Globais encontradas: 37 valores, tipo: 'L'
2025-11-27 10:08:57 | debug_robo_cima | INFO | ℹ️ ✅ Pilar especial ATIVO - pilar_rotacionado: True, pilar_especial: False, globais: True, tipo: L
2025-11-27 10:08:57 | debug_robo_cima | INFO | 
----------------------------------------
2025-11-27 10:08:57 | debug_robo_cima | INFO | 📌 DECISÃO DE COMANDO SCALE/ROTATE
2025-11-27 10:08:57 | debug_robo_cima | INFO | ----------------------------------------
2025-11-27 10:08:57 | debug_robo_cima | INFO | ℹ️ 🔄 Verificando qual comando usar (SCALE ou ROTATE)...
2025-11-27 10:08:57 | debug_robo_cima | INFO | ℹ️ 🔄 Status pilar_rotacionado = True, usar_scale = False
2025-11-27 10:08:57 | debug_robo_cima | INFO | ℹ️ ✅ PILAR ROTACIONADO ATIVO - Usando _ROTATE
2025-11-27 10:08:57 | debug_robo_cima | INFO | ℹ️ ✅ Script gerado com sucesso!
2025-11-27 10:08:57 | debug_robo_cima | INFO | 🔄 Script gerado: Tamanho: 3903 caracteres
2025-11-27 10:08:57 | debug_robo_cima | INFO | 
============================================================
2025-11-27 10:08:57 | debug_robo_cima | INFO | 📋 FIM DA GERAÇÃO DE SCRIPT CIMA
2025-11-27 10:08:57 | debug_robo_cima | INFO | ============================================================
2025-11-27 10:08:57 | debug_robo_cima | INFO | 
============================================================
2025-11-27 10:08:57 | debug_robo_cima | INFO | 📋 GERAÇÃO DE SCRIPT CIMA
2025-11-27 10:08:57 | debug_robo_cima | INFO | ============================================================
2025-11-27 10:08:57 | debug_robo_cima | INFO | ℹ️ 🔄 === INÍCIO DO gerar_script() ===
2025-11-27 10:08:57 | debug_robo_cima | INFO | ℹ️ 🔄 Estado inicial das globais: ID=2219568921280, len=0
2025-11-27 10:08:57 | debug_robo_cima | WARNING | ⚠️ _globais_pilar_especial está vazio ou None!
2025-11-27 10:08:57 | debug_robo_cima | INFO | ℹ️ 🔄 Status pilar_rotacionado no inicio: False
2025-11-27 10:08:57 | debug_robo_cima | INFO | ℹ️ 🔄 Prestes a chamar _verificar_pilar_especial_ativo()...
2025-11-27 10:08:57 | debug_robo_cima | INFO | ℹ️ 🔄 Estado das globais ANTES da verificação: False
2025-11-27 10:08:57 | debug_robo_cima | INFO | 
----------------------------------------
2025-11-27 10:08:57 | debug_robo_cima | INFO | 📌 VERIFICAÇÃO DE PILAR ESPECIAL ATIVO
2025-11-27 10:08:57 | debug_robo_cima | INFO | ----------------------------------------
2025-11-27 10:08:57 | debug_robo_cima | INFO | ℹ️ 🔄 Verificando se pilar especial está ativo...
2025-11-27 10:08:57 | debug_robo_cima | INFO | ℹ️ 🔄 Status do checkbox pilar_rotacionado_var: False
2025-11-27 10:08:57 | debug_robo_cima | INFO | ℹ️ 🔄 Status do checkbox pilar_especial_ativo_var: True
2025-11-27 10:08:57 | debug_robo_cima | INFO | ℹ️ 🔄 Globais encontradas: 37 valores, tipo: 'L'
2025-11-27 10:08:57 | debug_robo_cima | INFO | ℹ️ ✅ Pilar especial ATIVO - pilar_rotacionado: False, pilar_especial: True, globais: True, tipo: L
2025-11-27 10:08:57 | debug_robo_cima | INFO | ℹ️ 🔄 Resultado da verificação: True
2025-11-27 10:08:57 | debug_robo_cima | INFO | ℹ️ 🔄 Estado das globais APÓS a verificação: False
2025-11-27 10:08:57 | debug_robo_cima | INFO | ℹ️ 🔄 Pilar especial ativo: True
2025-11-27 10:08:57 | debug_robo_cima | INFO | ℹ️ 🔄 PILAR ESPECIAL L - Coordenada X base ajustada (SEGUNDO PILAR): -40 -> -236
2025-11-27 10:08:57 | debug_robo_cima | INFO | ℹ️ 🔄 PILAR ESPECIAL L - Ajuste Y do Pilar 2:
2025-11-27 10:08:57 | debug_robo_cima | INFO | ℹ️    Comprimento Pilar 1: 150.0
2025-11-27 10:08:57 | debug_robo_cima | INFO | ℹ️    Largura Pilar 2: 50.0
2025-11-27 10:08:57 | debug_robo_cima | INFO | ℹ️    Largura Pilar 1: 50.0
2025-11-27 10:08:57 | debug_robo_cima | INFO | ℹ️    Deslocamento base: -150.0 + 50.0 = -100.0
2025-11-27 10:08:57 | debug_robo_cima | INFO | ℹ️    Ajuste largura 1: 50.0 - 20 = 30.0
2025-11-27 10:08:57 | debug_robo_cima | INFO | ℹ️    Ajuste largura 2: -(50.0 - 20) = -30.0
2025-11-27 10:08:57 | debug_robo_cima | INFO | ℹ️    Deslocamento total: -100.0
2025-11-27 10:08:57 | debug_robo_cima | INFO | ℹ️    Valor original Y: 70 -> Novo Y: -30.0
2025-11-27 10:08:57 | debug_robo_cima | INFO | ℹ️ 🔄 PILAR ESPECIAL L - Coordenada Y base ajustada (SEGUNDO PILAR): 70 -> -30.0
2025-11-27 10:08:57 | debug_robo_cima | INFO | 
----------------------------------------
2025-11-27 10:08:57 | debug_robo_cima | INFO | 📌 APLICAÇÃO DE ALTERAÇÕES PILAR ESPECIAL - PAI.B
2025-11-27 10:08:57 | debug_robo_cima | INFO | ----------------------------------------
2025-11-27 10:08:57 | debug_robo_cima | INFO | ℹ️ 🔄 Aplicando alterações do pilar especial para PAI.B...
2025-11-27 10:08:57 | debug_robo_cima | DEBUG | 🔍 Sem alteração para pilar1_paib_posicao - retornando valor original: -247
2025-11-27 10:08:57 | debug_robo_cima | DEBUG | 🔍 Sem alteração para pilar1_paib_posicao - retornando valor original: 20.0
2025-11-27 10:08:57 | debug_robo_cima | INFO | ℹ️ Aplicando tamanho pilar especial: 172.0 -> 96.9 (pilar1_paib_tamanho)
2025-11-27 10:08:57 | debug_robo_cima | INFO | ℹ️ 🔧 AJUSTE POSIÇÃO - PAI.B Pilar 2: Apenas comprimentos dos pilares especiais
2025-11-27 10:08:57 | debug_robo_cima | INFO | ℹ️    Posição base: -208.0
2025-11-27 10:08:57 | debug_robo_cima | INFO | ℹ️ 🔧 AJUSTE COMP-1 - PAI.B Pilar 2 POSIÇÃO: comp_1=150.0cm, diferença=+50.0cm
2025-11-27 10:08:57 | debug_robo_cima | INFO | ℹ️    Ajuste posição (1x diferença): +50.0cm
2025-11-27 10:08:57 | debug_robo_cima | INFO | ℹ️ 🔧 AJUSTE COMP-2 - PAI.B Pilar 2 POSIÇÃO: comp_2=150.0cm, diferença=+50.0cm
2025-11-27 10:08:57 | debug_robo_cima | INFO | ℹ️    Ajuste posição esquerda (1x diferença): -50.0cm
2025-11-27 10:08:57 | debug_robo_cima | INFO | ℹ️ 🔧 AJUSTE COMP-1 - PAI.B Pilar 2: comp_1=150.0cm, diferença=+50.0cm
2025-11-27 10:08:57 | debug_robo_cima | INFO | ℹ️    Ajuste extremidade esquerda: -50.0cm
2025-11-27 10:08:57 | debug_robo_cima | INFO | ℹ️ 🔧 AJUSTE COMP-2 - PAI.B Pilar 2: comp_2=150.0cm, diferença=+50.0cm
2025-11-27 10:08:57 | debug_robo_cima | INFO | ℹ️    Ajuste crescimento: +50.0cm
2025-11-27 10:08:57 | debug_robo_cima | INFO | ℹ️ 🔧 AJUSTE LARG-2 - PAI.B Pilar 2: larg_2=50.0cm, diferença=+30.0cm
2025-11-27 10:08:57 | debug_robo_cima | INFO | ℹ️    Tamanho (±dif larg_2): 133.0 -> 163.0
2025-11-27 10:08:57 | debug_robo_cima | INFO | ℹ️ 🔄 PAI.B - Posição X: -247 -> -238.0
2025-11-27 10:08:57 | debug_robo_cima | INFO | ℹ️ 🔄 PAI.B - Posição Y: 20.0 -> 20.0
2025-11-27 10:08:57 | debug_robo_cima | INFO | ℹ️ 🔄 PAI.B - Comprimento: 172.0 -> 163.0
2025-11-27 10:08:57 | debug_robo_cima | DEBUG | 🔍 Sem alteração para pilar1_paia_posicao - retornando valor original: -247
2025-11-27 10:08:57 | debug_robo_cima | DEBUG | 🔍 Sem alteração para pilar1_paia_posicao - retornando valor original: -30.0
2025-11-27 10:08:57 | debug_robo_cima | INFO | ℹ️ Aplicando tamanho pilar especial: 172.0 -> 172.0 (pilar1_paia_tamanho)
2025-11-27 10:08:57 | debug_robo_cima | INFO | ℹ️ 🔧 AJUSTE LARGURA - PAI.A Pilar 2 POSIÇÃO: larg_1=50.0cm, ajuste=-30.0cm
2025-11-27 10:08:57 | debug_robo_cima | INFO | ℹ️    Posição: -260.0 -> -290.0
2025-11-27 10:08:57 | debug_robo_cima | INFO | ℹ️ 🔧 AJUSTE LARGURA - PAI.A Pilar 2: larg_1=50.0cm, ajuste=+30.0cm
2025-11-27 10:08:57 | debug_robo_cima | INFO | ℹ️    Tamanho: 185.0 -> 215.0
2025-11-27 10:08:57 | debug_robo_cima | INFO | ℹ️ 🔧 AJUSTE COMP-1 - PAI.A Pilar 2: comp_1=150.0cm, diferença=+50.0cm
2025-11-27 10:08:57 | debug_robo_cima | INFO | ℹ️    Ajuste extremidade esquerda: -50.0cm
2025-11-27 10:08:57 | debug_robo_cima | INFO | ℹ️ 🔧 AJUSTE COMP-2 - PAI.A Pilar 2: comp_2=150.0cm, diferença=+50.0cm
2025-11-27 10:08:57 | debug_robo_cima | INFO | ℹ️    Ajuste crescimento: +50.0cm
2025-11-27 10:08:57 | debug_robo_cima | INFO | ℹ️ [REFERENCIA-DINAMICA] Parede esquerda PAI.A FINAL REAL registrada: -290.0
2025-11-27 10:08:57 | debug_robo_cima | INFO | ℹ️ 🔧 AJUSTE LARGURA - Metal A Pilar 2 POSIÇÃO: larg_1=50.0cm, ajuste=-30.0cm
2025-11-27 10:08:57 | debug_robo_cima | INFO | ℹ️    Posição: -271.4 -> -301.4
2025-11-27 10:08:57 | debug_robo_cima | INFO | ℹ️ 🔧 AJUSTE LARGURA - Metal A Pilar 2: larg_1=50.0cm, ajuste=+30.0cm
2025-11-27 10:08:57 | debug_robo_cima | INFO | ℹ️    Tamanho: 216.4 -> 246.4
2025-11-27 10:08:57 | debug_robo_cima | INFO | ℹ️ 🔧 METAL A - posX=-301.4, posY=-39.0, comp=246.4, endX=-78.99999999999997, largura=7
2025-11-27 10:08:57 | debug_robo_cima | INFO | ℹ️ 🔧 METAL B - posX=-221.6, posY=29.0, comp=166.6, endX=-79.0, largura=7
2025-11-27 10:08:57 | debug_robo_cima | INFO | ℹ️ Grade A - Pilar 2 Especial: ajuste fixo -13cm + largura 50.0cm (ajuste -30.0cm)
2025-11-27 10:08:57 | debug_robo_cima | INFO | ℹ️ Grade A - Pilar 2: -24.0 -> -54.0
2025-11-27 10:08:57 | debug_robo_cima | INFO | ℹ️ DEBUG: Valores lidos Grade A - grade1=80.0, grade2=80.0, grade3=0.0, dist1=26.0, dist2=0.0
2025-11-27 10:08:57 | debug_robo_cima | INFO | ℹ️ DEBUG: Condição Grade A - grade1 > 0: True, grade2 > 0: True, grade3 > 0: False
2025-11-27 10:08:57 | debug_robo_cima | INFO | ℹ️ DEBUG: Condição Grade A - grade1 > 0 or grade2 > 0 or grade3 > 0: True
2025-11-27 10:08:57 | debug_robo_cima | INFO | ℹ️ GRA.A usando valores específicos: comprimentos=[80.0, 80.0, 0.0], espacos=[26.0, 0.0]
2025-11-27 10:08:57 | debug_robo_cima | INFO | 
----------------------------------------
2025-11-27 10:08:57 | debug_robo_cima | INFO | 📌 VERIFICAÇÃO DE PILAR ESPECIAL ATIVO
2025-11-27 10:08:57 | debug_robo_cima | INFO | ----------------------------------------
2025-11-27 10:08:57 | debug_robo_cima | INFO | ℹ️ 🔄 Verificando se pilar especial está ativo...
2025-11-27 10:08:57 | debug_robo_cima | INFO | ℹ️ 🔄 Status do checkbox pilar_rotacionado_var: False
2025-11-27 10:08:57 | debug_robo_cima | INFO | ℹ️ 🔄 Status do checkbox pilar_especial_ativo_var: True
2025-11-27 10:08:57 | debug_robo_cima | INFO | ℹ️ 🔄 Globais encontradas: 37 valores, tipo: 'L'
2025-11-27 10:08:57 | debug_robo_cima | INFO | ℹ️ ✅ Pilar especial ATIVO - pilar_rotacionado: False, pilar_especial: True, globais: True, tipo: L
2025-11-27 10:08:57 | debug_robo_cima | INFO | ℹ️ [GRADE-E-OFFSET] Grade 1: offset_grade_e=+0.0 será aplicado a TODOS os blocks
2025-11-27 10:08:57 | debug_robo_cima | INFO | 
----------------------------------------
2025-11-27 10:08:57 | debug_robo_cima | INFO | 📌 VERIFICAÇÃO DE PILAR ESPECIAL ATIVO
2025-11-27 10:08:57 | debug_robo_cima | INFO | ----------------------------------------
2025-11-27 10:08:57 | debug_robo_cima | INFO | ℹ️ 🔄 Verificando se pilar especial está ativo...
2025-11-27 10:08:57 | debug_robo_cima | INFO | ℹ️ 🔄 Status do checkbox pilar_rotacionado_var: False
2025-11-27 10:08:57 | debug_robo_cima | INFO | ℹ️ 🔄 Status do checkbox pilar_especial_ativo_var: True
2025-11-27 10:08:57 | debug_robo_cima | INFO | ℹ️ 🔄 Globais encontradas: 37 valores, tipo: 'L'
2025-11-27 10:08:57 | debug_robo_cima | INFO | ℹ️ ✅ Pilar especial ATIVO - pilar_rotacionado: False, pilar_especial: True, globais: True, tipo: L
2025-11-27 10:08:57 | debug_robo_cima | INFO | ℹ️ [GRADE-E-OFFSET] Grade 2: offset_grade_e=+0.0 será aplicado a TODOS os blocks
2025-11-27 10:08:57 | debug_robo_cima | INFO | ℹ️ [GRADE-E-BLOCK] Grade 2, Block 1: offset_grade_e=+0.0, posicao_final=-183.999
2025-11-27 10:08:57 | debug_robo_cima | INFO | ℹ️ [GRADE-E-BLOCK] Grade 2, Block 2: offset_grade_e=+0.0, posicao_final=-158.749
2025-11-27 10:08:57 | debug_robo_cima | INFO | ℹ️ [GRADE-E-BLOCK] Grade 2, Block 3: offset_grade_e=+0.0, posicao_final=-131.749
2025-11-27 10:08:57 | debug_robo_cima | INFO | ℹ️ [GRADE-E-BLOCK] Grade 2, Block 4: offset_grade_e=+0.0, posicao_final=-103.999
2025-11-27 10:08:57 | debug_robo_cima | INFO | ℹ️ [GRADE-E-COTA] Grade 2: offset_grade_e=+0.0
2025-11-27 10:08:57 | debug_robo_cima | INFO | ℹ️ Grade B - Pilar 2 Especial: movendo 25.4cm para direita: -11.0 -> 14.399999999999999
2025-11-27 10:08:57 | debug_robo_cima | INFO | ℹ️ DEBUG: Valores lidos Grade B - grade1_grupo2=50.0, grade2_grupo2=55.0, grade3_grupo2=0.0, dist1_grupo2=23.0, dist2_grupo2=0.0
2025-11-27 10:08:57 | debug_robo_cima | INFO | ℹ️ DEBUG: Condição Grade B - grade1_grupo2 > 0: True, grade2_grupo2 > 0: True, grade3_grupo2 > 0: False
2025-11-27 10:08:57 | debug_robo_cima | INFO | ℹ️ DEBUG: Condição Grade B - grade1_grupo2 > 0 or grade2_grupo2 > 0 or grade3_grupo2 > 0: True
2025-11-27 10:08:57 | debug_robo_cima | INFO | ℹ️ GRA.B usando valores específicos: comprimentos=[50.0, 55.0, 0.0], espacos=[23.0, 0.0]
2025-11-27 10:08:57 | debug_robo_cima | INFO | 
----------------------------------------
2025-11-27 10:08:57 | debug_robo_cima | INFO | 📌 VERIFICAÇÃO DE PILAR ESPECIAL ATIVO
2025-11-27 10:08:57 | debug_robo_cima | INFO | ----------------------------------------
2025-11-27 10:08:57 | debug_robo_cima | INFO | ℹ️ 🔄 Verificando se pilar especial está ativo...
2025-11-27 10:08:57 | debug_robo_cima | INFO | ℹ️ 🔄 Status do checkbox pilar_rotacionado_var: False
2025-11-27 10:08:57 | debug_robo_cima | INFO | ℹ️ 🔄 Status do checkbox pilar_especial_ativo_var: True
2025-11-27 10:08:57 | debug_robo_cima | INFO | ℹ️ 🔄 Globais encontradas: 37 valores, tipo: 'L'
2025-11-27 10:08:57 | debug_robo_cima | INFO | ℹ️ ✅ Pilar especial ATIVO - pilar_rotacionado: False, pilar_especial: True, globais: True, tipo: L
2025-11-27 10:08:57 | debug_robo_cima | INFO | 
----------------------------------------
2025-11-27 10:08:57 | debug_robo_cima | INFO | 📌 VERIFICAÇÃO DE PILAR ESPECIAL ATIVO
2025-11-27 10:08:57 | debug_robo_cima | INFO | ----------------------------------------
2025-11-27 10:08:57 | debug_robo_cima | INFO | ℹ️ 🔄 Verificando se pilar especial está ativo...
2025-11-27 10:08:57 | debug_robo_cima | INFO | ℹ️ 🔄 Status do checkbox pilar_rotacionado_var: False
2025-11-27 10:08:57 | debug_robo_cima | INFO | ℹ️ 🔄 Status do checkbox pilar_especial_ativo_var: True
2025-11-27 10:08:57 | debug_robo_cima | INFO | ℹ️ 🔄 Globais encontradas: 37 valores, tipo: 'L'
2025-11-27 10:08:57 | debug_robo_cima | INFO | ℹ️ ✅ Pilar especial ATIVO - pilar_rotacionado: False, pilar_especial: True, globais: True, tipo: L
2025-11-27 10:08:57 | debug_robo_cima | INFO | 
----------------------------------------
2025-11-27 10:08:57 | debug_robo_cima | INFO | 📌 PARAFUSOS ESPECIAIS - PILAR 2 (PARAFUSOS E)
2025-11-27 10:08:57 | debug_robo_cima | INFO | ----------------------------------------
2025-11-27 10:08:57 | debug_robo_cima | INFO | ℹ️ Pilar 2: Usando parafusos especiais: [73.0, 44.0, 44.0]
2025-11-27 10:08:57 | debug_robo_cima | INFO | ℹ️ Quantidade de parafusos: 2
2025-11-27 10:08:57 | debug_robo_cima | INFO | ℹ️ Start X = -186.5
2025-11-27 10:08:57 | debug_robo_cima | DEBUG | 🔍 Sem alteração para pilar1_parafuso_posicao - retornando valor original: -186.5
2025-11-27 10:08:57 | debug_robo_cima | INFO | 
----------------------------------------
2025-11-27 10:08:57 | debug_robo_cima | INFO | 📌 VERIFICAÇÃO DE PILAR ESPECIAL ATIVO
2025-11-27 10:08:57 | debug_robo_cima | INFO | ----------------------------------------
2025-11-27 10:08:57 | debug_robo_cima | INFO | ℹ️ 🔄 Verificando se pilar especial está ativo...
2025-11-27 10:08:57 | debug_robo_cima | INFO | ℹ️ 🔄 Status do checkbox pilar_rotacionado_var: False
2025-11-27 10:08:57 | debug_robo_cima | INFO | ℹ️ 🔄 Status do checkbox pilar_especial_ativo_var: True
2025-11-27 10:08:57 | debug_robo_cima | INFO | ℹ️ 🔄 Globais encontradas: 37 valores, tipo: 'L'
2025-11-27 10:08:57 | debug_robo_cima | INFO | ℹ️ ✅ Pilar especial ATIVO - pilar_rotacionado: False, pilar_especial: True, globais: True, tipo: L
2025-11-27 10:08:57 | debug_robo_cima | INFO | 
----------------------------------------
2025-11-27 10:08:57 | debug_robo_cima | INFO | 📌 DECISÃO DE COMANDO SCALE/ROTATE
2025-11-27 10:08:57 | debug_robo_cima | INFO | ----------------------------------------
2025-11-27 10:08:57 | debug_robo_cima | INFO | ℹ️ 🔄 Verificando qual comando usar (SCALE ou ROTATE)...
2025-11-27 10:08:57 | debug_robo_cima | INFO | ℹ️ 🔄 Status pilar_rotacionado = False, usar_scale = True
2025-11-27 10:08:57 | debug_robo_cima | INFO | ℹ️ ✅ Usando _SCALE
2025-11-27 10:08:57 | debug_robo_cima | INFO | ℹ️ 🔄 Verificando se é pilar especial: True
2025-11-27 10:08:57 | debug_robo_cima | INFO | ℹ️ ✅ Pilar especial - usando valores alterados no _SCALE
2025-11-27 10:08:57 | debug_robo_cima | INFO | ℹ️ ✅ Script gerado com sucesso!
2025-11-27 10:08:57 | debug_robo_cima | INFO | 🔄 Script gerado: Tamanho: 4482 caracteres
2025-11-27 10:08:57 | debug_robo_cima | INFO | 
============================================================
2025-11-27 10:08:57 | debug_robo_cima | INFO | 📋 FIM DA GERAÇÃO DE SCRIPT CIMA
2025-11-27 10:08:57 | debug_robo_cima | INFO | ============================================================
2025-11-27 10:09:01 | debug_robo_cima | INFO | Iniciando logs de depuração para robo_cima
2025-11-27 10:09:01 | debug_robo_cima | INFO | Arquivo de log: logs\depuracao\robo_cima_20251127_100901.log
2025-11-27 10:09:01 | debug_robo_cima | INFO | 
----------------------------------------
2025-11-27 10:09:01 | debug_robo_cima | INFO | 📌 DEFINIÇÃO DE GLOBAIS PILAR ESPECIAL
2025-11-27 10:09:01 | debug_robo_cima | INFO | ----------------------------------------
2025-11-27 10:09:01 | debug_robo_cima | INFO | ℹ️ 🔄 Recebido para definir: <class 'dict'> com 37 itens
2025-11-27 10:09:01 | debug_robo_cima | INFO | ℹ️ 🔄 ID do objeto globais recebido: 2219568722112
2025-11-27 10:09:01 | debug_robo_cima | INFO | ℹ️ 🔄 _globais_pilar_especial ANTES: ID=2219569843520, len=0
2025-11-27 10:09:01 | debug_robo_cima | INFO | ℹ️ 🔄 _globais_pilar_especial APÓS: ID=2219568722112, len=37
2025-11-27 10:09:01 | debug_robo_cima | INFO | ℹ️ 🔄 Verificação de igualdade: globais is _globais_pilar_especial = True
2025-11-27 10:09:01 | debug_robo_cima | INFO | ℹ️ 🔄 Amostra de chaves recebidas: ['pilar1_paia_posicao', 'pilar1_paib_posicao', 'pilar1_gradea_posicao']
2025-11-27 10:09:01 | debug_robo_cima | INFO | ℹ️ 🔄 Amostra de chaves armazenadas: ['pilar1_paia_posicao', 'pilar1_paib_posicao', 'pilar1_gradea_posicao']
2025-11-27 10:09:01 | debug_robo_cima | INFO | ℹ️ ✅ Globais do pilar especial definidas: 37 valores
2025-11-27 10:09:01 | debug_robo_cima | INFO | ℹ️    Tipo: L
2025-11-27 10:09:01 | debug_robo_cima | INFO | ℹ️    Dimensões: comp_1=150.0, comp_2=150.0
2025-11-27 10:09:01 | debug_robo_cima | INFO | ℹ️    Larguras: larg_1=50.0, larg_2=50.0
2025-11-27 10:09:08 | debug_robo_cima | INFO | 
----------------------------------------
2025-11-27 10:09:08 | debug_robo_cima | INFO | 📌 DEFINIÇÃO DE GLOBAIS PILAR ESPECIAL
2025-11-27 10:09:08 | debug_robo_cima | INFO | ----------------------------------------
2025-11-27 10:09:08 | debug_robo_cima | INFO | ℹ️ 🔄 Recebido para definir: <class 'dict'> com 37 itens
2025-11-27 10:09:08 | debug_robo_cima | INFO | ℹ️ 🔄 ID do objeto globais recebido: 2219575783360
2025-11-27 10:09:08 | debug_robo_cima | INFO | ℹ️ 🔄 _globais_pilar_especial ANTES: ID=2219568722112, len=37
2025-11-27 10:09:08 | debug_robo_cima | INFO | ℹ️ 🔄 _globais_pilar_especial APÓS: ID=2219575783360, len=37
2025-11-27 10:09:08 | debug_robo_cima | INFO | ℹ️ 🔄 Verificação de igualdade: globais is _globais_pilar_especial = True
2025-11-27 10:09:08 | debug_robo_cima | INFO | ℹ️ 🔄 Amostra de chaves recebidas: ['pilar1_paia_posicao', 'pilar1_paib_posicao', 'pilar1_gradea_posicao']
2025-11-27 10:09:08 | debug_robo_cima | INFO | ℹ️ 🔄 Amostra de chaves armazenadas: ['pilar1_paia_posicao', 'pilar1_paib_posicao', 'pilar1_gradea_posicao']
2025-11-27 10:09:08 | debug_robo_cima | INFO | ℹ️ ✅ Globais do pilar especial definidas: 37 valores
2025-11-27 10:09:08 | debug_robo_cima | INFO | ℹ️    Tipo: L
2025-11-27 10:09:08 | debug_robo_cima | INFO | ℹ️    Dimensões: comp_1=150.0, comp_2=150.0
2025-11-27 10:09:08 | debug_robo_cima | INFO | ℹ️    Larguras: larg_1=50.0, larg_2=50.0
2025-11-27 10:12:05 | debug_robo_cima | WARNING | ⚠️ Instancia do GeradorPilar nao disponivel para alterar checkbox
