2025-11-15 14:02:27 | debug_robo_cima | INFO | Iniciando logs de depuração para robo_cima
2025-11-15 14:02:27 | debug_robo_cima | INFO | Arquivo de log: logs\depuracao\robo_cima_20251115_140227.log
2025-11-15 14:02:28 | debug_robo_cima | INFO | ℹ️ 🔄 Instância do GeradorPilar registrada globalmente
2025-11-15 14:02:28 | debug_robo_cima | INFO | ℹ️ 🔄 Globais do pilar especial inicializadas
2025-11-15 14:02:28 | debug_robo_cima | INFO | 
============================================================
2025-11-15 14:02:28 | debug_robo_cima | INFO | 📋 GERAÇÃO DE SCRIPT CIMA
2025-11-15 14:02:28 | debug_robo_cima | INFO | ============================================================
2025-11-15 14:02:28 | debug_robo_cima | INFO | ℹ️ 🔄 === INÍCIO DO gerar_script() ===
2025-11-15 14:02:28 | debug_robo_cima | INFO | ℹ️ 🔄 Estado inicial das globais: ID=1455149857664, len=0
2025-11-15 14:02:28 | debug_robo_cima | WARNING | ⚠️ _globais_pilar_especial está vazio ou None!
2025-11-15 14:02:28 | debug_robo_cima | INFO | ℹ️ 🔄 Status pilar_rotacionado no inicio: False
2025-11-15 14:02:28 | debug_robo_cima | INFO | ℹ️ 🔄 Prestes a chamar _verificar_pilar_especial_ativo()...
2025-11-15 14:02:28 | debug_robo_cima | INFO | ℹ️ 🔄 Estado das globais ANTES da verificação: False
2025-11-15 14:02:28 | debug_robo_cima | INFO | 
----------------------------------------
2025-11-15 14:02:28 | debug_robo_cima | INFO | 📌 VERIFICAÇÃO DE PILAR ESPECIAL ATIVO
2025-11-15 14:02:28 | debug_robo_cima | INFO | ----------------------------------------
2025-11-15 14:02:28 | debug_robo_cima | INFO | ℹ️ 🔄 Verificando se pilar especial está ativo...
2025-11-15 14:02:28 | debug_robo_cima | INFO | ℹ️ 🔄 Status do checkbox pilar_rotacionado_var: False
2025-11-15 14:02:28 | debug_robo_cima | INFO | ℹ️ 🔄 Status do checkbox pilar_especial_ativo_var: False
2025-11-15 14:02:28 | debug_robo_cima | INFO | ℹ️ Pilar especial INATIVO - pilar_rotacionado: False, pilar_especial: False, globais: False, tipo: ''
2025-11-15 14:02:28 | debug_robo_cima | INFO | ℹ️ 🔄 Resultado da verificação: False
2025-11-15 14:02:28 | debug_robo_cima | INFO | ℹ️ 🔄 Estado das globais APÓS a verificação: False
2025-11-15 14:02:28 | debug_robo_cima | INFO | ℹ️ 🔄 Pilar especial ativo: False
2025-11-15 14:02:28 | debug_robo_cima | INFO | 
----------------------------------------
2025-11-15 14:02:28 | debug_robo_cima | INFO | 📌 APLICAÇÃO DE ALTERAÇÕES PILAR ESPECIAL - PAI.B
2025-11-15 14:02:28 | debug_robo_cima | INFO | ----------------------------------------
2025-11-15 14:02:28 | debug_robo_cima | INFO | ℹ️ 🔄 Aplicando alterações do pilar especial para PAI.B...
2025-11-15 14:02:28 | debug_robo_cima | WARNING | ⚠️ Pilar especial INATIVO (sem globais no gerador) - retornando valor original: -51
2025-11-15 14:02:28 | debug_robo_cima | WARNING | ⚠️ Pilar especial INATIVO (sem globais no gerador) - retornando valor original: 90.0
2025-11-15 14:02:28 | debug_robo_cima | WARNING | ⚠️ Pilar especial INATIVO (sem globais no gerador) - retornando valor original: 122.0
2025-11-15 14:02:28 | debug_robo_cima | INFO | ℹ️ 🔄 PAI.B - Posição X: -51 -> -51
2025-11-15 14:02:28 | debug_robo_cima | INFO | ℹ️ 🔄 PAI.B - Posição Y: 90.0 -> 90.0
2025-11-15 14:02:28 | debug_robo_cima | INFO | ℹ️ 🔄 PAI.B - Comprimento: 122.0 -> 122.0
2025-11-15 14:02:28 | debug_robo_cima | WARNING | ⚠️ Pilar especial INATIVO (sem globais no gerador) - retornando valor original: -51
2025-11-15 14:02:28 | debug_robo_cima | WARNING | ⚠️ Pilar especial INATIVO (sem globais no gerador) - retornando valor original: 70
2025-11-15 14:02:28 | debug_robo_cima | WARNING | ⚠️ Pilar especial INATIVO (sem globais no gerador) - retornando valor original: 122.0
2025-11-15 14:02:28 | debug_robo_cima | INFO | ℹ️ [REFERENCIA-DINAMICA] Parede esquerda PAI.A FINAL REAL registrada: -51
2025-11-15 14:02:28 | debug_robo_cima | WARNING | ⚠️ Pilar especial INATIVO (sem globais no gerador) - retornando valor original: -71
2025-11-15 14:02:28 | debug_robo_cima | WARNING | ⚠️ Pilar especial INATIVO (sem globais no gerador) - retornando valor original: 162.0
2025-11-15 14:02:28 | debug_robo_cima | INFO | ℹ️ 🔧 METAL A - posX=-71, posY=58.6, comp=162.0, endX=91.0, largura=7
2025-11-15 14:02:28 | debug_robo_cima | WARNING | ⚠️ Pilar especial INATIVO (sem globais no gerador) - retornando valor original: -71
2025-11-15 14:02:28 | debug_robo_cima | WARNING | ⚠️ Pilar especial INATIVO (sem globais no gerador) - retornando valor original: 162.0
2025-11-15 14:02:28 | debug_robo_cima | INFO | ℹ️ 🔧 METAL B - posX=-71, posY=101.4, comp=162.0, endX=91.0, largura=7
2025-11-15 14:02:28 | debug_robo_cima | INFO | ℹ️ DEBUG: Valores lidos Grade A - grade1=122.0, grade2=0.0, grade3=0.0, dist1=0.0, dist2=0.0
2025-11-15 14:02:28 | debug_robo_cima | INFO | ℹ️ DEBUG: Condição Grade A - grade1 > 0: True, grade2 > 0: False, grade3 > 0: False
2025-11-15 14:02:28 | debug_robo_cima | INFO | ℹ️ DEBUG: Condição Grade A - grade1 > 0 or grade2 > 0 or grade3 > 0: True
2025-11-15 14:02:28 | debug_robo_cima | INFO | ℹ️ GRA.A usando valores específicos: comprimentos=[122.0, 0.0, 0.0], espacos=[0.0, 0.0]
2025-11-15 14:02:28 | debug_robo_cima | INFO | 
----------------------------------------
2025-11-15 14:02:28 | debug_robo_cima | INFO | 📌 VERIFICAÇÃO DE PILAR ESPECIAL ATIVO
2025-11-15 14:02:28 | debug_robo_cima | INFO | ----------------------------------------
2025-11-15 14:02:28 | debug_robo_cima | INFO | ℹ️ 🔄 Verificando se pilar especial está ativo...
2025-11-15 14:02:28 | debug_robo_cima | INFO | ℹ️ 🔄 Status do checkbox pilar_rotacionado_var: False
2025-11-15 14:02:28 | debug_robo_cima | INFO | ℹ️ 🔄 Status do checkbox pilar_especial_ativo_var: False
2025-11-15 14:02:28 | debug_robo_cima | INFO | ℹ️ Pilar especial INATIVO - pilar_rotacionado: False, pilar_especial: False, globais: False, tipo: ''
2025-11-15 14:02:28 | debug_robo_cima | INFO | ℹ️ DEBUG: Valores lidos Grade B - grade1_grupo2=0.0, grade2_grupo2=0.0, grade3_grupo2=122.0, dist1_grupo2=0.0, dist2_grupo2=0.0
2025-11-15 14:02:28 | debug_robo_cima | INFO | ℹ️ DEBUG: Condição Grade B - grade1_grupo2 > 0: False, grade2_grupo2 > 0: False, grade3_grupo2 > 0: True
2025-11-15 14:02:28 | debug_robo_cima | INFO | ℹ️ DEBUG: Condição Grade B - grade1_grupo2 > 0 or grade2_grupo2 > 0 or grade3_grupo2 > 0: True
2025-11-15 14:02:28 | debug_robo_cima | INFO | ℹ️ GRA.B usando valores específicos: comprimentos=[0.0, 0.0, 122.0], espacos=[0.0, 0.0]
2025-11-15 14:02:28 | debug_robo_cima | INFO | 
----------------------------------------
2025-11-15 14:02:28 | debug_robo_cima | INFO | 📌 VERIFICAÇÃO DE PILAR ESPECIAL ATIVO
2025-11-15 14:02:28 | debug_robo_cima | INFO | ----------------------------------------
2025-11-15 14:02:28 | debug_robo_cima | INFO | ℹ️ 🔄 Verificando se pilar especial está ativo...
2025-11-15 14:02:28 | debug_robo_cima | INFO | ℹ️ 🔄 Status do checkbox pilar_rotacionado_var: False
2025-11-15 14:02:28 | debug_robo_cima | INFO | ℹ️ 🔄 Status do checkbox pilar_especial_ativo_var: False
2025-11-15 14:02:28 | debug_robo_cima | INFO | ℹ️ Pilar especial INATIVO - pilar_rotacionado: False, pilar_especial: False, globais: False, tipo: ''
2025-11-15 14:02:28 | debug_robo_cima | WARNING | ⚠️ Pilar especial INATIVO (sem globais no gerador) - retornando valor original: -52
2025-11-15 14:02:28 | debug_robo_cima | INFO | 
----------------------------------------
2025-11-15 14:02:28 | debug_robo_cima | INFO | 📌 VERIFICAÇÃO DE PILAR ESPECIAL ATIVO
2025-11-15 14:02:28 | debug_robo_cima | INFO | ----------------------------------------
2025-11-15 14:02:28 | debug_robo_cima | INFO | ℹ️ 🔄 Verificando se pilar especial está ativo...
2025-11-15 14:02:28 | debug_robo_cima | INFO | ℹ️ 🔄 Status do checkbox pilar_rotacionado_var: False
2025-11-15 14:02:28 | debug_robo_cima | INFO | ℹ️ 🔄 Status do checkbox pilar_especial_ativo_var: False
2025-11-15 14:02:28 | debug_robo_cima | INFO | ℹ️ Pilar especial INATIVO - pilar_rotacionado: False, pilar_especial: False, globais: False, tipo: ''
2025-11-15 14:02:28 | debug_robo_cima | INFO | 
----------------------------------------
2025-11-15 14:02:28 | debug_robo_cima | INFO | 📌 DECISÃO DE COMANDO SCALE/ROTATE
2025-11-15 14:02:28 | debug_robo_cima | INFO | ----------------------------------------
2025-11-15 14:02:28 | debug_robo_cima | INFO | ℹ️ 🔄 Verificando qual comando usar (SCALE ou ROTATE)...
2025-11-15 14:02:28 | debug_robo_cima | INFO | ℹ️ 🔄 Status pilar_rotacionado = False, usar_scale = True
2025-11-15 14:02:28 | debug_robo_cima | INFO | ℹ️ ✅ Usando _SCALE
2025-11-15 14:02:28 | debug_robo_cima | INFO | ℹ️ 🔄 Verificando se é pilar especial: False
2025-11-15 14:02:28 | debug_robo_cima | INFO | ℹ️ ✅ Pilar normal - usando valores padrão no _SCALE
2025-11-15 14:02:28 | debug_robo_cima | INFO | ℹ️ ✅ Script gerado com sucesso!
2025-11-15 14:02:28 | debug_robo_cima | INFO | 🔄 Script gerado: Tamanho: 4208 caracteres
2025-11-15 14:02:28 | debug_robo_cima | INFO | 
============================================================
2025-11-15 14:02:28 | debug_robo_cima | INFO | 📋 FIM DA GERAÇÃO DE SCRIPT CIMA
2025-11-15 14:02:28 | debug_robo_cima | INFO | ============================================================
2025-11-15 14:02:29 | debug_robo_cima | INFO | ℹ️ 🔄 Instância do GeradorPilar registrada globalmente
2025-11-15 14:02:29 | debug_robo_cima | INFO | ℹ️ 🔄 Globais do pilar especial inicializadas
2025-11-15 14:02:29 | debug_robo_cima | INFO | 
============================================================
2025-11-15 14:02:29 | debug_robo_cima | INFO | 📋 GERAÇÃO DE SCRIPT CIMA
2025-11-15 14:02:29 | debug_robo_cima | INFO | ============================================================
2025-11-15 14:02:29 | debug_robo_cima | INFO | ℹ️ 🔄 === INÍCIO DO gerar_script() ===
2025-11-15 14:02:29 | debug_robo_cima | INFO | ℹ️ 🔄 Estado inicial das globais: ID=1455149857664, len=0
2025-11-15 14:02:29 | debug_robo_cima | WARNING | ⚠️ _globais_pilar_especial está vazio ou None!
2025-11-15 14:02:29 | debug_robo_cima | INFO | ℹ️ 🔄 Status pilar_rotacionado no inicio: False
2025-11-15 14:02:29 | debug_robo_cima | INFO | ℹ️ 🔄 Prestes a chamar _verificar_pilar_especial_ativo()...
2025-11-15 14:02:29 | debug_robo_cima | INFO | ℹ️ 🔄 Estado das globais ANTES da verificação: False
2025-11-15 14:02:29 | debug_robo_cima | INFO | 
----------------------------------------
2025-11-15 14:02:29 | debug_robo_cima | INFO | 📌 VERIFICAÇÃO DE PILAR ESPECIAL ATIVO
2025-11-15 14:02:29 | debug_robo_cima | INFO | ----------------------------------------
2025-11-15 14:02:29 | debug_robo_cima | INFO | ℹ️ 🔄 Verificando se pilar especial está ativo...
2025-11-15 14:02:29 | debug_robo_cima | INFO | ℹ️ 🔄 Status do checkbox pilar_rotacionado_var: False
2025-11-15 14:02:29 | debug_robo_cima | INFO | ℹ️ 🔄 Status do checkbox pilar_especial_ativo_var: False
2025-11-15 14:02:29 | debug_robo_cima | INFO | ℹ️ Pilar especial INATIVO - pilar_rotacionado: False, pilar_especial: False, globais: False, tipo: ''
2025-11-15 14:02:29 | debug_robo_cima | INFO | ℹ️ 🔄 Resultado da verificação: False
2025-11-15 14:02:29 | debug_robo_cima | INFO | ℹ️ 🔄 Estado das globais APÓS a verificação: False
2025-11-15 14:02:29 | debug_robo_cima | INFO | ℹ️ 🔄 Pilar especial ativo: False
2025-11-15 14:02:29 | debug_robo_cima | INFO | 
----------------------------------------
2025-11-15 14:02:29 | debug_robo_cima | INFO | 📌 APLICAÇÃO DE ALTERAÇÕES PILAR ESPECIAL - PAI.B
2025-11-15 14:02:29 | debug_robo_cima | INFO | ----------------------------------------
2025-11-15 14:02:29 | debug_robo_cima | INFO | ℹ️ 🔄 Aplicando alterações do pilar especial para PAI.B...
2025-11-15 14:02:29 | debug_robo_cima | WARNING | ⚠️ Pilar especial INATIVO (sem globais no gerador) - retornando valor original: -51
2025-11-15 14:02:29 | debug_robo_cima | WARNING | ⚠️ Pilar especial INATIVO (sem globais no gerador) - retornando valor original: 100.0
2025-11-15 14:02:29 | debug_robo_cima | WARNING | ⚠️ Pilar especial INATIVO (sem globais no gerador) - retornando valor original: 72.0
2025-11-15 14:02:29 | debug_robo_cima | INFO | ℹ️ 🔄 PAI.B - Posição X: -51 -> -51
2025-11-15 14:02:29 | debug_robo_cima | INFO | ℹ️ 🔄 PAI.B - Posição Y: 100.0 -> 100.0
2025-11-15 14:02:29 | debug_robo_cima | INFO | ℹ️ 🔄 PAI.B - Comprimento: 72.0 -> 72.0
2025-11-15 14:02:29 | debug_robo_cima | WARNING | ⚠️ Pilar especial INATIVO (sem globais no gerador) - retornando valor original: -51
2025-11-15 14:02:29 | debug_robo_cima | WARNING | ⚠️ Pilar especial INATIVO (sem globais no gerador) - retornando valor original: 70
2025-11-15 14:02:29 | debug_robo_cima | WARNING | ⚠️ Pilar especial INATIVO (sem globais no gerador) - retornando valor original: 72.0
2025-11-15 14:02:29 | debug_robo_cima | INFO | ℹ️ [REFERENCIA-DINAMICA] Parede esquerda PAI.A FINAL REAL registrada: -51
2025-11-15 14:02:29 | debug_robo_cima | WARNING | ⚠️ Pilar especial INATIVO (sem globais no gerador) - retornando valor original: -71
2025-11-15 14:02:29 | debug_robo_cima | WARNING | ⚠️ Pilar especial INATIVO (sem globais no gerador) - retornando valor original: 112.0
2025-11-15 14:02:29 | debug_robo_cima | INFO | ℹ️ 🔧 METAL A - posX=-71, posY=58.6, comp=112.0, endX=41.0, largura=7
2025-11-15 14:02:29 | debug_robo_cima | WARNING | ⚠️ Pilar especial INATIVO (sem globais no gerador) - retornando valor original: -71
2025-11-15 14:02:29 | debug_robo_cima | WARNING | ⚠️ Pilar especial INATIVO (sem globais no gerador) - retornando valor original: 112.0
2025-11-15 14:02:29 | debug_robo_cima | INFO | ℹ️ 🔧 METAL B - posX=-71, posY=111.4, comp=112.0, endX=41.0, largura=7
2025-11-15 14:02:29 | debug_robo_cima | INFO | ℹ️ DEBUG: Valores lidos Grade A - grade1=72.0, grade2=0.0, grade3=0.0, dist1=0.0, dist2=0.0
2025-11-15 14:02:29 | debug_robo_cima | INFO | ℹ️ DEBUG: Condição Grade A - grade1 > 0: True, grade2 > 0: False, grade3 > 0: False
2025-11-15 14:02:29 | debug_robo_cima | INFO | ℹ️ DEBUG: Condição Grade A - grade1 > 0 or grade2 > 0 or grade3 > 0: True
2025-11-15 14:02:29 | debug_robo_cima | INFO | ℹ️ GRA.A usando valores específicos: comprimentos=[72.0, 0.0, 0.0], espacos=[0.0, 0.0]
2025-11-15 14:02:29 | debug_robo_cima | INFO | 
----------------------------------------
2025-11-15 14:02:29 | debug_robo_cima | INFO | 📌 VERIFICAÇÃO DE PILAR ESPECIAL ATIVO
2025-11-15 14:02:29 | debug_robo_cima | INFO | ----------------------------------------
2025-11-15 14:02:29 | debug_robo_cima | INFO | ℹ️ 🔄 Verificando se pilar especial está ativo...
2025-11-15 14:02:29 | debug_robo_cima | INFO | ℹ️ 🔄 Status do checkbox pilar_rotacionado_var: False
2025-11-15 14:02:29 | debug_robo_cima | INFO | ℹ️ 🔄 Status do checkbox pilar_especial_ativo_var: False
2025-11-15 14:02:29 | debug_robo_cima | INFO | ℹ️ Pilar especial INATIVO - pilar_rotacionado: False, pilar_especial: False, globais: False, tipo: ''
2025-11-15 14:02:29 | debug_robo_cima | INFO | ℹ️ DEBUG: Valores lidos Grade B - grade1_grupo2=0.0, grade2_grupo2=0.0, grade3_grupo2=72.0, dist1_grupo2=0.0, dist2_grupo2=0.0
2025-11-15 14:02:29 | debug_robo_cima | INFO | ℹ️ DEBUG: Condição Grade B - grade1_grupo2 > 0: False, grade2_grupo2 > 0: False, grade3_grupo2 > 0: True
2025-11-15 14:02:29 | debug_robo_cima | INFO | ℹ️ DEBUG: Condição Grade B - grade1_grupo2 > 0 or grade2_grupo2 > 0 or grade3_grupo2 > 0: True
2025-11-15 14:02:29 | debug_robo_cima | INFO | ℹ️ GRA.B usando valores específicos: comprimentos=[0.0, 0.0, 72.0], espacos=[0.0, 0.0]
2025-11-15 14:02:29 | debug_robo_cima | INFO | 
----------------------------------------
2025-11-15 14:02:29 | debug_robo_cima | INFO | 📌 VERIFICAÇÃO DE PILAR ESPECIAL ATIVO
2025-11-15 14:02:29 | debug_robo_cima | INFO | ----------------------------------------
2025-11-15 14:02:29 | debug_robo_cima | INFO | ℹ️ 🔄 Verificando se pilar especial está ativo...
2025-11-15 14:02:29 | debug_robo_cima | INFO | ℹ️ 🔄 Status do checkbox pilar_rotacionado_var: False
2025-11-15 14:02:29 | debug_robo_cima | INFO | ℹ️ 🔄 Status do checkbox pilar_especial_ativo_var: False
2025-11-15 14:02:29 | debug_robo_cima | INFO | ℹ️ Pilar especial INATIVO - pilar_rotacionado: False, pilar_especial: False, globais: False, tipo: ''
2025-11-15 14:02:29 | debug_robo_cima | WARNING | ⚠️ Pilar especial INATIVO (sem globais no gerador) - retornando valor original: -52
2025-11-15 14:02:29 | debug_robo_cima | INFO | 
----------------------------------------
2025-11-15 14:02:29 | debug_robo_cima | INFO | 📌 VERIFICAÇÃO DE PILAR ESPECIAL ATIVO
2025-11-15 14:02:29 | debug_robo_cima | INFO | ----------------------------------------
2025-11-15 14:02:29 | debug_robo_cima | INFO | ℹ️ 🔄 Verificando se pilar especial está ativo...
2025-11-15 14:02:29 | debug_robo_cima | INFO | ℹ️ 🔄 Status do checkbox pilar_rotacionado_var: False
2025-11-15 14:02:29 | debug_robo_cima | INFO | ℹ️ 🔄 Status do checkbox pilar_especial_ativo_var: False
2025-11-15 14:02:29 | debug_robo_cima | INFO | ℹ️ Pilar especial INATIVO - pilar_rotacionado: False, pilar_especial: False, globais: False, tipo: ''
2025-11-15 14:02:29 | debug_robo_cima | INFO | 
----------------------------------------
2025-11-15 14:02:29 | debug_robo_cima | INFO | 📌 DECISÃO DE COMANDO SCALE/ROTATE
2025-11-15 14:02:29 | debug_robo_cima | INFO | ----------------------------------------
2025-11-15 14:02:29 | debug_robo_cima | INFO | ℹ️ 🔄 Verificando qual comando usar (SCALE ou ROTATE)...
2025-11-15 14:02:29 | debug_robo_cima | INFO | ℹ️ 🔄 Status pilar_rotacionado = False, usar_scale = True
2025-11-15 14:02:29 | debug_robo_cima | INFO | ℹ️ ✅ Usando _SCALE
2025-11-15 14:02:29 | debug_robo_cima | INFO | ℹ️ 🔄 Verificando se é pilar especial: False
2025-11-15 14:02:29 | debug_robo_cima | INFO | ℹ️ ✅ Pilar normal - usando valores padrão no _SCALE
2025-11-15 14:02:29 | debug_robo_cima | INFO | ℹ️ ✅ Script gerado com sucesso!
2025-11-15 14:02:29 | debug_robo_cima | INFO | 🔄 Script gerado: Tamanho: 3733 caracteres
2025-11-15 14:02:29 | debug_robo_cima | INFO | 
============================================================
2025-11-15 14:02:29 | debug_robo_cima | INFO | 📋 FIM DA GERAÇÃO DE SCRIPT CIMA
2025-11-15 14:02:29 | debug_robo_cima | INFO | ============================================================
2025-11-15 14:02:29 | debug_robo_cima | INFO | ℹ️ 🔄 Instância do GeradorPilar registrada globalmente
2025-11-15 14:02:29 | debug_robo_cima | INFO | ℹ️ 🔄 Globais do pilar especial inicializadas
2025-11-15 14:02:30 | debug_robo_cima | INFO | 
============================================================
2025-11-15 14:02:30 | debug_robo_cima | INFO | 📋 GERAÇÃO DE SCRIPT CIMA
2025-11-15 14:02:30 | debug_robo_cima | INFO | ============================================================
2025-11-15 14:02:30 | debug_robo_cima | INFO | ℹ️ 🔄 === INÍCIO DO gerar_script() ===
2025-11-15 14:02:30 | debug_robo_cima | INFO | ℹ️ 🔄 Estado inicial das globais: ID=1455149857664, len=0
2025-11-15 14:02:30 | debug_robo_cima | WARNING | ⚠️ _globais_pilar_especial está vazio ou None!
2025-11-15 14:02:30 | debug_robo_cima | INFO | ℹ️ 🔄 Status pilar_rotacionado no inicio: False
2025-11-15 14:02:30 | debug_robo_cima | INFO | ℹ️ 🔄 Prestes a chamar _verificar_pilar_especial_ativo()...
2025-11-15 14:02:30 | debug_robo_cima | INFO | ℹ️ 🔄 Estado das globais ANTES da verificação: False
2025-11-15 14:02:30 | debug_robo_cima | INFO | 
----------------------------------------
2025-11-15 14:02:30 | debug_robo_cima | INFO | 📌 VERIFICAÇÃO DE PILAR ESPECIAL ATIVO
2025-11-15 14:02:30 | debug_robo_cima | INFO | ----------------------------------------
2025-11-15 14:02:30 | debug_robo_cima | INFO | ℹ️ 🔄 Verificando se pilar especial está ativo...
2025-11-15 14:02:30 | debug_robo_cima | INFO | ℹ️ 🔄 Status do checkbox pilar_rotacionado_var: False
2025-11-15 14:02:30 | debug_robo_cima | INFO | ℹ️ 🔄 Status do checkbox pilar_especial_ativo_var: False
2025-11-15 14:02:30 | debug_robo_cima | INFO | ℹ️ Pilar especial INATIVO - pilar_rotacionado: False, pilar_especial: False, globais: False, tipo: ''
2025-11-15 14:02:30 | debug_robo_cima | INFO | ℹ️ 🔄 Resultado da verificação: False
2025-11-15 14:02:30 | debug_robo_cima | INFO | ℹ️ 🔄 Estado das globais APÓS a verificação: False
2025-11-15 14:02:30 | debug_robo_cima | INFO | ℹ️ 🔄 Pilar especial ativo: False
2025-11-15 14:02:30 | debug_robo_cima | INFO | 
----------------------------------------
2025-11-15 14:02:30 | debug_robo_cima | INFO | 📌 APLICAÇÃO DE ALTERAÇÕES PILAR ESPECIAL - PAI.B
2025-11-15 14:02:30 | debug_robo_cima | INFO | ----------------------------------------
2025-11-15 14:02:30 | debug_robo_cima | INFO | ℹ️ 🔄 Aplicando alterações do pilar especial para PAI.B...
2025-11-15 14:02:30 | debug_robo_cima | WARNING | ⚠️ Pilar especial INATIVO (sem globais no gerador) - retornando valor original: -51
2025-11-15 14:02:30 | debug_robo_cima | WARNING | ⚠️ Pilar especial INATIVO (sem globais no gerador) - retornando valor original: 120.0
2025-11-15 14:02:30 | debug_robo_cima | WARNING | ⚠️ Pilar especial INATIVO (sem globais no gerador) - retornando valor original: 122.0
2025-11-15 14:02:30 | debug_robo_cima | INFO | ℹ️ 🔄 PAI.B - Posição X: -51 -> -51
2025-11-15 14:02:30 | debug_robo_cima | INFO | ℹ️ 🔄 PAI.B - Posição Y: 120.0 -> 120.0
2025-11-15 14:02:30 | debug_robo_cima | INFO | ℹ️ 🔄 PAI.B - Comprimento: 122.0 -> 122.0
2025-11-15 14:02:30 | debug_robo_cima | WARNING | ⚠️ Pilar especial INATIVO (sem globais no gerador) - retornando valor original: -51
2025-11-15 14:02:30 | debug_robo_cima | WARNING | ⚠️ Pilar especial INATIVO (sem globais no gerador) - retornando valor original: 70
2025-11-15 14:02:30 | debug_robo_cima | WARNING | ⚠️ Pilar especial INATIVO (sem globais no gerador) - retornando valor original: 122.0
2025-11-15 14:02:30 | debug_robo_cima | INFO | ℹ️ [REFERENCIA-DINAMICA] Parede esquerda PAI.A FINAL REAL registrada: -51
2025-11-15 14:02:30 | debug_robo_cima | WARNING | ⚠️ Pilar especial INATIVO (sem globais no gerador) - retornando valor original: -71
2025-11-15 14:02:30 | debug_robo_cima | WARNING | ⚠️ Pilar especial INATIVO (sem globais no gerador) - retornando valor original: 162.0
2025-11-15 14:02:30 | debug_robo_cima | INFO | ℹ️ 🔧 METAL A - posX=-71, posY=58.6, comp=162.0, endX=91.0, largura=7
2025-11-15 14:02:30 | debug_robo_cima | WARNING | ⚠️ Pilar especial INATIVO (sem globais no gerador) - retornando valor original: -71
2025-11-15 14:02:30 | debug_robo_cima | WARNING | ⚠️ Pilar especial INATIVO (sem globais no gerador) - retornando valor original: 162.0
2025-11-15 14:02:30 | debug_robo_cima | INFO | ℹ️ 🔧 METAL B - posX=-71, posY=131.4, comp=162.0, endX=91.0, largura=7
2025-11-15 14:02:30 | debug_robo_cima | INFO | ℹ️ DEBUG: Valores lidos Grade A - grade1=122.0, grade2=0.0, grade3=0.0, dist1=0.0, dist2=0.0
2025-11-15 14:02:30 | debug_robo_cima | INFO | ℹ️ DEBUG: Condição Grade A - grade1 > 0: True, grade2 > 0: False, grade3 > 0: False
2025-11-15 14:02:30 | debug_robo_cima | INFO | ℹ️ DEBUG: Condição Grade A - grade1 > 0 or grade2 > 0 or grade3 > 0: True
2025-11-15 14:02:30 | debug_robo_cima | INFO | ℹ️ GRA.A usando valores específicos: comprimentos=[122.0, 0.0, 0.0], espacos=[0.0, 0.0]
2025-11-15 14:02:30 | debug_robo_cima | INFO | 
----------------------------------------
2025-11-15 14:02:30 | debug_robo_cima | INFO | 📌 VERIFICAÇÃO DE PILAR ESPECIAL ATIVO
2025-11-15 14:02:30 | debug_robo_cima | INFO | ----------------------------------------
2025-11-15 14:02:30 | debug_robo_cima | INFO | ℹ️ 🔄 Verificando se pilar especial está ativo...
2025-11-15 14:02:30 | debug_robo_cima | INFO | ℹ️ 🔄 Status do checkbox pilar_rotacionado_var: False
2025-11-15 14:02:30 | debug_robo_cima | INFO | ℹ️ 🔄 Status do checkbox pilar_especial_ativo_var: False
2025-11-15 14:02:30 | debug_robo_cima | INFO | ℹ️ Pilar especial INATIVO - pilar_rotacionado: False, pilar_especial: False, globais: False, tipo: ''
2025-11-15 14:02:30 | debug_robo_cima | INFO | ℹ️ DEBUG: Valores lidos Grade B - grade1_grupo2=0.0, grade2_grupo2=0.0, grade3_grupo2=122.0, dist1_grupo2=0.0, dist2_grupo2=0.0
2025-11-15 14:02:30 | debug_robo_cima | INFO | ℹ️ DEBUG: Condição Grade B - grade1_grupo2 > 0: False, grade2_grupo2 > 0: False, grade3_grupo2 > 0: True
2025-11-15 14:02:30 | debug_robo_cima | INFO | ℹ️ DEBUG: Condição Grade B - grade1_grupo2 > 0 or grade2_grupo2 > 0 or grade3_grupo2 > 0: True
2025-11-15 14:02:30 | debug_robo_cima | INFO | ℹ️ GRA.B usando valores específicos: comprimentos=[0.0, 0.0, 122.0], espacos=[0.0, 0.0]
2025-11-15 14:02:30 | debug_robo_cima | INFO | 
----------------------------------------
2025-11-15 14:02:30 | debug_robo_cima | INFO | 📌 VERIFICAÇÃO DE PILAR ESPECIAL ATIVO
2025-11-15 14:02:30 | debug_robo_cima | INFO | ----------------------------------------
2025-11-15 14:02:30 | debug_robo_cima | INFO | ℹ️ 🔄 Verificando se pilar especial está ativo...
2025-11-15 14:02:30 | debug_robo_cima | INFO | ℹ️ 🔄 Status do checkbox pilar_rotacionado_var: False
2025-11-15 14:02:30 | debug_robo_cima | INFO | ℹ️ 🔄 Status do checkbox pilar_especial_ativo_var: False
2025-11-15 14:02:30 | debug_robo_cima | INFO | ℹ️ Pilar especial INATIVO - pilar_rotacionado: False, pilar_especial: False, globais: False, tipo: ''
2025-11-15 14:02:30 | debug_robo_cima | WARNING | ⚠️ Pilar especial INATIVO (sem globais no gerador) - retornando valor original: -52
2025-11-15 14:02:30 | debug_robo_cima | INFO | 
----------------------------------------
2025-11-15 14:02:30 | debug_robo_cima | INFO | 📌 VERIFICAÇÃO DE PILAR ESPECIAL ATIVO
2025-11-15 14:02:30 | debug_robo_cima | INFO | ----------------------------------------
2025-11-15 14:02:30 | debug_robo_cima | INFO | ℹ️ 🔄 Verificando se pilar especial está ativo...
2025-11-15 14:02:30 | debug_robo_cima | INFO | ℹ️ 🔄 Status do checkbox pilar_rotacionado_var: False
2025-11-15 14:02:30 | debug_robo_cima | INFO | ℹ️ 🔄 Status do checkbox pilar_especial_ativo_var: False
2025-11-15 14:02:30 | debug_robo_cima | INFO | ℹ️ Pilar especial INATIVO - pilar_rotacionado: False, pilar_especial: False, globais: False, tipo: ''
2025-11-15 14:02:30 | debug_robo_cima | INFO | 
----------------------------------------
2025-11-15 14:02:30 | debug_robo_cima | INFO | 📌 DECISÃO DE COMANDO SCALE/ROTATE
2025-11-15 14:02:30 | debug_robo_cima | INFO | ----------------------------------------
2025-11-15 14:02:30 | debug_robo_cima | INFO | ℹ️ 🔄 Verificando qual comando usar (SCALE ou ROTATE)...
2025-11-15 14:02:30 | debug_robo_cima | INFO | ℹ️ 🔄 Status pilar_rotacionado = False, usar_scale = True
2025-11-15 14:02:30 | debug_robo_cima | INFO | ℹ️ ✅ Usando _SCALE
2025-11-15 14:02:30 | debug_robo_cima | INFO | ℹ️ 🔄 Verificando se é pilar especial: False
2025-11-15 14:02:30 | debug_robo_cima | INFO | ℹ️ ✅ Pilar normal - usando valores padrão no _SCALE
2025-11-15 14:02:30 | debug_robo_cima | INFO | ℹ️ ✅ Script gerado com sucesso!
2025-11-15 14:02:30 | debug_robo_cima | INFO | 🔄 Script gerado: Tamanho: 5303 caracteres
2025-11-15 14:02:30 | debug_robo_cima | INFO | 
============================================================
2025-11-15 14:02:30 | debug_robo_cima | INFO | 📋 FIM DA GERAÇÃO DE SCRIPT CIMA
2025-11-15 14:02:30 | debug_robo_cima | INFO | ============================================================
2025-11-15 14:02:30 | debug_robo_cima | INFO | ℹ️ 🔄 Instância do GeradorPilar registrada globalmente
2025-11-15 14:02:30 | debug_robo_cima | INFO | ℹ️ 🔄 Globais do pilar especial inicializadas
2025-11-15 14:02:30 | debug_robo_cima | INFO | 
============================================================
2025-11-15 14:02:30 | debug_robo_cima | INFO | 📋 GERAÇÃO DE SCRIPT CIMA
2025-11-15 14:02:30 | debug_robo_cima | INFO | ============================================================
2025-11-15 14:02:30 | debug_robo_cima | INFO | ℹ️ 🔄 === INÍCIO DO gerar_script() ===
2025-11-15 14:02:30 | debug_robo_cima | INFO | ℹ️ 🔄 Estado inicial das globais: ID=1455149857664, len=0
2025-11-15 14:02:30 | debug_robo_cima | WARNING | ⚠️ _globais_pilar_especial está vazio ou None!
2025-11-15 14:02:30 | debug_robo_cima | INFO | ℹ️ 🔄 Status pilar_rotacionado no inicio: False
2025-11-15 14:02:30 | debug_robo_cima | INFO | ℹ️ 🔄 Prestes a chamar _verificar_pilar_especial_ativo()...
2025-11-15 14:02:30 | debug_robo_cima | INFO | ℹ️ 🔄 Estado das globais ANTES da verificação: False
2025-11-15 14:02:30 | debug_robo_cima | INFO | 
----------------------------------------
2025-11-15 14:02:30 | debug_robo_cima | INFO | 📌 VERIFICAÇÃO DE PILAR ESPECIAL ATIVO
2025-11-15 14:02:30 | debug_robo_cima | INFO | ----------------------------------------
2025-11-15 14:02:30 | debug_robo_cima | INFO | ℹ️ 🔄 Verificando se pilar especial está ativo...
2025-11-15 14:02:30 | debug_robo_cima | INFO | ℹ️ 🔄 Status do checkbox pilar_rotacionado_var: False
2025-11-15 14:02:30 | debug_robo_cima | INFO | ℹ️ 🔄 Status do checkbox pilar_especial_ativo_var: False
2025-11-15 14:02:30 | debug_robo_cima | INFO | ℹ️ Pilar especial INATIVO - pilar_rotacionado: False, pilar_especial: False, globais: False, tipo: ''
2025-11-15 14:02:30 | debug_robo_cima | INFO | ℹ️ 🔄 Resultado da verificação: False
2025-11-15 14:02:30 | debug_robo_cima | INFO | ℹ️ 🔄 Estado das globais APÓS a verificação: False
2025-11-15 14:02:30 | debug_robo_cima | INFO | ℹ️ 🔄 Pilar especial ativo: False
2025-11-15 14:02:30 | debug_robo_cima | INFO | 
----------------------------------------
2025-11-15 14:02:30 | debug_robo_cima | INFO | 📌 APLICAÇÃO DE ALTERAÇÕES PILAR ESPECIAL - PAI.B
2025-11-15 14:02:30 | debug_robo_cima | INFO | ----------------------------------------
2025-11-15 14:02:30 | debug_robo_cima | INFO | ℹ️ 🔄 Aplicando alterações do pilar especial para PAI.B...
2025-11-15 14:02:30 | debug_robo_cima | WARNING | ⚠️ Pilar especial INATIVO (sem globais no gerador) - retornando valor original: -51
2025-11-15 14:02:30 | debug_robo_cima | WARNING | ⚠️ Pilar especial INATIVO (sem globais no gerador) - retornando valor original: 90.0
2025-11-15 14:02:30 | debug_robo_cima | WARNING | ⚠️ Pilar especial INATIVO (sem globais no gerador) - retornando valor original: 162.0
2025-11-15 14:02:30 | debug_robo_cima | INFO | ℹ️ 🔄 PAI.B - Posição X: -51 -> -51
2025-11-15 14:02:30 | debug_robo_cima | INFO | ℹ️ 🔄 PAI.B - Posição Y: 90.0 -> 90.0
2025-11-15 14:02:30 | debug_robo_cima | INFO | ℹ️ 🔄 PAI.B - Comprimento: 162.0 -> 162.0
2025-11-15 14:02:30 | debug_robo_cima | WARNING | ⚠️ Pilar especial INATIVO (sem globais no gerador) - retornando valor original: -51
2025-11-15 14:02:30 | debug_robo_cima | WARNING | ⚠️ Pilar especial INATIVO (sem globais no gerador) - retornando valor original: 70
2025-11-15 14:02:30 | debug_robo_cima | WARNING | ⚠️ Pilar especial INATIVO (sem globais no gerador) - retornando valor original: 162.0
2025-11-15 14:02:30 | debug_robo_cima | INFO | ℹ️ [REFERENCIA-DINAMICA] Parede esquerda PAI.A FINAL REAL registrada: -51
2025-11-15 14:02:30 | debug_robo_cima | WARNING | ⚠️ Pilar especial INATIVO (sem globais no gerador) - retornando valor original: -71
2025-11-15 14:02:30 | debug_robo_cima | WARNING | ⚠️ Pilar especial INATIVO (sem globais no gerador) - retornando valor original: 202.0
2025-11-15 14:02:30 | debug_robo_cima | INFO | ℹ️ 🔧 METAL A - posX=-71, posY=58.6, comp=202.0, endX=131.0, largura=7
2025-11-15 14:02:30 | debug_robo_cima | WARNING | ⚠️ Pilar especial INATIVO (sem globais no gerador) - retornando valor original: -71
2025-11-15 14:02:30 | debug_robo_cima | WARNING | ⚠️ Pilar especial INATIVO (sem globais no gerador) - retornando valor original: 202.0
2025-11-15 14:02:30 | debug_robo_cima | INFO | ℹ️ 🔧 METAL B - posX=-71, posY=101.4, comp=202.0, endX=131.0, largura=7
2025-11-15 14:02:30 | debug_robo_cima | INFO | ℹ️ DEBUG: Valores lidos Grade A - grade1=75.0, grade2=75.0, grade3=0.0, dist1=12.0, dist2=0.0
2025-11-15 14:02:30 | debug_robo_cima | INFO | ℹ️ DEBUG: Condição Grade A - grade1 > 0: True, grade2 > 0: True, grade3 > 0: False
2025-11-15 14:02:30 | debug_robo_cima | INFO | ℹ️ DEBUG: Condição Grade A - grade1 > 0 or grade2 > 0 or grade3 > 0: True
2025-11-15 14:02:30 | debug_robo_cima | INFO | ℹ️ GRA.A usando valores específicos: comprimentos=[75.0, 75.0, 0.0], espacos=[12.0, 0.0]
2025-11-15 14:02:30 | debug_robo_cima | INFO | 
----------------------------------------
2025-11-15 14:02:30 | debug_robo_cima | INFO | 📌 VERIFICAÇÃO DE PILAR ESPECIAL ATIVO
2025-11-15 14:02:30 | debug_robo_cima | INFO | ----------------------------------------
2025-11-15 14:02:30 | debug_robo_cima | INFO | ℹ️ 🔄 Verificando se pilar especial está ativo...
2025-11-15 14:02:30 | debug_robo_cima | INFO | ℹ️ 🔄 Status do checkbox pilar_rotacionado_var: False
2025-11-15 14:02:30 | debug_robo_cima | INFO | ℹ️ 🔄 Status do checkbox pilar_especial_ativo_var: False
2025-11-15 14:02:30 | debug_robo_cima | INFO | ℹ️ Pilar especial INATIVO - pilar_rotacionado: False, pilar_especial: False, globais: False, tipo: ''
2025-11-15 14:02:30 | debug_robo_cima | INFO | 
----------------------------------------
2025-11-15 14:02:30 | debug_robo_cima | INFO | 📌 VERIFICAÇÃO DE PILAR ESPECIAL ATIVO
2025-11-15 14:02:30 | debug_robo_cima | INFO | ----------------------------------------
2025-11-15 14:02:30 | debug_robo_cima | INFO | ℹ️ 🔄 Verificando se pilar especial está ativo...
2025-11-15 14:02:30 | debug_robo_cima | INFO | ℹ️ 🔄 Status do checkbox pilar_rotacionado_var: False
2025-11-15 14:02:30 | debug_robo_cima | INFO | ℹ️ 🔄 Status do checkbox pilar_especial_ativo_var: False
2025-11-15 14:02:30 | debug_robo_cima | INFO | ℹ️ Pilar especial INATIVO - pilar_rotacionado: False, pilar_especial: False, globais: False, tipo: ''
2025-11-15 14:02:30 | debug_robo_cima | INFO | ℹ️ DEBUG: Valores lidos Grade B - grade1_grupo2=0.0, grade2_grupo2=75.0, grade3_grupo2=75.0, dist1_grupo2=0.0, dist2_grupo2=12.0
2025-11-15 14:02:30 | debug_robo_cima | INFO | ℹ️ DEBUG: Condição Grade B - grade1_grupo2 > 0: False, grade2_grupo2 > 0: True, grade3_grupo2 > 0: True
2025-11-15 14:02:30 | debug_robo_cima | INFO | ℹ️ DEBUG: Condição Grade B - grade1_grupo2 > 0 or grade2_grupo2 > 0 or grade3_grupo2 > 0: True
2025-11-15 14:02:30 | debug_robo_cima | INFO | ℹ️ GRA.B usando valores específicos: comprimentos=[0.0, 75.0, 75.0], espacos=[0.0, 12.0]
2025-11-15 14:02:30 | debug_robo_cima | INFO | 
----------------------------------------
2025-11-15 14:02:30 | debug_robo_cima | INFO | 📌 VERIFICAÇÃO DE PILAR ESPECIAL ATIVO
2025-11-15 14:02:30 | debug_robo_cima | INFO | ----------------------------------------
2025-11-15 14:02:30 | debug_robo_cima | INFO | ℹ️ 🔄 Verificando se pilar especial está ativo...
2025-11-15 14:02:30 | debug_robo_cima | INFO | ℹ️ 🔄 Status do checkbox pilar_rotacionado_var: False
2025-11-15 14:02:30 | debug_robo_cima | INFO | ℹ️ 🔄 Status do checkbox pilar_especial_ativo_var: False
2025-11-15 14:02:30 | debug_robo_cima | INFO | ℹ️ Pilar especial INATIVO - pilar_rotacionado: False, pilar_especial: False, globais: False, tipo: ''
2025-11-15 14:02:30 | debug_robo_cima | INFO | 
----------------------------------------
2025-11-15 14:02:30 | debug_robo_cima | INFO | 📌 VERIFICAÇÃO DE PILAR ESPECIAL ATIVO
2025-11-15 14:02:30 | debug_robo_cima | INFO | ----------------------------------------
2025-11-15 14:02:30 | debug_robo_cima | INFO | ℹ️ 🔄 Verificando se pilar especial está ativo...
2025-11-15 14:02:30 | debug_robo_cima | INFO | ℹ️ 🔄 Status do checkbox pilar_rotacionado_var: False
2025-11-15 14:02:30 | debug_robo_cima | INFO | ℹ️ 🔄 Status do checkbox pilar_especial_ativo_var: False
2025-11-15 14:02:30 | debug_robo_cima | INFO | ℹ️ Pilar especial INATIVO - pilar_rotacionado: False, pilar_especial: False, globais: False, tipo: ''
2025-11-15 14:02:30 | debug_robo_cima | WARNING | ⚠️ Pilar especial INATIVO (sem globais no gerador) - retornando valor original: -52
2025-11-15 14:02:30 | debug_robo_cima | INFO | 
----------------------------------------
2025-11-15 14:02:30 | debug_robo_cima | INFO | 📌 VERIFICAÇÃO DE PILAR ESPECIAL ATIVO
2025-11-15 14:02:30 | debug_robo_cima | INFO | ----------------------------------------
2025-11-15 14:02:30 | debug_robo_cima | INFO | ℹ️ 🔄 Verificando se pilar especial está ativo...
2025-11-15 14:02:30 | debug_robo_cima | INFO | ℹ️ 🔄 Status do checkbox pilar_rotacionado_var: False
2025-11-15 14:02:30 | debug_robo_cima | INFO | ℹ️ 🔄 Status do checkbox pilar_especial_ativo_var: False
2025-11-15 14:02:30 | debug_robo_cima | INFO | ℹ️ Pilar especial INATIVO - pilar_rotacionado: False, pilar_especial: False, globais: False, tipo: ''
2025-11-15 14:02:30 | debug_robo_cima | INFO | 
----------------------------------------
2025-11-15 14:02:30 | debug_robo_cima | INFO | 📌 DECISÃO DE COMANDO SCALE/ROTATE
2025-11-15 14:02:30 | debug_robo_cima | INFO | ----------------------------------------
2025-11-15 14:02:30 | debug_robo_cima | INFO | ℹ️ 🔄 Verificando qual comando usar (SCALE ou ROTATE)...
2025-11-15 14:02:30 | debug_robo_cima | INFO | ℹ️ 🔄 Status pilar_rotacionado = False, usar_scale = True
2025-11-15 14:02:30 | debug_robo_cima | INFO | ℹ️ ✅ Usando _SCALE
2025-11-15 14:02:30 | debug_robo_cima | INFO | ℹ️ 🔄 Verificando se é pilar especial: False
2025-11-15 14:02:30 | debug_robo_cima | INFO | ℹ️ ✅ Pilar normal - usando valores padrão no _SCALE
2025-11-15 14:02:30 | debug_robo_cima | INFO | ℹ️ ✅ Script gerado com sucesso!
2025-11-15 14:02:30 | debug_robo_cima | INFO | 🔄 Script gerado: Tamanho: 5282 caracteres
2025-11-15 14:02:30 | debug_robo_cima | INFO | 
============================================================
2025-11-15 14:02:30 | debug_robo_cima | INFO | 📋 FIM DA GERAÇÃO DE SCRIPT CIMA
2025-11-15 14:02:30 | debug_robo_cima | INFO | ============================================================
2025-11-15 14:02:31 | debug_robo_cima | INFO | ℹ️ 🔄 Instância do GeradorPilar registrada globalmente
2025-11-15 14:02:31 | debug_robo_cima | INFO | ℹ️ 🔄 Globais do pilar especial inicializadas
2025-11-15 14:02:31 | debug_robo_cima | INFO | 
============================================================
2025-11-15 14:02:31 | debug_robo_cima | INFO | 📋 GERAÇÃO DE SCRIPT CIMA
2025-11-15 14:02:31 | debug_robo_cima | INFO | ============================================================
2025-11-15 14:02:31 | debug_robo_cima | INFO | ℹ️ 🔄 === INÍCIO DO gerar_script() ===
2025-11-15 14:02:31 | debug_robo_cima | INFO | ℹ️ 🔄 Estado inicial das globais: ID=1455149857664, len=0
2025-11-15 14:02:31 | debug_robo_cima | WARNING | ⚠️ _globais_pilar_especial está vazio ou None!
2025-11-15 14:02:31 | debug_robo_cima | INFO | ℹ️ 🔄 Status pilar_rotacionado no inicio: False
2025-11-15 14:02:31 | debug_robo_cima | INFO | ℹ️ 🔄 Prestes a chamar _verificar_pilar_especial_ativo()...
2025-11-15 14:02:31 | debug_robo_cima | INFO | ℹ️ 🔄 Estado das globais ANTES da verificação: False
2025-11-15 14:02:31 | debug_robo_cima | INFO | 
----------------------------------------
2025-11-15 14:02:31 | debug_robo_cima | INFO | 📌 VERIFICAÇÃO DE PILAR ESPECIAL ATIVO
2025-11-15 14:02:31 | debug_robo_cima | INFO | ----------------------------------------
2025-11-15 14:02:31 | debug_robo_cima | INFO | ℹ️ 🔄 Verificando se pilar especial está ativo...
2025-11-15 14:02:31 | debug_robo_cima | INFO | ℹ️ 🔄 Status do checkbox pilar_rotacionado_var: False
2025-11-15 14:02:31 | debug_robo_cima | INFO | ℹ️ 🔄 Status do checkbox pilar_especial_ativo_var: False
2025-11-15 14:02:31 | debug_robo_cima | INFO | ℹ️ Pilar especial INATIVO - pilar_rotacionado: False, pilar_especial: False, globais: False, tipo: ''
2025-11-15 14:02:31 | debug_robo_cima | INFO | ℹ️ 🔄 Resultado da verificação: False
2025-11-15 14:02:31 | debug_robo_cima | INFO | ℹ️ 🔄 Estado das globais APÓS a verificação: False
2025-11-15 14:02:31 | debug_robo_cima | INFO | ℹ️ 🔄 Pilar especial ativo: False
2025-11-15 14:02:31 | debug_robo_cima | INFO | 
----------------------------------------
2025-11-15 14:02:31 | debug_robo_cima | INFO | 📌 APLICAÇÃO DE ALTERAÇÕES PILAR ESPECIAL - PAI.B
2025-11-15 14:02:31 | debug_robo_cima | INFO | ----------------------------------------
2025-11-15 14:02:31 | debug_robo_cima | INFO | ℹ️ 🔄 Aplicando alterações do pilar especial para PAI.B...
2025-11-15 14:02:31 | debug_robo_cima | WARNING | ⚠️ Pilar especial INATIVO (sem globais no gerador) - retornando valor original: -51
2025-11-15 14:02:31 | debug_robo_cima | WARNING | ⚠️ Pilar especial INATIVO (sem globais no gerador) - retornando valor original: 90.0
2025-11-15 14:02:31 | debug_robo_cima | WARNING | ⚠️ Pilar especial INATIVO (sem globais no gerador) - retornando valor original: 272.0
2025-11-15 14:02:31 | debug_robo_cima | INFO | ℹ️ 🔄 PAI.B - Posição X: -51 -> -51
2025-11-15 14:02:31 | debug_robo_cima | INFO | ℹ️ 🔄 PAI.B - Posição Y: 90.0 -> 90.0
2025-11-15 14:02:31 | debug_robo_cima | INFO | ℹ️ 🔄 PAI.B - Comprimento: 272.0 -> 272.0
2025-11-15 14:02:31 | debug_robo_cima | WARNING | ⚠️ Pilar especial INATIVO (sem globais no gerador) - retornando valor original: -51
2025-11-15 14:02:31 | debug_robo_cima | WARNING | ⚠️ Pilar especial INATIVO (sem globais no gerador) - retornando valor original: 70
2025-11-15 14:02:31 | debug_robo_cima | WARNING | ⚠️ Pilar especial INATIVO (sem globais no gerador) - retornando valor original: 272.0
2025-11-15 14:02:31 | debug_robo_cima | INFO | ℹ️ [REFERENCIA-DINAMICA] Parede esquerda PAI.A FINAL REAL registrada: -51
2025-11-15 14:02:31 | debug_robo_cima | WARNING | ⚠️ Pilar especial INATIVO (sem globais no gerador) - retornando valor original: -71
2025-11-15 14:02:31 | debug_robo_cima | WARNING | ⚠️ Pilar especial INATIVO (sem globais no gerador) - retornando valor original: 312.0
2025-11-15 14:02:31 | debug_robo_cima | INFO | ℹ️ 🔧 METAL A - posX=-71, posY=56.4, comp=312.0, endX=241.0, largura=7
2025-11-15 14:02:31 | debug_robo_cima | WARNING | ⚠️ Pilar especial INATIVO (sem globais no gerador) - retornando valor original: -71
2025-11-15 14:02:31 | debug_robo_cima | WARNING | ⚠️ Pilar especial INATIVO (sem globais no gerador) - retornando valor original: 312.0
2025-11-15 14:02:31 | debug_robo_cima | INFO | ℹ️ 🔧 METAL B - posX=-71, posY=103.6, comp=312.0, endX=241.0, largura=7
2025-11-15 14:02:31 | debug_robo_cima | INFO | ℹ️ DEBUG: Valores lidos Grade A - grade1=85.0, grade2=85.0, grade3=85.0, dist1=8.5, dist2=8.5
2025-11-15 14:02:31 | debug_robo_cima | INFO | ℹ️ DEBUG: Condição Grade A - grade1 > 0: True, grade2 > 0: True, grade3 > 0: True
2025-11-15 14:02:31 | debug_robo_cima | INFO | ℹ️ DEBUG: Condição Grade A - grade1 > 0 or grade2 > 0 or grade3 > 0: True
2025-11-15 14:02:31 | debug_robo_cima | INFO | ℹ️ GRA.A usando valores específicos: comprimentos=[85.0, 85.0, 85.0], espacos=[8.5, 8.5]
2025-11-15 14:02:31 | debug_robo_cima | INFO | 
----------------------------------------
2025-11-15 14:02:31 | debug_robo_cima | INFO | 📌 VERIFICAÇÃO DE PILAR ESPECIAL ATIVO
2025-11-15 14:02:31 | debug_robo_cima | INFO | ----------------------------------------
2025-11-15 14:02:31 | debug_robo_cima | INFO | ℹ️ 🔄 Verificando se pilar especial está ativo...
2025-11-15 14:02:31 | debug_robo_cima | INFO | ℹ️ 🔄 Status do checkbox pilar_rotacionado_var: False
2025-11-15 14:02:31 | debug_robo_cima | INFO | ℹ️ 🔄 Status do checkbox pilar_especial_ativo_var: False
2025-11-15 14:02:31 | debug_robo_cima | INFO | ℹ️ Pilar especial INATIVO - pilar_rotacionado: False, pilar_especial: False, globais: False, tipo: ''
2025-11-15 14:02:31 | debug_robo_cima | INFO | 
----------------------------------------
2025-11-15 14:02:31 | debug_robo_cima | INFO | 📌 VERIFICAÇÃO DE PILAR ESPECIAL ATIVO
2025-11-15 14:02:31 | debug_robo_cima | INFO | ----------------------------------------
2025-11-15 14:02:31 | debug_robo_cima | INFO | ℹ️ 🔄 Verificando se pilar especial está ativo...
2025-11-15 14:02:31 | debug_robo_cima | INFO | ℹ️ 🔄 Status do checkbox pilar_rotacionado_var: False
2025-11-15 14:02:31 | debug_robo_cima | INFO | ℹ️ 🔄 Status do checkbox pilar_especial_ativo_var: False
2025-11-15 14:02:31 | debug_robo_cima | INFO | ℹ️ Pilar especial INATIVO - pilar_rotacionado: False, pilar_especial: False, globais: False, tipo: ''
2025-11-15 14:02:31 | debug_robo_cima | INFO | 
----------------------------------------
2025-11-15 14:02:31 | debug_robo_cima | INFO | 📌 VERIFICAÇÃO DE PILAR ESPECIAL ATIVO
2025-11-15 14:02:31 | debug_robo_cima | INFO | ----------------------------------------
2025-11-15 14:02:31 | debug_robo_cima | INFO | ℹ️ 🔄 Verificando se pilar especial está ativo...
2025-11-15 14:02:31 | debug_robo_cima | INFO | ℹ️ 🔄 Status do checkbox pilar_rotacionado_var: False
2025-11-15 14:02:31 | debug_robo_cima | INFO | ℹ️ 🔄 Status do checkbox pilar_especial_ativo_var: False
2025-11-15 14:02:31 | debug_robo_cima | INFO | ℹ️ Pilar especial INATIVO - pilar_rotacionado: False, pilar_especial: False, globais: False, tipo: ''
2025-11-15 14:02:31 | debug_robo_cima | INFO | ℹ️ DEBUG: Valores lidos Grade B - grade1_grupo2=85.0, grade2_grupo2=85.0, grade3_grupo2=85.0, dist1_grupo2=8.5, dist2_grupo2=8.5
2025-11-15 14:02:31 | debug_robo_cima | INFO | ℹ️ DEBUG: Condição Grade B - grade1_grupo2 > 0: True, grade2_grupo2 > 0: True, grade3_grupo2 > 0: True
2025-11-15 14:02:31 | debug_robo_cima | INFO | ℹ️ DEBUG: Condição Grade B - grade1_grupo2 > 0 or grade2_grupo2 > 0 or grade3_grupo2 > 0: True
2025-11-15 14:02:31 | debug_robo_cima | INFO | ℹ️ GRA.B usando valores específicos: comprimentos=[85.0, 85.0, 85.0], espacos=[8.5, 8.5]
2025-11-15 14:02:31 | debug_robo_cima | INFO | 
----------------------------------------
2025-11-15 14:02:31 | debug_robo_cima | INFO | 📌 VERIFICAÇÃO DE PILAR ESPECIAL ATIVO
2025-11-15 14:02:31 | debug_robo_cima | INFO | ----------------------------------------
2025-11-15 14:02:31 | debug_robo_cima | INFO | ℹ️ 🔄 Verificando se pilar especial está ativo...
2025-11-15 14:02:31 | debug_robo_cima | INFO | ℹ️ 🔄 Status do checkbox pilar_rotacionado_var: False
2025-11-15 14:02:31 | debug_robo_cima | INFO | ℹ️ 🔄 Status do checkbox pilar_especial_ativo_var: False
2025-11-15 14:02:31 | debug_robo_cima | INFO | ℹ️ Pilar especial INATIVO - pilar_rotacionado: False, pilar_especial: False, globais: False, tipo: ''
2025-11-15 14:02:31 | debug_robo_cima | INFO | 
----------------------------------------
2025-11-15 14:02:31 | debug_robo_cima | INFO | 📌 VERIFICAÇÃO DE PILAR ESPECIAL ATIVO
2025-11-15 14:02:31 | debug_robo_cima | INFO | ----------------------------------------
2025-11-15 14:02:31 | debug_robo_cima | INFO | ℹ️ 🔄 Verificando se pilar especial está ativo...
2025-11-15 14:02:31 | debug_robo_cima | INFO | ℹ️ 🔄 Status do checkbox pilar_rotacionado_var: False
2025-11-15 14:02:31 | debug_robo_cima | INFO | ℹ️ 🔄 Status do checkbox pilar_especial_ativo_var: False
2025-11-15 14:02:31 | debug_robo_cima | INFO | ℹ️ Pilar especial INATIVO - pilar_rotacionado: False, pilar_especial: False, globais: False, tipo: ''
2025-11-15 14:02:31 | debug_robo_cima | INFO | 
----------------------------------------
2025-11-15 14:02:31 | debug_robo_cima | INFO | 📌 VERIFICAÇÃO DE PILAR ESPECIAL ATIVO
2025-11-15 14:02:31 | debug_robo_cima | INFO | ----------------------------------------
2025-11-15 14:02:31 | debug_robo_cima | INFO | ℹ️ 🔄 Verificando se pilar especial está ativo...
2025-11-15 14:02:31 | debug_robo_cima | INFO | ℹ️ 🔄 Status do checkbox pilar_rotacionado_var: False
2025-11-15 14:02:31 | debug_robo_cima | INFO | ℹ️ 🔄 Status do checkbox pilar_especial_ativo_var: False
2025-11-15 14:02:31 | debug_robo_cima | INFO | ℹ️ Pilar especial INATIVO - pilar_rotacionado: False, pilar_especial: False, globais: False, tipo: ''
2025-11-15 14:02:31 | debug_robo_cima | WARNING | ⚠️ Pilar especial INATIVO (sem globais no gerador) - retornando valor original: -52
2025-11-15 14:02:31 | debug_robo_cima | INFO | 
----------------------------------------
2025-11-15 14:02:31 | debug_robo_cima | INFO | 📌 VERIFICAÇÃO DE PILAR ESPECIAL ATIVO
2025-11-15 14:02:31 | debug_robo_cima | INFO | ----------------------------------------
2025-11-15 14:02:31 | debug_robo_cima | INFO | ℹ️ 🔄 Verificando se pilar especial está ativo...
2025-11-15 14:02:31 | debug_robo_cima | INFO | ℹ️ 🔄 Status do checkbox pilar_rotacionado_var: False
2025-11-15 14:02:31 | debug_robo_cima | INFO | ℹ️ 🔄 Status do checkbox pilar_especial_ativo_var: False
2025-11-15 14:02:31 | debug_robo_cima | INFO | ℹ️ Pilar especial INATIVO - pilar_rotacionado: False, pilar_especial: False, globais: False, tipo: ''
2025-11-15 14:02:31 | debug_robo_cima | INFO | 
----------------------------------------
2025-11-15 14:02:31 | debug_robo_cima | INFO | 📌 DECISÃO DE COMANDO SCALE/ROTATE
2025-11-15 14:02:31 | debug_robo_cima | INFO | ----------------------------------------
2025-11-15 14:02:31 | debug_robo_cima | INFO | ℹ️ 🔄 Verificando qual comando usar (SCALE ou ROTATE)...
2025-11-15 14:02:31 | debug_robo_cima | INFO | ℹ️ 🔄 Status pilar_rotacionado = False, usar_scale = True
2025-11-15 14:02:31 | debug_robo_cima | INFO | ℹ️ ✅ Usando _SCALE
2025-11-15 14:02:31 | debug_robo_cima | INFO | ℹ️ 🔄 Verificando se é pilar especial: False
2025-11-15 14:02:31 | debug_robo_cima | INFO | ℹ️ ✅ Pilar normal - usando valores padrão no _SCALE
2025-11-15 14:02:31 | debug_robo_cima | INFO | ℹ️ ✅ Script gerado com sucesso!
2025-11-15 14:02:31 | debug_robo_cima | INFO | 🔄 Script gerado: Tamanho: 7806 caracteres
2025-11-15 14:02:31 | debug_robo_cima | INFO | 
============================================================
2025-11-15 14:02:31 | debug_robo_cima | INFO | 📋 FIM DA GERAÇÃO DE SCRIPT CIMA
2025-11-15 14:02:31 | debug_robo_cima | INFO | ============================================================
2025-11-15 14:02:32 | debug_robo_cima | INFO | ℹ️ 🔄 Instância do GeradorPilar registrada globalmente
2025-11-15 14:02:32 | debug_robo_cima | INFO | ℹ️ 🔄 Globais do pilar especial inicializadas
2025-11-15 14:02:32 | debug_robo_cima | INFO | 
============================================================
2025-11-15 14:02:32 | debug_robo_cima | INFO | 📋 GERAÇÃO DE SCRIPT CIMA
2025-11-15 14:02:32 | debug_robo_cima | INFO | ============================================================
2025-11-15 14:02:32 | debug_robo_cima | INFO | ℹ️ 🔄 === INÍCIO DO gerar_script() ===
2025-11-15 14:02:32 | debug_robo_cima | INFO | ℹ️ 🔄 Estado inicial das globais: ID=1455149857664, len=0
2025-11-15 14:02:32 | debug_robo_cima | WARNING | ⚠️ _globais_pilar_especial está vazio ou None!
2025-11-15 14:02:32 | debug_robo_cima | INFO | ℹ️ 🔄 Status pilar_rotacionado no inicio: False
2025-11-15 14:02:32 | debug_robo_cima | INFO | ℹ️ 🔄 Prestes a chamar _verificar_pilar_especial_ativo()...
2025-11-15 14:02:32 | debug_robo_cima | INFO | ℹ️ 🔄 Estado das globais ANTES da verificação: False
2025-11-15 14:02:32 | debug_robo_cima | INFO | 
----------------------------------------
2025-11-15 14:02:32 | debug_robo_cima | INFO | 📌 VERIFICAÇÃO DE PILAR ESPECIAL ATIVO
2025-11-15 14:02:32 | debug_robo_cima | INFO | ----------------------------------------
2025-11-15 14:02:32 | debug_robo_cima | INFO | ℹ️ 🔄 Verificando se pilar especial está ativo...
2025-11-15 14:02:32 | debug_robo_cima | INFO | ℹ️ 🔄 Status do checkbox pilar_rotacionado_var: False
2025-11-15 14:02:32 | debug_robo_cima | INFO | ℹ️ 🔄 Status do checkbox pilar_especial_ativo_var: False
2025-11-15 14:02:32 | debug_robo_cima | INFO | ℹ️ Pilar especial INATIVO - pilar_rotacionado: False, pilar_especial: False, globais: False, tipo: ''
2025-11-15 14:02:32 | debug_robo_cima | INFO | ℹ️ 🔄 Resultado da verificação: False
2025-11-15 14:02:32 | debug_robo_cima | INFO | ℹ️ 🔄 Estado das globais APÓS a verificação: False
2025-11-15 14:02:32 | debug_robo_cima | INFO | ℹ️ 🔄 Pilar especial ativo: False
2025-11-15 14:02:32 | debug_robo_cima | INFO | 
----------------------------------------
2025-11-15 14:02:32 | debug_robo_cima | INFO | 📌 APLICAÇÃO DE ALTERAÇÕES PILAR ESPECIAL - PAI.B
2025-11-15 14:02:32 | debug_robo_cima | INFO | ----------------------------------------
2025-11-15 14:02:32 | debug_robo_cima | INFO | ℹ️ 🔄 Aplicando alterações do pilar especial para PAI.B...
2025-11-15 14:02:32 | debug_robo_cima | WARNING | ⚠️ Pilar especial INATIVO (sem globais no gerador) - retornando valor original: -51
2025-11-15 14:02:32 | debug_robo_cima | WARNING | ⚠️ Pilar especial INATIVO (sem globais no gerador) - retornando valor original: 90.0
2025-11-15 14:02:32 | debug_robo_cima | WARNING | ⚠️ Pilar especial INATIVO (sem globais no gerador) - retornando valor original: 322.0
2025-11-15 14:02:32 | debug_robo_cima | INFO | ℹ️ 🔄 PAI.B - Posição X: -51 -> -51
2025-11-15 14:02:32 | debug_robo_cima | INFO | ℹ️ 🔄 PAI.B - Posição Y: 90.0 -> 90.0
2025-11-15 14:02:32 | debug_robo_cima | INFO | ℹ️ 🔄 PAI.B - Comprimento: 322.0 -> 322.0
2025-11-15 14:02:32 | debug_robo_cima | WARNING | ⚠️ Pilar especial INATIVO (sem globais no gerador) - retornando valor original: -51
2025-11-15 14:02:32 | debug_robo_cima | WARNING | ⚠️ Pilar especial INATIVO (sem globais no gerador) - retornando valor original: 70
2025-11-15 14:02:32 | debug_robo_cima | WARNING | ⚠️ Pilar especial INATIVO (sem globais no gerador) - retornando valor original: 322.0
2025-11-15 14:02:32 | debug_robo_cima | INFO | ℹ️ [REFERENCIA-DINAMICA] Parede esquerda PAI.A FINAL REAL registrada: -51
2025-11-15 14:02:32 | debug_robo_cima | WARNING | ⚠️ Pilar especial INATIVO (sem globais no gerador) - retornando valor original: -71
2025-11-15 14:02:32 | debug_robo_cima | WARNING | ⚠️ Pilar especial INATIVO (sem globais no gerador) - retornando valor original: 362.0
2025-11-15 14:02:32 | debug_robo_cima | INFO | ℹ️ 🔧 METAL A - posX=-71, posY=56.4, comp=362.0, endX=291.0, largura=7
2025-11-15 14:02:32 | debug_robo_cima | WARNING | ⚠️ Pilar especial INATIVO (sem globais no gerador) - retornando valor original: -71
2025-11-15 14:02:32 | debug_robo_cima | WARNING | ⚠️ Pilar especial INATIVO (sem globais no gerador) - retornando valor original: 362.0
2025-11-15 14:02:32 | debug_robo_cima | INFO | ℹ️ 🔧 METAL B - posX=-71, posY=103.6, comp=362.0, endX=291.0, largura=7
2025-11-15 14:02:32 | debug_robo_cima | INFO | ℹ️ DEBUG: Valores lidos Grade A - grade1=100.0, grade2=100.0, grade3=100.0, dist1=11.0, dist2=11.0
2025-11-15 14:02:32 | debug_robo_cima | INFO | ℹ️ DEBUG: Condição Grade A - grade1 > 0: True, grade2 > 0: True, grade3 > 0: True
2025-11-15 14:02:32 | debug_robo_cima | INFO | ℹ️ DEBUG: Condição Grade A - grade1 > 0 or grade2 > 0 or grade3 > 0: True
2025-11-15 14:02:32 | debug_robo_cima | INFO | ℹ️ GRA.A usando valores específicos: comprimentos=[100.0, 100.0, 100.0], espacos=[11.0, 11.0]
2025-11-15 14:02:32 | debug_robo_cima | INFO | 
----------------------------------------
2025-11-15 14:02:32 | debug_robo_cima | INFO | 📌 VERIFICAÇÃO DE PILAR ESPECIAL ATIVO
2025-11-15 14:02:32 | debug_robo_cima | INFO | ----------------------------------------
2025-11-15 14:02:32 | debug_robo_cima | INFO | ℹ️ 🔄 Verificando se pilar especial está ativo...
2025-11-15 14:02:32 | debug_robo_cima | INFO | ℹ️ 🔄 Status do checkbox pilar_rotacionado_var: False
2025-11-15 14:02:32 | debug_robo_cima | INFO | ℹ️ 🔄 Status do checkbox pilar_especial_ativo_var: False
2025-11-15 14:02:32 | debug_robo_cima | INFO | ℹ️ Pilar especial INATIVO - pilar_rotacionado: False, pilar_especial: False, globais: False, tipo: ''
2025-11-15 14:02:32 | debug_robo_cima | INFO | 
----------------------------------------
2025-11-15 14:02:32 | debug_robo_cima | INFO | 📌 VERIFICAÇÃO DE PILAR ESPECIAL ATIVO
2025-11-15 14:02:32 | debug_robo_cima | INFO | ----------------------------------------
2025-11-15 14:02:32 | debug_robo_cima | INFO | ℹ️ 🔄 Verificando se pilar especial está ativo...
2025-11-15 14:02:32 | debug_robo_cima | INFO | ℹ️ 🔄 Status do checkbox pilar_rotacionado_var: False
2025-11-15 14:02:32 | debug_robo_cima | INFO | ℹ️ 🔄 Status do checkbox pilar_especial_ativo_var: False
2025-11-15 14:02:32 | debug_robo_cima | INFO | ℹ️ Pilar especial INATIVO - pilar_rotacionado: False, pilar_especial: False, globais: False, tipo: ''
2025-11-15 14:02:32 | debug_robo_cima | INFO | 
----------------------------------------
2025-11-15 14:02:32 | debug_robo_cima | INFO | 📌 VERIFICAÇÃO DE PILAR ESPECIAL ATIVO
2025-11-15 14:02:32 | debug_robo_cima | INFO | ----------------------------------------
2025-11-15 14:02:32 | debug_robo_cima | INFO | ℹ️ 🔄 Verificando se pilar especial está ativo...
2025-11-15 14:02:32 | debug_robo_cima | INFO | ℹ️ 🔄 Status do checkbox pilar_rotacionado_var: False
2025-11-15 14:02:32 | debug_robo_cima | INFO | ℹ️ 🔄 Status do checkbox pilar_especial_ativo_var: False
2025-11-15 14:02:32 | debug_robo_cima | INFO | ℹ️ Pilar especial INATIVO - pilar_rotacionado: False, pilar_especial: False, globais: False, tipo: ''
2025-11-15 14:02:32 | debug_robo_cima | INFO | ℹ️ DEBUG: Valores lidos Grade B - grade1_grupo2=100.0, grade2_grupo2=100.0, grade3_grupo2=100.0, dist1_grupo2=11.0, dist2_grupo2=11.0
2025-11-15 14:02:32 | debug_robo_cima | INFO | ℹ️ DEBUG: Condição Grade B - grade1_grupo2 > 0: True, grade2_grupo2 > 0: True, grade3_grupo2 > 0: True
2025-11-15 14:02:32 | debug_robo_cima | INFO | ℹ️ DEBUG: Condição Grade B - grade1_grupo2 > 0 or grade2_grupo2 > 0 or grade3_grupo2 > 0: True
2025-11-15 14:02:32 | debug_robo_cima | INFO | ℹ️ GRA.B usando valores específicos: comprimentos=[100.0, 100.0, 100.0], espacos=[11.0, 11.0]
2025-11-15 14:02:32 | debug_robo_cima | INFO | 
----------------------------------------
2025-11-15 14:02:32 | debug_robo_cima | INFO | 📌 VERIFICAÇÃO DE PILAR ESPECIAL ATIVO
2025-11-15 14:02:32 | debug_robo_cima | INFO | ----------------------------------------
2025-11-15 14:02:32 | debug_robo_cima | INFO | ℹ️ 🔄 Verificando se pilar especial está ativo...
2025-11-15 14:02:32 | debug_robo_cima | INFO | ℹ️ 🔄 Status do checkbox pilar_rotacionado_var: False
2025-11-15 14:02:32 | debug_robo_cima | INFO | ℹ️ 🔄 Status do checkbox pilar_especial_ativo_var: False
2025-11-15 14:02:32 | debug_robo_cima | INFO | ℹ️ Pilar especial INATIVO - pilar_rotacionado: False, pilar_especial: False, globais: False, tipo: ''
2025-11-15 14:02:32 | debug_robo_cima | INFO | 
----------------------------------------
2025-11-15 14:02:32 | debug_robo_cima | INFO | 📌 VERIFICAÇÃO DE PILAR ESPECIAL ATIVO
2025-11-15 14:02:32 | debug_robo_cima | INFO | ----------------------------------------
2025-11-15 14:02:32 | debug_robo_cima | INFO | ℹ️ 🔄 Verificando se pilar especial está ativo...
2025-11-15 14:02:32 | debug_robo_cima | INFO | ℹ️ 🔄 Status do checkbox pilar_rotacionado_var: False
2025-11-15 14:02:32 | debug_robo_cima | INFO | ℹ️ 🔄 Status do checkbox pilar_especial_ativo_var: False
2025-11-15 14:02:32 | debug_robo_cima | INFO | ℹ️ Pilar especial INATIVO - pilar_rotacionado: False, pilar_especial: False, globais: False, tipo: ''
2025-11-15 14:02:32 | debug_robo_cima | INFO | 
----------------------------------------
2025-11-15 14:02:32 | debug_robo_cima | INFO | 📌 VERIFICAÇÃO DE PILAR ESPECIAL ATIVO
2025-11-15 14:02:32 | debug_robo_cima | INFO | ----------------------------------------
2025-11-15 14:02:32 | debug_robo_cima | INFO | ℹ️ 🔄 Verificando se pilar especial está ativo...
2025-11-15 14:02:32 | debug_robo_cima | INFO | ℹ️ 🔄 Status do checkbox pilar_rotacionado_var: False
2025-11-15 14:02:32 | debug_robo_cima | INFO | ℹ️ 🔄 Status do checkbox pilar_especial_ativo_var: False
2025-11-15 14:02:32 | debug_robo_cima | INFO | ℹ️ Pilar especial INATIVO - pilar_rotacionado: False, pilar_especial: False, globais: False, tipo: ''
2025-11-15 14:02:32 | debug_robo_cima | WARNING | ⚠️ Pilar especial INATIVO (sem globais no gerador) - retornando valor original: -52
2025-11-15 14:02:32 | debug_robo_cima | INFO | 
----------------------------------------
2025-11-15 14:02:32 | debug_robo_cima | INFO | 📌 VERIFICAÇÃO DE PILAR ESPECIAL ATIVO
2025-11-15 14:02:32 | debug_robo_cima | INFO | ----------------------------------------
2025-11-15 14:02:32 | debug_robo_cima | INFO | ℹ️ 🔄 Verificando se pilar especial está ativo...
2025-11-15 14:02:32 | debug_robo_cima | INFO | ℹ️ 🔄 Status do checkbox pilar_rotacionado_var: False
2025-11-15 14:02:32 | debug_robo_cima | INFO | ℹ️ 🔄 Status do checkbox pilar_especial_ativo_var: False
2025-11-15 14:02:32 | debug_robo_cima | INFO | ℹ️ Pilar especial INATIVO - pilar_rotacionado: False, pilar_especial: False, globais: False, tipo: ''
2025-11-15 14:02:32 | debug_robo_cima | INFO | 
----------------------------------------
2025-11-15 14:02:32 | debug_robo_cima | INFO | 📌 DECISÃO DE COMANDO SCALE/ROTATE
2025-11-15 14:02:32 | debug_robo_cima | INFO | ----------------------------------------
2025-11-15 14:02:32 | debug_robo_cima | INFO | ℹ️ 🔄 Verificando qual comando usar (SCALE ou ROTATE)...
2025-11-15 14:02:32 | debug_robo_cima | INFO | ℹ️ 🔄 Status pilar_rotacionado = False, usar_scale = True
2025-11-15 14:02:32 | debug_robo_cima | INFO | ℹ️ ✅ Usando _SCALE
2025-11-15 14:02:32 | debug_robo_cima | INFO | ℹ️ 🔄 Verificando se é pilar especial: False
2025-11-15 14:02:32 | debug_robo_cima | INFO | ℹ️ ✅ Pilar normal - usando valores padrão no _SCALE
2025-11-15 14:02:32 | debug_robo_cima | INFO | ℹ️ ✅ Script gerado com sucesso!
2025-11-15 14:02:32 | debug_robo_cima | INFO | 🔄 Script gerado: Tamanho: 8933 caracteres
2025-11-15 14:02:32 | debug_robo_cima | INFO | 
============================================================
2025-11-15 14:02:32 | debug_robo_cima | INFO | 📋 FIM DA GERAÇÃO DE SCRIPT CIMA
2025-11-15 14:02:32 | debug_robo_cima | INFO | ============================================================
