2025-09-13 12:27:46 | debug_robo_cima | INFO | Iniciando logs de depuração para robo_cima
2025-09-13 12:27:46 | debug_robo_cima | INFO | Arquivo de log: logs\depuracao\robo_cima_20250913_122746.log
2025-09-13 12:27:46 | debug_robo_cima | INFO | Captura do console ativada para robo_cima
2025-09-13 12:27:46 | debug_robo_cima | INFO | [CONSOLE] Importação realizada com sucesso!
2025-09-13 12:27:46 | debug_robo_cima | INFO | [CONSOLE] >>> 🎯 TRANSFERÊNCIA DIRETA - SEM MAPEAMENTO
2025-09-13 12:27:46 | debug_robo_cima | INFO | [CONSOLE] >>> Enviando interface principal diretamente para o robô
2025-09-13 12:27:46 | debug_robo_cima | INFO | [CONSOLE] [TRANSFERENCIA] Parafusos A coletados: [0, 0, 0, 0, 0, 0, 0, 0, 0]
2025-09-13 12:27:46 | debug_robo_cima | INFO | [CONSOLE] [TRANSFERENCIA] Parafusos E coletados: [0, 0, 0, 0, 0, 0, 0, 0]
2025-09-13 12:27:46 | debug_robo_cima | INFO | [CONSOLE] >>> Executando nova função sem Excel...
2025-09-13 12:27:46 | debug_robo_cima | INFO | [CONSOLE] >>> Dados preparados: {'interface_principal': <utils.funcoes_auxiliares_2.PilarAnalyzer object .>, 'pavimento': 'TESTE1', 'nome': 'P1TESTE', 'comprimento': '200', 'largura': '22', 'parafuso_p1_p2': '56', 'parafuso_p2_p3': '56', 'parafuso_p3_p4': '56', 'parafuso_p4_p5': '56', 'parafuso_p5_p6': '0', 'parafuso_p6_p7': '0', 'parafuso_p7_p8': '0', 'parafuso_p8_p9': '0', 'grades_grupo1': {'grade_1': '105', 'distancia_1': '12', 'grade_2': '105', 'distancia_2': '', 'grade_3': ''}, 'detalhes_grades': {'detalhe_grade1_1': '27', 'detalhe_grade1_2': '26', 'detalhe_grade1_3': '26', 'detalhe_grade1_4': '26', 'detalhe_grade1_5': '0', 'detalhe_grade2_1': '27', 'detalhe_grade2_2': '26', 'detalhe_grade2_3': '26', 'detalhe_grade2_4': '26', 'detalhe_grade2_5': '0', 'detalhe_grade3_1': '', 'detalhe_grade3_2': '', 'detalhe_grade3_3': '', 'detalhe_grade3_4': '', 'detalhe_grade3_5': ''}, 'grades_grupo2': {'grade_1_grupo2': '105', 'distancia_1_grupo2': '12', 'grade_2_grupo2': '105', 'distancia_2_grupo2': '', 'grade_3_grupo2': ''}, 'detalhes_grades_grupo2': {'detalhe_grade1_1_grupo2': '27', 'detalhe_grade1_2_grupo2': '26', 'detalhe_grade1_3_grupo2': '26', 'detalhe_grade1_4_grupo2': '26', 'detalhe_grade1_5_grupo2': '0', 'detalhe_grade2_1_grupo2': '27', 'detalhe_grade2_2_grupo2': '26', 'detalhe_grade2_3_grupo2': '26', 'detalhe_grade2_4_grupo2': '26', 'detalhe_grade2_5_grupo2': '0', 'detalhe_grade3_1_grupo2': '', 'detalhe_grade3_2_grupo2': '', 'detalhe_grade3_3_grupo2': '', 'detalhe_grade3_4_grupo2': '', 'detalhe_grade3_5_grupo2': ''}, 'pilar_especial': {'ativar_pilar_especial': True, 'tipo_pilar_especial': 'L', 'modo_calculo': 'NOVA', 'comprimentos': {'comp_1': '100', 'comp_2': '100', 'comp_3': ''}, 'larguras': {'larg_1': '20', 'larg_2': '10', 'larg_3': ''}, 'distancia': '', 'grades': {'grade_a_1': '60.0', 'grade_a_2': '60.0', 'grade_a_3': '0', 'dist_a_1': '2.4', 'dist_a_2': '0', 'grade_b_1': '99.0', 'grade_b_2': '0', 'grade_b_3': '0', 'dist_b_1': '0', 'dist_b_2': '0', 'grade_e_1': '111.0', 'grade_e_2': '0', 'grade_e_3': '0', 'dist_e_1': '0', 'dist_e_2': '0', 'grade_f_1': '72.6', 'grade_f_2': '0', 'grade_f_3': '0', 'dist_f_1': '0', 'dist_f_2': '0', 'grade_g_1': '0', 'grade_g_2': '0', 'grade_g_3': '0', 'dist_g_1': '0', 'dist_g_2': '0', 'grade_h_1': '0', 'grade_h_2': '0', 'grade_h_3': '0', 'dist_h_1': '0', 'dist_h_2': '0'}, 'detalhes_grades_especiais': {'detalhe_a_1_1': '30', 'detalhe_a_1_2': '30', 'detalhe_a_1_3': '0', 'detalhe_a_1_4': '0', 'detalhe_a_1_5': '0', 'detalhe_a_2_1': '30', 'detalhe_a_2_2': '30', 'detalhe_a_2_3': '0', 'detalhe_a_2_4': '0', 'detalhe_a_2_5': '0', 'detalhe_a_3_1': '0', 'detalhe_a_3_2': '0', 'detalhe_a_3_3': '0', 'detalhe_a_3_4': '0', 'detalhe_a_3_5': '0', 'detalhe_b_1_1': '25', 'detalhe_b_1_2': '25', 'detalhe_b_1_3': '25', 'detalhe_b_1_4': '24', 'detalhe_b_1_5': '0', 'detalhe_b_2_1': '0', 'detalhe_b_2_2': '0', 'detalhe_b_2_3': '0', 'detalhe_b_2_4': '0', 'detalhe_b_2_5': '0', 'detalhe_b_3_1': '0', 'detalhe_b_3_2': '0', 'detalhe_b_3_3': '0', 'detalhe_b_3_4': '0', 'detalhe_b_3_5': '0', 'detalhe_e_1_1': '28', 'detalhe_e_1_2': '28', 'detalhe_e_1_3': '28', 'detalhe_e_1_4': '27', 'detalhe_e_1_5': '0', 'detalhe_e_2_1': '0', 'detalhe_e_2_2': '0', 'detalhe_e_2_3': '0', 'detalhe_e_2_4': '0', 'detalhe_e_2_5': '0', 'detalhe_e_3_1': '0', 'detalhe_e_3_2': '0', 'detalhe_e_3_3': '0', 'detalhe_e_3_4': '0', 'detalhe_e_3_5': '0', 'detalhe_f_1_1': '24', 'detalhe_f_1_2': '24.599999999999994', 'detalhe_f_1_3': '24', 'detalhe_f_1_4': '0', 'detalhe_f_1_5': '0', 'detalhe_f_2_1': '0', 'detalhe_f_2_2': '0', 'detalhe_f_2_3': '0', 'detalhe_f_2_4': '0', 'detalhe_f_2_5': '0', 'detalhe_f_3_1': '0', 'detalhe_f_3_2': '0', 'detalhe_f_3_3': '0', 'detalhe_f_3_4': '0', 'detalhe_f_3_5': '0', 'detalhe_g_1_1': '0', 'detalhe_g_1_2': '0', 'detalhe_g_1_3': '0', 'detalhe_g_1_4': '0', 'detalhe_g_1_5': '0', 'detalhe_g_2_1': '0', 'detalhe_g_2_2': '0', 'detalhe_g_2_3': '0', 'detalhe_g_2_4': '0', 'detalhe_g_2_5': '0', 'detalhe_g_3_1': '0', 'detalhe_g_3_2': '0', 'detalhe_g_3_3': '0', 'detalhe_g_3_4': '0', 'detalhe_g_3_5': '0', 'detalhe_h_1_1': '0', 'detalhe_h_1_2': '0', 'detalhe_h_1_3': '0', 'detalhe_h_1_4': '0', 'detalhe_h_1_5': '0', 'detalhe_h_2_1': '0', 'detalhe_h_2_2': '0', 'detalhe_h_2_3': '0', 'detalhe_h_2_4': '0', 'detalhe_h_2_5': '0', 'detalhe_h_3_1': '0', 'detalhe_h_3_2': '0', 'detalhe_h_3_3': '0', 'detalhe_h_3_4': '0', 'detalhe_h_3_5': '0'}, 'parafusos': {'par_ab': {}, 'par_ef': {}, 'par_gh': {}, 'par_gfh': {}}, 'parafusos_especiais': {'par_a': {'par_a_1': '38', 'par_a_2': '', 'par_a_3': '', 'par_a_4': '', 'par_a_5': '', 'par_a_6': '', 'par_a_7': '', 'par_a_8': '', 'par_a_9': ''}, 'par_b': {'par_b_1': '38', 'par_b_2': '', 'par_b_3': '', 'par_b_4': '', 'par_b_5': '', 'par_b_6': '', 'par_b_7': '', 'par_b_8': '', 'par_b_9': ''}, 'par_e': {'par_e_1': '73', 'par_e_2': '39', 'par_e_3': '', 'par_e_4': '', 'par_e_5': '', 'par_e_6': '', 'par_e_7': '', 'par_e_8': '', 'par_e_9': ''}, 'par_f': {'par_f_1': '35', 'par_f_2': '39', 'par_f_3': '', 'par_f_4': '', 'par_f_5': '', 'par_f_6': '', 'par_f_7': '', 'par_f_8': '', 'par_f_9': ''}, 'par_g': {'par_g_1': '', 'par_g_2': '', 'par_g_3': '', 'par_g_4': '', 'par_g_5': '', 'par_g_6': '', 'par_g_7': '', 'par_g_8': '', 'par_g_9': ''}, 'par_h': {'par_h_1': '', 'par_h_2': '', 'par_h_3': '', 'par_h_4': '', 'par_h_5': '', 'par_h_6': '', 'par_h_7': '', 'par_h_8': '', 'par_h_9': ''}}}, 'ativar_pilar_especial': True, 'tipo_pilar_especial': 'L', 'comp_1': '100', 'comp_2': '100', 'comp_3': '', 'larg_1': '20', 'larg_2': '10', 'larg_3': '', 'parafusos_especiais': {'parafusos_a': [0, 0, 0, 0, 0, 0, 0, 0, 0], 'parafusos_e': [0, 0, 0, 0, 0, 0, 0, 0]}}
2025-09-13 12:27:46 | debug_robo_cima | INFO | [CONSOLE] [CIMA_SCRIPT] ===== INÍCIO DA FUNÇÃO preencher_campos_diretamente_e_gerar_scripts =====
2025-09-13 12:27:46 | debug_robo_cima | INFO | [CONSOLE] [CIMA_SCRIPT] Timestamp: 1757777266.1905184
2025-09-13 12:27:46 | debug_robo_cima | INFO | [CONSOLE] [CIMA_SCRIPT] PID: 9272
2025-09-13 12:27:46 | debug_robo_cima | INFO | [CONSOLE] [CIMA_SCRIPT] Dados recebidos: {'interface_principal': <utils.funcoes_auxiliares_2.PilarAnalyzer object .>, 'pavimento': 'TESTE1', 'nome': 'P1TESTE', 'comprimento': '200', 'largura': '22', 'parafuso_p1_p2': '56', 'parafuso_p2_p3': '56', 'parafuso_p3_p4': '56', 'parafuso_p4_p5': '56', 'parafuso_p5_p6': '0', 'parafuso_p6_p7': '0', 'parafuso_p7_p8': '0', 'parafuso_p8_p9': '0', 'grades_grupo1': {'grade_1': '105', 'distancia_1': '12', 'grade_2': '105', 'distancia_2': '', 'grade_3': ''}, 'detalhes_grades': {'detalhe_grade1_1': '27', 'detalhe_grade1_2': '26', 'detalhe_grade1_3': '26', 'detalhe_grade1_4': '26', 'detalhe_grade1_5': '0', 'detalhe_grade2_1': '27', 'detalhe_grade2_2': '26', 'detalhe_grade2_3': '26', 'detalhe_grade2_4': '26', 'detalhe_grade2_5': '0', 'detalhe_grade3_1': '', 'detalhe_grade3_2': '', 'detalhe_grade3_3': '', 'detalhe_grade3_4': '', 'detalhe_grade3_5': ''}, 'grades_grupo2': {'grade_1_grupo2': '105', 'distancia_1_grupo2': '12', 'grade_2_grupo2': '105', 'distancia_2_grupo2': '', 'grade_3_grupo2': ''}, 'detalhes_grades_grupo2': {'detalhe_grade1_1_grupo2': '27', 'detalhe_grade1_2_grupo2': '26', 'detalhe_grade1_3_grupo2': '26', 'detalhe_grade1_4_grupo2': '26', 'detalhe_grade1_5_grupo2': '0', 'detalhe_grade2_1_grupo2': '27', 'detalhe_grade2_2_grupo2': '26', 'detalhe_grade2_3_grupo2': '26', 'detalhe_grade2_4_grupo2': '26', 'detalhe_grade2_5_grupo2': '0', 'detalhe_grade3_1_grupo2': '', 'detalhe_grade3_2_grupo2': '', 'detalhe_grade3_3_grupo2': '', 'detalhe_grade3_4_grupo2': '', 'detalhe_grade3_5_grupo2': ''}, 'pilar_especial': {'ativar_pilar_especial': True, 'tipo_pilar_especial': 'L', 'modo_calculo': 'NOVA', 'comprimentos': {'comp_1': '100', 'comp_2': '100', 'comp_3': ''}, 'larguras': {'larg_1': '20', 'larg_2': '10', 'larg_3': ''}, 'distancia': '', 'grades': {'grade_a_1': '60.0', 'grade_a_2': '60.0', 'grade_a_3': '0', 'dist_a_1': '2.4', 'dist_a_2': '0', 'grade_b_1': '99.0', 'grade_b_2': '0', 'grade_b_3': '0', 'dist_b_1': '0', 'dist_b_2': '0', 'grade_e_1': '111.0', 'grade_e_2': '0', 'grade_e_3': '0', 'dist_e_1': '0', 'dist_e_2': '0', 'grade_f_1': '72.6', 'grade_f_2': '0', 'grade_f_3': '0', 'dist_f_1': '0', 'dist_f_2': '0', 'grade_g_1': '0', 'grade_g_2': '0', 'grade_g_3': '0', 'dist_g_1': '0', 'dist_g_2': '0', 'grade_h_1': '0', 'grade_h_2': '0', 'grade_h_3': '0', 'dist_h_1': '0', 'dist_h_2': '0'}, 'detalhes_grades_especiais': {'detalhe_a_1_1': '30', 'detalhe_a_1_2': '30', 'detalhe_a_1_3': '0', 'detalhe_a_1_4': '0', 'detalhe_a_1_5': '0', 'detalhe_a_2_1': '30', 'detalhe_a_2_2': '30', 'detalhe_a_2_3': '0', 'detalhe_a_2_4': '0', 'detalhe_a_2_5': '0', 'detalhe_a_3_1': '0', 'detalhe_a_3_2': '0', 'detalhe_a_3_3': '0', 'detalhe_a_3_4': '0', 'detalhe_a_3_5': '0', 'detalhe_b_1_1': '25', 'detalhe_b_1_2': '25', 'detalhe_b_1_3': '25', 'detalhe_b_1_4': '24', 'detalhe_b_1_5': '0', 'detalhe_b_2_1': '0', 'detalhe_b_2_2': '0', 'detalhe_b_2_3': '0', 'detalhe_b_2_4': '0', 'detalhe_b_2_5': '0', 'detalhe_b_3_1': '0', 'detalhe_b_3_2': '0', 'detalhe_b_3_3': '0', 'detalhe_b_3_4': '0', 'detalhe_b_3_5': '0', 'detalhe_e_1_1': '28', 'detalhe_e_1_2': '28', 'detalhe_e_1_3': '28', 'detalhe_e_1_4': '27', 'detalhe_e_1_5': '0', 'detalhe_e_2_1': '0', 'detalhe_e_2_2': '0', 'detalhe_e_2_3': '0', 'detalhe_e_2_4': '0', 'detalhe_e_2_5': '0', 'detalhe_e_3_1': '0', 'detalhe_e_3_2': '0', 'detalhe_e_3_3': '0', 'detalhe_e_3_4': '0', 'detalhe_e_3_5': '0', 'detalhe_f_1_1': '24', 'detalhe_f_1_2': '24.599999999999994', 'detalhe_f_1_3': '24', 'detalhe_f_1_4': '0', 'detalhe_f_1_5': '0', 'detalhe_f_2_1': '0', 'detalhe_f_2_2': '0', 'detalhe_f_2_3': '0', 'detalhe_f_2_4': '0', 'detalhe_f_2_5': '0', 'detalhe_f_3_1': '0', 'detalhe_f_3_2': '0', 'detalhe_f_3_3': '0', 'detalhe_f_3_4': '0', 'detalhe_f_3_5': '0', 'detalhe_g_1_1': '0', 'detalhe_g_1_2': '0', 'detalhe_g_1_3': '0', 'detalhe_g_1_4': '0', 'detalhe_g_1_5': '0', 'detalhe_g_2_1': '0', 'detalhe_g_2_2': '0', 'detalhe_g_2_3': '0', 'detalhe_g_2_4': '0', 'detalhe_g_2_5': '0', 'detalhe_g_3_1': '0', 'detalhe_g_3_2': '0', 'detalhe_g_3_3': '0', 'detalhe_g_3_4': '0', 'detalhe_g_3_5': '0', 'detalhe_h_1_1': '0', 'detalhe_h_1_2': '0', 'detalhe_h_1_3': '0', 'detalhe_h_1_4': '0', 'detalhe_h_1_5': '0', 'detalhe_h_2_1': '0', 'detalhe_h_2_2': '0', 'detalhe_h_2_3': '0', 'detalhe_h_2_4': '0', 'detalhe_h_2_5': '0', 'detalhe_h_3_1': '0', 'detalhe_h_3_2': '0', 'detalhe_h_3_3': '0', 'detalhe_h_3_4': '0', 'detalhe_h_3_5': '0'}, 'parafusos': {'par_ab': {}, 'par_ef': {}, 'par_gh': {}, 'par_gfh': {}}, 'parafusos_especiais': {'par_a': {'par_a_1': '38', 'par_a_2': '', 'par_a_3': '', 'par_a_4': '', 'par_a_5': '', 'par_a_6': '', 'par_a_7': '', 'par_a_8': '', 'par_a_9': ''}, 'par_b': {'par_b_1': '38', 'par_b_2': '', 'par_b_3': '', 'par_b_4': '', 'par_b_5': '', 'par_b_6': '', 'par_b_7': '', 'par_b_8': '', 'par_b_9': ''}, 'par_e': {'par_e_1': '73', 'par_e_2': '39', 'par_e_3': '', 'par_e_4': '', 'par_e_5': '', 'par_e_6': '', 'par_e_7': '', 'par_e_8': '', 'par_e_9': ''}, 'par_f': {'par_f_1': '35', 'par_f_2': '39', 'par_f_3': '', 'par_f_4': '', 'par_f_5': '', 'par_f_6': '', 'par_f_7': '', 'par_f_8': '', 'par_f_9': ''}, 'par_g': {'par_g_1': '', 'par_g_2': '', 'par_g_3': '', 'par_g_4': '', 'par_g_5': '', 'par_g_6': '', 'par_g_7': '', 'par_g_8': '', 'par_g_9': ''}, 'par_h': {'par_h_1': '', 'par_h_2': '', 'par_h_3': '', 'par_h_4': '', 'par_h_5': '', 'par_h_6': '', 'par_h_7': '', 'par_h_8': '', 'par_h_9': ''}}}, 'ativar_pilar_especial': True, 'tipo_pilar_especial': 'L', 'comp_1': '100', 'comp_2': '100', 'comp_3': '', 'larg_1': '20', 'larg_2': '10', 'larg_3': '', 'parafusos_especiais': {'parafusos_a': [0, 0, 0, 0, 0, 0, 0, 0, 0], 'parafusos_e': [0, 0, 0, 0, 0, 0, 0, 0]}}
2025-09-13 12:27:46 | debug_robo_cima | INFO | [CONSOLE] [DEBUG] FUNÇÃO CHAMADA - dados_pilar: {'interface_principal': <utils.funcoes_auxiliares_2.PilarAnalyzer object .>, 'pavimento': 'TESTE1', 'nome': 'P1TESTE', 'comprimento': '200', 'largura': '22', 'parafuso_p1_p2': '56', 'parafuso_p2_p3': '56', 'parafuso_p3_p4': '56', 'parafuso_p4_p5': '56', 'parafuso_p5_p6': '0', 'parafuso_p6_p7': '0', 'parafuso_p7_p8': '0', 'parafuso_p8_p9': '0', 'grades_grupo1': {'grade_1': '105', 'distancia_1': '12', 'grade_2': '105', 'distancia_2': '', 'grade_3': ''}, 'detalhes_grades': {'detalhe_grade1_1': '27', 'detalhe_grade1_2': '26', 'detalhe_grade1_3': '26', 'detalhe_grade1_4': '26', 'detalhe_grade1_5': '0', 'detalhe_grade2_1': '27', 'detalhe_grade2_2': '26', 'detalhe_grade2_3': '26', 'detalhe_grade2_4': '26', 'detalhe_grade2_5': '0', 'detalhe_grade3_1': '', 'detalhe_grade3_2': '', 'detalhe_grade3_3': '', 'detalhe_grade3_4': '', 'detalhe_grade3_5': ''}, 'grades_grupo2': {'grade_1_grupo2': '105', 'distancia_1_grupo2': '12', 'grade_2_grupo2': '105', 'distancia_2_grupo2': '', 'grade_3_grupo2': ''}, 'detalhes_grades_grupo2': {'detalhe_grade1_1_grupo2': '27', 'detalhe_grade1_2_grupo2': '26', 'detalhe_grade1_3_grupo2': '26', 'detalhe_grade1_4_grupo2': '26', 'detalhe_grade1_5_grupo2': '0', 'detalhe_grade2_1_grupo2': '27', 'detalhe_grade2_2_grupo2': '26', 'detalhe_grade2_3_grupo2': '26', 'detalhe_grade2_4_grupo2': '26', 'detalhe_grade2_5_grupo2': '0', 'detalhe_grade3_1_grupo2': '', 'detalhe_grade3_2_grupo2': '', 'detalhe_grade3_3_grupo2': '', 'detalhe_grade3_4_grupo2': '', 'detalhe_grade3_5_grupo2': ''}, 'pilar_especial': {'ativar_pilar_especial': True, 'tipo_pilar_especial': 'L', 'modo_calculo': 'NOVA', 'comprimentos': {'comp_1': '100', 'comp_2': '100', 'comp_3': ''}, 'larguras': {'larg_1': '20', 'larg_2': '10', 'larg_3': ''}, 'distancia': '', 'grades': {'grade_a_1': '60.0', 'grade_a_2': '60.0', 'grade_a_3': '0', 'dist_a_1': '2.4', 'dist_a_2': '0', 'grade_b_1': '99.0', 'grade_b_2': '0', 'grade_b_3': '0', 'dist_b_1': '0', 'dist_b_2': '0', 'grade_e_1': '111.0', 'grade_e_2': '0', 'grade_e_3': '0', 'dist_e_1': '0', 'dist_e_2': '0', 'grade_f_1': '72.6', 'grade_f_2': '0', 'grade_f_3': '0', 'dist_f_1': '0', 'dist_f_2': '0', 'grade_g_1': '0', 'grade_g_2': '0', 'grade_g_3': '0', 'dist_g_1': '0', 'dist_g_2': '0', 'grade_h_1': '0', 'grade_h_2': '0', 'grade_h_3': '0', 'dist_h_1': '0', 'dist_h_2': '0'}, 'detalhes_grades_especiais': {'detalhe_a_1_1': '30', 'detalhe_a_1_2': '30', 'detalhe_a_1_3': '0', 'detalhe_a_1_4': '0', 'detalhe_a_1_5': '0', 'detalhe_a_2_1': '30', 'detalhe_a_2_2': '30', 'detalhe_a_2_3': '0', 'detalhe_a_2_4': '0', 'detalhe_a_2_5': '0', 'detalhe_a_3_1': '0', 'detalhe_a_3_2': '0', 'detalhe_a_3_3': '0', 'detalhe_a_3_4': '0', 'detalhe_a_3_5': '0', 'detalhe_b_1_1': '25', 'detalhe_b_1_2': '25', 'detalhe_b_1_3': '25', 'detalhe_b_1_4': '24', 'detalhe_b_1_5': '0', 'detalhe_b_2_1': '0', 'detalhe_b_2_2': '0', 'detalhe_b_2_3': '0', 'detalhe_b_2_4': '0', 'detalhe_b_2_5': '0', 'detalhe_b_3_1': '0', 'detalhe_b_3_2': '0', 'detalhe_b_3_3': '0', 'detalhe_b_3_4': '0', 'detalhe_b_3_5': '0', 'detalhe_e_1_1': '28', 'detalhe_e_1_2': '28', 'detalhe_e_1_3': '28', 'detalhe_e_1_4': '27', 'detalhe_e_1_5': '0', 'detalhe_e_2_1': '0', 'detalhe_e_2_2': '0', 'detalhe_e_2_3': '0', 'detalhe_e_2_4': '0', 'detalhe_e_2_5': '0', 'detalhe_e_3_1': '0', 'detalhe_e_3_2': '0', 'detalhe_e_3_3': '0', 'detalhe_e_3_4': '0', 'detalhe_e_3_5': '0', 'detalhe_f_1_1': '24', 'detalhe_f_1_2': '24.599999999999994', 'detalhe_f_1_3': '24', 'detalhe_f_1_4': '0', 'detalhe_f_1_5': '0', 'detalhe_f_2_1': '0', 'detalhe_f_2_2': '0', 'detalhe_f_2_3': '0', 'detalhe_f_2_4': '0', 'detalhe_f_2_5': '0', 'detalhe_f_3_1': '0', 'detalhe_f_3_2': '0', 'detalhe_f_3_3': '0', 'detalhe_f_3_4': '0', 'detalhe_f_3_5': '0', 'detalhe_g_1_1': '0', 'detalhe_g_1_2': '0', 'detalhe_g_1_3': '0', 'detalhe_g_1_4': '0', 'detalhe_g_1_5': '0', 'detalhe_g_2_1': '0', 'detalhe_g_2_2': '0', 'detalhe_g_2_3': '0', 'detalhe_g_2_4': '0', 'detalhe_g_2_5': '0', 'detalhe_g_3_1': '0', 'detalhe_g_3_2': '0', 'detalhe_g_3_3': '0', 'detalhe_g_3_4': '0', 'detalhe_g_3_5': '0', 'detalhe_h_1_1': '0', 'detalhe_h_1_2': '0', 'detalhe_h_1_3': '0', 'detalhe_h_1_4': '0', 'detalhe_h_1_5': '0', 'detalhe_h_2_1': '0', 'detalhe_h_2_2': '0', 'detalhe_h_2_3': '0', 'detalhe_h_2_4': '0', 'detalhe_h_2_5': '0', 'detalhe_h_3_1': '0', 'detalhe_h_3_2': '0', 'detalhe_h_3_3': '0', 'detalhe_h_3_4': '0', 'detalhe_h_3_5': '0'}, 'parafusos': {'par_ab': {}, 'par_ef': {}, 'par_gh': {}, 'par_gfh': {}}, 'parafusos_especiais': {'par_a': {'par_a_1': '38', 'par_a_2': '', 'par_a_3': '', 'par_a_4': '', 'par_a_5': '', 'par_a_6': '', 'par_a_7': '', 'par_a_8': '', 'par_a_9': ''}, 'par_b': {'par_b_1': '38', 'par_b_2': '', 'par_b_3': '', 'par_b_4': '', 'par_b_5': '', 'par_b_6': '', 'par_b_7': '', 'par_b_8': '', 'par_b_9': ''}, 'par_e': {'par_e_1': '73', 'par_e_2': '39', 'par_e_3': '', 'par_e_4': '', 'par_e_5': '', 'par_e_6': '', 'par_e_7': '', 'par_e_8': '', 'par_e_9': ''}, 'par_f': {'par_f_1': '35', 'par_f_2': '39', 'par_f_3': '', 'par_f_4': '', 'par_f_5': '', 'par_f_6': '', 'par_f_7': '', 'par_f_8': '', 'par_f_9': ''}, 'par_g': {'par_g_1': '', 'par_g_2': '', 'par_g_3': '', 'par_g_4': '', 'par_g_5': '', 'par_g_6': '', 'par_g_7': '', 'par_g_8': '', 'par_g_9': ''}, 'par_h': {'par_h_1': '', 'par_h_2': '', 'par_h_3': '', 'par_h_4': '', 'par_h_5': '', 'par_h_6': '', 'par_h_7': '', 'par_h_8': '', 'par_h_9': ''}}}, 'ativar_pilar_especial': True, 'tipo_pilar_especial': 'L', 'comp_1': '100', 'comp_2': '100', 'comp_3': '', 'larg_1': '20', 'larg_2': '10', 'larg_3': '', 'parafusos_especiais': {'parafusos_a': [0, 0, 0, 0, 0, 0, 0, 0, 0], 'parafusos_e': [0, 0, 0, 0, 0, 0, 0, 0]}}
2025-09-13 12:27:46 | debug_robo_cima | INFO | [CONSOLE] [DEBUG] FUNÇÃO CHAMADA - tipo dados_pilar: <class 'dict'>
2025-09-13 12:27:46 | debug_robo_cima | INFO | [CONSOLE] [DEBUG] FUNÇÃO CHAMADA - chaves disponíveis: ['interface_principal', 'pavimento', 'nome', 'comprimento', 'largura', 'parafuso_p1_p2', 'parafuso_p2_p3', 'parafuso_p3_p4', 'parafuso_p4_p5', 'parafuso_p5_p6', 'parafuso_p6_p7', 'parafuso_p7_p8', 'parafuso_p8_p9', 'grades_grupo1', 'detalhes_grades', 'grades_grupo2', 'detalhes_grades_grupo2', 'pilar_especial', 'ativar_pilar_especial', 'tipo_pilar_especial', 'comp_1', 'comp_2', 'comp_3', 'larg_1', 'larg_2', 'larg_3', 'parafusos_especiais']
2025-09-13 12:27:46 | debug_robo_cima | INFO | Iniciando logs de depuração para robo_cima
2025-09-13 12:27:46 | debug_robo_cima | INFO | Arquivo de log: logs\depuracao\robo_cima_20250913_122746.log
2025-09-13 12:27:46 | debug_robo_cima | INFO | Captura do console ativada para robo_cima
2025-09-13 12:27:46 | debug_robo_cima | INFO | 
============================================================
2025-09-13 12:27:46 | debug_robo_cima | INFO | [SECTION] EXECUÇÃO VIA BOTÃO DCAD 1 ITEM CIMA
2025-09-13 12:27:46 | debug_robo_cima | INFO | ============================================================
2025-09-13 12:27:46 | debug_robo_cima | INFO | [INFO] Iniciando execução via botão DCAD 1 item cima
2025-09-13 12:27:46 | debug_robo_cima | INFO | [INFO] Dados do pilar: {'interface_principal': <utils.funcoes_auxiliares_2.PilarAnalyzer object .>, 'pavimento': 'TESTE1', 'nome': 'P1TESTE', 'comprimento': '200', 'largura': '22', 'parafuso_p1_p2': '56', 'parafuso_p2_p3': '56', 'parafuso_p3_p4': '56', 'parafuso_p4_p5': '56', 'parafuso_p5_p6': '0', 'parafuso_p6_p7': '0', 'parafuso_p7_p8': '0', 'parafuso_p8_p9': '0', 'grades_grupo1': {'grade_1': '105', 'distancia_1': '12', 'grade_2': '105', 'distancia_2': '', 'grade_3': ''}, 'detalhes_grades': {'detalhe_grade1_1': '27', 'detalhe_grade1_2': '26', 'detalhe_grade1_3': '26', 'detalhe_grade1_4': '26', 'detalhe_grade1_5': '0', 'detalhe_grade2_1': '27', 'detalhe_grade2_2': '26', 'detalhe_grade2_3': '26', 'detalhe_grade2_4': '26', 'detalhe_grade2_5': '0', 'detalhe_grade3_1': '', 'detalhe_grade3_2': '', 'detalhe_grade3_3': '', 'detalhe_grade3_4': '', 'detalhe_grade3_5': ''}, 'grades_grupo2': {'grade_1_grupo2': '105', 'distancia_1_grupo2': '12', 'grade_2_grupo2': '105', 'distancia_2_grupo2': '', 'grade_3_grupo2': ''}, 'detalhes_grades_grupo2': {'detalhe_grade1_1_grupo2': '27', 'detalhe_grade1_2_grupo2': '26', 'detalhe_grade1_3_grupo2': '26', 'detalhe_grade1_4_grupo2': '26', 'detalhe_grade1_5_grupo2': '0', 'detalhe_grade2_1_grupo2': '27', 'detalhe_grade2_2_grupo2': '26', 'detalhe_grade2_3_grupo2': '26', 'detalhe_grade2_4_grupo2': '26', 'detalhe_grade2_5_grupo2': '0', 'detalhe_grade3_1_grupo2': '', 'detalhe_grade3_2_grupo2': '', 'detalhe_grade3_3_grupo2': '', 'detalhe_grade3_4_grupo2': '', 'detalhe_grade3_5_grupo2': ''}, 'pilar_especial': {'ativar_pilar_especial': True, 'tipo_pilar_especial': 'L', 'modo_calculo': 'NOVA', 'comprimentos': {'comp_1': '100', 'comp_2': '100', 'comp_3': ''}, 'larguras': {'larg_1': '20', 'larg_2': '10', 'larg_3': ''}, 'distancia': '', 'grades': {'grade_a_1': '60.0', 'grade_a_2': '60.0', 'grade_a_3': '0', 'dist_a_1': '2.4', 'dist_a_2': '0', 'grade_b_1': '99.0', 'grade_b_2': '0', 'grade_b_3': '0', 'dist_b_1': '0', 'dist_b_2': '0', 'grade_e_1': '111.0', 'grade_e_2': '0', 'grade_e_3': '0', 'dist_e_1': '0', 'dist_e_2': '0', 'grade_f_1': '72.6', 'grade_f_2': '0', 'grade_f_3': '0', 'dist_f_1': '0', 'dist_f_2': '0', 'grade_g_1': '0', 'grade_g_2': '0', 'grade_g_3': '0', 'dist_g_1': '0', 'dist_g_2': '0', 'grade_h_1': '0', 'grade_h_2': '0', 'grade_h_3': '0', 'dist_h_1': '0', 'dist_h_2': '0'}, 'detalhes_grades_especiais': {'detalhe_a_1_1': '30', 'detalhe_a_1_2': '30', 'detalhe_a_1_3': '0', 'detalhe_a_1_4': '0', 'detalhe_a_1_5': '0', 'detalhe_a_2_1': '30', 'detalhe_a_2_2': '30', 'detalhe_a_2_3': '0', 'detalhe_a_2_4': '0', 'detalhe_a_2_5': '0', 'detalhe_a_3_1': '0', 'detalhe_a_3_2': '0', 'detalhe_a_3_3': '0', 'detalhe_a_3_4': '0', 'detalhe_a_3_5': '0', 'detalhe_b_1_1': '25', 'detalhe_b_1_2': '25', 'detalhe_b_1_3': '25', 'detalhe_b_1_4': '24', 'detalhe_b_1_5': '0', 'detalhe_b_2_1': '0', 'detalhe_b_2_2': '0', 'detalhe_b_2_3': '0', 'detalhe_b_2_4': '0', 'detalhe_b_2_5': '0', 'detalhe_b_3_1': '0', 'detalhe_b_3_2': '0', 'detalhe_b_3_3': '0', 'detalhe_b_3_4': '0', 'detalhe_b_3_5': '0', 'detalhe_e_1_1': '28', 'detalhe_e_1_2': '28', 'detalhe_e_1_3': '28', 'detalhe_e_1_4': '27', 'detalhe_e_1_5': '0', 'detalhe_e_2_1': '0', 'detalhe_e_2_2': '0', 'detalhe_e_2_3': '0', 'detalhe_e_2_4': '0', 'detalhe_e_2_5': '0', 'detalhe_e_3_1': '0', 'detalhe_e_3_2': '0', 'detalhe_e_3_3': '0', 'detalhe_e_3_4': '0', 'detalhe_e_3_5': '0', 'detalhe_f_1_1': '24', 'detalhe_f_1_2': '24.599999999999994', 'detalhe_f_1_3': '24', 'detalhe_f_1_4': '0', 'detalhe_f_1_5': '0', 'detalhe_f_2_1': '0', 'detalhe_f_2_2': '0', 'detalhe_f_2_3': '0', 'detalhe_f_2_4': '0', 'detalhe_f_2_5': '0', 'detalhe_f_3_1': '0', 'detalhe_f_3_2': '0', 'detalhe_f_3_3': '0', 'detalhe_f_3_4': '0', 'detalhe_f_3_5': '0', 'detalhe_g_1_1': '0', 'detalhe_g_1_2': '0', 'detalhe_g_1_3': '0', 'detalhe_g_1_4': '0', 'detalhe_g_1_5': '0', 'detalhe_g_2_1': '0', 'detalhe_g_2_2': '0', 'detalhe_g_2_3': '0', 'detalhe_g_2_4': '0', 'detalhe_g_2_5': '0', 'detalhe_g_3_1': '0', 'detalhe_g_3_2': '0', 'detalhe_g_3_3': '0', 'detalhe_g_3_4': '0', 'detalhe_g_3_5': '0', 'detalhe_h_1_1': '0', 'detalhe_h_1_2': '0', 'detalhe_h_1_3': '0', 'detalhe_h_1_4': '0', 'detalhe_h_1_5': '0', 'detalhe_h_2_1': '0', 'detalhe_h_2_2': '0', 'detalhe_h_2_3': '0', 'detalhe_h_2_4': '0', 'detalhe_h_2_5': '0', 'detalhe_h_3_1': '0', 'detalhe_h_3_2': '0', 'detalhe_h_3_3': '0', 'detalhe_h_3_4': '0', 'detalhe_h_3_5': '0'}, 'parafusos': {'par_ab': {}, 'par_ef': {}, 'par_gh': {}, 'par_gfh': {}}, 'parafusos_especiais': {'par_a': {'par_a_1': '38', 'par_a_2': '', 'par_a_3': '', 'par_a_4': '', 'par_a_5': '', 'par_a_6': '', 'par_a_7': '', 'par_a_8': '', 'par_a_9': ''}, 'par_b': {'par_b_1': '38', 'par_b_2': '', 'par_b_3': '', 'par_b_4': '', 'par_b_5': '', 'par_b_6': '', 'par_b_7': '', 'par_b_8': '', 'par_b_9': ''}, 'par_e': {'par_e_1': '73', 'par_e_2': '39', 'par_e_3': '', 'par_e_4': '', 'par_e_5': '', 'par_e_6': '', 'par_e_7': '', 'par_e_8': '', 'par_e_9': ''}, 'par_f': {'par_f_1': '35', 'par_f_2': '39', 'par_f_3': '', 'par_f_4': '', 'par_f_5': '', 'par_f_6': '', 'par_f_7': '', 'par_f_8': '', 'par_f_9': ''}, 'par_g': {'par_g_1': '', 'par_g_2': '', 'par_g_3': '', 'par_g_4': '', 'par_g_5': '', 'par_g_6': '', 'par_g_7': '', 'par_g_8': '', 'par_g_9': ''}, 'par_h': {'par_h_1': '', 'par_h_2': '', 'par_h_3': '', 'par_h_4': '', 'par_h_5': '', 'par_h_6': '', 'par_h_7': '', 'par_h_8': '', 'par_h_9': ''}}}, 'ativar_pilar_especial': True, 'tipo_pilar_especial': 'L', 'comp_1': '100', 'comp_2': '100', 'comp_3': '', 'larg_1': '20', 'larg_2': '10', 'larg_3': '', 'parafusos_especiais': {'parafusos_a': [0, 0, 0, 0, 0, 0, 0, 0, 0], 'parafusos_e': [0, 0, 0, 0, 0, 0, 0, 0]}}
2025-09-13 12:27:46 | debug_robo_cima | INFO | [CONSOLE] [DEBUG-FUNC] Iniciando aplicação VISAO CIMA...
2025-09-13 12:27:46 | debug_robo_cima | INFO | [CONSOLE] [DEBUG-FUNC] Iniciando aplicação VISAO CIMA...
2025-09-13 12:27:48 | debug_robo_cima | INFO | [CONSOLE] OK Instancia do GeradorPilar registrada globalmente
2025-09-13 12:27:48 | debug_robo_cima | INFO | [CONSOLE] OK Instancia do GeradorPilar registrada globalmente
2025-09-13 12:27:48 | debug_robo_cima | INFO | [INFO] 🔄 Instância do GeradorPilar registrada globalmente
2025-09-13 12:27:48 | debug_robo_cima | INFO | [INFO] 🔄 Globais do pilar especial inicializadas
2025-09-13 12:27:48 | debug_robo_cima | INFO | [CONSOLE] [DEBUG-FUNC] Aplicação VISAO CIMA criada com sucesso
2025-09-13 12:27:48 | debug_robo_cima | INFO | [CONSOLE] [DEBUG-FUNC] Aplicação VISAO CIMA criada com sucesso
2025-09-13 12:27:48 | debug_robo_cima | INFO | [CONSOLE] [DEBUG-FUNC] === PROCESSANDO DADOS DIRETOS ===
2025-09-13 12:27:48 | debug_robo_cima | INFO | [CONSOLE] [DEBUG-FUNC] === PROCESSANDO DADOS DIRETOS ===
2025-09-13 12:27:48 | debug_robo_cima | INFO | [CONSOLE] [DEBUG] Chegou na seção 1 - preencher dados básicos
2025-09-13 12:27:48 | debug_robo_cima | INFO | [CONSOLE] [DEBUG] Chegou na seção 1 - preencher dados básicos
2025-09-13 12:27:48 | debug_robo_cima | INFO | [CONSOLE] Preenchendo pavimento: TESTE1
2025-09-13 12:27:48 | debug_robo_cima | INFO | [CONSOLE] Preenchendo pavimento: TESTE1
2025-09-13 12:27:48 | debug_robo_cima | INFO | [CONSOLE] Preenchendo nome: P1TESTE
2025-09-13 12:27:48 | debug_robo_cima | INFO | [CONSOLE] Preenchendo nome: P1TESTE
2025-09-13 12:27:48 | debug_robo_cima | INFO | [CONSOLE] Preenchendo comprimento: 200
2025-09-13 12:27:48 | debug_robo_cima | INFO | [CONSOLE] Preenchendo comprimento: 200
2025-09-13 12:27:48 | debug_robo_cima | INFO | [CONSOLE] Preenchendo largura: 22
2025-09-13 12:27:48 | debug_robo_cima | INFO | [CONSOLE] Preenchendo largura: 22
2025-09-13 12:27:48 | debug_robo_cima | INFO | [CONSOLE] Calculando valores iniciais...
2025-09-13 12:27:48 | debug_robo_cima | INFO | [CONSOLE] Calculando valores iniciais...
2025-09-13 12:27:48 | debug_robo_cima | INFO | [CONSOLE] [DEBUG] Chegou na seção 2 - calcular valores iniciais
2025-09-13 12:27:48 | debug_robo_cima | INFO | [CONSOLE] [DEBUG] Chegou na seção 2 - calcular valores iniciais
2025-09-13 12:27:48 | debug_robo_cima | INFO | [CONSOLE] Preenchendo parafusos...
2025-09-13 12:27:48 | debug_robo_cima | INFO | [CONSOLE] Preenchendo parafusos...
2025-09-13 12:27:48 | debug_robo_cima | INFO | [CONSOLE] [DEBUG] Chegou na seção 3 - preencher parafusos
2025-09-13 12:27:48 | debug_robo_cima | INFO | [CONSOLE] [DEBUG] Chegou na seção 3 - preencher parafusos
2025-09-13 12:27:48 | debug_robo_cima | INFO | [CONSOLE] [DEBUG] Limpando campos de parafusos - desabilitando traces temporariamente
2025-09-13 12:27:48 | debug_robo_cima | INFO | [CONSOLE] [DEBUG] Limpando campos de parafusos - desabilitando traces temporariamente
2025-09-13 12:27:48 | debug_robo_cima | INFO | [CONSOLE] [DEBUG] Limpeza concluída - traces restaurados
2025-09-13 12:27:48 | debug_robo_cima | INFO | [CONSOLE] [DEBUG] Limpeza concluída - traces restaurados
2025-09-13 12:27:48 | debug_robo_cima | INFO | [CONSOLE] [PARAFUSOS_ESPECIAIS] 🔍 Pilar especial ativo - usando parafusos especiais
2025-09-13 12:27:48 | debug_robo_cima | INFO | [CONSOLE] [PARAFUSOS_ESPECIAIS] 🔍 Pilar especial ativo - usando parafusos especiais
2025-09-13 12:27:48 | debug_robo_cima | INFO | [CONSOLE] [PARAFUSOS_ESPECIAIS] Preenchendo campos com parafusos especiais A: [0, 0, 0, 0, 0, 0, 0, 0, 0]
2025-09-13 12:27:48 | debug_robo_cima | INFO | [CONSOLE] [PARAFUSOS_ESPECIAIS] Preenchendo campos com parafusos especiais A: [0, 0, 0, 0, 0, 0, 0, 0, 0]
2025-09-13 12:27:48 | debug_robo_cima | INFO | [CONSOLE] Exception in Tkinter callback
2025-09-13 12:27:48 | debug_robo_cima | INFO | [CONSOLE] Exception in Tkinter callback
2025-09-13 12:27:48 | debug_robo_cima | INFO | [CONSOLE] Traceback (most recent call last):
2025-09-13 12:27:48 | debug_robo_cima | INFO | [CONSOLE] Traceback (most recent call last):
2025-09-13 12:27:48 | debug_robo_cima | INFO | [CONSOLE] File "C:\Users\rvene\AppData\Local\Programs\Python\Python310\lib\tkinter\__init__.py", line 1921, in __call__
    return self.func(*args)
2025-09-13 12:27:48 | debug_robo_cima | INFO | [CONSOLE] File "C:\Users\rvene\AppData\Local\Programs\Python\Python310\lib\tkinter\__init__.py", line 1921, in __call__
    return self.func(*args)
2025-09-13 12:27:48 | debug_robo_cima | INFO | [CONSOLE] TypeError: 'str' object is not callable
2025-09-13 12:27:48 | debug_robo_cima | INFO | [CONSOLE] TypeError: 'str' object is not callable
2025-09-13 12:27:48 | debug_robo_cima | INFO | [CONSOLE] Preenchendo parafuso 1 com valor especial A: 0
2025-09-13 12:27:48 | debug_robo_cima | INFO | [CONSOLE] Preenchendo parafuso 1 com valor especial A: 0
2025-09-13 12:27:48 | debug_robo_cima | INFO | [CONSOLE] Exception in Tkinter callback
2025-09-13 12:27:48 | debug_robo_cima | INFO | [CONSOLE] Exception in Tkinter callback
2025-09-13 12:27:48 | debug_robo_cima | INFO | [CONSOLE] Traceback (most recent call last):
2025-09-13 12:27:48 | debug_robo_cima | INFO | [CONSOLE] Traceback (most recent call last):
2025-09-13 12:27:48 | debug_robo_cima | INFO | [CONSOLE] File "C:\Users\rvene\AppData\Local\Programs\Python\Python310\lib\tkinter\__init__.py", line 1921, in __call__
    return self.func(*args)
2025-09-13 12:27:48 | debug_robo_cima | INFO | [CONSOLE] File "C:\Users\rvene\AppData\Local\Programs\Python\Python310\lib\tkinter\__init__.py", line 1921, in __call__
    return self.func(*args)
2025-09-13 12:27:48 | debug_robo_cima | INFO | [CONSOLE] TypeError: 'str' object is not callable
2025-09-13 12:27:48 | debug_robo_cima | INFO | [CONSOLE] TypeError: 'str' object is not callable
2025-09-13 12:27:48 | debug_robo_cima | INFO | [CONSOLE] Preenchendo parafuso 2 com valor especial A: 0
2025-09-13 12:27:48 | debug_robo_cima | INFO | [CONSOLE] Preenchendo parafuso 2 com valor especial A: 0
2025-09-13 12:27:48 | debug_robo_cima | INFO | [CONSOLE] Exception in Tkinter callback
2025-09-13 12:27:48 | debug_robo_cima | INFO | [CONSOLE] Exception in Tkinter callback
2025-09-13 12:27:48 | debug_robo_cima | INFO | [CONSOLE] Traceback (most recent call last):
2025-09-13 12:27:48 | debug_robo_cima | INFO | [CONSOLE] Traceback (most recent call last):
2025-09-13 12:27:48 | debug_robo_cima | INFO | [CONSOLE] File "C:\Users\rvene\AppData\Local\Programs\Python\Python310\lib\tkinter\__init__.py", line 1921, in __call__
    return self.func(*args)
2025-09-13 12:27:48 | debug_robo_cima | INFO | [CONSOLE] File "C:\Users\rvene\AppData\Local\Programs\Python\Python310\lib\tkinter\__init__.py", line 1921, in __call__
    return self.func(*args)
2025-09-13 12:27:48 | debug_robo_cima | INFO | [CONSOLE] TypeError: 'str' object is not callable
2025-09-13 12:27:48 | debug_robo_cima | INFO | [CONSOLE] TypeError: 'str' object is not callable
2025-09-13 12:27:48 | debug_robo_cima | INFO | [CONSOLE] Preenchendo parafuso 3 com valor especial A: 0
2025-09-13 12:27:48 | debug_robo_cima | INFO | [CONSOLE] Preenchendo parafuso 3 com valor especial A: 0
2025-09-13 12:27:48 | debug_robo_cima | INFO | [CONSOLE] Exception in Tkinter callback
2025-09-13 12:27:48 | debug_robo_cima | INFO | [CONSOLE] Exception in Tkinter callback
2025-09-13 12:27:48 | debug_robo_cima | INFO | [CONSOLE] Traceback (most recent call last):
2025-09-13 12:27:48 | debug_robo_cima | INFO | [CONSOLE] Traceback (most recent call last):
2025-09-13 12:27:48 | debug_robo_cima | INFO | [CONSOLE] File "C:\Users\rvene\AppData\Local\Programs\Python\Python310\lib\tkinter\__init__.py", line 1921, in __call__
    return self.func(*args)
2025-09-13 12:27:48 | debug_robo_cima | INFO | [CONSOLE] File "C:\Users\rvene\AppData\Local\Programs\Python\Python310\lib\tkinter\__init__.py", line 1921, in __call__
    return self.func(*args)
2025-09-13 12:27:48 | debug_robo_cima | INFO | [CONSOLE] TypeError: 'str' object is not callable
2025-09-13 12:27:48 | debug_robo_cima | INFO | [CONSOLE] TypeError: 'str' object is not callable
2025-09-13 12:27:48 | debug_robo_cima | INFO | [CONSOLE] Preenchendo parafuso 4 com valor especial A: 0
2025-09-13 12:27:48 | debug_robo_cima | INFO | [CONSOLE] Preenchendo parafuso 4 com valor especial A: 0
2025-09-13 12:27:48 | debug_robo_cima | INFO | [CONSOLE] Exception in Tkinter callback
2025-09-13 12:27:48 | debug_robo_cima | INFO | [CONSOLE] Exception in Tkinter callback
2025-09-13 12:27:48 | debug_robo_cima | INFO | [CONSOLE] Traceback (most recent call last):
2025-09-13 12:27:48 | debug_robo_cima | INFO | [CONSOLE] Traceback (most recent call last):
2025-09-13 12:27:48 | debug_robo_cima | INFO | [CONSOLE] File "C:\Users\rvene\AppData\Local\Programs\Python\Python310\lib\tkinter\__init__.py", line 1921, in __call__
    return self.func(*args)
2025-09-13 12:27:48 | debug_robo_cima | INFO | [CONSOLE] File "C:\Users\rvene\AppData\Local\Programs\Python\Python310\lib\tkinter\__init__.py", line 1921, in __call__
    return self.func(*args)
2025-09-13 12:27:48 | debug_robo_cima | INFO | [CONSOLE] TypeError: 'str' object is not callable
2025-09-13 12:27:48 | debug_robo_cima | INFO | [CONSOLE] TypeError: 'str' object is not callable
2025-09-13 12:27:48 | debug_robo_cima | INFO | [CONSOLE] Preenchendo parafuso 5 com valor especial A: 0
2025-09-13 12:27:48 | debug_robo_cima | INFO | [CONSOLE] Preenchendo parafuso 5 com valor especial A: 0
2025-09-13 12:27:48 | debug_robo_cima | INFO | [CONSOLE] Exception in Tkinter callback
2025-09-13 12:27:48 | debug_robo_cima | INFO | [CONSOLE] Exception in Tkinter callback
2025-09-13 12:27:48 | debug_robo_cima | INFO | [CONSOLE] Traceback (most recent call last):
2025-09-13 12:27:48 | debug_robo_cima | INFO | [CONSOLE] Traceback (most recent call last):
2025-09-13 12:27:48 | debug_robo_cima | INFO | [CONSOLE] File "C:\Users\rvene\AppData\Local\Programs\Python\Python310\lib\tkinter\__init__.py", line 1921, in __call__
    return self.func(*args)
2025-09-13 12:27:48 | debug_robo_cima | INFO | [CONSOLE] File "C:\Users\rvene\AppData\Local\Programs\Python\Python310\lib\tkinter\__init__.py", line 1921, in __call__
    return self.func(*args)
2025-09-13 12:27:48 | debug_robo_cima | INFO | [CONSOLE] TypeError: 'str' object is not callable
2025-09-13 12:27:48 | debug_robo_cima | INFO | [CONSOLE] TypeError: 'str' object is not callable
2025-09-13 12:27:48 | debug_robo_cima | INFO | [CONSOLE] Preenchendo parafuso 6 com valor especial A: 0
2025-09-13 12:27:48 | debug_robo_cima | INFO | [CONSOLE] Preenchendo parafuso 6 com valor especial A: 0
2025-09-13 12:27:48 | debug_robo_cima | INFO | [CONSOLE] Exception in Tkinter callback
2025-09-13 12:27:48 | debug_robo_cima | INFO | [CONSOLE] Exception in Tkinter callback
2025-09-13 12:27:48 | debug_robo_cima | INFO | [CONSOLE] Traceback (most recent call last):
2025-09-13 12:27:48 | debug_robo_cima | INFO | [CONSOLE] Traceback (most recent call last):
2025-09-13 12:27:48 | debug_robo_cima | INFO | [CONSOLE] File "C:\Users\rvene\AppData\Local\Programs\Python\Python310\lib\tkinter\__init__.py", line 1921, in __call__
    return self.func(*args)
2025-09-13 12:27:48 | debug_robo_cima | INFO | [CONSOLE] File "C:\Users\rvene\AppData\Local\Programs\Python\Python310\lib\tkinter\__init__.py", line 1921, in __call__
    return self.func(*args)
2025-09-13 12:27:48 | debug_robo_cima | INFO | [CONSOLE] TypeError: 'str' object is not callable
2025-09-13 12:27:48 | debug_robo_cima | INFO | [CONSOLE] TypeError: 'str' object is not callable
2025-09-13 12:27:48 | debug_robo_cima | INFO | [CONSOLE] Preenchendo parafuso 7 com valor especial A: 0
2025-09-13 12:27:48 | debug_robo_cima | INFO | [CONSOLE] Preenchendo parafuso 7 com valor especial A: 0
2025-09-13 12:27:48 | debug_robo_cima | INFO | [CONSOLE] Exception in Tkinter callback
2025-09-13 12:27:48 | debug_robo_cima | INFO | [CONSOLE] Exception in Tkinter callback
2025-09-13 12:27:48 | debug_robo_cima | INFO | [CONSOLE] Traceback (most recent call last):
2025-09-13 12:27:48 | debug_robo_cima | INFO | [CONSOLE] Traceback (most recent call last):
2025-09-13 12:27:48 | debug_robo_cima | INFO | [CONSOLE] File "C:\Users\rvene\AppData\Local\Programs\Python\Python310\lib\tkinter\__init__.py", line 1921, in __call__
    return self.func(*args)
2025-09-13 12:27:48 | debug_robo_cima | INFO | [CONSOLE] File "C:\Users\rvene\AppData\Local\Programs\Python\Python310\lib\tkinter\__init__.py", line 1921, in __call__
    return self.func(*args)
2025-09-13 12:27:48 | debug_robo_cima | INFO | [CONSOLE] TypeError: 'str' object is not callable
2025-09-13 12:27:48 | debug_robo_cima | INFO | [CONSOLE] TypeError: 'str' object is not callable
2025-09-13 12:27:48 | debug_robo_cima | INFO | [CONSOLE] Preenchendo parafuso 8 com valor especial A: 0
2025-09-13 12:27:48 | debug_robo_cima | INFO | [CONSOLE] Preenchendo parafuso 8 com valor especial A: 0
