2025-09-30 15:37:47 | debug_run_script | INFO | Iniciando logs de depuração para run_script
2025-09-30 15:37:47 | debug_run_script | INFO | Arquivo de log: logs\depuracao\run_script_20250930_153747.log
2025-09-30 15:37:47 | debug_run_script | INFO | 
============================================================
2025-09-30 15:37:47 | debug_run_script | INFO | 📋 INICIALIZAÇÃO DO PILARANALYZER
2025-09-30 15:37:47 | debug_run_script | INFO | ============================================================
2025-09-30 15:37:47 | debug_run_script | INFO | ℹ️ Data/Hora de início: 2025-09-30 15:37:47
2025-09-30 15:37:47 | debug_run_script | INFO | ℹ️ Diretório do script: c:\Users\rvene\Desktop\pilares-clean-final
2025-09-30 15:37:47 | debug_run_script | INFO | ℹ️ Diretório src: c:\Users\rvene\Desktop\pilares-clean-final\src
2025-09-30 15:37:47 | debug_run_script | INFO | ℹ️ 🔄 Configurando paths do sistema...
2025-09-30 15:37:47 | debug_run_script | INFO | ℹ️ ✅ Paths configurados com sucesso
2025-09-30 15:37:47 | debug_run_script | INFO | 
----------------------------------------
2025-09-30 15:37:47 | debug_run_script | INFO | 📌 CARREGAMENTO DE MÓDULOS
2025-09-30 15:37:47 | debug_run_script | INFO | ----------------------------------------
2025-09-30 15:37:47 | debug_run_script | INFO | ℹ️ Importando módulo main...
2025-09-30 15:37:47 | debug_run_script | INFO | ℹ️ Módulos carregados com sucesso!
2025-09-30 15:37:47 | debug_run_script | INFO | 
----------------------------------------
2025-09-30 15:37:47 | debug_run_script | INFO | 📌 EXECUÇÃO DO PILARANALYZER
2025-09-30 15:37:47 | debug_run_script | INFO | ----------------------------------------
2025-09-30 16:55:04 | debug_run_script | INFO | ℹ️ ✅ PilarAnalyzer executado com sucesso!
2025-09-30 16:55:04 | debug_run_script | INFO | ⏱️ Tempo total de execução: 4637.351s
2025-09-30 16:55:04 | debug_run_script | INFO | 
============================================================
2025-09-30 16:55:04 | debug_run_script | INFO | 📋 FINALIZAÇÃO
2025-09-30 16:55:04 | debug_run_script | INFO | ============================================================
2025-09-30 16:55:04 | debug_run_script | INFO | ℹ️ 📅 Data/Hora de término: 2025-09-30 16:55:04
2025-09-30 16:55:04 | debug_run_script | INFO | ℹ️ ✅ Script de inicialização concluído com sucesso!
