2025-09-25 16:28:59 | debug_run_script | INFO | Iniciando logs de depuração para run_script
2025-09-25 16:28:59 | debug_run_script | INFO | Arquivo de log: logs\depuracao\run_script_20250925_162859.log
2025-09-25 16:28:59 | debug_run_script | INFO | 
============================================================
2025-09-25 16:28:59 | debug_run_script | INFO | 📋 INICIALIZAÇÃO DO PILARANALYZER
2025-09-25 16:28:59 | debug_run_script | INFO | ============================================================
2025-09-25 16:28:59 | debug_run_script | INFO | ℹ️ Data/Hora de início: 2025-09-25 16:28:59
2025-09-25 16:28:59 | debug_run_script | INFO | ℹ️ Diretório do script: C:\Users\rvene\Desktop\pilares-clean-final
2025-09-25 16:28:59 | debug_run_script | INFO | ℹ️ Diretório src: C:\Users\rvene\Desktop\pilares-clean-final\src
2025-09-25 16:28:59 | debug_run_script | INFO | ℹ️ 🔄 Configurando paths do sistema...
2025-09-25 16:28:59 | debug_run_script | INFO | ℹ️ ✅ Paths configurados com sucesso
2025-09-25 16:28:59 | debug_run_script | INFO | 
----------------------------------------
2025-09-25 16:28:59 | debug_run_script | INFO | 📌 CARREGAMENTO DE MÓDULOS
2025-09-25 16:28:59 | debug_run_script | INFO | ----------------------------------------
2025-09-25 16:28:59 | debug_run_script | INFO | ℹ️ Importando módulo main...
2025-09-25 16:28:59 | debug_run_script | INFO | ℹ️ Módulos carregados com sucesso!
2025-09-25 16:28:59 | debug_run_script | INFO | 
----------------------------------------
2025-09-25 16:28:59 | debug_run_script | INFO | 📌 EXECUÇÃO DO PILARANALYZER
2025-09-25 16:28:59 | debug_run_script | INFO | ----------------------------------------
