2025-10-21 14:21:18 | debug_run_script | INFO | Iniciando logs de depuração para run_script
2025-10-21 14:21:18 | debug_run_script | INFO | Arquivo de log: logs\depuracao\run_script_20251021_142118.log
2025-10-21 14:21:18 | debug_run_script | INFO | 
============================================================
2025-10-21 14:21:18 | debug_run_script | INFO | 📋 INICIALIZAÇÃO DO PILARANALYZER
2025-10-21 14:21:18 | debug_run_script | INFO | ============================================================
2025-10-21 14:21:18 | debug_run_script | INFO | ℹ️ Data/Hora de início: 2025-10-21 14:21:18
2025-10-21 14:21:18 | debug_run_script | INFO | ℹ️ Diretório do script: C:\Users\Ryzen\Desktop\GITHUB\pilares\pilares-atualizado-09-25
2025-10-21 14:21:18 | debug_run_script | INFO | ℹ️ Diretório src: C:\Users\Ryzen\Desktop\GITHUB\pilares\pilares-atualizado-09-25\src
2025-10-21 14:21:18 | debug_run_script | INFO | ℹ️ 🔄 Configurando paths do sistema...
2025-10-21 14:21:18 | debug_run_script | INFO | ℹ️ ✅ Paths configurados com sucesso
2025-10-21 14:21:18 | debug_run_script | INFO | 
----------------------------------------
2025-10-21 14:21:18 | debug_run_script | INFO | 📌 CARREGAMENTO DE MÓDULOS
2025-10-21 14:21:18 | debug_run_script | INFO | ----------------------------------------
2025-10-21 14:21:18 | debug_run_script | INFO | ℹ️ Importando módulo main...
2025-10-21 14:21:18 | debug_run_script | INFO | ℹ️ Módulos carregados com sucesso!
2025-10-21 14:21:18 | debug_run_script | INFO | 
----------------------------------------
2025-10-21 14:21:18 | debug_run_script | INFO | 📌 EXECUÇÃO DO PILARANALYZER
2025-10-21 14:21:18 | debug_run_script | INFO | ----------------------------------------
2025-10-21 14:44:09 | debug_run_script | INFO | ℹ️ ✅ PilarAnalyzer executado com sucesso!
2025-10-21 14:44:09 | debug_run_script | INFO | ⏱️ Tempo total de execução: 1371.268s
2025-10-21 14:44:09 | debug_run_script | INFO | 
============================================================
2025-10-21 14:44:09 | debug_run_script | INFO | 📋 FINALIZAÇÃO
2025-10-21 14:44:09 | debug_run_script | INFO | ============================================================
2025-10-21 14:44:09 | debug_run_script | INFO | ℹ️ 📅 Data/Hora de término: 2025-10-21 14:44:09
2025-10-21 14:44:09 | debug_run_script | INFO | ℹ️ ✅ Script de inicialização concluído com sucesso!
