[2025-07-13 21:40:12] [INFO] Backup criado: backups_seguranca\backup_task_1_1_20250713_214012
[2025-07-13 21:40:12] [INFO] 🚀 Iniciando Task 1.1: Ofuscação de Strings Críticas
[2025-07-13 21:40:12] [INFO] 📋 Identificando strings sensíveis...
[2025-07-13 21:40:12] [INFO] ✅ Checkpoint completo: Identificar strings sensíveis no código
[2025-07-13 21:40:12] [INFO] 🔐 Implementando sistema de ofuscação...
[2025-07-13 21:40:12] [INFO] ✅ Checkpoint completo: Implementar sistema de ofuscação base64 + XOR
[2025-07-13 21:40:12] [INFO] 🔒 Ofuscando strings críticas...
[2025-07-13 21:40:12] [INFO]    Ofuscado: https://script.google.com/macr... -> oFtTPgtx6MSTEhy3xvs2mqdAQCIdZa...
[2025-07-13 21:40:12] [INFO]    Ofuscado: Erro ao importar módulo de cré... -> jV1VIVgqqMuJHB6xxPt5j+hC5P0cPq...
[2025-07-13 21:40:12] [INFO]    Ofuscado: Sistema de Créditos Pay-per-Us... -> m0ZUOh0mpsuEFE6dxEyxmaFbSD1YG6...
[2025-07-13 21:40:12] [INFO]    Ofuscado: FundoAnalyzer - Sistema de Cré... -> jlpJKhcKqYqMCBS7xK813ZtGVDodJq...
[2025-07-13 21:40:12] [INFO] ✅ Checkpoint completo: Ofuscar URLs, chaves e mensagens críticas
[2025-07-13 21:40:12] [INFO] 🧪 Testando funcionalidade após ofuscação...
[2025-07-13 21:40:12] [INFO] ✅ Teste de ofuscação passou
[2025-07-13 21:40:12] [INFO] ✅ Checkpoint completo: Testar funcionalidade após ofuscação
[2025-07-13 21:40:12] [INFO] 🔄 Movido para: fase_1 - task_1_2
[2025-07-13 21:40:12] [INFO] ✅ Task task_1_1 concluída com sucesso
[2025-07-13 21:40:30] [INFO] Backup criado: backups_seguranca\backup_task_1_2_20250713_214029
[2025-07-13 21:40:30] [INFO] 🚀 Iniciando Task 1.2: Proteção Anti-Debug
[2025-07-13 21:40:30] [INFO] 🔍 Implementando detecção de debuggers...
[2025-07-13 21:40:30] [INFO] ✅ Checkpoint completo: Implementar detecção de debuggers
[2025-07-13 21:40:30] [INFO] ⏱️ Adicionando verificações de tempo...
[2025-07-13 21:40:30] [INFO] ✅ Checkpoint completo: Adicionar verificações de tempo de execução
[2025-07-13 21:40:30] [INFO] 🛠️ Implementando detecção de ferramentas...
[2025-07-13 21:40:30] [INFO]    Ambiente seguro: False
[2025-07-13 21:40:30] [INFO] ✅ Checkpoint completo: Implementar detecção de ferramentas de análise
[2025-07-13 21:40:30] [INFO] 🧪 Testando em ambiente controlado...
[2025-07-13 21:40:30] [ERROR] ❌ Erro na Task 1.2: name 'get_security_alerts' is not defined
[2025-07-13 21:40:30] [INFO] ❌ Task task_1_2 falhou
[2025-07-13 21:42:53] [INFO] Backup criado: backups_seguranca\backup_task_1_2_20250713_214253
[2025-07-13 21:42:53] [INFO] 🚀 Iniciando Task 1.2: Proteção Anti-Debug
[2025-07-13 21:42:53] [INFO] 🔍 Implementando detecção de debuggers...
[2025-07-13 21:42:53] [INFO] ✅ Checkpoint completo: Testar em ambiente controlado
[2025-07-13 21:42:53] [INFO] ⏱️ Adicionando verificações de tempo...
[2025-07-13 21:42:53] [INFO] 🛠️ Implementando detecção de ferramentas...
[2025-07-13 21:42:53] [INFO]    Ambiente seguro: False
[2025-07-13 21:42:53] [INFO] 🧪 Testando em ambiente controlado...
[2025-07-13 21:42:53] [ERROR] ❌ Erro na Task 1.2: name 'get_security_alerts' is not defined
[2025-07-13 21:42:53] [INFO] ❌ Task task_1_2 falhou
[2025-07-13 23:59:01] [INFO] 🚀 Iniciando Task 1.2: Proteção Anti-Debug
[2025-07-13 23:59:01] [INFO] 🔍 Implementando detecção de debuggers...
[2025-07-13 23:59:01] [INFO]    Debugger detectado: False
[2025-07-13 23:59:01] [INFO] ⏱️ Adicionando verificações de tempo...
[2025-07-13 23:59:01] [INFO]    Tempo de execução normal: 0.102s
[2025-07-13 23:59:01] [INFO] 🛠️ Implementando detecção de ferramentas...
[2025-07-13 23:59:02] [INFO]    ✅ Nenhuma ferramenta suspeita detectada
[2025-07-13 23:59:02] [INFO] 🧪 Testando em ambiente controlado...
[2025-07-13 23:59:02] [INFO]    ✅ Ambiente físico detectado
[2025-07-13 23:59:02] [INFO] 🔄 Movido para: fase_1 - task_1_3
[2025-07-13 23:59:02] [INFO] ✅ Task task_1_2 concluída com sucesso
[2025-07-13 23:59:08] [INFO] 🚀 Iniciando Task 1.2: Proteção Anti-Debug
[2025-07-13 23:59:08] [INFO] 🔍 Implementando detecção de debuggers...
[2025-07-13 23:59:08] [INFO]    Debugger detectado: False
[2025-07-13 23:59:08] [INFO] ✅ Checkpoint completo: Implementar checksum do executável
[2025-07-13 23:59:08] [INFO] ⏱️ Adicionando verificações de tempo...
[2025-07-13 23:59:08] [INFO]    Tempo de execução normal: 0.102s
[2025-07-13 23:59:08] [INFO] ✅ Checkpoint completo: Verificar integridade de arquivos críticos
[2025-07-13 23:59:08] [INFO] 🛠️ Implementando detecção de ferramentas...
[2025-07-13 23:59:09] [INFO]    ✅ Nenhuma ferramenta suspeita detectada
[2025-07-13 23:59:09] [INFO] ✅ Checkpoint completo: Adicionar validação de assinatura digital
[2025-07-13 23:59:09] [INFO] 🧪 Testando em ambiente controlado...
[2025-07-13 23:59:09] [INFO]    ✅ Ambiente físico detectado
[2025-07-13 23:59:09] [INFO] ✅ Checkpoint completo: Testar detecção de modificações
[2025-07-13 23:59:09] [INFO] 🔄 Movido para: fase_1 - task_1_4
[2025-07-13 23:59:09] [INFO] ✅ Task task_1_2 concluída com sucesso
[2025-07-14 00:00:08] [INFO] 🚀 Iniciando Task 1.3: Validação de Integridade
[2025-07-14 00:00:08] [INFO] 🔐 Implementando checksum do executável...
[2025-07-14 00:00:08] [INFO]    Hash do arquivo: c5c1a82e126f49e2...
[2025-07-14 00:00:08] [INFO]    ✅ Checksum salvo para verificação
[2025-07-14 00:00:08] [INFO] ✅ Checkpoint completo: Implementar ofuscação de bytecode
[2025-07-14 00:00:08] [INFO] 📁 Verificando integridade de arquivos críticos...
[2025-07-14 00:00:08] [INFO]    ✅ credit_system.py: 22835 bytes
[2025-07-14 00:00:08] [INFO]    ✅ fundo_analyzer.py: 13610 bytes
[2025-07-14 00:00:08] [INFO]    ✅ security_utils.py: 33699 bytes
[2025-07-14 00:00:08] [INFO]    ✅ integrity_checker.py: 14094 bytes
[2025-07-14 00:00:08] [INFO]    Arquivos críticos: 4/4 OK
[2025-07-14 00:00:08] [INFO] ✅ Checkpoint completo: Adicionar proteção contra engenharia reversa
[2025-07-14 00:00:08] [INFO] ✍️ Adicionando validação de assinatura digital...
[2025-07-14 00:00:08] [INFO]    ✅ Assinatura digital criada
[2025-07-14 00:00:08] [INFO] ✅ Checkpoint completo: Implementar self-modifying code
[2025-07-14 00:00:08] [INFO] 🧪 Testando detecção de modificações...
[2025-07-14 00:00:08] [INFO]    ✅ Detecção de modificação funcionando
[2025-07-14 00:00:08] [INFO] ✅ Checkpoint completo: Testar resistência a análise estática
[2025-07-14 00:00:08] [INFO] 🔄 Movido para: fase_2 - task_2_1
[2025-07-14 00:00:08] [INFO] ✅ Task task_1_3 concluída com sucesso
[2025-07-14 00:00:11] [INFO] 🚀 Iniciando Task 1.4: Proteção de Executável
[2025-07-14 00:00:11] [INFO] 🔐 Implementando ofuscação de bytecode...
[2025-07-14 00:00:11] [INFO]    Bytecode original: 108 bytes
[2025-07-14 00:00:11] [INFO]    Bytecode ofuscado: 112 bytes
[2025-07-14 00:00:11] [INFO]    ✅ Ofuscação de bytecode implementada
[2025-07-14 00:00:11] [INFO] ✅ Checkpoint completo: Criar API REST própria
[2025-07-14 00:00:11] [INFO] 🛡️ Adicionando proteção contra engenharia reversa...
[2025-07-14 00:00:11] [INFO]    ✅ Proteção contra engenharia reversa criada
[2025-07-14 00:00:11] [INFO] ✅ Checkpoint completo: Implementar cálculo de área server-side
[2025-07-14 00:00:11] [INFO] 🔄 Implementando self-modifying code...
[2025-07-14 00:00:11] [INFO]    ✅ Self-modifying code implementado
[2025-07-14 00:00:11] [INFO] ✅ Checkpoint completo: Adicionar validação de dados robusta
[2025-07-14 00:00:11] [INFO] 🧪 Testando resistência a análise estática...
[2025-07-14 00:00:11] [INFO]    ✅ anti_reverse.py: 1067 bytes
[2025-07-14 00:00:11] [INFO]    ✅ self_modifying.py: 796 bytes
[2025-07-14 00:00:11] [INFO]    ✅ file_integrity.json: 226 bytes
[2025-07-14 00:00:11] [INFO]    ✅ digital_signature.json: 182 bytes
[2025-07-14 00:00:11] [INFO]    Arquivos de proteção: 4/4 criados
[2025-07-14 00:00:11] [INFO]    ✅ Ofuscação: https://script.googl...
[2025-07-14 00:00:11] [INFO]    ✅ Ofuscação: FundoAnalyzer - Sist...
[2025-07-14 00:00:11] [INFO]    ✅ Ofuscação: credit_system.py...
[2025-07-14 00:00:11] [INFO] ✅ Checkpoint completo: Implementar logs de auditoria
[2025-07-14 00:00:11] [INFO] 🔄 Movido para: fase_2 - task_2_2
[2025-07-14 00:00:11] [INFO] ✅ Task task_1_4 concluída com sucesso
