[BUG]: out of license

## Command Line
C:\Users\Ryzen\AppData\Local\Programs\Python\Python312\Scripts\pyarmor gen --output obfuscated viga_analyzer_v2.py robo_laterais_viga_pyside.py licensing_service_v2.py login_dialog.py gerador_script_viga.py gerador_script_combinados.py Ordenador_VIGA.py Combinador_VIGA.py preview_combinacao.py preview_principal.py

## Environments
Python 3.12.1
Pyarmor 9.2.3 (trial), 000000, non-profits
Platform windows.x86_64
Native windows.amd64
Home C:\Users\Ryzen\.pyarmor

## Traceback
Traceback (most recent call last):
  File "C:\Users\Ryzen\AppData\Local\Programs\Python\Python312\Lib\site-packages\pyarmor\cli\__main__.py", line 796, in main
    main_entry(sys.argv[1:])
  File "C:\Users\Ryzen\AppData\Local\Programs\Python\Python312\Lib\site-packages\pyarmor\cli\__main__.py", line 789, in main_entry
    return args.func(ctx, args)
           ^^^^^^^^^^^^^^^^^^^^
  File "C:\Users\Ryzen\AppData\Local\Programs\Python\Python312\Lib\site-packages\pyarmor\cli\__main__.py", line 248, in cmd_gen
    builder.process(options)
  File "C:\Users\Ryzen\AppData\Local\Programs\Python\Python312\Lib\site-packages\pyarmor\cli\generate.py", line 188, in process
    self._obfuscate_scripts()
  File "C:\Users\Ryzen\AppData\Local\Programs\Python\Python312\Lib\site-packages\pyarmor\cli\generate.py", line 144, in _obfuscate_scripts
    code = Pytransform3.generate_obfuscated_script(self.ctx, r)
           ^^^^^^^^^^^^^^^^^^^^^^^^^^^^^^^^^^^^^^^^^^^^^^^^^^^^
  File "C:\Users\Ryzen\AppData\Local\Programs\Python\Python312\Lib\site-packages\pyarmor\cli\core\__init__.py", line 95, in generate_obfuscated_script
    return m.generate_obfuscated_script(ctx, res)
           ^^^^^^^^^^^^^^^^^^^^^^^^^^^^^^^^^^^^^^
  File "<maker>", line 728, in generate_obfuscated_script
  File "C:\Users\Ryzen\AppData\Local\Programs\Python\Python312\Lib\site-packages\pyarmor\cli\__init__.py", line 16, in process
    return meth(self, res, *args, **kwargs)
           ^^^^^^^^^^^^^^^^^^^^^^^^^^^^^^^^
  File "<maker>", line 553, in process
  File "<maker>", line 559, in coserialize
  File "<maker>", line 609, in _build_ast_body
RuntimeError: out of license


