2025-07-24 01:12:37,616 - INFO - AplicańŃo inicializada com sucesso
2025-07-24 01:12:53,907 - INFO - AplicańŃo inicializada com sucesso
2025-07-24 01:13:11,506 - INFO - AplicańŃo inicializada com sucesso
2025-07-24 01:17:35,475 - INFO - AplicańŃo inicializada com sucesso
2025-07-24 01:24:23,694 - INFO - AplicańŃo inicializada com sucesso
2025-07-24 14:54:26,102 - INFO - Binds configurados para todos os locks
2025-07-24 14:54:26,115 - INFO - Carregando configurań§es de layers...
2025-07-24 14:54:26,126 - INFO - Carregando configurań§es de blocos...
2025-07-24 14:54:26,138 - INFO - Configurań§es carregadas com sucesso!
2025-07-24 16:26:12,230 - INFO - Binds configurados para todos os locks
2025-07-24 16:26:12,236 - INFO - Carregando configurań§es de layers...
2025-07-24 16:26:12,240 - INFO - Carregando configurań§es de blocos...
2025-07-24 16:26:12,245 - INFO - Configurań§es carregadas com sucesso!
2025-07-24 17:03:37,465 - INFO - Binds configurados para todos os locks
2025-07-24 17:03:37,472 - INFO - Carregando configurań§es de layers...
2025-07-24 17:03:37,476 - INFO - Carregando configurań§es de blocos...
2025-07-24 17:03:37,480 - INFO - Configurań§es carregadas com sucesso!
2025-07-24 17:08:32,826 - INFO - Binds configurados para todos os locks
2025-07-24 17:08:32,835 - INFO - Carregando configurań§es de layers...
2025-07-24 17:08:32,847 - INFO - Carregando configurań§es de blocos...
2025-07-24 17:08:32,852 - INFO - Configurań§es carregadas com sucesso!
2025-07-24 17:23:42,384 - INFO - Binds configurados para todos os locks
2025-07-24 17:23:42,390 - INFO - Carregando configurań§es de layers...
2025-07-24 17:23:42,394 - INFO - Carregando configurań§es de blocos...
2025-07-24 17:23:42,400 - INFO - Configurań§es carregadas com sucesso!
2025-07-24 17:23:51,589 - INFO - Carregando configurań§es de layers...
2025-07-24 17:23:51,593 - INFO - Carregando configurań§es de blocos...
2025-07-24 17:23:51,597 - INFO - Carregando opń§es de desenho...
2025-07-24 17:23:51,601 - INFO - Configurań§es carregadas com sucesso!
2025-07-24 17:23:54,901 - INFO - Binds configurados para todos os locks
2025-07-24 17:23:54,906 - INFO - Carregando configurań§es de layers...
2025-07-24 17:23:54,910 - INFO - Carregando configurań§es de blocos...
2025-07-24 17:23:54,915 - INFO - Carregando opń§es de desenho...
2025-07-24 17:23:54,920 - INFO - Configurań§es carregadas com sucesso!
2025-07-24 19:13:52,288 - INFO - Binds configurados para todos os locks
2025-07-24 19:13:52,294 - INFO - Carregando configurań§es de layers...
2025-07-24 19:13:52,298 - INFO - Carregando configurań§es de blocos...
2025-07-24 19:13:52,302 - INFO - Carregando opń§es de desenho...
2025-07-24 19:13:52,304 - INFO - Configurań§es carregadas com sucesso!
2025-07-24 19:14:00,657 - INFO - Carregando configurań§es de layers...
2025-07-24 19:14:00,657 - INFO - Carregando configurań§es de blocos...
2025-07-24 19:14:00,674 - INFO - Carregando opń§es de desenho...
2025-07-24 19:14:00,674 - INFO - Configurań§es carregadas com sucesso!
2025-07-25 13:08:02,784 - INFO - Binds configurados para todos os locks
2025-07-25 13:08:02,790 - INFO - Carregando configurań§es de layers...
2025-07-25 13:08:02,794 - INFO - Carregando configurań§es de blocos...
2025-07-25 13:08:02,798 - INFO - Carregando opń§es de desenho...
2025-07-25 13:08:02,802 - INFO - Configurań§es carregadas com sucesso!
2025-07-25 15:13:12,529 - INFO - Binds configurados para todos os locks
2025-07-25 15:13:12,552 - INFO - Carregando configurań§es de layers...
2025-07-25 15:13:12,561 - INFO - Carregando configurań§es de blocos...
2025-07-25 15:13:12,566 - INFO - Carregando opń§es de desenho...
2025-07-25 15:13:12,576 - INFO - Configurań§es carregadas com sucesso!
2025-09-26 20:53:34,688 - INFO - Binds configurados para todos os locks
2025-09-26 20:53:34,694 - INFO - Carregando configurań§es de layers...
2025-09-26 20:53:34,703 - INFO - Carregando configurań§es de blocos...
2025-09-26 20:53:34,707 - INFO - Carregando opń§es de desenho...
2025-09-26 20:53:34,710 - INFO - Configurań§es carregadas com sucesso!
2025-09-26 20:53:37,702 - INFO - Binds configurados para todos os locks
2025-09-26 20:53:37,707 - INFO - Carregando configurań§es de layers...
2025-09-26 20:53:37,711 - INFO - Carregando configurań§es de blocos...
2025-09-26 20:53:37,715 - INFO - Carregando opń§es de desenho...
2025-09-26 20:53:37,719 - INFO - Configurań§es carregadas com sucesso!
2025-09-28 21:28:58,597 - INFO - Binds configurados para todos os locks
2025-09-28 21:28:58,607 - INFO - Carregando configurań§es de layers...
2025-09-28 21:28:58,611 - INFO - Configurań§es carregadas com sucesso!
2025-09-28 21:29:32,008 - INFO - Carregando configurań§es de layers...
2025-09-28 21:29:32,012 - INFO - Carregando configurań§es de blocos...
2025-09-28 21:29:32,019 - INFO - Carregando opń§es de desenho...
2025-09-28 21:29:32,022 - INFO - Configurań§es carregadas com sucesso!
2025-09-28 21:29:47,126 - INFO - Binds configurados para todos os locks
2025-09-28 21:29:47,130 - INFO - Carregando configurań§es de layers...
2025-09-28 21:29:47,135 - INFO - Carregando configurań§es de blocos...
2025-09-28 21:29:47,138 - INFO - Carregando opń§es de desenho...
2025-09-28 21:29:47,142 - INFO - Configurań§es carregadas com sucesso!
2025-09-28 21:29:56,893 - INFO - Carregando configurań§es de layers...
2025-09-28 21:29:56,898 - INFO - Carregando configurań§es de blocos...
2025-09-28 21:29:56,902 - INFO - Carregando opń§es de desenho...
2025-09-28 21:29:56,905 - INFO - Configurań§es carregadas com sucesso!
2025-09-28 21:30:00,530 - INFO - Binds configurados para todos os locks
2025-09-28 21:30:00,534 - INFO - Carregando configurań§es de layers...
2025-09-28 21:30:00,538 - INFO - Carregando configurań§es de blocos...
2025-09-28 21:30:00,542 - INFO - Carregando opń§es de desenho...
2025-09-28 21:30:00,546 - INFO - Configurań§es carregadas com sucesso!
2025-09-28 21:30:15,085 - INFO - Carregando configurań§es de layers...
2025-09-28 21:30:15,089 - INFO - Carregando configurań§es de blocos...
2025-09-28 21:30:15,093 - INFO - Carregando opń§es de desenho...
2025-09-28 21:30:15,096 - INFO - Configurań§es carregadas com sucesso!
2025-09-28 21:30:44,612 - INFO - Binds configurados para todos os locks
2025-09-28 21:30:44,617 - INFO - Carregando configurań§es de layers...
2025-09-28 21:30:44,621 - INFO - Carregando configurań§es de blocos...
2025-09-28 21:30:44,625 - INFO - Carregando opń§es de desenho...
2025-09-28 21:30:44,630 - INFO - Configurań§es carregadas com sucesso!
2025-09-28 21:37:30,743 - INFO - Binds configurados para todos os locks
2025-09-28 21:37:30,750 - INFO - Carregando configurań§es de layers...
2025-09-28 21:37:30,754 - INFO - Configurań§es carregadas com sucesso!
2025-09-28 21:37:41,581 - INFO - Carregando configurań§es de layers...
2025-09-28 21:37:41,585 - INFO - Carregando configurań§es de blocos...
2025-09-28 21:37:41,588 - INFO - Carregando opń§es de desenho...
2025-09-28 21:37:41,596 - INFO - Configurań§es carregadas com sucesso!
2025-09-29 14:03:12,388 - INFO - Binds configurados para todos os locks
2025-09-29 14:03:12,393 - INFO - Carregando configurań§es de layers...
2025-09-29 14:03:12,397 - INFO - Carregando configurań§es de blocos...
2025-09-29 14:03:12,400 - INFO - Carregando opń§es de desenho...
2025-09-29 14:03:12,406 - INFO - Configurań§es carregadas com sucesso!
2025-09-29 14:03:17,819 - INFO - Binds configurados para todos os locks
2025-09-29 14:03:17,823 - INFO - Carregando configurań§es de layers...
2025-09-29 14:03:17,831 - INFO - Carregando configurań§es de blocos...
2025-09-29 14:03:17,836 - INFO - Carregando opń§es de desenho...
2025-09-29 14:03:17,843 - INFO - Configurań§es carregadas com sucesso!
2025-09-29 14:03:26,161 - INFO - Carregando configurań§es de layers...
2025-09-29 14:03:26,168 - INFO - Carregando configurań§es de blocos...
2025-09-29 14:03:26,172 - INFO - Carregando opń§es de desenho...
2025-09-29 14:03:26,175 - INFO - Configurań§es carregadas com sucesso!
2025-09-29 14:04:00,579 - INFO - Binds configurados para todos os locks
2025-09-29 14:04:00,586 - INFO - Carregando configurań§es de layers...
2025-09-29 14:04:00,590 - INFO - Carregando configurań§es de blocos...
2025-09-29 14:04:00,593 - INFO - Carregando opń§es de desenho...
2025-09-29 14:04:00,598 - INFO - Configurań§es carregadas com sucesso!
2025-09-29 14:04:06,781 - INFO - Binds configurados para todos os locks
2025-09-29 14:04:06,785 - INFO - Carregando configurań§es de layers...
2025-09-29 14:04:06,790 - INFO - Carregando configurań§es de blocos...
2025-09-29 14:04:06,794 - INFO - Carregando opń§es de desenho...
2025-09-29 14:04:06,797 - INFO - Configurań§es carregadas com sucesso!
2025-09-29 14:10:06,433 - INFO - Binds configurados para todos os locks
2025-09-29 14:10:06,437 - INFO - Carregando configurań§es de layers...
2025-09-29 14:10:06,441 - INFO - Carregando configurań§es de blocos...
2025-09-29 14:10:06,445 - INFO - Carregando opń§es de desenho...
2025-09-29 14:10:06,449 - INFO - Configurań§es carregadas com sucesso!
2025-09-29 14:10:34,120 - INFO - Carregando configurań§es de layers...
2025-09-29 14:10:34,124 - INFO - Carregando configurań§es de blocos...
2025-09-29 14:10:34,127 - INFO - Carregando opń§es de desenho...
2025-09-29 14:10:34,133 - INFO - Configurań§es carregadas com sucesso!
2025-09-29 14:13:56,151 - INFO - Binds configurados para todos os locks
2025-09-29 14:13:56,158 - INFO - Carregando configurań§es de layers...
2025-09-29 14:13:56,163 - INFO - Carregando configurań§es de blocos...
2025-09-29 14:13:56,166 - INFO - Carregando opń§es de desenho...
2025-09-29 14:13:56,170 - INFO - Configurań§es carregadas com sucesso!
2025-09-29 14:14:02,672 - INFO - Carregando configurań§es de layers...
2025-09-29 14:14:02,677 - INFO - Carregando configurań§es de blocos...
2025-09-29 14:14:02,680 - INFO - Carregando opń§es de desenho...
2025-09-29 14:14:02,684 - INFO - Configurań§es carregadas com sucesso!
2025-09-29 14:14:07,106 - INFO - Binds configurados para todos os locks
2025-09-29 14:14:07,111 - INFO - Carregando configurań§es de layers...
2025-09-29 14:14:07,117 - INFO - Carregando configurań§es de blocos...
2025-09-29 14:14:07,121 - INFO - Carregando opń§es de desenho...
2025-09-29 14:14:07,125 - INFO - Configurań§es carregadas com sucesso!
2025-09-29 14:14:43,465 - INFO - Carregando configurań§es de layers...
2025-09-29 14:14:43,469 - INFO - Carregando configurań§es de blocos...
2025-09-29 14:14:43,473 - INFO - Carregando opń§es de desenho...
2025-09-29 14:14:43,477 - INFO - Configurań§es carregadas com sucesso!
2025-09-29 14:16:50,124 - INFO - Binds configurados para todos os locks
2025-09-29 14:16:50,151 - INFO - Carregando configurań§es de layers...
2025-09-29 14:16:50,177 - INFO - Carregando configurań§es de blocos...
2025-09-29 14:16:50,198 - INFO - Carregando opń§es de desenho...
2025-09-29 14:16:50,218 - INFO - Configurań§es carregadas com sucesso!
2025-09-29 14:17:00,577 - INFO - Carregando configurań§es de layers...
2025-09-29 14:17:00,588 - INFO - Carregando configurań§es de blocos...
2025-09-29 14:17:00,596 - INFO - Carregando opń§es de desenho...
2025-09-29 14:17:00,605 - INFO - Configurań§es carregadas com sucesso!
2025-09-29 14:35:40,222 - INFO - Binds configurados para todos os locks
2025-09-29 14:35:40,228 - INFO - Carregando configurań§es de layers...
2025-09-29 14:35:40,233 - INFO - Carregando configurań§es de blocos...
2025-09-29 14:35:40,237 - INFO - Carregando opń§es de desenho...
2025-09-29 14:35:40,240 - INFO - Configurań§es carregadas com sucesso!
2025-09-29 14:45:12,026 - INFO - Binds configurados para todos os locks
2025-09-29 14:45:12,032 - INFO - Carregando configurań§es de layers...
2025-09-29 14:45:12,036 - INFO - Carregando configurań§es de blocos...
2025-09-29 14:45:12,040 - INFO - Carregando opń§es de desenho...
2025-09-29 14:45:12,044 - INFO - Configurań§es carregadas com sucesso!
2025-09-29 14:47:09,670 - INFO - Binds configurados para todos os locks
2025-09-29 14:47:09,675 - INFO - Carregando configurań§es de layers...
2025-09-29 14:47:09,679 - INFO - Carregando configurań§es de blocos...
2025-09-29 14:47:09,684 - INFO - Carregando opń§es de desenho...
2025-09-29 14:47:09,688 - INFO - Configurań§es carregadas com sucesso!
2025-09-29 14:56:53,712 - INFO - Binds configurados para todos os locks
2025-09-29 14:56:53,719 - INFO - Carregando configurań§es de layers...
2025-09-29 14:56:53,725 - INFO - Carregando configurań§es de blocos...
2025-09-29 14:56:53,728 - INFO - Carregando opń§es de desenho...
2025-09-29 14:56:53,732 - INFO - Configurań§es carregadas com sucesso!
2025-09-29 15:03:24,604 - INFO - Binds configurados para todos os locks
2025-09-29 15:03:24,611 - INFO - Carregando configurań§es de layers...
2025-09-29 15:03:24,615 - INFO - Carregando configurań§es de blocos...
2025-09-29 15:03:24,618 - INFO - Carregando opń§es de desenho...
2025-09-29 15:03:24,622 - INFO - Configurań§es carregadas com sucesso!
2025-09-29 15:04:42,784 - INFO - Carregando configurań§es de layers...
2025-09-29 15:04:42,788 - INFO - Carregando configurań§es de blocos...
2025-09-29 15:04:42,793 - INFO - Carregando opń§es de desenho...
2025-09-29 15:04:42,797 - INFO - Configurań§es carregadas com sucesso!
2025-10-08 02:56:50,102 - INFO - Binds configurados para todos os locks
2025-10-08 02:56:50,110 - INFO - Carregando configurań§es de layers...
2025-10-08 02:56:50,115 - INFO - Carregando configurań§es de blocos...
2025-10-08 02:56:50,118 - INFO - Carregando opń§es de desenho...
2025-10-08 02:56:50,123 - INFO - Configurań§es carregadas com sucesso!
2025-10-08 02:57:33,176 - INFO - Carregando configurań§es de layers...
2025-10-08 02:57:33,180 - INFO - Carregando configurań§es de blocos...
2025-10-08 02:57:33,183 - INFO - Carregando opń§es de desenho...
2025-10-08 02:57:33,191 - INFO - Configurań§es carregadas com sucesso!
2025-10-10 18:49:17,756 - INFO - Binds configurados para todos os locks
2025-10-10 18:49:17,760 - INFO - Carregando configurań§es de layers...
2025-10-10 18:49:17,765 - INFO - Carregando configurań§es de blocos...
2025-10-10 18:49:17,770 - INFO - Carregando opń§es de desenho...
2025-10-10 18:49:17,770 - INFO - Configurań§es carregadas com sucesso!
2025-10-10 18:49:27,966 - INFO - Carregando configurań§es de layers...
2025-10-10 18:49:27,982 - INFO - Carregando configurań§es de blocos...
2025-10-10 18:49:27,982 - INFO - Carregando opń§es de desenho...
2025-10-10 18:49:27,997 - INFO - Configurań§es carregadas com sucesso!
2025-10-12 01:04:28,451 - INFO - Binds configurados para todos os locks
2025-10-12 01:04:28,470 - INFO - Carregando configurań§es de layers...
2025-10-12 01:04:28,475 - INFO - Carregando configurań§es de blocos...
2025-10-12 01:04:28,480 - INFO - Carregando opń§es de desenho...
2025-10-12 01:04:28,486 - INFO - Configurań§es carregadas com sucesso!
2025-10-12 01:04:45,130 - INFO - Carregando configurań§es de layers...
2025-10-12 01:04:45,137 - INFO - Carregando configurań§es de blocos...
2025-10-12 01:04:45,141 - INFO - Carregando opń§es de desenho...
2025-10-12 01:04:45,145 - INFO - Configurań§es carregadas com sucesso!
2025-10-12 01:18:28,721 - INFO - Binds configurados para todos os locks
2025-10-12 01:18:28,735 - INFO - Carregando configurań§es de layers...
2025-10-12 01:18:28,746 - INFO - Carregando configurań§es de blocos...
2025-10-12 01:18:28,753 - INFO - Carregando opń§es de desenho...
2025-10-12 01:18:28,762 - INFO - Configurań§es carregadas com sucesso!
2025-10-12 01:19:47,635 - INFO - Binds configurados para todos os locks
2025-10-12 01:19:47,650 - INFO - Carregando configurań§es de layers...
2025-10-12 01:19:47,670 - INFO - Carregando configurań§es de blocos...
2025-10-12 01:19:47,682 - INFO - Carregando opń§es de desenho...
2025-10-12 01:19:47,697 - INFO - Configurań§es carregadas com sucesso!
2025-10-12 01:22:29,164 - INFO - Binds configurados para todos os locks
2025-10-12 01:22:29,174 - INFO - Carregando configurań§es de layers...
2025-10-12 01:22:29,181 - INFO - Carregando configurań§es de blocos...
2025-10-12 01:22:29,187 - INFO - Carregando opń§es de desenho...
2025-10-12 01:22:29,194 - INFO - Configurań§es carregadas com sucesso!
2025-10-12 01:22:41,376 - INFO - Carregando configurań§es de layers...
2025-10-12 01:22:41,385 - INFO - Carregando configurań§es de blocos...
2025-10-12 01:22:41,394 - INFO - Carregando opń§es de desenho...
2025-10-12 01:22:41,409 - INFO - Configurań§es carregadas com sucesso!
2025-10-12 01:24:24,343 - INFO - Binds configurados para todos os locks
2025-10-12 01:24:24,365 - INFO - Carregando configurań§es de layers...
2025-10-12 01:24:24,375 - INFO - Carregando configurań§es de blocos...
2025-10-12 01:24:24,383 - INFO - Carregando opń§es de desenho...
2025-10-12 01:24:24,392 - INFO - Configurań§es carregadas com sucesso!
2025-10-15 14:21:44,227 - INFO - Binds configurados para todos os locks
2025-10-15 14:21:44,233 - INFO - Carregando configurań§es de layers...
2025-10-15 14:21:44,238 - INFO - Carregando configurań§es de blocos...
2025-10-15 14:21:44,241 - INFO - Carregando opń§es de desenho...
2025-10-15 14:21:44,245 - INFO - Configurań§es carregadas com sucesso!
2025-10-15 14:22:07,802 - INFO - Carregando configurań§es de layers...
2025-10-15 14:22:07,806 - INFO - Carregando configurań§es de blocos...
2025-10-15 14:22:07,809 - INFO - Carregando opń§es de desenho...
2025-10-15 14:22:07,814 - INFO - Configurań§es carregadas com sucesso!
2025-10-15 16:03:57,336 - INFO - Binds configurados para todos os locks
2025-10-15 16:03:57,344 - INFO - Carregando configurań§es de layers...
2025-10-15 16:03:57,352 - INFO - Carregando configurań§es de blocos...
2025-10-15 16:03:57,358 - INFO - Carregando opń§es de desenho...
2025-10-15 16:03:57,364 - INFO - Configurań§es carregadas com sucesso!
2025-10-15 16:04:57,551 - INFO - Binds configurados para todos os locks
2025-10-15 16:04:57,572 - INFO - Carregando configurań§es de layers...
2025-10-15 16:04:57,588 - INFO - Carregando configurań§es de blocos...
2025-10-15 16:04:57,605 - INFO - Carregando opń§es de desenho...
2025-10-15 16:04:57,624 - INFO - Configurań§es carregadas com sucesso!
2025-10-15 16:05:13,802 - INFO - Carregando configurań§es de layers...
2025-10-15 16:05:13,812 - INFO - Carregando configurań§es de blocos...
2025-10-15 16:05:13,822 - INFO - Carregando opń§es de desenho...
2025-10-15 16:05:13,832 - INFO - Configurań§es carregadas com sucesso!
2025-10-15 16:05:30,262 - INFO - Binds configurados para todos os locks
2025-10-15 16:05:30,265 - INFO - Binds configurados para todos os locks
2025-10-15 16:05:30,284 - INFO - Carregando configurań§es de layers...
2025-10-15 16:05:30,289 - INFO - Carregando configurań§es de layers...
2025-10-15 16:05:30,309 - INFO - Carregando configurań§es de blocos...
2025-10-15 16:05:30,313 - INFO - Carregando configurań§es de blocos...
2025-10-15 16:05:30,329 - INFO - Carregando opń§es de desenho...
2025-10-15 16:05:30,332 - INFO - Carregando opń§es de desenho...
2025-10-15 16:05:30,351 - INFO - Configurań§es carregadas com sucesso!
2025-10-15 16:05:30,354 - INFO - Configurań§es carregadas com sucesso!
2025-10-15 16:05:50,403 - INFO - Carregando configurań§es de layers...
2025-10-15 16:05:50,407 - INFO - Carregando configurań§es de blocos...
2025-10-15 16:05:50,412 - INFO - Carregando opń§es de desenho...
2025-10-15 16:05:50,416 - INFO - Configurań§es carregadas com sucesso!
2025-10-15 17:48:36,617 - INFO - Binds configurados para todos os locks
2025-10-15 17:48:36,623 - INFO - Carregando configurań§es de layers...
2025-10-15 17:48:36,628 - INFO - Carregando configurań§es de blocos...
2025-10-15 17:48:36,632 - INFO - Carregando opń§es de desenho...
2025-10-15 17:48:36,635 - INFO - Configurań§es carregadas com sucesso!
2025-10-15 17:48:54,584 - INFO - Binds configurados para todos os locks
2025-10-15 17:48:54,590 - INFO - Carregando configurań§es de layers...
2025-10-15 17:48:54,594 - INFO - Carregando configurań§es de blocos...
2025-10-15 17:48:54,597 - INFO - Carregando opń§es de desenho...
2025-10-15 17:48:54,601 - INFO - Configurań§es carregadas com sucesso!
2025-10-15 17:59:10,107 - INFO - Binds configurados para todos os locks
2025-10-15 17:59:10,114 - INFO - Carregando configurań§es de layers...
2025-10-15 17:59:10,161 - INFO - Carregando configurań§es de blocos...
2025-10-15 17:59:10,166 - INFO - Carregando opń§es de desenho...
2025-10-15 17:59:10,171 - INFO - Configurań§es carregadas com sucesso!
2025-10-15 17:59:22,317 - INFO - Binds configurados para todos os locks
2025-10-15 17:59:22,322 - INFO - Carregando configurań§es de layers...
2025-10-15 17:59:22,326 - INFO - Carregando configurań§es de blocos...
2025-10-15 17:59:22,330 - INFO - Carregando opń§es de desenho...
2025-10-15 17:59:22,334 - INFO - Configurań§es carregadas com sucesso!
2025-10-15 17:59:35,504 - INFO - Binds configurados para todos os locks
2025-10-15 17:59:35,508 - INFO - Carregando configurań§es de layers...
2025-10-15 17:59:35,513 - INFO - Carregando configurań§es de blocos...
2025-10-15 17:59:35,517 - INFO - Carregando opń§es de desenho...
2025-10-15 17:59:35,521 - INFO - Configurań§es carregadas com sucesso!
2025-10-15 18:48:55,010 - INFO - Binds configurados para todos os locks
2025-10-15 18:48:55,020 - INFO - Carregando configurań§es de layers...
2025-10-15 18:48:55,026 - INFO - Carregando configurań§es de blocos...
2025-10-15 18:48:55,033 - INFO - Carregando opń§es de desenho...
2025-10-15 18:48:55,037 - INFO - Configurań§es carregadas com sucesso!
2025-10-15 18:49:03,731 - INFO - Binds configurados para todos os locks
2025-10-15 18:49:03,737 - INFO - Carregando configurań§es de layers...
2025-10-15 18:49:03,741 - INFO - Carregando configurań§es de blocos...
2025-10-15 18:49:03,744 - INFO - Carregando opń§es de desenho...
2025-10-15 18:49:03,748 - INFO - Configurań§es carregadas com sucesso!
2025-10-15 18:55:42,223 - INFO - Binds configurados para todos os locks
2025-10-15 18:55:42,231 - INFO - Carregando configurań§es de layers...
2025-10-15 18:55:42,235 - INFO - Carregando configurań§es de blocos...
2025-10-15 18:55:42,239 - INFO - Carregando opń§es de desenho...
2025-10-15 18:55:42,243 - INFO - Configurań§es carregadas com sucesso!
2025-10-15 18:55:53,939 - INFO - Binds configurados para todos os locks
2025-10-15 18:55:53,947 - INFO - Carregando configurań§es de layers...
2025-10-15 18:55:53,953 - INFO - Carregando configurań§es de blocos...
2025-10-15 18:55:53,957 - INFO - Carregando opń§es de desenho...
2025-10-15 18:55:53,962 - INFO - Configurań§es carregadas com sucesso!
2025-10-15 19:01:20,258 - INFO - Binds configurados para todos os locks
2025-10-15 19:01:20,269 - INFO - Configurań§es carregadas com sucesso!
2025-10-15 19:23:48,390 - INFO - Binds configurados para todos os locks
2025-10-15 19:23:48,396 - INFO - Carregando configurań§es de layers...
2025-10-15 19:23:48,400 - INFO - Carregando configurań§es de blocos...
2025-10-15 19:23:48,404 - INFO - Carregando opń§es de desenho...
2025-10-15 19:23:48,408 - INFO - Configurań§es carregadas com sucesso!
2025-10-15 19:23:59,379 - INFO - Binds configurados para todos os locks
2025-10-15 19:23:59,385 - INFO - Carregando configurań§es de layers...
2025-10-15 19:23:59,389 - INFO - Carregando configurań§es de blocos...
2025-10-15 19:23:59,394 - INFO - Carregando opń§es de desenho...
2025-10-15 19:23:59,399 - INFO - Configurań§es carregadas com sucesso!
2025-10-27 19:21:25,596 - INFO - Binds configurados para todos os locks
2025-10-27 19:21:25,617 - INFO - Carregando configurań§es de layers...
2025-10-27 19:21:25,621 - INFO - Carregando configurań§es de blocos...
2025-10-27 19:21:25,625 - INFO - Carregando opń§es de desenho...
2025-10-27 19:21:25,629 - INFO - Configurań§es carregadas com sucesso!
