2025-09-13 12:34:18 | debug_main_system | INFO | Iniciando logs de depuração para main_system
2025-09-13 12:34:18 | debug_main_system | INFO | Arquivo de log: logs\depuracao\main_system_20250913_123418.log
2025-09-13 12:34:18 | debug_main_system | INFO | 
============================================================
2025-09-13 12:34:18 | debug_main_system | INFO | [SECTION] SISTEMA PRINCIPAL PILARANALYZER
2025-09-13 12:34:18 | debug_main_system | INFO | ============================================================
2025-09-13 12:34:18 | debug_main_system | INFO | [INFO] Data/Hora de início: 2025-09-13 12:34:18
2025-09-13 12:34:18 | debug_main_system | INFO | [INFO] Diretório atual: c:\Users\rvene\Desktop\PILARES-V-1.0\PILARES\src
2025-09-13 12:34:18 | debug_main_system | INFO | [INFO] Projeto root: c:\Users\rvene\Desktop\PILARES-V-1.0\PILARES
2025-09-13 12:34:18 | debug_main_system | INFO | 
----------------------------------------
2025-09-13 12:34:18 | debug_main_system | INFO | [SUBSECTION] IMPORTAÇÃO DO PILAR_ANALYZER
2025-09-13 12:34:18 | debug_main_system | INFO | ----------------------------------------
2025-09-13 12:34:18 | debug_main_system | INFO | [INFO] 🔄 Importando módulo core.pilar_analyzer...
2025-09-13 12:34:18 | debug_main_system | INFO | [INFO] ✅ Módulo pilar_analyzer importado com sucesso!
2025-09-13 12:34:18 | debug_main_system | INFO | 
----------------------------------------
2025-09-13 12:34:18 | debug_main_system | INFO | [SUBSECTION] EXECUÇÃO DO SISTEMA PRINCIPAL
2025-09-13 12:34:18 | debug_main_system | INFO | ----------------------------------------
2025-09-13 12:36:25 | debug_main_system | INFO | [INFO] ✅ Sistema principal executado com sucesso!
2025-09-13 12:36:25 | debug_main_system | INFO | ⏱️ Tempo total do sistema principal: 127.636s
2025-09-13 12:36:25 | debug_main_system | INFO | 
============================================================
2025-09-13 12:36:25 | debug_main_system | INFO | [SECTION] FINALIZAÇÃO DO SISTEMA PRINCIPAL
2025-09-13 12:36:25 | debug_main_system | INFO | ============================================================
2025-09-13 12:36:25 | debug_main_system | INFO | [INFO] 📅 Data/Hora de término: 2025-09-13 12:36:25
2025-09-13 12:36:25 | debug_main_system | INFO | [INFO] ✅ Sistema principal concluído com sucesso!
