2025-10-10 01:55:13 | debug_main_system | INFO | Iniciando logs de depuração para main_system
2025-10-10 01:55:13 | debug_main_system | INFO | Arquivo de log: logs\depuracao\main_system_20251010_015513.log
2025-10-10 01:55:13 | debug_main_system | INFO | 
============================================================
2025-10-10 01:55:13 | debug_main_system | INFO | 📋 SISTEMA PRINCIPAL PILARANALYZER
2025-10-10 01:55:13 | debug_main_system | INFO | ============================================================
2025-10-10 01:55:13 | debug_main_system | INFO | ℹ️ Data/Hora de início: 2025-10-10 01:55:13
2025-10-10 01:55:13 | debug_main_system | INFO | ℹ️ Diretório atual: c:\Users\rvene\Desktop\pilares-clean-final\src
2025-10-10 01:55:13 | debug_main_system | INFO | ℹ️ Projeto root: c:\Users\rvene\Desktop\pilares-clean-final
2025-10-10 01:55:13 | debug_main_system | INFO | 
----------------------------------------
2025-10-10 01:55:13 | debug_main_system | INFO | 📌 IMPORTAÇÃO DO PILAR_ANALYZER
2025-10-10 01:55:13 | debug_main_system | INFO | ----------------------------------------
2025-10-10 01:55:13 | debug_main_system | INFO | ℹ️ 🔄 Importando módulo core.pilar_analyzer...
2025-10-10 01:55:13 | debug_main_system | INFO | ℹ️ ✅ Módulo pilar_analyzer importado com sucesso!
2025-10-10 01:55:13 | debug_main_system | INFO | 
----------------------------------------
2025-10-10 01:55:13 | debug_main_system | INFO | 📌 EXECUÇÃO DO SISTEMA PRINCIPAL
2025-10-10 01:55:13 | debug_main_system | INFO | ----------------------------------------
2025-10-10 14:07:49 | debug_main_system | INFO | ℹ️ ✅ Sistema principal executado com sucesso!
2025-10-10 14:07:49 | debug_main_system | INFO | ⏱️ Tempo total do sistema principal: 43956.520s
2025-10-10 14:07:49 | debug_main_system | INFO | 
============================================================
2025-10-10 14:07:49 | debug_main_system | INFO | 📋 FINALIZAÇÃO DO SISTEMA PRINCIPAL
2025-10-10 14:07:49 | debug_main_system | INFO | ============================================================
2025-10-10 14:07:49 | debug_main_system | INFO | ℹ️ 📅 Data/Hora de término: 2025-10-10 14:07:49
2025-10-10 14:07:49 | debug_main_system | INFO | ℹ️ ✅ Sistema principal concluído com sucesso!
