2025-09-18 12:27:37 | debug_main_system | INFO | Iniciando logs de depuração para main_system
2025-09-18 12:27:37 | debug_main_system | INFO | Arquivo de log: logs\depuracao\main_system_20250918_122737.log
2025-09-18 12:27:37 | debug_main_system | INFO | 
============================================================
2025-09-18 12:27:37 | debug_main_system | INFO | 📋 SISTEMA PRINCIPAL PILARANALYZER
2025-09-18 12:27:37 | debug_main_system | INFO | ============================================================
2025-09-18 12:27:37 | debug_main_system | INFO | ℹ️ Data/Hora de início: 2025-09-18 12:27:37
2025-09-18 12:27:37 | debug_main_system | INFO | ℹ️ Diretório atual: C:\Users\rvene\Desktop\pilares-clean-final\src
2025-09-18 12:27:37 | debug_main_system | INFO | ℹ️ Projeto root: C:\Users\rvene\Desktop\pilares-clean-final
2025-09-18 12:27:37 | debug_main_system | INFO | 
----------------------------------------
2025-09-18 12:27:37 | debug_main_system | INFO | 📌 IMPORTAÇÃO DO PILAR_ANALYZER
2025-09-18 12:27:37 | debug_main_system | INFO | ----------------------------------------
2025-09-18 12:27:37 | debug_main_system | INFO | ℹ️ 🔄 Importando módulo core.pilar_analyzer...
2025-09-18 12:27:37 | debug_main_system | INFO | ℹ️ ✅ Módulo pilar_analyzer importado com sucesso!
2025-09-18 12:27:37 | debug_main_system | INFO | 
----------------------------------------
2025-09-18 12:27:37 | debug_main_system | INFO | 📌 EXECUÇÃO DO SISTEMA PRINCIPAL
2025-09-18 12:27:37 | debug_main_system | INFO | ----------------------------------------
2025-09-18 12:28:56 | debug_main_system | ERROR | ❌ Erro na execução: 'charmap' codec can't encode character '\u274c' in position 0: character maps to <undefined>
2025-09-18 12:28:56 | debug_main_system | ERROR | ❌ Traceback: Traceback (most recent call last):
  File "C:\Users\rvene\Desktop\pilares-clean-final\src\core\pilar_analyzer.py", line 886, in main
    print(f"❌ {error_msg}")
  File "C:\Users\rvene\AppData\Local\Programs\Python\Python310\lib\encodings\cp1252.py", line 19, in encode
    return codecs.charmap_encode(input,self.errors,encoding_table)[0]
UnicodeEncodeError: 'charmap' codec can't encode character '\u274c' in position 0: character maps to <undefined>

During handling of the above exception, another exception occurred:

Traceback (most recent call last):
  File "C:\Users\rvene\Desktop\pilares-clean-final\src\main.py", line 72, in main
    pilar_main()
  File "C:\Users\rvene\Desktop\pilares-clean-final\src\core\pilar_analyzer.py", line 934, in main
    print(f"❌ {error_msg}")
  File "C:\Users\rvene\AppData\Local\Programs\Python\Python310\lib\encodings\cp1252.py", line 19, in encode
    return codecs.charmap_encode(input,self.errors,encoding_table)[0]
UnicodeEncodeError: 'charmap' codec can't encode character '\u274c' in position 0: character maps to <undefined>

2025-09-18 12:28:56 | debug_main_system | INFO | ⏱️ Tempo total do sistema principal: 79.088s
2025-09-18 12:28:56 | debug_main_system | INFO | 
============================================================
2025-09-18 12:28:56 | debug_main_system | INFO | 📋 FINALIZAÇÃO DO SISTEMA PRINCIPAL
2025-09-18 12:28:56 | debug_main_system | INFO | ============================================================
2025-09-18 12:28:56 | debug_main_system | INFO | ℹ️ 📅 Data/Hora de término: 2025-09-18 12:28:56
