2025-10-11 15:27:21 | debug_pilar_analyzer | INFO | Iniciando logs de depuração para pilar_analyzer
2025-10-11 15:27:21 | debug_pilar_analyzer | INFO | Arquivo de log: logs\depuracao\pilar_analyzer_20251011_152721.log
2025-10-11 15:27:21 | debug_pilar_analyzer | INFO | 
============================================================
2025-10-11 15:27:21 | debug_pilar_analyzer | INFO | 📋 PILAR ANALYZER - SISTEMA PRINCIPAL
2025-10-11 15:27:21 | debug_pilar_analyzer | INFO | ============================================================
2025-10-11 15:27:21 | debug_pilar_analyzer | INFO | ℹ️ 📅 Data/Hora de início: 2025-10-11 15:27:21
2025-10-11 15:27:21 | debug_pilar_analyzer | INFO | ℹ️ 🚀 Iniciando PilarAnalyzer v3.0.0
2025-10-11 15:27:21 | debug_pilar_analyzer | INFO | ℹ️ 📁 Diretório atual: C:\Users\rvene\Desktop\pilares-clean-final\src\core
2025-10-11 15:27:21 | debug_pilar_analyzer | INFO | ℹ️ ✅ Paths configurados com sucesso
2025-10-11 15:27:21 | debug_pilar_analyzer | INFO | 
----------------------------------------
2025-10-11 15:27:21 | debug_pilar_analyzer | INFO | 📌 SISTEMA DE CRÉDITOS
2025-10-11 15:27:21 | debug_pilar_analyzer | INFO | ----------------------------------------
2025-10-11 15:27:21 | debug_pilar_analyzer | INFO | ℹ️ 🔄 Iniciando sistema de créditos...
2025-10-11 15:39:19 | debug_pilar_analyzer | WARNING | ⚠️ Sistema de créditos não ativado. Continuando sem créditos...
2025-10-11 15:39:20 | debug_pilar_analyzer | INFO | 
----------------------------------------
2025-10-11 15:39:20 | debug_pilar_analyzer | INFO | 📌 HUB CENTRAL DA INTERFACE
2025-10-11 15:39:20 | debug_pilar_analyzer | INFO | ----------------------------------------
2025-10-11 15:39:20 | debug_pilar_analyzer | INFO | ℹ️ Iniciando hub central da interface...
2025-10-11 15:39:20 | debug_pilar_analyzer | INFO | ℹ️ 📁 Procurando hub central em: C:\Users\rvene\Desktop\pilares-clean-final\src\utils\aa_corrigido copy 10.py
2025-10-11 15:39:20 | debug_pilar_analyzer | INFO | ℹ️ Hub central encontrado: C:\Users\rvene\Desktop\pilares-clean-final\src\utils\aa_corrigido copy 10.py
2025-10-11 15:39:20 | debug_pilar_analyzer | INFO | ℹ️ Executando hub central...
2025-10-11 15:39:24 | debug_pilar_analyzer | ERROR | ❌ Hub central retornou código de erro: 3221225786
