2025-11-03 15:10:19 | debug_pilar_analyzer | INFO | Iniciando logs de depuração para pilar_analyzer
2025-11-03 15:10:19 | debug_pilar_analyzer | INFO | Arquivo de log: logs\depuracao\pilar_analyzer_20251103_151019.log
2025-11-03 15:10:19 | debug_pilar_analyzer | INFO | 
============================================================
2025-11-03 15:10:19 | debug_pilar_analyzer | INFO | 📋 PILAR ANALYZER - SISTEMA PRINCIPAL
2025-11-03 15:10:19 | debug_pilar_analyzer | INFO | ============================================================
2025-11-03 15:10:19 | debug_pilar_analyzer | INFO | ℹ️ 📅 Data/Hora de início: 2025-11-03 15:10:19
2025-11-03 15:10:19 | debug_pilar_analyzer | INFO | ℹ️ 🚀 Iniciando PilarAnalyzer v3.0.0
2025-11-03 15:10:19 | debug_pilar_analyzer | INFO | ℹ️ 📁 Diretório atual: c:\Users\Ryzen\Desktop\GITHUB\pilares\pilares-atualizado-09-25\src\core
2025-11-03 15:10:19 | debug_pilar_analyzer | INFO | ℹ️ ✅ Paths configurados com sucesso
2025-11-03 15:10:19 | debug_pilar_analyzer | INFO | 
----------------------------------------
2025-11-03 15:10:19 | debug_pilar_analyzer | INFO | 📌 SISTEMA DE CRÉDITOS
2025-11-03 15:10:19 | debug_pilar_analyzer | INFO | ----------------------------------------
2025-11-03 15:10:19 | debug_pilar_analyzer | INFO | ℹ️ 🔄 Iniciando sistema de créditos...
2025-11-03 15:10:35 | debug_pilar_analyzer | INFO | ℹ️ Sistema de créditos ativado com sucesso!
2025-11-03 15:10:35 | debug_pilar_analyzer | INFO | 
----------------------------------------
2025-11-03 15:10:35 | debug_pilar_analyzer | INFO | 📌 INTERFACE PRINCIPAL
2025-11-03 15:10:35 | debug_pilar_analyzer | INFO | ----------------------------------------
2025-11-03 15:10:35 | debug_pilar_analyzer | INFO | ℹ️ Iniciando interface principal...
2025-11-03 15:10:35 | debug_pilar_analyzer | INFO | ℹ️ ✅ CreditManager definido globalmente
2025-11-03 15:10:38 | debug_pilar_analyzer | INFO | ℹ️ ✅ PilarAnalyzer importado (absoluto)
2025-11-03 15:10:38 | debug_pilar_analyzer | INFO | ℹ️ 🔄 Criando instância do PilarAnalyzer...
2025-11-03 15:10:43 | debug_pilar_analyzer | INFO | ℹ️ 🔄 Iniciando mainloop da aplicação principal...
2025-11-03 15:11:00 | debug_pilar_analyzer | INFO | ℹ️ ✅ Interface principal finalizada
2025-11-03 15:11:00 | debug_pilar_analyzer | INFO | ⏱️ Tempo total do PilarAnalyzer: 40.947s
2025-11-03 15:11:00 | debug_pilar_analyzer | INFO | 
============================================================
2025-11-03 15:11:00 | debug_pilar_analyzer | INFO | 📋 FINALIZAÇÃO DO PILAR ANALYZER
2025-11-03 15:11:00 | debug_pilar_analyzer | INFO | ============================================================
2025-11-03 15:11:00 | debug_pilar_analyzer | INFO | ℹ️ 📅 Data/Hora de término: 2025-11-03 15:11:00
2025-11-03 15:11:00 | debug_pilar_analyzer | INFO | ℹ️ ✅ PilarAnalyzer finalizado com sucesso!
