2025-09-13 12:11:57 | debug_pilar_analyzer | INFO | Iniciando logs de depuração para pilar_analyzer
2025-09-13 12:11:57 | debug_pilar_analyzer | INFO | Arquivo de log: logs\depuracao\pilar_analyzer_20250913_121157.log
2025-09-13 12:11:57 | debug_pilar_analyzer | INFO | 
============================================================
2025-09-13 12:11:57 | debug_pilar_analyzer | INFO | [SECTION] PILAR ANALYZER - SISTEMA PRINCIPAL
2025-09-13 12:11:57 | debug_pilar_analyzer | INFO | ============================================================
2025-09-13 12:11:57 | debug_pilar_analyzer | INFO | [INFO] 📅 Data/Hora de início: 2025-09-13 12:11:57
2025-09-13 12:11:57 | debug_pilar_analyzer | INFO | [INFO] 🚀 Iniciando PilarAnalyzer v3.0.0
2025-09-13 12:11:57 | debug_pilar_analyzer | INFO | [INFO] 📁 Diretório atual: C:\Users\rvene\Desktop\PILARES-V-1.0\PILARES\src\core
2025-09-13 12:11:57 | debug_pilar_analyzer | INFO | [INFO] ✅ Paths configurados com sucesso
2025-09-13 12:11:57 | debug_pilar_analyzer | INFO | 
----------------------------------------
2025-09-13 12:11:57 | debug_pilar_analyzer | INFO | [SUBSECTION] SISTEMA DE CRÉDITOS
2025-09-13 12:11:57 | debug_pilar_analyzer | INFO | ----------------------------------------
2025-09-13 12:11:57 | debug_pilar_analyzer | INFO | [INFO] 🔄 Iniciando sistema de créditos...
2025-09-13 12:12:09 | debug_pilar_analyzer | INFO | [INFO] Sistema de créditos ativado com sucesso!
2025-09-13 12:12:09 | debug_pilar_analyzer | INFO | 
----------------------------------------
2025-09-13 12:12:09 | debug_pilar_analyzer | INFO | [SUBSECTION] HUB CENTRAL DA INTERFACE
2025-09-13 12:12:09 | debug_pilar_analyzer | INFO | ----------------------------------------
2025-09-13 12:12:09 | debug_pilar_analyzer | INFO | [INFO] Iniciando hub central da interface...
2025-09-13 12:12:09 | debug_pilar_analyzer | INFO | [INFO] 📁 Procurando hub central em: C:\Users\rvene\Desktop\PILARES-V-1.0\PILARES\src\utils\aa_corrigido copy 10.py
2025-09-13 12:12:09 | debug_pilar_analyzer | INFO | [INFO] Hub central encontrado: C:\Users\rvene\Desktop\PILARES-V-1.0\PILARES\src\utils\aa_corrigido copy 10.py
2025-09-13 12:12:09 | debug_pilar_analyzer | INFO | [INFO] Executando hub central...
