2025-10-24 15:08:37 | debug_pilar_analyzer | INFO | Iniciando logs de depuração para pilar_analyzer
2025-10-24 15:08:37 | debug_pilar_analyzer | INFO | Arquivo de log: logs\depuracao\pilar_analyzer_20251024_150837.log
2025-10-24 15:08:37 | debug_pilar_analyzer | INFO | 
============================================================
2025-10-24 15:08:37 | debug_pilar_analyzer | INFO | 📋 PILAR ANALYZER - SISTEMA PRINCIPAL
2025-10-24 15:08:37 | debug_pilar_analyzer | INFO | ============================================================
2025-10-24 15:08:37 | debug_pilar_analyzer | INFO | ℹ️ 📅 Data/Hora de início: 2025-10-24 15:08:37
2025-10-24 15:08:37 | debug_pilar_analyzer | INFO | ℹ️ 🚀 Iniciando PilarAnalyzer v3.0.0
2025-10-24 15:08:37 | debug_pilar_analyzer | INFO | ℹ️ 📁 Diretório atual: C:\Users\Ryzen\Desktop\GITHUB\pilares\pilares-atualizado-09-25\src\core
2025-10-24 15:08:37 | debug_pilar_analyzer | INFO | ℹ️ ✅ Paths configurados com sucesso
2025-10-24 15:08:37 | debug_pilar_analyzer | INFO | 
----------------------------------------
2025-10-24 15:08:37 | debug_pilar_analyzer | INFO | 📌 SISTEMA DE CRÉDITOS
2025-10-24 15:08:37 | debug_pilar_analyzer | INFO | ----------------------------------------
2025-10-24 15:08:37 | debug_pilar_analyzer | INFO | ℹ️ 🔄 Iniciando sistema de créditos...
2025-10-24 15:08:40 | debug_pilar_analyzer | WARNING | ⚠️ Sistema de créditos não ativado. Continuando sem créditos...
2025-10-24 15:08:41 | debug_pilar_analyzer | INFO | 
----------------------------------------
2025-10-24 15:08:41 | debug_pilar_analyzer | INFO | 📌 HUB CENTRAL DA INTERFACE
2025-10-24 15:08:41 | debug_pilar_analyzer | INFO | ----------------------------------------
2025-10-24 15:08:41 | debug_pilar_analyzer | INFO | ℹ️ Iniciando hub central da interface...
2025-10-24 15:08:41 | debug_pilar_analyzer | INFO | ℹ️ 📁 Procurando hub central em: C:\Users\Ryzen\Desktop\GITHUB\pilares\pilares-atualizado-09-25\src\utils\aa_corrigido copy 10.py
2025-10-24 15:08:41 | debug_pilar_analyzer | INFO | ℹ️ Hub central encontrado: C:\Users\Ryzen\Desktop\GITHUB\pilares\pilares-atualizado-09-25\src\utils\aa_corrigido copy 10.py
2025-10-24 15:08:41 | debug_pilar_analyzer | INFO | ℹ️ Executando hub central...
2025-10-24 15:08:43 | debug_pilar_analyzer | ERROR | ❌ Hub central retornou código de erro: 3221225786
