2025-10-10 16:31:54 | debug_pilar_analyzer | INFO | Iniciando logs de depuração para pilar_analyzer
2025-10-10 16:31:54 | debug_pilar_analyzer | INFO | Arquivo de log: logs\depuracao\pilar_analyzer_20251010_163154.log
2025-10-10 16:31:54 | debug_pilar_analyzer | INFO | 
============================================================
2025-10-10 16:31:54 | debug_pilar_analyzer | INFO | 📋 PILAR ANALYZER - SISTEMA PRINCIPAL
2025-10-10 16:31:54 | debug_pilar_analyzer | INFO | ============================================================
2025-10-10 16:31:54 | debug_pilar_analyzer | INFO | ℹ️ 📅 Data/Hora de início: 2025-10-10 16:31:54
2025-10-10 16:31:54 | debug_pilar_analyzer | INFO | ℹ️ 🚀 Iniciando PilarAnalyzer v3.0.0
2025-10-10 16:31:54 | debug_pilar_analyzer | INFO | ℹ️ 📁 Diretório atual: C:\Users\rvene\Desktop\pilares-clean-final\src\core
2025-10-10 16:31:54 | debug_pilar_analyzer | INFO | ℹ️ ✅ Paths configurados com sucesso
2025-10-10 16:31:54 | debug_pilar_analyzer | INFO | 
----------------------------------------
2025-10-10 16:31:54 | debug_pilar_analyzer | INFO | 📌 SISTEMA DE CRÉDITOS
2025-10-10 16:31:54 | debug_pilar_analyzer | INFO | ----------------------------------------
2025-10-10 16:31:54 | debug_pilar_analyzer | INFO | ℹ️ 🔄 Iniciando sistema de créditos...
2025-10-10 16:34:08 | debug_pilar_analyzer | INFO | ℹ️ Sistema de créditos ativado com sucesso!
2025-10-10 16:34:08 | debug_pilar_analyzer | INFO | 
----------------------------------------
2025-10-10 16:34:08 | debug_pilar_analyzer | INFO | 📌 HUB CENTRAL DA INTERFACE
2025-10-10 16:34:08 | debug_pilar_analyzer | INFO | ----------------------------------------
2025-10-10 16:34:08 | debug_pilar_analyzer | INFO | ℹ️ Iniciando hub central da interface...
2025-10-10 16:34:08 | debug_pilar_analyzer | INFO | ℹ️ 📁 Procurando hub central em: C:\Users\rvene\Desktop\pilares-clean-final\src\utils\aa_corrigido copy 10.py
2025-10-10 16:34:08 | debug_pilar_analyzer | INFO | ℹ️ Hub central encontrado: C:\Users\rvene\Desktop\pilares-clean-final\src\utils\aa_corrigido copy 10.py
2025-10-10 16:34:08 | debug_pilar_analyzer | INFO | ℹ️ Executando hub central...
2025-10-10 16:35:09 | debug_pilar_analyzer | INFO | ℹ️ ✅ Hub central executado com sucesso
2025-10-10 16:35:09 | debug_pilar_analyzer | INFO | ⏱️ Tempo total do PilarAnalyzer: 195.118s
2025-10-10 16:35:09 | debug_pilar_analyzer | INFO | 
============================================================
2025-10-10 16:35:09 | debug_pilar_analyzer | INFO | 📋 FINALIZAÇÃO DO PILAR ANALYZER
2025-10-10 16:35:09 | debug_pilar_analyzer | INFO | ============================================================
2025-10-10 16:35:09 | debug_pilar_analyzer | INFO | ℹ️ 📅 Data/Hora de término: 2025-10-10 16:35:09
2025-10-10 16:35:09 | debug_pilar_analyzer | INFO | ℹ️ ✅ PilarAnalyzer finalizado com sucesso!
