2025-11-08 18:48:24 | debug_robo_cima | INFO | Iniciando logs de depuração para robo_cima
2025-11-08 18:48:24 | debug_robo_cima | INFO | Arquivo de log: logs\depuracao\robo_cima_20251108_184824.log
2025-11-08 18:48:25 | debug_robo_cima | INFO | ℹ️ 🔄 Instância do GeradorPilar registrada globalmente
2025-11-08 18:48:25 | debug_robo_cima | INFO | ℹ️ 🔄 Globais do pilar especial inicializadas
2025-11-08 18:48:26 | debug_robo_cima | INFO | 
============================================================
2025-11-08 18:48:26 | debug_robo_cima | INFO | 📋 GERAÇÃO DE SCRIPT CIMA
2025-11-08 18:48:26 | debug_robo_cima | INFO | ============================================================
2025-11-08 18:48:26 | debug_robo_cima | INFO | ℹ️ 🔄 === INÍCIO DO gerar_script() ===
2025-11-08 18:48:26 | debug_robo_cima | INFO | ℹ️ 🔄 Estado inicial das globais: ID=2153191413312, len=0
2025-11-08 18:48:26 | debug_robo_cima | WARNING | ⚠️ _globais_pilar_especial está vazio ou None!
2025-11-08 18:48:26 | debug_robo_cima | INFO | ℹ️ 🔄 Status pilar_rotacionado no inicio: False
2025-11-08 18:48:26 | debug_robo_cima | INFO | ℹ️ 🔄 Prestes a chamar _verificar_pilar_especial_ativo()...
2025-11-08 18:48:26 | debug_robo_cima | INFO | ℹ️ 🔄 Estado das globais ANTES da verificação: False
2025-11-08 18:48:26 | debug_robo_cima | INFO | 
----------------------------------------
2025-11-08 18:48:26 | debug_robo_cima | INFO | 📌 VERIFICAÇÃO DE PILAR ESPECIAL ATIVO
2025-11-08 18:48:26 | debug_robo_cima | INFO | ----------------------------------------
2025-11-08 18:48:26 | debug_robo_cima | INFO | ℹ️ 🔄 Verificando se pilar especial está ativo...
2025-11-08 18:48:26 | debug_robo_cima | INFO | ℹ️ 🔄 Status do checkbox pilar_rotacionado_var: False
2025-11-08 18:48:26 | debug_robo_cima | INFO | ℹ️ 🔄 Status do checkbox pilar_especial_ativo_var: False
2025-11-08 18:48:26 | debug_robo_cima | INFO | ℹ️ Pilar especial INATIVO - pilar_rotacionado: False, pilar_especial: False, globais: False, tipo: ''
2025-11-08 18:48:26 | debug_robo_cima | INFO | ℹ️ 🔄 Resultado da verificação: False
2025-11-08 18:48:26 | debug_robo_cima | INFO | ℹ️ 🔄 Estado das globais APÓS a verificação: False
2025-11-08 18:48:26 | debug_robo_cima | INFO | ℹ️ 🔄 Pilar especial ativo: False
2025-11-08 18:48:26 | debug_robo_cima | INFO | 
----------------------------------------
2025-11-08 18:48:26 | debug_robo_cima | INFO | 📌 APLICAÇÃO DE ALTERAÇÕES PILAR ESPECIAL - PAI.B
2025-11-08 18:48:26 | debug_robo_cima | INFO | ----------------------------------------
2025-11-08 18:48:26 | debug_robo_cima | INFO | ℹ️ 🔄 Aplicando alterações do pilar especial para PAI.B...
2025-11-08 18:48:26 | debug_robo_cima | WARNING | ⚠️ Pilar especial INATIVO (sem globais no gerador) - retornando valor original: -51
2025-11-08 18:48:26 | debug_robo_cima | WARNING | ⚠️ Pilar especial INATIVO (sem globais no gerador) - retornando valor original: 90.0
2025-11-08 18:48:26 | debug_robo_cima | WARNING | ⚠️ Pilar especial INATIVO (sem globais no gerador) - retornando valor original: 52.0
2025-11-08 18:48:26 | debug_robo_cima | INFO | ℹ️ 🔄 PAI.B - Posição X: -51 -> -51
2025-11-08 18:48:26 | debug_robo_cima | INFO | ℹ️ 🔄 PAI.B - Posição Y: 90.0 -> 90.0
2025-11-08 18:48:26 | debug_robo_cima | INFO | ℹ️ 🔄 PAI.B - Comprimento: 52.0 -> 52.0
2025-11-08 18:48:26 | debug_robo_cima | WARNING | ⚠️ Pilar especial INATIVO (sem globais no gerador) - retornando valor original: -51
2025-11-08 18:48:26 | debug_robo_cima | WARNING | ⚠️ Pilar especial INATIVO (sem globais no gerador) - retornando valor original: 70
2025-11-08 18:48:26 | debug_robo_cima | WARNING | ⚠️ Pilar especial INATIVO (sem globais no gerador) - retornando valor original: 52.0
2025-11-08 18:48:26 | debug_robo_cima | INFO | ℹ️ [REFERENCIA-DINAMICA] Parede esquerda PAI.A FINAL REAL registrada: -51
2025-11-08 18:48:26 | debug_robo_cima | WARNING | ⚠️ Pilar especial INATIVO (sem globais no gerador) - retornando valor original: -71
2025-11-08 18:48:26 | debug_robo_cima | WARNING | ⚠️ Pilar especial INATIVO (sem globais no gerador) - retornando valor original: 92.0
2025-11-08 18:48:26 | debug_robo_cima | INFO | ℹ️ 🔧 METAL A - posX=-71, posY=58.6, comp=92.0, endX=21.0, largura=7
2025-11-08 18:48:26 | debug_robo_cima | WARNING | ⚠️ Pilar especial INATIVO (sem globais no gerador) - retornando valor original: -71
2025-11-08 18:48:26 | debug_robo_cima | WARNING | ⚠️ Pilar especial INATIVO (sem globais no gerador) - retornando valor original: 92.0
2025-11-08 18:48:26 | debug_robo_cima | INFO | ℹ️ 🔧 METAL B - posX=-71, posY=101.4, comp=92.0, endX=21.0, largura=7
2025-11-08 18:48:26 | debug_robo_cima | INFO | ℹ️ DEBUG: Valores lidos Grade A - grade1=52.0, grade2=0.0, grade3=0.0, dist1=0.0, dist2=0.0
2025-11-08 18:48:26 | debug_robo_cima | INFO | ℹ️ DEBUG: Condição Grade A - grade1 > 0: True, grade2 > 0: False, grade3 > 0: False
2025-11-08 18:48:26 | debug_robo_cima | INFO | ℹ️ DEBUG: Condição Grade A - grade1 > 0 or grade2 > 0 or grade3 > 0: True
2025-11-08 18:48:26 | debug_robo_cima | INFO | ℹ️ GRA.A usando valores específicos: comprimentos=[52.0, 0.0, 0.0], espacos=[0.0, 0.0]
2025-11-08 18:48:26 | debug_robo_cima | INFO | 
----------------------------------------
2025-11-08 18:48:26 | debug_robo_cima | INFO | 📌 VERIFICAÇÃO DE PILAR ESPECIAL ATIVO
2025-11-08 18:48:26 | debug_robo_cima | INFO | ----------------------------------------
2025-11-08 18:48:26 | debug_robo_cima | INFO | ℹ️ 🔄 Verificando se pilar especial está ativo...
2025-11-08 18:48:26 | debug_robo_cima | INFO | ℹ️ 🔄 Status do checkbox pilar_rotacionado_var: False
2025-11-08 18:48:26 | debug_robo_cima | INFO | ℹ️ 🔄 Status do checkbox pilar_especial_ativo_var: False
2025-11-08 18:48:26 | debug_robo_cima | INFO | ℹ️ Pilar especial INATIVO - pilar_rotacionado: False, pilar_especial: False, globais: False, tipo: ''
2025-11-08 18:48:26 | debug_robo_cima | INFO | ℹ️ DEBUG: Valores lidos Grade B - grade1_grupo2=52.0, grade2_grupo2=0.0, grade3_grupo2=0.0, dist1_grupo2=0.0, dist2_grupo2=0.0
2025-11-08 18:48:26 | debug_robo_cima | INFO | ℹ️ DEBUG: Condição Grade B - grade1_grupo2 > 0: True, grade2_grupo2 > 0: False, grade3_grupo2 > 0: False
2025-11-08 18:48:26 | debug_robo_cima | INFO | ℹ️ DEBUG: Condição Grade B - grade1_grupo2 > 0 or grade2_grupo2 > 0 or grade3_grupo2 > 0: True
2025-11-08 18:48:26 | debug_robo_cima | INFO | ℹ️ GRA.B usando valores específicos: comprimentos=[52.0, 0.0, 0.0], espacos=[0.0, 0.0]
2025-11-08 18:48:26 | debug_robo_cima | INFO | 
----------------------------------------
2025-11-08 18:48:26 | debug_robo_cima | INFO | 📌 VERIFICAÇÃO DE PILAR ESPECIAL ATIVO
2025-11-08 18:48:26 | debug_robo_cima | INFO | ----------------------------------------
2025-11-08 18:48:26 | debug_robo_cima | INFO | ℹ️ 🔄 Verificando se pilar especial está ativo...
2025-11-08 18:48:26 | debug_robo_cima | INFO | ℹ️ 🔄 Status do checkbox pilar_rotacionado_var: False
2025-11-08 18:48:26 | debug_robo_cima | INFO | ℹ️ 🔄 Status do checkbox pilar_especial_ativo_var: False
2025-11-08 18:48:26 | debug_robo_cima | INFO | ℹ️ Pilar especial INATIVO - pilar_rotacionado: False, pilar_especial: False, globais: False, tipo: ''
2025-11-08 18:48:26 | debug_robo_cima | WARNING | ⚠️ Pilar especial INATIVO (sem globais no gerador) - retornando valor original: -52
2025-11-08 18:48:26 | debug_robo_cima | INFO | 
----------------------------------------
2025-11-08 18:48:26 | debug_robo_cima | INFO | 📌 VERIFICAÇÃO DE PILAR ESPECIAL ATIVO
2025-11-08 18:48:26 | debug_robo_cima | INFO | ----------------------------------------
2025-11-08 18:48:26 | debug_robo_cima | INFO | ℹ️ 🔄 Verificando se pilar especial está ativo...
2025-11-08 18:48:26 | debug_robo_cima | INFO | ℹ️ 🔄 Status do checkbox pilar_rotacionado_var: False
2025-11-08 18:48:26 | debug_robo_cima | INFO | ℹ️ 🔄 Status do checkbox pilar_especial_ativo_var: False
2025-11-08 18:48:26 | debug_robo_cima | INFO | ℹ️ Pilar especial INATIVO - pilar_rotacionado: False, pilar_especial: False, globais: False, tipo: ''
2025-11-08 18:48:26 | debug_robo_cima | INFO | 
----------------------------------------
2025-11-08 18:48:26 | debug_robo_cima | INFO | 📌 DECISÃO DE COMANDO SCALE/ROTATE
2025-11-08 18:48:26 | debug_robo_cima | INFO | ----------------------------------------
2025-11-08 18:48:26 | debug_robo_cima | INFO | ℹ️ 🔄 Verificando qual comando usar (SCALE ou ROTATE)...
2025-11-08 18:48:26 | debug_robo_cima | INFO | ℹ️ 🔄 Status pilar_rotacionado = False, usar_scale = True
2025-11-08 18:48:26 | debug_robo_cima | INFO | ℹ️ ✅ Usando _SCALE
2025-11-08 18:48:26 | debug_robo_cima | INFO | ℹ️ 🔄 Verificando se é pilar especial: False
2025-11-08 18:48:26 | debug_robo_cima | INFO | ℹ️ ✅ Pilar normal - usando valores padrão no _SCALE
2025-11-08 18:48:26 | debug_robo_cima | INFO | ℹ️ ✅ Script gerado com sucesso!
2025-11-08 18:48:26 | debug_robo_cima | INFO | 🔄 Script gerado: Tamanho: 3291 caracteres
2025-11-08 18:48:26 | debug_robo_cima | INFO | 
============================================================
2025-11-08 18:48:26 | debug_robo_cima | INFO | 📋 FIM DA GERAÇÃO DE SCRIPT CIMA
2025-11-08 18:48:26 | debug_robo_cima | INFO | ============================================================
2025-11-08 18:48:27 | debug_robo_cima | INFO | ℹ️ 🔄 Instância do GeradorPilar registrada globalmente
2025-11-08 18:48:27 | debug_robo_cima | INFO | ℹ️ 🔄 Globais do pilar especial inicializadas
2025-11-08 18:48:27 | debug_robo_cima | INFO | 
============================================================
2025-11-08 18:48:27 | debug_robo_cima | INFO | 📋 GERAÇÃO DE SCRIPT CIMA
2025-11-08 18:48:27 | debug_robo_cima | INFO | ============================================================
2025-11-08 18:48:27 | debug_robo_cima | INFO | ℹ️ 🔄 === INÍCIO DO gerar_script() ===
2025-11-08 18:48:27 | debug_robo_cima | INFO | ℹ️ 🔄 Estado inicial das globais: ID=2153191413312, len=0
2025-11-08 18:48:27 | debug_robo_cima | WARNING | ⚠️ _globais_pilar_especial está vazio ou None!
2025-11-08 18:48:27 | debug_robo_cima | INFO | ℹ️ 🔄 Status pilar_rotacionado no inicio: False
2025-11-08 18:48:28 | debug_robo_cima | INFO | ℹ️ 🔄 Prestes a chamar _verificar_pilar_especial_ativo()...
2025-11-08 18:48:28 | debug_robo_cima | INFO | ℹ️ 🔄 Estado das globais ANTES da verificação: False
2025-11-08 18:48:28 | debug_robo_cima | INFO | 
----------------------------------------
2025-11-08 18:48:28 | debug_robo_cima | INFO | 📌 VERIFICAÇÃO DE PILAR ESPECIAL ATIVO
2025-11-08 18:48:28 | debug_robo_cima | INFO | ----------------------------------------
2025-11-08 18:48:28 | debug_robo_cima | INFO | ℹ️ 🔄 Verificando se pilar especial está ativo...
2025-11-08 18:48:28 | debug_robo_cima | INFO | ℹ️ 🔄 Status do checkbox pilar_rotacionado_var: False
2025-11-08 18:48:28 | debug_robo_cima | INFO | ℹ️ 🔄 Status do checkbox pilar_especial_ativo_var: False
2025-11-08 18:48:28 | debug_robo_cima | INFO | ℹ️ Pilar especial INATIVO - pilar_rotacionado: False, pilar_especial: False, globais: False, tipo: ''
2025-11-08 18:48:28 | debug_robo_cima | INFO | ℹ️ 🔄 Resultado da verificação: False
2025-11-08 18:48:28 | debug_robo_cima | INFO | ℹ️ 🔄 Estado das globais APÓS a verificação: False
2025-11-08 18:48:28 | debug_robo_cima | INFO | ℹ️ 🔄 Pilar especial ativo: False
2025-11-08 18:48:28 | debug_robo_cima | INFO | 
----------------------------------------
2025-11-08 18:48:28 | debug_robo_cima | INFO | 📌 APLICAÇÃO DE ALTERAÇÕES PILAR ESPECIAL - PAI.B
2025-11-08 18:48:28 | debug_robo_cima | INFO | ----------------------------------------
2025-11-08 18:48:28 | debug_robo_cima | INFO | ℹ️ 🔄 Aplicando alterações do pilar especial para PAI.B...
2025-11-08 18:48:28 | debug_robo_cima | WARNING | ⚠️ Pilar especial INATIVO (sem globais no gerador) - retornando valor original: -51
2025-11-08 18:48:28 | debug_robo_cima | WARNING | ⚠️ Pilar especial INATIVO (sem globais no gerador) - retornando valor original: 100.0
2025-11-08 18:48:28 | debug_robo_cima | WARNING | ⚠️ Pilar especial INATIVO (sem globais no gerador) - retornando valor original: 122.0
2025-11-08 18:48:28 | debug_robo_cima | INFO | ℹ️ 🔄 PAI.B - Posição X: -51 -> -51
2025-11-08 18:48:28 | debug_robo_cima | INFO | ℹ️ 🔄 PAI.B - Posição Y: 100.0 -> 100.0
2025-11-08 18:48:28 | debug_robo_cima | INFO | ℹ️ 🔄 PAI.B - Comprimento: 122.0 -> 122.0
2025-11-08 18:48:28 | debug_robo_cima | WARNING | ⚠️ Pilar especial INATIVO (sem globais no gerador) - retornando valor original: -51
2025-11-08 18:48:28 | debug_robo_cima | WARNING | ⚠️ Pilar especial INATIVO (sem globais no gerador) - retornando valor original: 70
2025-11-08 18:48:28 | debug_robo_cima | WARNING | ⚠️ Pilar especial INATIVO (sem globais no gerador) - retornando valor original: 122.0
2025-11-08 18:48:28 | debug_robo_cima | INFO | ℹ️ [REFERENCIA-DINAMICA] Parede esquerda PAI.A FINAL REAL registrada: -51
2025-11-08 18:48:28 | debug_robo_cima | WARNING | ⚠️ Pilar especial INATIVO (sem globais no gerador) - retornando valor original: -71
2025-11-08 18:48:28 | debug_robo_cima | WARNING | ⚠️ Pilar especial INATIVO (sem globais no gerador) - retornando valor original: 162.0
2025-11-08 18:48:28 | debug_robo_cima | INFO | ℹ️ 🔧 METAL A - posX=-71, posY=58.6, comp=162.0, endX=91.0, largura=7
2025-11-08 18:48:28 | debug_robo_cima | WARNING | ⚠️ Pilar especial INATIVO (sem globais no gerador) - retornando valor original: -71
2025-11-08 18:48:28 | debug_robo_cima | WARNING | ⚠️ Pilar especial INATIVO (sem globais no gerador) - retornando valor original: 162.0
2025-11-08 18:48:28 | debug_robo_cima | INFO | ℹ️ 🔧 METAL B - posX=-71, posY=111.4, comp=162.0, endX=91.0, largura=7
2025-11-08 18:48:28 | debug_robo_cima | INFO | ℹ️ DEBUG: Valores lidos Grade A - grade1=127.0, grade2=0.0, grade3=0.0, dist1=0.0, dist2=0.0
2025-11-08 18:48:28 | debug_robo_cima | INFO | ℹ️ DEBUG: Condição Grade A - grade1 > 0: True, grade2 > 0: False, grade3 > 0: False
2025-11-08 18:48:28 | debug_robo_cima | INFO | ℹ️ DEBUG: Condição Grade A - grade1 > 0 or grade2 > 0 or grade3 > 0: True
2025-11-08 18:48:28 | debug_robo_cima | INFO | ℹ️ GRA.A usando valores específicos: comprimentos=[127.0, 0.0, 0.0], espacos=[0.0, 0.0]
2025-11-08 18:48:28 | debug_robo_cima | INFO | 
----------------------------------------
2025-11-08 18:48:28 | debug_robo_cima | INFO | 📌 VERIFICAÇÃO DE PILAR ESPECIAL ATIVO
2025-11-08 18:48:28 | debug_robo_cima | INFO | ----------------------------------------
2025-11-08 18:48:28 | debug_robo_cima | INFO | ℹ️ 🔄 Verificando se pilar especial está ativo...
2025-11-08 18:48:28 | debug_robo_cima | INFO | ℹ️ 🔄 Status do checkbox pilar_rotacionado_var: False
2025-11-08 18:48:28 | debug_robo_cima | INFO | ℹ️ 🔄 Status do checkbox pilar_especial_ativo_var: False
2025-11-08 18:48:28 | debug_robo_cima | INFO | ℹ️ Pilar especial INATIVO - pilar_rotacionado: False, pilar_especial: False, globais: False, tipo: ''
2025-11-08 18:48:28 | debug_robo_cima | INFO | ℹ️ DEBUG: Valores lidos Grade B - grade1_grupo2=127.0, grade2_grupo2=0.0, grade3_grupo2=0.0, dist1_grupo2=0.0, dist2_grupo2=0.0
2025-11-08 18:48:28 | debug_robo_cima | INFO | ℹ️ DEBUG: Condição Grade B - grade1_grupo2 > 0: True, grade2_grupo2 > 0: False, grade3_grupo2 > 0: False
2025-11-08 18:48:28 | debug_robo_cima | INFO | ℹ️ DEBUG: Condição Grade B - grade1_grupo2 > 0 or grade2_grupo2 > 0 or grade3_grupo2 > 0: True
2025-11-08 18:48:28 | debug_robo_cima | INFO | ℹ️ GRA.B usando valores específicos: comprimentos=[127.0, 0.0, 0.0], espacos=[0.0, 0.0]
2025-11-08 18:48:28 | debug_robo_cima | INFO | 
----------------------------------------
2025-11-08 18:48:28 | debug_robo_cima | INFO | 📌 VERIFICAÇÃO DE PILAR ESPECIAL ATIVO
2025-11-08 18:48:28 | debug_robo_cima | INFO | ----------------------------------------
2025-11-08 18:48:28 | debug_robo_cima | INFO | ℹ️ 🔄 Verificando se pilar especial está ativo...
2025-11-08 18:48:28 | debug_robo_cima | INFO | ℹ️ 🔄 Status do checkbox pilar_rotacionado_var: False
2025-11-08 18:48:28 | debug_robo_cima | INFO | ℹ️ 🔄 Status do checkbox pilar_especial_ativo_var: False
2025-11-08 18:48:28 | debug_robo_cima | INFO | ℹ️ Pilar especial INATIVO - pilar_rotacionado: False, pilar_especial: False, globais: False, tipo: ''
2025-11-08 18:48:28 | debug_robo_cima | WARNING | ⚠️ Pilar especial INATIVO (sem globais no gerador) - retornando valor original: -52
2025-11-08 18:48:28 | debug_robo_cima | INFO | 
----------------------------------------
2025-11-08 18:48:28 | debug_robo_cima | INFO | 📌 VERIFICAÇÃO DE PILAR ESPECIAL ATIVO
2025-11-08 18:48:28 | debug_robo_cima | INFO | ----------------------------------------
2025-11-08 18:48:28 | debug_robo_cima | INFO | ℹ️ 🔄 Verificando se pilar especial está ativo...
2025-11-08 18:48:28 | debug_robo_cima | INFO | ℹ️ 🔄 Status do checkbox pilar_rotacionado_var: False
2025-11-08 18:48:28 | debug_robo_cima | INFO | ℹ️ 🔄 Status do checkbox pilar_especial_ativo_var: False
2025-11-08 18:48:28 | debug_robo_cima | INFO | ℹ️ Pilar especial INATIVO - pilar_rotacionado: False, pilar_especial: False, globais: False, tipo: ''
2025-11-08 18:48:28 | debug_robo_cima | INFO | 
----------------------------------------
2025-11-08 18:48:28 | debug_robo_cima | INFO | 📌 DECISÃO DE COMANDO SCALE/ROTATE
2025-11-08 18:48:28 | debug_robo_cima | INFO | ----------------------------------------
2025-11-08 18:48:28 | debug_robo_cima | INFO | ℹ️ 🔄 Verificando qual comando usar (SCALE ou ROTATE)...
2025-11-08 18:48:28 | debug_robo_cima | INFO | ℹ️ 🔄 Status pilar_rotacionado = False, usar_scale = True
2025-11-08 18:48:28 | debug_robo_cima | INFO | ℹ️ ✅ Usando _SCALE
2025-11-08 18:48:28 | debug_robo_cima | INFO | ℹ️ 🔄 Verificando se é pilar especial: False
2025-11-08 18:48:28 | debug_robo_cima | INFO | ℹ️ ✅ Pilar normal - usando valores padrão no _SCALE
2025-11-08 18:48:28 | debug_robo_cima | INFO | ℹ️ ✅ Script gerado com sucesso!
2025-11-08 18:48:28 | debug_robo_cima | INFO | 🔄 Script gerado: Tamanho: 3996 caracteres
2025-11-08 18:48:28 | debug_robo_cima | INFO | 
============================================================
2025-11-08 18:48:28 | debug_robo_cima | INFO | 📋 FIM DA GERAÇÃO DE SCRIPT CIMA
2025-11-08 18:48:28 | debug_robo_cima | INFO | ============================================================
2025-11-08 18:48:29 | debug_robo_cima | INFO | ℹ️ 🔄 Instância do GeradorPilar registrada globalmente
2025-11-08 18:48:29 | debug_robo_cima | INFO | ℹ️ 🔄 Globais do pilar especial inicializadas
2025-11-08 18:48:29 | debug_robo_cima | INFO | Iniciando logs de depuração para robo_cima
2025-11-08 18:48:29 | debug_robo_cima | INFO | Arquivo de log: logs\depuracao\robo_cima_20251108_184829.log
2025-11-08 18:48:29 | debug_robo_cima | INFO | 
============================================================
2025-11-08 18:48:29 | debug_robo_cima | INFO | 📋 GERAÇÃO DE SCRIPT CIMA
2025-11-08 18:48:29 | debug_robo_cima | INFO | ============================================================
2025-11-08 18:48:29 | debug_robo_cima | INFO | ℹ️ 🔄 === INÍCIO DO gerar_script() ===
2025-11-08 18:48:29 | debug_robo_cima | INFO | ℹ️ 🔄 Estado inicial das globais: ID=2153191413312, len=0
2025-11-08 18:48:29 | debug_robo_cima | WARNING | ⚠️ _globais_pilar_especial está vazio ou None!
2025-11-08 18:48:29 | debug_robo_cima | INFO | ℹ️ 🔄 Status pilar_rotacionado no inicio: True
2025-11-08 18:48:29 | debug_robo_cima | INFO | ℹ️ 🔄 Prestes a chamar _verificar_pilar_especial_ativo()...
2025-11-08 18:48:29 | debug_robo_cima | INFO | ℹ️ 🔄 Estado das globais ANTES da verificação: False
2025-11-08 18:48:29 | debug_robo_cima | INFO | 
----------------------------------------
2025-11-08 18:48:29 | debug_robo_cima | INFO | 📌 VERIFICAÇÃO DE PILAR ESPECIAL ATIVO
2025-11-08 18:48:29 | debug_robo_cima | INFO | ----------------------------------------
2025-11-08 18:48:29 | debug_robo_cima | INFO | ℹ️ 🔄 Verificando se pilar especial está ativo...
2025-11-08 18:48:29 | debug_robo_cima | INFO | ℹ️ 🔄 Status do checkbox pilar_rotacionado_var: True
2025-11-08 18:48:29 | debug_robo_cima | INFO | ℹ️ 🔄 Status do checkbox pilar_especial_ativo_var: False
2025-11-08 18:48:29 | debug_robo_cima | INFO | ℹ️ 🔄 Globais encontradas: 37 valores, tipo: 'L'
2025-11-08 18:48:29 | debug_robo_cima | INFO | ℹ️ ✅ Pilar especial ATIVO - pilar_rotacionado: True, pilar_especial: False, globais: True, tipo: L
2025-11-08 18:48:29 | debug_robo_cima | INFO | ℹ️ 🔄 Resultado da verificação: True
2025-11-08 18:48:29 | debug_robo_cima | INFO | ℹ️ 🔄 Estado das globais APÓS a verificação: False
2025-11-08 18:48:29 | debug_robo_cima | INFO | ℹ️ 🔄 Pilar especial ativo: True
2025-11-08 18:48:29 | debug_robo_cima | INFO | 
----------------------------------------
2025-11-08 18:48:29 | debug_robo_cima | INFO | 📌 APLICAÇÃO DE ALTERAÇÕES PILAR ESPECIAL - PAI.B
2025-11-08 18:48:29 | debug_robo_cima | INFO | ----------------------------------------
2025-11-08 18:48:29 | debug_robo_cima | INFO | ℹ️ 🔄 Aplicando alterações do pilar especial para PAI.B...
2025-11-08 18:48:29 | debug_robo_cima | DEBUG | 🔍 Sem alteração para pilar1_paib_posicao - retornando valor original: -51
2025-11-08 18:48:29 | debug_robo_cima | DEBUG | 🔍 Sem alteração para pilar1_paib_posicao - retornando valor original: 85.0
2025-11-08 18:48:29 | debug_robo_cima | INFO | ℹ️ Aplicando tamanho pilar especial: 172.0 -> 128.9 (pilar1_paib_tamanho)
2025-11-08 18:48:29 | debug_robo_cima | INFO | ℹ️ 🔄 PAI.B - Posição X: -51 -> -51
2025-11-08 18:48:29 | debug_robo_cima | INFO | ℹ️ 🔄 PAI.B - Posição Y: 85.0 -> 85.0
2025-11-08 18:48:29 | debug_robo_cima | INFO | ℹ️ 🔄 PAI.B - Comprimento: 172.0 -> 143.0
2025-11-08 18:48:29 | debug_robo_cima | DEBUG | 🔍 Sem alteração para pilar1_paia_posicao - retornando valor original: -51
2025-11-08 18:48:29 | debug_robo_cima | DEBUG | 🔍 Sem alteração para pilar1_paia_posicao - retornando valor original: 70
2025-11-08 18:48:29 | debug_robo_cima | INFO | ℹ️ Aplicando tamanho pilar especial: 172.0 -> 172.0 (pilar1_paia_tamanho)
2025-11-08 18:48:29 | debug_robo_cima | INFO | ℹ️ [REFERENCIA-DINAMICA] Parede esquerda PAI.A FINAL REAL registrada: -51.0
2025-11-08 18:48:29 | debug_robo_cima | DEBUG | 🔍 Sem alteração para pilar1_metala_posicao - retornando valor original: -71
2025-11-08 18:48:29 | debug_robo_cima | DEBUG | 🔍 Sem alteração para pilar1_metala_tamanho - retornando valor original: 212.0
2025-11-08 18:48:29 | debug_robo_cima | INFO | ℹ️ 🔧 METAL A - posX=-71.0, posY=58.6, comp=212.0, endX=141.0, largura=7
2025-11-08 18:48:29 | debug_robo_cima | INFO | ℹ️ 🔧 METAL B - posX=-71.0, posY=96.4, comp=161.0, endX=90.0, largura=7
2025-11-08 18:48:29 | debug_robo_cima | INFO | ℹ️ DEBUG: Valores lidos Grade A - grade1=80.0, grade2=90.0, grade3=0.0, dist1=4.0, dist2=0.0
2025-11-08 18:48:29 | debug_robo_cima | INFO | ℹ️ DEBUG: Condição Grade A - grade1 > 0: True, grade2 > 0: True, grade3 > 0: False
2025-11-08 18:48:29 | debug_robo_cima | INFO | ℹ️ DEBUG: Condição Grade A - grade1 > 0 or grade2 > 0 or grade3 > 0: True
2025-11-08 18:48:29 | debug_robo_cima | INFO | ℹ️ GRA.A usando valores específicos: comprimentos=[80.0, 90.0, 0.0], espacos=[4.0, 0.0]
2025-11-08 18:48:29 | debug_robo_cima | INFO | 
----------------------------------------
2025-11-08 18:48:29 | debug_robo_cima | INFO | 📌 VERIFICAÇÃO DE PILAR ESPECIAL ATIVO
2025-11-08 18:48:29 | debug_robo_cima | INFO | ----------------------------------------
2025-11-08 18:48:29 | debug_robo_cima | INFO | ℹ️ 🔄 Verificando se pilar especial está ativo...
2025-11-08 18:48:29 | debug_robo_cima | INFO | ℹ️ 🔄 Status do checkbox pilar_rotacionado_var: True
2025-11-08 18:48:29 | debug_robo_cima | INFO | ℹ️ 🔄 Status do checkbox pilar_especial_ativo_var: False
2025-11-08 18:48:29 | debug_robo_cima | INFO | ℹ️ 🔄 Globais encontradas: 37 valores, tipo: 'L'
2025-11-08 18:48:29 | debug_robo_cima | INFO | ℹ️ ✅ Pilar especial ATIVO - pilar_rotacionado: True, pilar_especial: False, globais: True, tipo: L
2025-11-08 18:48:29 | debug_robo_cima | INFO | 
----------------------------------------
2025-11-08 18:48:29 | debug_robo_cima | INFO | 📌 VERIFICAÇÃO DE PILAR ESPECIAL ATIVO
2025-11-08 18:48:29 | debug_robo_cima | INFO | ----------------------------------------
2025-11-08 18:48:29 | debug_robo_cima | INFO | ℹ️ 🔄 Verificando se pilar especial está ativo...
2025-11-08 18:48:29 | debug_robo_cima | INFO | ℹ️ 🔄 Status do checkbox pilar_rotacionado_var: True
2025-11-08 18:48:29 | debug_robo_cima | INFO | ℹ️ 🔄 Status do checkbox pilar_especial_ativo_var: False
2025-11-08 18:48:29 | debug_robo_cima | INFO | ℹ️ 🔄 Globais encontradas: 37 valores, tipo: 'L'
2025-11-08 18:48:29 | debug_robo_cima | INFO | ℹ️ ✅ Pilar especial ATIVO - pilar_rotacionado: True, pilar_especial: False, globais: True, tipo: L
2025-11-08 18:48:29 | debug_robo_cima | INFO | ℹ️ DEBUG: Valores lidos Grade B - grade1_grupo2=65.0, grade2_grupo2=65.0, grade3_grupo2=0.0, dist1_grupo2=11.0, dist2_grupo2=0.0
2025-11-08 18:48:29 | debug_robo_cima | INFO | ℹ️ DEBUG: Condição Grade B - grade1_grupo2 > 0: True, grade2_grupo2 > 0: True, grade3_grupo2 > 0: False
2025-11-08 18:48:29 | debug_robo_cima | INFO | ℹ️ DEBUG: Condição Grade B - grade1_grupo2 > 0 or grade2_grupo2 > 0 or grade3_grupo2 > 0: True
2025-11-08 18:48:29 | debug_robo_cima | INFO | ℹ️ GRA.B usando valores específicos: comprimentos=[65.0, 65.0, 0.0], espacos=[11.0, 0.0]
2025-11-08 18:48:29 | debug_robo_cima | INFO | 
----------------------------------------
2025-11-08 18:48:29 | debug_robo_cima | INFO | 📌 VERIFICAÇÃO DE PILAR ESPECIAL ATIVO
2025-11-08 18:48:29 | debug_robo_cima | INFO | ----------------------------------------
2025-11-08 18:48:29 | debug_robo_cima | INFO | ℹ️ 🔄 Verificando se pilar especial está ativo...
2025-11-08 18:48:29 | debug_robo_cima | INFO | ℹ️ 🔄 Status do checkbox pilar_rotacionado_var: True
2025-11-08 18:48:29 | debug_robo_cima | INFO | ℹ️ 🔄 Status do checkbox pilar_especial_ativo_var: False
2025-11-08 18:48:29 | debug_robo_cima | INFO | ℹ️ 🔄 Globais encontradas: 37 valores, tipo: 'L'
2025-11-08 18:48:29 | debug_robo_cima | INFO | ℹ️ ✅ Pilar especial ATIVO - pilar_rotacionado: True, pilar_especial: False, globais: True, tipo: L
2025-11-08 18:48:30 | debug_robo_cima | INFO | 
----------------------------------------
2025-11-08 18:48:30 | debug_robo_cima | INFO | 📌 VERIFICAÇÃO DE PILAR ESPECIAL ATIVO
2025-11-08 18:48:30 | debug_robo_cima | INFO | ----------------------------------------
2025-11-08 18:48:30 | debug_robo_cima | INFO | ℹ️ 🔄 Verificando se pilar especial está ativo...
2025-11-08 18:48:30 | debug_robo_cima | INFO | ℹ️ 🔄 Status do checkbox pilar_rotacionado_var: True
2025-11-08 18:48:30 | debug_robo_cima | INFO | ℹ️ 🔄 Status do checkbox pilar_especial_ativo_var: False
2025-11-08 18:48:30 | debug_robo_cima | INFO | ℹ️ 🔄 Globais encontradas: 37 valores, tipo: 'L'
2025-11-08 18:48:30 | debug_robo_cima | INFO | ℹ️ ✅ Pilar especial ATIVO - pilar_rotacionado: True, pilar_especial: False, globais: True, tipo: L
2025-11-08 18:48:30 | debug_robo_cima | INFO | 
----------------------------------------
2025-11-08 18:48:30 | debug_robo_cima | INFO | 📌 PARAFUSOS ESPECIAIS - PILAR 1 (PARAFUSOS A)
2025-11-08 18:48:30 | debug_robo_cima | INFO | ----------------------------------------
2025-11-08 18:48:30 | debug_robo_cima | INFO | ℹ️ Pilar 1: Usando parafusos especiais: [44.0, 44.0]
2025-11-08 18:48:30 | debug_robo_cima | INFO | ℹ️ Quantidade de parafusos: 2
2025-11-08 18:48:30 | debug_robo_cima | DEBUG | 🔍 Sem alteração para pilar1_parafuso_posicao - retornando valor original: -52
2025-11-08 18:48:30 | debug_robo_cima | INFO | 
----------------------------------------
2025-11-08 18:48:30 | debug_robo_cima | INFO | 📌 VERIFICAÇÃO DE PILAR ESPECIAL ATIVO
2025-11-08 18:48:30 | debug_robo_cima | INFO | ----------------------------------------
2025-11-08 18:48:30 | debug_robo_cima | INFO | ℹ️ 🔄 Verificando se pilar especial está ativo...
2025-11-08 18:48:30 | debug_robo_cima | INFO | ℹ️ 🔄 Status do checkbox pilar_rotacionado_var: True
2025-11-08 18:48:30 | debug_robo_cima | INFO | ℹ️ 🔄 Status do checkbox pilar_especial_ativo_var: False
2025-11-08 18:48:30 | debug_robo_cima | INFO | ℹ️ 🔄 Globais encontradas: 37 valores, tipo: 'L'
2025-11-08 18:48:30 | debug_robo_cima | INFO | ℹ️ ✅ Pilar especial ATIVO - pilar_rotacionado: True, pilar_especial: False, globais: True, tipo: L
2025-11-08 18:48:30 | debug_robo_cima | INFO | 
----------------------------------------
2025-11-08 18:48:30 | debug_robo_cima | INFO | 📌 DECISÃO DE COMANDO SCALE/ROTATE
2025-11-08 18:48:30 | debug_robo_cima | INFO | ----------------------------------------
2025-11-08 18:48:30 | debug_robo_cima | INFO | ℹ️ 🔄 Verificando qual comando usar (SCALE ou ROTATE)...
2025-11-08 18:48:30 | debug_robo_cima | INFO | ℹ️ 🔄 Status pilar_rotacionado = True, usar_scale = False
2025-11-08 18:48:30 | debug_robo_cima | INFO | ℹ️ ✅ PILAR ROTACIONADO ATIVO - Usando _ROTATE
2025-11-08 18:48:30 | debug_robo_cima | INFO | ℹ️ ✅ Script gerado com sucesso!
2025-11-08 18:48:30 | debug_robo_cima | INFO | 🔄 Script gerado: Tamanho: 4219 caracteres
2025-11-08 18:48:30 | debug_robo_cima | INFO | 
============================================================
2025-11-08 18:48:30 | debug_robo_cima | INFO | 📋 FIM DA GERAÇÃO DE SCRIPT CIMA
2025-11-08 18:48:30 | debug_robo_cima | INFO | ============================================================
2025-11-08 18:48:30 | debug_robo_cima | INFO | 
============================================================
2025-11-08 18:48:30 | debug_robo_cima | INFO | 📋 GERAÇÃO DE SCRIPT CIMA
2025-11-08 18:48:30 | debug_robo_cima | INFO | ============================================================
2025-11-08 18:48:30 | debug_robo_cima | INFO | ℹ️ 🔄 === INÍCIO DO gerar_script() ===
2025-11-08 18:48:30 | debug_robo_cima | INFO | ℹ️ 🔄 Estado inicial das globais: ID=2153191413312, len=0
2025-11-08 18:48:30 | debug_robo_cima | WARNING | ⚠️ _globais_pilar_especial está vazio ou None!
2025-11-08 18:48:30 | debug_robo_cima | INFO | ℹ️ 🔄 Status pilar_rotacionado no inicio: False
2025-11-08 18:48:30 | debug_robo_cima | INFO | ℹ️ 🔄 Prestes a chamar _verificar_pilar_especial_ativo()...
2025-11-08 18:48:30 | debug_robo_cima | INFO | ℹ️ 🔄 Estado das globais ANTES da verificação: False
2025-11-08 18:48:30 | debug_robo_cima | INFO | 
----------------------------------------
2025-11-08 18:48:30 | debug_robo_cima | INFO | 📌 VERIFICAÇÃO DE PILAR ESPECIAL ATIVO
2025-11-08 18:48:30 | debug_robo_cima | INFO | ----------------------------------------
2025-11-08 18:48:30 | debug_robo_cima | INFO | ℹ️ 🔄 Verificando se pilar especial está ativo...
2025-11-08 18:48:30 | debug_robo_cima | INFO | ℹ️ 🔄 Status do checkbox pilar_rotacionado_var: False
2025-11-08 18:48:30 | debug_robo_cima | INFO | ℹ️ 🔄 Status do checkbox pilar_especial_ativo_var: True
2025-11-08 18:48:30 | debug_robo_cima | INFO | ℹ️ 🔄 Globais encontradas: 37 valores, tipo: 'L'
2025-11-08 18:48:30 | debug_robo_cima | INFO | ℹ️ ✅ Pilar especial ATIVO - pilar_rotacionado: False, pilar_especial: True, globais: True, tipo: L
2025-11-08 18:48:30 | debug_robo_cima | INFO | ℹ️ 🔄 Resultado da verificação: True
2025-11-08 18:48:30 | debug_robo_cima | INFO | ℹ️ 🔄 Estado das globais APÓS a verificação: False
2025-11-08 18:48:30 | debug_robo_cima | INFO | ℹ️ 🔄 Pilar especial ativo: True
2025-11-08 18:48:30 | debug_robo_cima | INFO | ℹ️ 🔄 PILAR ESPECIAL L - Coordenada X base ajustada (SEGUNDO PILAR): -40 -> -236
2025-11-08 18:48:30 | debug_robo_cima | INFO | ℹ️ 🔄 PILAR ESPECIAL L - Ajuste Y do Pilar 2:
2025-11-08 18:48:30 | debug_robo_cima | INFO | ℹ️    Comprimento Pilar 1: 150.0
2025-11-08 18:48:30 | debug_robo_cima | INFO | ℹ️    Largura Pilar 2: 18.0
2025-11-08 18:48:30 | debug_robo_cima | INFO | ℹ️    Largura Pilar 1: 15.0
2025-11-08 18:48:30 | debug_robo_cima | INFO | ℹ️    Deslocamento base: -150.0 + 18.0 = -132.0
2025-11-08 18:48:30 | debug_robo_cima | INFO | ℹ️    Ajuste largura 1: 15.0 - 20 = -5.0
2025-11-08 18:48:30 | debug_robo_cima | INFO | ℹ️    Ajuste largura 2: -(18.0 - 20) = 2.0
2025-11-08 18:48:30 | debug_robo_cima | INFO | ℹ️    Deslocamento total: -135.0
2025-11-08 18:48:30 | debug_robo_cima | INFO | ℹ️    Valor original Y: 70 -> Novo Y: -65.0
2025-11-08 18:48:30 | debug_robo_cima | INFO | ℹ️ 🔄 PILAR ESPECIAL L - Coordenada Y base ajustada (SEGUNDO PILAR): 70 -> -65.0
2025-11-08 18:48:30 | debug_robo_cima | INFO | 
----------------------------------------
2025-11-08 18:48:30 | debug_robo_cima | INFO | 📌 APLICAÇÃO DE ALTERAÇÕES PILAR ESPECIAL - PAI.B
2025-11-08 18:48:30 | debug_robo_cima | INFO | ----------------------------------------
2025-11-08 18:48:30 | debug_robo_cima | INFO | ℹ️ 🔄 Aplicando alterações do pilar especial para PAI.B...
2025-11-08 18:48:30 | debug_robo_cima | DEBUG | 🔍 Sem alteração para pilar1_paib_posicao - retornando valor original: -247
2025-11-08 18:48:30 | debug_robo_cima | DEBUG | 🔍 Sem alteração para pilar1_paib_posicao - retornando valor original: -47.0
2025-11-08 18:48:30 | debug_robo_cima | INFO | ℹ️ Aplicando tamanho pilar especial: 222.0 -> 128.9 (pilar1_paib_tamanho)
2025-11-08 18:48:30 | debug_robo_cima | INFO | ℹ️ 🔧 AJUSTE POSIÇÃO - PAI.B Pilar 2: Apenas comprimentos dos pilares especiais
2025-11-08 18:48:30 | debug_robo_cima | INFO | ℹ️    Posição base: -190.0
2025-11-08 18:48:30 | debug_robo_cima | INFO | ℹ️ 🔧 AJUSTE COMP-1 - PAI.B Pilar 2 POSIÇÃO: comp_1=150.0cm, diferença=+50.0cm
2025-11-08 18:48:30 | debug_robo_cima | INFO | ℹ️    Ajuste posição (1x diferença): +50.0cm
2025-11-08 18:48:30 | debug_robo_cima | INFO | ℹ️ 🔧 AJUSTE COMP-2 - PAI.B Pilar 2 POSIÇÃO: comp_2=200.0cm, diferença=+100.0cm
2025-11-08 18:48:30 | debug_robo_cima | INFO | ℹ️    Ajuste posição esquerda (1x diferença): -100.0cm
2025-11-08 18:48:31 | debug_robo_cima | INFO | ℹ️ 🔧 AJUSTE COMP-1 - PAI.B Pilar 2: comp_1=150.0cm, diferença=+50.0cm
2025-11-08 18:48:31 | debug_robo_cima | INFO | ℹ️    Ajuste extremidade esquerda: -50.0cm
2025-11-08 18:48:31 | debug_robo_cima | INFO | ℹ️ 🔧 AJUSTE COMP-2 - PAI.B Pilar 2: comp_2=200.0cm, diferença=+100.0cm
2025-11-08 18:48:31 | debug_robo_cima | INFO | ℹ️    Ajuste crescimento: +100.0cm
2025-11-08 18:48:31 | debug_robo_cima | INFO | ℹ️ 🔧 AJUSTE LARG-2 - PAI.B Pilar 2: larg_2=18.0cm, diferença=-2.0cm
2025-11-08 18:48:31 | debug_robo_cima | INFO | ℹ️    Tamanho (±dif larg_2): 215.0 -> 213.0
2025-11-08 18:48:31 | debug_robo_cima | INFO | ℹ️ 🔄 PAI.B - Posição X: -247 -> -238.0
2025-11-08 18:48:31 | debug_robo_cima | INFO | ℹ️ 🔄 PAI.B - Posição Y: -47.0 -> -47.0
2025-11-08 18:48:31 | debug_robo_cima | INFO | ℹ️ 🔄 PAI.B - Comprimento: 222.0 -> 213.0
2025-11-08 18:48:31 | debug_robo_cima | DEBUG | 🔍 Sem alteração para pilar1_paia_posicao - retornando valor original: -247
2025-11-08 18:48:31 | debug_robo_cima | DEBUG | 🔍 Sem alteração para pilar1_paia_posicao - retornando valor original: -65.0
2025-11-08 18:48:31 | debug_robo_cima | INFO | ℹ️ Aplicando tamanho pilar especial: 222.0 -> 172.0 (pilar1_paia_tamanho)
2025-11-08 18:48:31 | debug_robo_cima | INFO | ℹ️ 🔧 AJUSTE LARGURA - PAI.A Pilar 2 POSIÇÃO: larg_1=15.0cm, ajuste=+5.0cm
2025-11-08 18:48:31 | debug_robo_cima | INFO | ℹ️    Posição: -260.0 -> -255.0
2025-11-08 18:48:31 | debug_robo_cima | INFO | ℹ️ 🔧 AJUSTE LARGURA - PAI.A Pilar 2: larg_1=15.0cm, ajuste=-5.0cm
2025-11-08 18:48:31 | debug_robo_cima | INFO | ℹ️    Tamanho: 185.0 -> 230.0
2025-11-08 18:48:31 | debug_robo_cima | INFO | ℹ️ 🔧 AJUSTE COMP-1 - PAI.A Pilar 2: comp_1=150.0cm, diferença=+50.0cm
2025-11-08 18:48:31 | debug_robo_cima | INFO | ℹ️    Ajuste extremidade esquerda: -50.0cm
2025-11-08 18:48:31 | debug_robo_cima | INFO | ℹ️ 🔧 AJUSTE COMP-2 - PAI.A Pilar 2: comp_2=200.0cm, diferença=+100.0cm
2025-11-08 18:48:31 | debug_robo_cima | INFO | ℹ️    Ajuste crescimento: +100.0cm
2025-11-08 18:48:31 | debug_robo_cima | INFO | ℹ️ [REFERENCIA-DINAMICA] Parede esquerda PAI.A FINAL REAL registrada: -255.0
2025-11-08 18:48:31 | debug_robo_cima | INFO | ℹ️ 🔧 AJUSTE LARGURA - Metal A Pilar 2 POSIÇÃO: larg_1=15.0cm, ajuste=+5.0cm
2025-11-08 18:48:31 | debug_robo_cima | INFO | ℹ️    Posição: -271.4 -> -266.4
2025-11-08 18:48:31 | debug_robo_cima | INFO | ℹ️ 🔧 AJUSTE LARGURA - Metal A Pilar 2: larg_1=15.0cm, ajuste=-5.0cm
2025-11-08 18:48:31 | debug_robo_cima | INFO | ℹ️    Tamanho: 266.4 -> 261.4
2025-11-08 18:48:31 | debug_robo_cima | INFO | ℹ️ 🔧 METAL A - posX=-266.4, posY=-76.4, comp=261.4, endX=-29.0, largura=7
2025-11-08 18:48:31 | debug_robo_cima | INFO | ℹ️ 🔧 METAL B - posX=-221.6, posY=-35.6, comp=216.6, endX=-29.0, largura=7
2025-11-08 18:48:31 | debug_robo_cima | INFO | ℹ️ Grade A - Pilar 2 Especial: ajuste fixo -13cm + largura 15.0cm (ajuste +5.0cm)
2025-11-08 18:48:31 | debug_robo_cima | INFO | ℹ️ Grade A - Pilar 2: -24.0 -> -19.0
2025-11-08 18:48:31 | debug_robo_cima | INFO | ℹ️ DEBUG: Valores lidos Grade A - grade1=95.0, grade2=95.0, grade3=0.0, dist1=15.0, dist2=0.0
2025-11-08 18:48:31 | debug_robo_cima | INFO | ℹ️ DEBUG: Condição Grade A - grade1 > 0: True, grade2 > 0: True, grade3 > 0: False
2025-11-08 18:48:31 | debug_robo_cima | INFO | ℹ️ DEBUG: Condição Grade A - grade1 > 0 or grade2 > 0 or grade3 > 0: True
2025-11-08 18:48:31 | debug_robo_cima | INFO | ℹ️ GRA.A usando valores específicos: comprimentos=[95.0, 95.0, 0.0], espacos=[15.0, 0.0]
2025-11-08 18:48:31 | debug_robo_cima | INFO | 
----------------------------------------
2025-11-08 18:48:31 | debug_robo_cima | INFO | 📌 VERIFICAÇÃO DE PILAR ESPECIAL ATIVO
2025-11-08 18:48:31 | debug_robo_cima | INFO | ----------------------------------------
2025-11-08 18:48:31 | debug_robo_cima | INFO | ℹ️ 🔄 Verificando se pilar especial está ativo...
2025-11-08 18:48:31 | debug_robo_cima | INFO | ℹ️ 🔄 Status do checkbox pilar_rotacionado_var: False
2025-11-08 18:48:31 | debug_robo_cima | INFO | ℹ️ 🔄 Status do checkbox pilar_especial_ativo_var: True
2025-11-08 18:48:31 | debug_robo_cima | INFO | ℹ️ 🔄 Globais encontradas: 37 valores, tipo: 'L'
2025-11-08 18:48:31 | debug_robo_cima | INFO | ℹ️ ✅ Pilar especial ATIVO - pilar_rotacionado: False, pilar_especial: True, globais: True, tipo: L
2025-11-08 18:48:31 | debug_robo_cima | INFO | ℹ️ [GRADE-E-OFFSET] Grade 1: offset_grade_e=+0.0 será aplicado a TODOS os blocks
2025-11-08 18:48:31 | debug_robo_cima | INFO | 
----------------------------------------
2025-11-08 18:48:31 | debug_robo_cima | INFO | 📌 VERIFICAÇÃO DE PILAR ESPECIAL ATIVO
2025-11-08 18:48:31 | debug_robo_cima | INFO | ----------------------------------------
2025-11-08 18:48:31 | debug_robo_cima | INFO | ℹ️ 🔄 Verificando se pilar especial está ativo...
2025-11-08 18:48:31 | debug_robo_cima | INFO | ℹ️ 🔄 Status do checkbox pilar_rotacionado_var: False
2025-11-08 18:48:31 | debug_robo_cima | INFO | ℹ️ 🔄 Status do checkbox pilar_especial_ativo_var: True
2025-11-08 18:48:31 | debug_robo_cima | INFO | ℹ️ 🔄 Globais encontradas: 37 valores, tipo: 'L'
2025-11-08 18:48:31 | debug_robo_cima | INFO | ℹ️ ✅ Pilar especial ATIVO - pilar_rotacionado: False, pilar_especial: True, globais: True, tipo: L
2025-11-08 18:48:31 | debug_robo_cima | INFO | ℹ️ [GRADE-E-OFFSET] Grade 2: offset_grade_e=+0.0 será aplicado a TODOS os blocks
2025-11-08 18:48:31 | debug_robo_cima | INFO | ℹ️ [GRADE-E-BLOCK] Grade 2, Block 1: offset_grade_e=+0.0, posicao_final=-144.999
2025-11-08 18:48:31 | debug_robo_cima | INFO | ℹ️ [GRADE-E-BLOCK] Grade 2, Block 2: offset_grade_e=+0.0, posicao_final=-122.749
2025-11-08 18:48:31 | debug_robo_cima | INFO | ℹ️ [GRADE-E-BLOCK] Grade 2, Block 3: offset_grade_e=+0.0, posicao_final=-98.749
2025-11-08 18:48:31 | debug_robo_cima | INFO | ℹ️ [GRADE-E-BLOCK] Grade 2, Block 4: offset_grade_e=+0.0, posicao_final=-76.749
2025-11-08 18:48:31 | debug_robo_cima | INFO | ℹ️ [GRADE-E-BLOCK] Grade 2, Block 5: offset_grade_e=+0.0, posicao_final=-49.999
2025-11-08 18:48:31 | debug_robo_cima | INFO | ℹ️ [GRADE-E-COTA] Grade 2: offset_grade_e=+0.0
2025-11-08 18:48:31 | debug_robo_cima | INFO | ℹ️ Grade B - Pilar 2 Especial: movendo 25.4cm para direita: -11.0 -> 14.399999999999999
2025-11-08 18:48:31 | debug_robo_cima | INFO | ℹ️ DEBUG: Valores lidos Grade B - grade1_grupo2=80.0, grade2_grupo2=80.0, grade3_grupo2=0.0, dist1_grupo2=15.0, dist2_grupo2=0.0
2025-11-08 18:48:31 | debug_robo_cima | INFO | ℹ️ DEBUG: Condição Grade B - grade1_grupo2 > 0: True, grade2_grupo2 > 0: True, grade3_grupo2 > 0: False
2025-11-08 18:48:31 | debug_robo_cima | INFO | ℹ️ DEBUG: Condição Grade B - grade1_grupo2 > 0 or grade2_grupo2 > 0 or grade3_grupo2 > 0: True
2025-11-08 18:48:31 | debug_robo_cima | INFO | ℹ️ GRA.B usando valores específicos: comprimentos=[80.0, 80.0, 0.0], espacos=[15.0, 0.0]
2025-11-08 18:48:31 | debug_robo_cima | INFO | 
----------------------------------------
2025-11-08 18:48:31 | debug_robo_cima | INFO | 📌 VERIFICAÇÃO DE PILAR ESPECIAL ATIVO
2025-11-08 18:48:31 | debug_robo_cima | INFO | ----------------------------------------
2025-11-08 18:48:31 | debug_robo_cima | INFO | ℹ️ 🔄 Verificando se pilar especial está ativo...
2025-11-08 18:48:31 | debug_robo_cima | INFO | ℹ️ 🔄 Status do checkbox pilar_rotacionado_var: False
2025-11-08 18:48:31 | debug_robo_cima | INFO | ℹ️ 🔄 Status do checkbox pilar_especial_ativo_var: True
2025-11-08 18:48:31 | debug_robo_cima | INFO | ℹ️ 🔄 Globais encontradas: 37 valores, tipo: 'L'
2025-11-08 18:48:31 | debug_robo_cima | INFO | ℹ️ ✅ Pilar especial ATIVO - pilar_rotacionado: False, pilar_especial: True, globais: True, tipo: L
2025-11-08 18:48:31 | debug_robo_cima | INFO | 
----------------------------------------
2025-11-08 18:48:31 | debug_robo_cima | INFO | 📌 VERIFICAÇÃO DE PILAR ESPECIAL ATIVO
2025-11-08 18:48:31 | debug_robo_cima | INFO | ----------------------------------------
2025-11-08 18:48:31 | debug_robo_cima | INFO | ℹ️ 🔄 Verificando se pilar especial está ativo...
2025-11-08 18:48:31 | debug_robo_cima | INFO | ℹ️ 🔄 Status do checkbox pilar_rotacionado_var: False
2025-11-08 18:48:31 | debug_robo_cima | INFO | ℹ️ 🔄 Status do checkbox pilar_especial_ativo_var: True
2025-11-08 18:48:31 | debug_robo_cima | INFO | ℹ️ 🔄 Globais encontradas: 37 valores, tipo: 'L'
2025-11-08 18:48:31 | debug_robo_cima | INFO | ℹ️ ✅ Pilar especial ATIVO - pilar_rotacionado: False, pilar_especial: True, globais: True, tipo: L
2025-11-08 18:48:31 | debug_robo_cima | INFO | 
----------------------------------------
2025-11-08 18:48:31 | debug_robo_cima | INFO | 📌 PARAFUSOS ESPECIAIS - PILAR 2 (PARAFUSOS E)
2025-11-08 18:48:31 | debug_robo_cima | INFO | ----------------------------------------
2025-11-08 18:48:31 | debug_robo_cima | INFO | ℹ️ Pilar 2: Usando parafusos especiais: [73.0, 69.0, 69.0]
2025-11-08 18:48:31 | debug_robo_cima | INFO | ℹ️ Quantidade de parafusos: 2
2025-11-08 18:48:31 | debug_robo_cima | INFO | ℹ️ Start X = -186.5
2025-11-08 18:48:31 | debug_robo_cima | DEBUG | 🔍 Sem alteração para pilar1_parafuso_posicao - retornando valor original: -186.5
2025-11-08 18:48:31 | debug_robo_cima | INFO | 
----------------------------------------
2025-11-08 18:48:31 | debug_robo_cima | INFO | 📌 VERIFICAÇÃO DE PILAR ESPECIAL ATIVO
2025-11-08 18:48:31 | debug_robo_cima | INFO | ----------------------------------------
2025-11-08 18:48:31 | debug_robo_cima | INFO | ℹ️ 🔄 Verificando se pilar especial está ativo...
2025-11-08 18:48:31 | debug_robo_cima | INFO | ℹ️ 🔄 Status do checkbox pilar_rotacionado_var: False
2025-11-08 18:48:31 | debug_robo_cima | INFO | ℹ️ 🔄 Status do checkbox pilar_especial_ativo_var: True
2025-11-08 18:48:31 | debug_robo_cima | INFO | ℹ️ 🔄 Globais encontradas: 37 valores, tipo: 'L'
2025-11-08 18:48:31 | debug_robo_cima | INFO | ℹ️ ✅ Pilar especial ATIVO - pilar_rotacionado: False, pilar_especial: True, globais: True, tipo: L
2025-11-08 18:48:31 | debug_robo_cima | INFO | 
----------------------------------------
2025-11-08 18:48:31 | debug_robo_cima | INFO | 📌 DECISÃO DE COMANDO SCALE/ROTATE
2025-11-08 18:48:31 | debug_robo_cima | INFO | ----------------------------------------
2025-11-08 18:48:31 | debug_robo_cima | INFO | ℹ️ 🔄 Verificando qual comando usar (SCALE ou ROTATE)...
2025-11-08 18:48:31 | debug_robo_cima | INFO | ℹ️ 🔄 Status pilar_rotacionado = False, usar_scale = True
2025-11-08 18:48:31 | debug_robo_cima | INFO | ℹ️ ✅ Usando _SCALE
2025-11-08 18:48:31 | debug_robo_cima | INFO | ℹ️ 🔄 Verificando se é pilar especial: True
2025-11-08 18:48:31 | debug_robo_cima | INFO | ℹ️ ✅ Pilar especial - usando valores alterados no _SCALE
2025-11-08 18:48:31 | debug_robo_cima | INFO | ℹ️ ✅ Script gerado com sucesso!
2025-11-08 18:48:31 | debug_robo_cima | INFO | 🔄 Script gerado: Tamanho: 5156 caracteres
2025-11-08 18:48:31 | debug_robo_cima | INFO | 
============================================================
2025-11-08 18:48:31 | debug_robo_cima | INFO | 📋 FIM DA GERAÇÃO DE SCRIPT CIMA
2025-11-08 18:48:31 | debug_robo_cima | INFO | ============================================================
