2025-11-15 11:44:41 | debug_robo_cima | INFO | Iniciando logs de depuração para robo_cima
2025-11-15 11:44:41 | debug_robo_cima | INFO | Arquivo de log: logs\depuracao\robo_cima_20251115_114441.log
2025-11-15 11:44:41 | debug_robo_cima | WARNING | ⚠️ Instancia do GeradorPilar nao disponivel para alterar checkbox
2025-11-15 11:44:41 | debug_robo_cima | WARNING | ⚠️ Instancia do GeradorPilar nao disponivel para alterar checkbox
2025-11-15 11:44:46 | debug_robo_cima | INFO | Iniciando logs de depuração para robo_cima
2025-11-15 11:44:46 | debug_robo_cima | INFO | Arquivo de log: logs\depuracao\robo_cima_20251115_114446.log
2025-11-15 11:44:47 | debug_robo_cima | INFO | ℹ️ 🔄 Instância do GeradorPilar registrada globalmente
2025-11-15 11:44:47 | debug_robo_cima | INFO | ℹ️ 🔄 Globais do pilar especial inicializadas
2025-11-15 11:44:47 | debug_robo_cima | INFO | Iniciando logs de depuração para robo_cima
2025-11-15 11:44:47 | debug_robo_cima | INFO | Arquivo de log: logs\depuracao\robo_cima_20251115_114447.log
2025-11-15 11:44:47 | debug_robo_cima | INFO | 
============================================================
2025-11-15 11:44:47 | debug_robo_cima | INFO | 📋 GERAÇÃO DE SCRIPT CIMA
2025-11-15 11:44:47 | debug_robo_cima | INFO | ============================================================
2025-11-15 11:44:47 | debug_robo_cima | INFO | ℹ️ 🔄 === INÍCIO DO gerar_script() ===
2025-11-15 11:44:47 | debug_robo_cima | INFO | ℹ️ 🔄 Estado inicial das globais: ID=2498927432896, len=0
2025-11-15 11:44:47 | debug_robo_cima | WARNING | ⚠️ _globais_pilar_especial está vazio ou None!
2025-11-15 11:44:47 | debug_robo_cima | INFO | ℹ️ 🔄 Status pilar_rotacionado no inicio: True
2025-11-15 11:44:47 | debug_robo_cima | INFO | ℹ️ 🔄 Prestes a chamar _verificar_pilar_especial_ativo()...
2025-11-15 11:44:47 | debug_robo_cima | INFO | ℹ️ 🔄 Estado das globais ANTES da verificação: False
2025-11-15 11:44:47 | debug_robo_cima | INFO | 
----------------------------------------
2025-11-15 11:44:47 | debug_robo_cima | INFO | 📌 VERIFICAÇÃO DE PILAR ESPECIAL ATIVO
2025-11-15 11:44:47 | debug_robo_cima | INFO | ----------------------------------------
2025-11-15 11:44:47 | debug_robo_cima | INFO | ℹ️ 🔄 Verificando se pilar especial está ativo...
2025-11-15 11:44:47 | debug_robo_cima | INFO | ℹ️ 🔄 Status do checkbox pilar_rotacionado_var: True
2025-11-15 11:44:47 | debug_robo_cima | INFO | ℹ️ 🔄 Status do checkbox pilar_especial_ativo_var: False
2025-11-15 11:44:47 | debug_robo_cima | INFO | ℹ️ 🔄 Globais encontradas: 37 valores, tipo: 'L'
2025-11-15 11:44:47 | debug_robo_cima | INFO | ℹ️ ✅ Pilar especial ATIVO - pilar_rotacionado: True, pilar_especial: False, globais: True, tipo: L
2025-11-15 11:44:47 | debug_robo_cima | INFO | ℹ️ 🔄 Resultado da verificação: True
2025-11-15 11:44:47 | debug_robo_cima | INFO | ℹ️ 🔄 Estado das globais APÓS a verificação: False
2025-11-15 11:44:47 | debug_robo_cima | INFO | ℹ️ 🔄 Pilar especial ativo: True
2025-11-15 11:44:47 | debug_robo_cima | INFO | 
----------------------------------------
2025-11-15 11:44:47 | debug_robo_cima | INFO | 📌 APLICAÇÃO DE ALTERAÇÕES PILAR ESPECIAL - PAI.B
2025-11-15 11:44:47 | debug_robo_cima | INFO | ----------------------------------------
2025-11-15 11:44:47 | debug_robo_cima | INFO | ℹ️ 🔄 Aplicando alterações do pilar especial para PAI.B...
2025-11-15 11:44:47 | debug_robo_cima | DEBUG | 🔍 Sem alteração para pilar1_paib_posicao - retornando valor original: -51
2025-11-15 11:44:47 | debug_robo_cima | DEBUG | 🔍 Sem alteração para pilar1_paib_posicao - retornando valor original: 90.0
2025-11-15 11:44:47 | debug_robo_cima | INFO | ℹ️ Aplicando tamanho pilar especial: 122.0 -> 76.9 (pilar1_paib_tamanho)
2025-11-15 11:44:47 | debug_robo_cima | INFO | ℹ️ 🔄 PAI.B - Posição X: -51 -> -51
2025-11-15 11:44:47 | debug_robo_cima | INFO | ℹ️ 🔄 PAI.B - Posição Y: 90.0 -> 90.0
2025-11-15 11:44:47 | debug_robo_cima | INFO | ℹ️ 🔄 PAI.B - Comprimento: 122.0 -> 91.0
2025-11-15 11:44:47 | debug_robo_cima | DEBUG | 🔍 Sem alteração para pilar1_paia_posicao - retornando valor original: -51
2025-11-15 11:44:47 | debug_robo_cima | DEBUG | 🔍 Sem alteração para pilar1_paia_posicao - retornando valor original: 70
2025-11-15 11:44:47 | debug_robo_cima | INFO | ℹ️ Aplicando tamanho pilar especial: 122.0 -> 122.0 (pilar1_paia_tamanho)
2025-11-15 11:44:47 | debug_robo_cima | INFO | ℹ️ [REFERENCIA-DINAMICA] Parede esquerda PAI.A FINAL REAL registrada: -51.0
2025-11-15 11:44:47 | debug_robo_cima | DEBUG | 🔍 Sem alteração para pilar1_metala_posicao - retornando valor original: -71
2025-11-15 11:44:47 | debug_robo_cima | DEBUG | 🔍 Sem alteração para pilar1_metala_tamanho - retornando valor original: 162.0
2025-11-15 11:44:47 | debug_robo_cima | INFO | ℹ️ 🔧 METAL A - posX=-71.0, posY=61.0, comp=162.0, endX=91.0, largura=7
2025-11-15 11:44:47 | debug_robo_cima | INFO | ℹ️ 🔧 METAL B - posX=-71.0, posY=99.0, comp=109.0, endX=38.0, largura=7
2025-11-15 11:44:47 | debug_robo_cima | INFO | ℹ️ DEBUG: Valores lidos Grade A - grade1=120.0, grade2=0.0, grade3=0.0, dist1=0.0, dist2=0.0
2025-11-15 11:44:47 | debug_robo_cima | INFO | ℹ️ DEBUG: Condição Grade A - grade1 > 0: True, grade2 > 0: False, grade3 > 0: False
2025-11-15 11:44:47 | debug_robo_cima | INFO | ℹ️ DEBUG: Condição Grade A - grade1 > 0 or grade2 > 0 or grade3 > 0: True
2025-11-15 11:44:47 | debug_robo_cima | INFO | ℹ️ GRA.A usando valores específicos: comprimentos=[120.0, 0.0, 0.0], espacos=[0.0, 0.0]
2025-11-15 11:44:47 | debug_robo_cima | INFO | 
----------------------------------------
2025-11-15 11:44:47 | debug_robo_cima | INFO | 📌 VERIFICAÇÃO DE PILAR ESPECIAL ATIVO
2025-11-15 11:44:47 | debug_robo_cima | INFO | ----------------------------------------
2025-11-15 11:44:47 | debug_robo_cima | INFO | ℹ️ 🔄 Verificando se pilar especial está ativo...
2025-11-15 11:44:47 | debug_robo_cima | INFO | ℹ️ 🔄 Status do checkbox pilar_rotacionado_var: True
2025-11-15 11:44:47 | debug_robo_cima | INFO | ℹ️ 🔄 Status do checkbox pilar_especial_ativo_var: False
2025-11-15 11:44:47 | debug_robo_cima | INFO | ℹ️ 🔄 Globais encontradas: 37 valores, tipo: 'L'
2025-11-15 11:44:47 | debug_robo_cima | INFO | ℹ️ ✅ Pilar especial ATIVO - pilar_rotacionado: True, pilar_especial: False, globais: True, tipo: L
2025-11-15 11:44:47 | debug_robo_cima | INFO | ℹ️ DEBUG: Valores lidos Grade B - grade1_grupo2=89.0, grade2_grupo2=0.0, grade3_grupo2=0.0, dist1_grupo2=0.0, dist2_grupo2=0.0
2025-11-15 11:44:47 | debug_robo_cima | INFO | ℹ️ DEBUG: Condição Grade B - grade1_grupo2 > 0: True, grade2_grupo2 > 0: False, grade3_grupo2 > 0: False
2025-11-15 11:44:47 | debug_robo_cima | INFO | ℹ️ DEBUG: Condição Grade B - grade1_grupo2 > 0 or grade2_grupo2 > 0 or grade3_grupo2 > 0: True
2025-11-15 11:44:47 | debug_robo_cima | INFO | ℹ️ GRA.B usando valores específicos: comprimentos=[89.0, 0.0, 0.0], espacos=[0.0, 0.0]
2025-11-15 11:44:47 | debug_robo_cima | INFO | 
----------------------------------------
2025-11-15 11:44:47 | debug_robo_cima | INFO | 📌 VERIFICAÇÃO DE PILAR ESPECIAL ATIVO
2025-11-15 11:44:47 | debug_robo_cima | INFO | ----------------------------------------
2025-11-15 11:44:47 | debug_robo_cima | INFO | ℹ️ 🔄 Verificando se pilar especial está ativo...
2025-11-15 11:44:47 | debug_robo_cima | INFO | ℹ️ 🔄 Status do checkbox pilar_rotacionado_var: True
2025-11-15 11:44:47 | debug_robo_cima | INFO | ℹ️ 🔄 Status do checkbox pilar_especial_ativo_var: False
2025-11-15 11:44:47 | debug_robo_cima | INFO | ℹ️ 🔄 Globais encontradas: 37 valores, tipo: 'L'
2025-11-15 11:44:47 | debug_robo_cima | INFO | ℹ️ ✅ Pilar especial ATIVO - pilar_rotacionado: True, pilar_especial: False, globais: True, tipo: L
2025-11-15 11:44:47 | debug_robo_cima | INFO | 
----------------------------------------
2025-11-15 11:44:47 | debug_robo_cima | INFO | 📌 PARAFUSOS ESPECIAIS - PILAR 1 (PARAFUSOS A)
2025-11-15 11:44:47 | debug_robo_cima | INFO | ----------------------------------------
2025-11-15 11:44:47 | debug_robo_cima | INFO | ℹ️ Pilar 1: Usando parafusos especiais: [38.0]
2025-11-15 11:44:47 | debug_robo_cima | INFO | ℹ️ Quantidade de parafusos: 1
2025-11-15 11:44:47 | debug_robo_cima | DEBUG | 🔍 Sem alteração para pilar1_parafuso_posicao - retornando valor original: -52
2025-11-15 11:44:47 | debug_robo_cima | INFO | 
----------------------------------------
2025-11-15 11:44:47 | debug_robo_cima | INFO | 📌 VERIFICAÇÃO DE PILAR ESPECIAL ATIVO
2025-11-15 11:44:47 | debug_robo_cima | INFO | ----------------------------------------
2025-11-15 11:44:47 | debug_robo_cima | INFO | ℹ️ 🔄 Verificando se pilar especial está ativo...
2025-11-15 11:44:47 | debug_robo_cima | INFO | ℹ️ 🔄 Status do checkbox pilar_rotacionado_var: True
2025-11-15 11:44:47 | debug_robo_cima | INFO | ℹ️ 🔄 Status do checkbox pilar_especial_ativo_var: False
2025-11-15 11:44:47 | debug_robo_cima | INFO | ℹ️ 🔄 Globais encontradas: 37 valores, tipo: 'L'
2025-11-15 11:44:47 | debug_robo_cima | INFO | ℹ️ ✅ Pilar especial ATIVO - pilar_rotacionado: True, pilar_especial: False, globais: True, tipo: L
2025-11-15 11:44:47 | debug_robo_cima | INFO | 
----------------------------------------
2025-11-15 11:44:47 | debug_robo_cima | INFO | 📌 DECISÃO DE COMANDO SCALE/ROTATE
2025-11-15 11:44:47 | debug_robo_cima | INFO | ----------------------------------------
2025-11-15 11:44:47 | debug_robo_cima | INFO | ℹ️ 🔄 Verificando qual comando usar (SCALE ou ROTATE)...
2025-11-15 11:44:47 | debug_robo_cima | INFO | ℹ️ 🔄 Status pilar_rotacionado = True, usar_scale = False
2025-11-15 11:44:47 | debug_robo_cima | INFO | ℹ️ ✅ PILAR ROTACIONADO ATIVO - Usando _ROTATE
2025-11-15 11:44:47 | debug_robo_cima | INFO | ℹ️ ✅ Script gerado com sucesso!
2025-11-15 11:44:47 | debug_robo_cima | INFO | 🔄 Script gerado: Tamanho: 3125 caracteres
2025-11-15 11:44:47 | debug_robo_cima | INFO | 
============================================================
2025-11-15 11:44:47 | debug_robo_cima | INFO | 📋 FIM DA GERAÇÃO DE SCRIPT CIMA
2025-11-15 11:44:47 | debug_robo_cima | INFO | ============================================================
2025-11-15 11:44:47 | debug_robo_cima | INFO | 
============================================================
2025-11-15 11:44:47 | debug_robo_cima | INFO | 📋 GERAÇÃO DE SCRIPT CIMA
2025-11-15 11:44:47 | debug_robo_cima | INFO | ============================================================
2025-11-15 11:44:47 | debug_robo_cima | INFO | ℹ️ 🔄 === INÍCIO DO gerar_script() ===
2025-11-15 11:44:47 | debug_robo_cima | INFO | ℹ️ 🔄 Estado inicial das globais: ID=2498927432896, len=0
2025-11-15 11:44:47 | debug_robo_cima | WARNING | ⚠️ _globais_pilar_especial está vazio ou None!
2025-11-15 11:44:47 | debug_robo_cima | INFO | ℹ️ 🔄 Status pilar_rotacionado no inicio: False
2025-11-15 11:44:47 | debug_robo_cima | INFO | ℹ️ 🔄 Prestes a chamar _verificar_pilar_especial_ativo()...
2025-11-15 11:44:47 | debug_robo_cima | INFO | ℹ️ 🔄 Estado das globais ANTES da verificação: False
2025-11-15 11:44:47 | debug_robo_cima | INFO | 
----------------------------------------
2025-11-15 11:44:47 | debug_robo_cima | INFO | 📌 VERIFICAÇÃO DE PILAR ESPECIAL ATIVO
2025-11-15 11:44:47 | debug_robo_cima | INFO | ----------------------------------------
2025-11-15 11:44:47 | debug_robo_cima | INFO | ℹ️ 🔄 Verificando se pilar especial está ativo...
2025-11-15 11:44:47 | debug_robo_cima | INFO | ℹ️ 🔄 Status do checkbox pilar_rotacionado_var: False
2025-11-15 11:44:47 | debug_robo_cima | INFO | ℹ️ 🔄 Status do checkbox pilar_especial_ativo_var: True
2025-11-15 11:44:47 | debug_robo_cima | INFO | ℹ️ 🔄 Globais encontradas: 37 valores, tipo: 'L'
2025-11-15 11:44:47 | debug_robo_cima | INFO | ℹ️ ✅ Pilar especial ATIVO - pilar_rotacionado: False, pilar_especial: True, globais: True, tipo: L
2025-11-15 11:44:47 | debug_robo_cima | INFO | ℹ️ 🔄 Resultado da verificação: True
2025-11-15 11:44:47 | debug_robo_cima | INFO | ℹ️ 🔄 Estado das globais APÓS a verificação: False
2025-11-15 11:44:47 | debug_robo_cima | INFO | ℹ️ 🔄 Pilar especial ativo: True
2025-11-15 11:44:47 | debug_robo_cima | INFO | ℹ️ 🔄 PILAR ESPECIAL L - Coordenada X base ajustada (SEGUNDO PILAR): -40 -> -236
2025-11-15 11:44:47 | debug_robo_cima | INFO | ℹ️ 🔄 PILAR ESPECIAL L - Ajuste Y do Pilar 2:
2025-11-15 11:44:47 | debug_robo_cima | INFO | ℹ️    Comprimento Pilar 1: 100.0
2025-11-15 11:44:47 | debug_robo_cima | INFO | ℹ️    Largura Pilar 2: 20.0
2025-11-15 11:44:47 | debug_robo_cima | INFO | ℹ️    Largura Pilar 1: 20.0
2025-11-15 11:44:47 | debug_robo_cima | INFO | ℹ️    Deslocamento base: -100.0 + 20.0 = -80.0
2025-11-15 11:44:47 | debug_robo_cima | INFO | ℹ️    Ajuste largura 1: 20.0 - 20 = 0.0
2025-11-15 11:44:47 | debug_robo_cima | INFO | ℹ️    Ajuste largura 2: -(20.0 - 20) = -0.0
2025-11-15 11:44:47 | debug_robo_cima | INFO | ℹ️    Deslocamento total: -80.0
2025-11-15 11:44:47 | debug_robo_cima | INFO | ℹ️    Valor original Y: 70 -> Novo Y: -10.0
2025-11-15 11:44:47 | debug_robo_cima | INFO | ℹ️ 🔄 PILAR ESPECIAL L - Coordenada Y base ajustada (SEGUNDO PILAR): 70 -> -10.0
2025-11-15 11:44:47 | debug_robo_cima | INFO | 
----------------------------------------
2025-11-15 11:44:47 | debug_robo_cima | INFO | 📌 APLICAÇÃO DE ALTERAÇÕES PILAR ESPECIAL - PAI.B
2025-11-15 11:44:47 | debug_robo_cima | INFO | ----------------------------------------
2025-11-15 11:44:47 | debug_robo_cima | INFO | ℹ️ 🔄 Aplicando alterações do pilar especial para PAI.B...
2025-11-15 11:44:47 | debug_robo_cima | DEBUG | 🔍 Sem alteração para pilar1_paib_posicao - retornando valor original: -247
2025-11-15 11:44:47 | debug_robo_cima | DEBUG | 🔍 Sem alteração para pilar1_paib_posicao - retornando valor original: 10.0
2025-11-15 11:44:47 | debug_robo_cima | INFO | ℹ️ Aplicando tamanho pilar especial: 122.0 -> 76.9 (pilar1_paib_tamanho)
2025-11-15 11:44:47 | debug_robo_cima | INFO | ℹ️ 🔧 AJUSTE POSIÇÃO - PAI.B Pilar 2: Apenas comprimentos dos pilares especiais
2025-11-15 11:44:47 | debug_robo_cima | INFO | ℹ️    Posição base: -238.0
2025-11-15 11:44:47 | debug_robo_cima | INFO | ℹ️ 🔧 AJUSTE COMP-1 - PAI.B Pilar 2: Sem ajuste (comp_1=100.0cm = 100cm)
2025-11-15 11:44:47 | debug_robo_cima | INFO | ℹ️ 🔄 PAI.B - Posição X: -247 -> -238.0
2025-11-15 11:44:47 | debug_robo_cima | INFO | ℹ️ 🔄 PAI.B - Posição Y: 10.0 -> 10.0
2025-11-15 11:44:47 | debug_robo_cima | INFO | ℹ️ 🔄 PAI.B - Comprimento: 122.0 -> 113.0
2025-11-15 11:44:47 | debug_robo_cima | DEBUG | 🔍 Sem alteração para pilar1_paia_posicao - retornando valor original: -247
2025-11-15 11:44:47 | debug_robo_cima | DEBUG | 🔍 Sem alteração para pilar1_paia_posicao - retornando valor original: -10.0
2025-11-15 11:44:47 | debug_robo_cima | INFO | ℹ️ Aplicando tamanho pilar especial: 122.0 -> 122.0 (pilar1_paia_tamanho)
2025-11-15 11:44:47 | debug_robo_cima | INFO | ℹ️ 🔧 AJUSTE LARGURA - PAI.A Pilar 2 POSIÇÃO: larg_1=20.0cm, ajuste=-0.0cm
2025-11-15 11:44:47 | debug_robo_cima | INFO | ℹ️    Posição: -260.0 -> -260.0
2025-11-15 11:44:47 | debug_robo_cima | INFO | ℹ️ 🔧 AJUSTE LARGURA - PAI.A Pilar 2: larg_1=20.0cm, ajuste=+0.0cm
2025-11-15 11:44:47 | debug_robo_cima | INFO | ℹ️    Tamanho: 135.0 -> 135.0
2025-11-15 11:44:47 | debug_robo_cima | INFO | ℹ️ [REFERENCIA-DINAMICA] Parede esquerda PAI.A FINAL REAL registrada: -260.0
2025-11-15 11:44:47 | debug_robo_cima | INFO | ℹ️ 🔧 AJUSTE LARGURA - Metal A Pilar 2 POSIÇÃO: larg_1=20.0cm, ajuste=-0.0cm
2025-11-15 11:44:47 | debug_robo_cima | INFO | ℹ️    Posição: -269.0 -> -269.0
2025-11-15 11:44:47 | debug_robo_cima | INFO | ℹ️ 🔧 AJUSTE LARGURA - Metal A Pilar 2: larg_1=20.0cm, ajuste=+0.0cm
2025-11-15 11:44:47 | debug_robo_cima | INFO | ℹ️    Tamanho: 164.0 -> 164.0
2025-11-15 11:44:47 | debug_robo_cima | INFO | ℹ️ 🔧 METAL A - posX=-269.0, posY=-19.0, comp=164.0, endX=-129.0, largura=7
2025-11-15 11:44:47 | debug_robo_cima | INFO | ℹ️ 🔧 METAL B - posX=-224.0, posY=19.0, comp=118.99999999999999, endX=-129.0, largura=7
2025-11-15 11:44:47 | debug_robo_cima | INFO | ℹ️ Grade A - Pilar 2 Especial: ajuste fixo -13cm + largura 20.0cm (ajuste -0.0cm)
2025-11-15 11:44:47 | debug_robo_cima | INFO | ℹ️ Grade A - Pilar 2: -24.0 -> -24.0
2025-11-15 11:44:47 | debug_robo_cima | INFO | ℹ️ DEBUG: Valores lidos Grade A - grade1=111.0, grade2=0.0, grade3=0.0, dist1=0.0, dist2=0.0
2025-11-15 11:44:47 | debug_robo_cima | INFO | ℹ️ DEBUG: Condição Grade A - grade1 > 0: True, grade2 > 0: False, grade3 > 0: False
2025-11-15 11:44:47 | debug_robo_cima | INFO | ℹ️ DEBUG: Condição Grade A - grade1 > 0 or grade2 > 0 or grade3 > 0: True
2025-11-15 11:44:47 | debug_robo_cima | INFO | ℹ️ GRA.A usando valores específicos: comprimentos=[111.0, 0.0, 0.0], espacos=[0.0, 0.0]
2025-11-15 11:44:47 | debug_robo_cima | INFO | 
----------------------------------------
2025-11-15 11:44:47 | debug_robo_cima | INFO | 📌 VERIFICAÇÃO DE PILAR ESPECIAL ATIVO
2025-11-15 11:44:47 | debug_robo_cima | INFO | ----------------------------------------
2025-11-15 11:44:47 | debug_robo_cima | INFO | ℹ️ 🔄 Verificando se pilar especial está ativo...
2025-11-15 11:44:47 | debug_robo_cima | INFO | ℹ️ 🔄 Status do checkbox pilar_rotacionado_var: False
2025-11-15 11:44:47 | debug_robo_cima | INFO | ℹ️ 🔄 Status do checkbox pilar_especial_ativo_var: True
2025-11-15 11:44:47 | debug_robo_cima | INFO | ℹ️ 🔄 Globais encontradas: 37 valores, tipo: 'L'
2025-11-15 11:44:47 | debug_robo_cima | INFO | ℹ️ ✅ Pilar especial ATIVO - pilar_rotacionado: False, pilar_especial: True, globais: True, tipo: L
2025-11-15 11:44:47 | debug_robo_cima | INFO | ℹ️ [GRADE-E-OFFSET] Grade 1: offset_grade_e=+0.0 será aplicado a TODOS os blocks
2025-11-15 11:44:47 | debug_robo_cima | INFO | ℹ️ Grade B - Pilar 2 Especial: movendo 25.4cm para direita: -11.0 -> 14.399999999999999
2025-11-15 11:44:47 | debug_robo_cima | INFO | ℹ️ DEBUG: Valores lidos Grade B - grade1_grupo2=89.0, grade2_grupo2=0.0, grade3_grupo2=0.0, dist1_grupo2=0.0, dist2_grupo2=0.0
2025-11-15 11:44:47 | debug_robo_cima | INFO | ℹ️ DEBUG: Condição Grade B - grade1_grupo2 > 0: True, grade2_grupo2 > 0: False, grade3_grupo2 > 0: False
2025-11-15 11:44:47 | debug_robo_cima | INFO | ℹ️ DEBUG: Condição Grade B - grade1_grupo2 > 0 or grade2_grupo2 > 0 or grade3_grupo2 > 0: True
2025-11-15 11:44:47 | debug_robo_cima | INFO | ℹ️ GRA.B usando valores específicos: comprimentos=[89.0, 0.0, 0.0], espacos=[0.0, 0.0]
2025-11-15 11:44:47 | debug_robo_cima | INFO | 
----------------------------------------
2025-11-15 11:44:47 | debug_robo_cima | INFO | 📌 VERIFICAÇÃO DE PILAR ESPECIAL ATIVO
2025-11-15 11:44:47 | debug_robo_cima | INFO | ----------------------------------------
2025-11-15 11:44:47 | debug_robo_cima | INFO | ℹ️ 🔄 Verificando se pilar especial está ativo...
2025-11-15 11:44:47 | debug_robo_cima | INFO | ℹ️ 🔄 Status do checkbox pilar_rotacionado_var: False
2025-11-15 11:44:47 | debug_robo_cima | INFO | ℹ️ 🔄 Status do checkbox pilar_especial_ativo_var: True
2025-11-15 11:44:47 | debug_robo_cima | INFO | ℹ️ 🔄 Globais encontradas: 37 valores, tipo: 'L'
2025-11-15 11:44:47 | debug_robo_cima | INFO | ℹ️ ✅ Pilar especial ATIVO - pilar_rotacionado: False, pilar_especial: True, globais: True, tipo: L
2025-11-15 11:44:47 | debug_robo_cima | INFO | ℹ️ [GRADE-F-OFFSET] Grade 1: modo INI, offset=-2.4cm será aplicado a TODOS os blocks
2025-11-15 11:44:47 | debug_robo_cima | INFO | ℹ️ [GRADE-F-BLOCK] Grade 1, Block 1: offset_grade_f=-2.4, posicao_final=-224.0
2025-11-15 11:44:47 | debug_robo_cima | INFO | ℹ️ [GRADE-F-BLOCK] Grade 1, Block 2: offset_grade_f=-2.4, posicao_final=-195.75
2025-11-15 11:44:47 | debug_robo_cima | INFO | ℹ️ [GRADE-F-BLOCK] Grade 1, Block 3: offset_grade_f=-2.4, posicao_final=-165.75
2025-11-15 11:44:47 | debug_robo_cima | INFO | ℹ️ [GRADE-F-BLOCK] Grade 1, Block 4: offset_grade_f=-2.4, posicao_final=-135.0
2025-11-15 11:44:47 | debug_robo_cima | INFO | ℹ️ [GRADE-F-COTA] Grade 1: offset_grade_f=-2.4
2025-11-15 11:44:47 | debug_robo_cima | INFO | 
----------------------------------------
2025-11-15 11:44:47 | debug_robo_cima | INFO | 📌 PARAFUSOS ESPECIAIS - PILAR 2 (PARAFUSOS E)
2025-11-15 11:44:47 | debug_robo_cima | INFO | ----------------------------------------
2025-11-15 11:44:47 | debug_robo_cima | INFO | ℹ️ Pilar 2: Usando parafusos especiais: [39.0]
2025-11-15 11:44:47 | debug_robo_cima | INFO | ℹ️ Quantidade de parafusos: 1
2025-11-15 11:44:47 | debug_robo_cima | INFO | ℹ️ Start X = -186.5
2025-11-15 11:44:47 | debug_robo_cima | DEBUG | 🔍 Sem alteração para pilar1_parafuso_posicao - retornando valor original: -186.5
2025-11-15 11:44:47 | debug_robo_cima | ERROR | ❌ Erro ao gerar script: cannot access local variable 'modo_nova' where it is not associated with a value
2025-11-15 11:44:47 | debug_robo_cima | ERROR | ❌ Traceback: Traceback (most recent call last):
  File "c:\Users\Ryzen\Desktop\GITHUB\pilares\pilares-atualizado-09-25\src\robots\Robo_Pilar_Visao_Cima.py", line 4637, in gerar_script
    modo_ini = not modo_nova  # Modo INI é quando tipo_linha != "pline"
                   ^^^^^^^^^
UnboundLocalError: cannot access local variable 'modo_nova' where it is not associated with a value

2025-11-15 11:45:20 | debug_robo_cima | INFO | ℹ️ 🔄 Instância do GeradorPilar registrada globalmente
2025-11-15 11:45:20 | debug_robo_cima | INFO | ℹ️ 🔄 Globais do pilar especial inicializadas
2025-11-15 11:45:20 | debug_robo_cima | INFO | 
============================================================
2025-11-15 11:45:20 | debug_robo_cima | INFO | 📋 GERAÇÃO DE SCRIPT CIMA
2025-11-15 11:45:20 | debug_robo_cima | INFO | ============================================================
2025-11-15 11:45:20 | debug_robo_cima | INFO | ℹ️ 🔄 === INÍCIO DO gerar_script() ===
2025-11-15 11:45:20 | debug_robo_cima | INFO | ℹ️ 🔄 Estado inicial das globais: ID=2498927432896, len=0
2025-11-15 11:45:20 | debug_robo_cima | WARNING | ⚠️ _globais_pilar_especial está vazio ou None!
2025-11-15 11:45:20 | debug_robo_cima | INFO | ℹ️ 🔄 Status pilar_rotacionado no inicio: True
2025-11-15 11:45:20 | debug_robo_cima | INFO | ℹ️ 🔄 Prestes a chamar _verificar_pilar_especial_ativo()...
2025-11-15 11:45:20 | debug_robo_cima | INFO | ℹ️ 🔄 Estado das globais ANTES da verificação: False
2025-11-15 11:45:20 | debug_robo_cima | INFO | 
----------------------------------------
2025-11-15 11:45:20 | debug_robo_cima | INFO | 📌 VERIFICAÇÃO DE PILAR ESPECIAL ATIVO
2025-11-15 11:45:20 | debug_robo_cima | INFO | ----------------------------------------
2025-11-15 11:45:20 | debug_robo_cima | INFO | ℹ️ 🔄 Verificando se pilar especial está ativo...
2025-11-15 11:45:20 | debug_robo_cima | INFO | ℹ️ 🔄 Status do checkbox pilar_rotacionado_var: True
2025-11-15 11:45:20 | debug_robo_cima | INFO | ℹ️ 🔄 Status do checkbox pilar_especial_ativo_var: False
2025-11-15 11:45:20 | debug_robo_cima | INFO | ℹ️ 🔄 Globais encontradas: 37 valores, tipo: 'L'
2025-11-15 11:45:20 | debug_robo_cima | INFO | ℹ️ ✅ Pilar especial ATIVO - pilar_rotacionado: True, pilar_especial: False, globais: True, tipo: L
2025-11-15 11:45:20 | debug_robo_cima | INFO | ℹ️ 🔄 Resultado da verificação: True
2025-11-15 11:45:20 | debug_robo_cima | INFO | ℹ️ 🔄 Estado das globais APÓS a verificação: False
2025-11-15 11:45:20 | debug_robo_cima | INFO | ℹ️ 🔄 Pilar especial ativo: True
2025-11-15 11:45:20 | debug_robo_cima | INFO | 
----------------------------------------
2025-11-15 11:45:20 | debug_robo_cima | INFO | 📌 APLICAÇÃO DE ALTERAÇÕES PILAR ESPECIAL - PAI.B
2025-11-15 11:45:20 | debug_robo_cima | INFO | ----------------------------------------
2025-11-15 11:45:20 | debug_robo_cima | INFO | ℹ️ 🔄 Aplicando alterações do pilar especial para PAI.B...
2025-11-15 11:45:20 | debug_robo_cima | DEBUG | 🔍 Sem alteração para pilar1_paib_posicao - retornando valor original: -51
2025-11-15 11:45:20 | debug_robo_cima | DEBUG | 🔍 Sem alteração para pilar1_paib_posicao - retornando valor original: 90.0
2025-11-15 11:45:20 | debug_robo_cima | INFO | ℹ️ Aplicando tamanho pilar especial: 122.0 -> 76.9 (pilar1_paib_tamanho)
2025-11-15 11:45:20 | debug_robo_cima | INFO | ℹ️ 🔄 PAI.B - Posição X: -51 -> -51
2025-11-15 11:45:20 | debug_robo_cima | INFO | ℹ️ 🔄 PAI.B - Posição Y: 90.0 -> 90.0
2025-11-15 11:45:20 | debug_robo_cima | INFO | ℹ️ 🔄 PAI.B - Comprimento: 122.0 -> 91.0
2025-11-15 11:45:20 | debug_robo_cima | DEBUG | 🔍 Sem alteração para pilar1_paia_posicao - retornando valor original: -51
2025-11-15 11:45:20 | debug_robo_cima | DEBUG | 🔍 Sem alteração para pilar1_paia_posicao - retornando valor original: 70
2025-11-15 11:45:20 | debug_robo_cima | INFO | ℹ️ Aplicando tamanho pilar especial: 122.0 -> 122.0 (pilar1_paia_tamanho)
2025-11-15 11:45:20 | debug_robo_cima | INFO | ℹ️ [REFERENCIA-DINAMICA] Parede esquerda PAI.A FINAL REAL registrada: -51.0
2025-11-15 11:45:20 | debug_robo_cima | DEBUG | 🔍 Sem alteração para pilar1_metala_posicao - retornando valor original: -71
2025-11-15 11:45:20 | debug_robo_cima | DEBUG | 🔍 Sem alteração para pilar1_metala_tamanho - retornando valor original: 162.0
2025-11-15 11:45:20 | debug_robo_cima | INFO | ℹ️ 🔧 METAL A - posX=-71.0, posY=61.0, comp=162.0, endX=91.0, largura=7
2025-11-15 11:45:20 | debug_robo_cima | INFO | ℹ️ 🔧 METAL B - posX=-71.0, posY=99.0, comp=109.0, endX=38.0, largura=7
2025-11-15 11:45:20 | debug_robo_cima | INFO | ℹ️ DEBUG: Valores lidos Grade A - grade1=120.0, grade2=0.0, grade3=0.0, dist1=0.0, dist2=0.0
2025-11-15 11:45:20 | debug_robo_cima | INFO | ℹ️ DEBUG: Condição Grade A - grade1 > 0: True, grade2 > 0: False, grade3 > 0: False
2025-11-15 11:45:20 | debug_robo_cima | INFO | ℹ️ DEBUG: Condição Grade A - grade1 > 0 or grade2 > 0 or grade3 > 0: True
2025-11-15 11:45:20 | debug_robo_cima | INFO | ℹ️ GRA.A usando valores específicos: comprimentos=[120.0, 0.0, 0.0], espacos=[0.0, 0.0]
2025-11-15 11:45:20 | debug_robo_cima | INFO | 
----------------------------------------
2025-11-15 11:45:20 | debug_robo_cima | INFO | 📌 VERIFICAÇÃO DE PILAR ESPECIAL ATIVO
2025-11-15 11:45:20 | debug_robo_cima | INFO | ----------------------------------------
2025-11-15 11:45:20 | debug_robo_cima | INFO | ℹ️ 🔄 Verificando se pilar especial está ativo...
2025-11-15 11:45:20 | debug_robo_cima | INFO | ℹ️ 🔄 Status do checkbox pilar_rotacionado_var: True
2025-11-15 11:45:20 | debug_robo_cima | INFO | ℹ️ 🔄 Status do checkbox pilar_especial_ativo_var: False
2025-11-15 11:45:20 | debug_robo_cima | INFO | ℹ️ 🔄 Globais encontradas: 37 valores, tipo: 'L'
2025-11-15 11:45:20 | debug_robo_cima | INFO | ℹ️ ✅ Pilar especial ATIVO - pilar_rotacionado: True, pilar_especial: False, globais: True, tipo: L
2025-11-15 11:45:20 | debug_robo_cima | INFO | ℹ️ DEBUG: Valores lidos Grade B - grade1_grupo2=89.0, grade2_grupo2=0.0, grade3_grupo2=0.0, dist1_grupo2=0.0, dist2_grupo2=0.0
2025-11-15 11:45:20 | debug_robo_cima | INFO | ℹ️ DEBUG: Condição Grade B - grade1_grupo2 > 0: True, grade2_grupo2 > 0: False, grade3_grupo2 > 0: False
2025-11-15 11:45:20 | debug_robo_cima | INFO | ℹ️ DEBUG: Condição Grade B - grade1_grupo2 > 0 or grade2_grupo2 > 0 or grade3_grupo2 > 0: True
2025-11-15 11:45:20 | debug_robo_cima | INFO | ℹ️ GRA.B usando valores específicos: comprimentos=[89.0, 0.0, 0.0], espacos=[0.0, 0.0]
2025-11-15 11:45:20 | debug_robo_cima | INFO | 
----------------------------------------
2025-11-15 11:45:20 | debug_robo_cima | INFO | 📌 VERIFICAÇÃO DE PILAR ESPECIAL ATIVO
2025-11-15 11:45:20 | debug_robo_cima | INFO | ----------------------------------------
2025-11-15 11:45:20 | debug_robo_cima | INFO | ℹ️ 🔄 Verificando se pilar especial está ativo...
2025-11-15 11:45:20 | debug_robo_cima | INFO | ℹ️ 🔄 Status do checkbox pilar_rotacionado_var: True
2025-11-15 11:45:20 | debug_robo_cima | INFO | ℹ️ 🔄 Status do checkbox pilar_especial_ativo_var: False
2025-11-15 11:45:20 | debug_robo_cima | INFO | ℹ️ 🔄 Globais encontradas: 37 valores, tipo: 'L'
2025-11-15 11:45:20 | debug_robo_cima | INFO | ℹ️ ✅ Pilar especial ATIVO - pilar_rotacionado: True, pilar_especial: False, globais: True, tipo: L
2025-11-15 11:45:20 | debug_robo_cima | INFO | 
----------------------------------------
2025-11-15 11:45:20 | debug_robo_cima | INFO | 📌 PARAFUSOS ESPECIAIS - PILAR 1 (PARAFUSOS A)
2025-11-15 11:45:20 | debug_robo_cima | INFO | ----------------------------------------
2025-11-15 11:45:20 | debug_robo_cima | INFO | ℹ️ Pilar 1: Usando parafusos especiais: [38.0]
2025-11-15 11:45:20 | debug_robo_cima | INFO | ℹ️ Quantidade de parafusos: 1
2025-11-15 11:45:20 | debug_robo_cima | DEBUG | 🔍 Sem alteração para pilar1_parafuso_posicao - retornando valor original: -52
2025-11-15 11:45:20 | debug_robo_cima | INFO | 
----------------------------------------
2025-11-15 11:45:20 | debug_robo_cima | INFO | 📌 VERIFICAÇÃO DE PILAR ESPECIAL ATIVO
2025-11-15 11:45:20 | debug_robo_cima | INFO | ----------------------------------------
2025-11-15 11:45:20 | debug_robo_cima | INFO | ℹ️ 🔄 Verificando se pilar especial está ativo...
2025-11-15 11:45:20 | debug_robo_cima | INFO | ℹ️ 🔄 Status do checkbox pilar_rotacionado_var: True
2025-11-15 11:45:20 | debug_robo_cima | INFO | ℹ️ 🔄 Status do checkbox pilar_especial_ativo_var: False
2025-11-15 11:45:20 | debug_robo_cima | INFO | ℹ️ 🔄 Globais encontradas: 37 valores, tipo: 'L'
2025-11-15 11:45:20 | debug_robo_cima | INFO | ℹ️ ✅ Pilar especial ATIVO - pilar_rotacionado: True, pilar_especial: False, globais: True, tipo: L
2025-11-15 11:45:20 | debug_robo_cima | INFO | 
----------------------------------------
2025-11-15 11:45:20 | debug_robo_cima | INFO | 📌 DECISÃO DE COMANDO SCALE/ROTATE
2025-11-15 11:45:20 | debug_robo_cima | INFO | ----------------------------------------
2025-11-15 11:45:20 | debug_robo_cima | INFO | ℹ️ 🔄 Verificando qual comando usar (SCALE ou ROTATE)...
2025-11-15 11:45:20 | debug_robo_cima | INFO | ℹ️ 🔄 Status pilar_rotacionado = True, usar_scale = False
2025-11-15 11:45:20 | debug_robo_cima | INFO | ℹ️ ✅ PILAR ROTACIONADO ATIVO - Usando _ROTATE
2025-11-15 11:45:20 | debug_robo_cima | INFO | ℹ️ ✅ Script gerado com sucesso!
2025-11-15 11:45:20 | debug_robo_cima | INFO | 🔄 Script gerado: Tamanho: 3125 caracteres
2025-11-15 11:45:20 | debug_robo_cima | INFO | 
============================================================
2025-11-15 11:45:20 | debug_robo_cima | INFO | 📋 FIM DA GERAÇÃO DE SCRIPT CIMA
2025-11-15 11:45:20 | debug_robo_cima | INFO | ============================================================
2025-11-15 11:45:20 | debug_robo_cima | INFO | 
============================================================
2025-11-15 11:45:20 | debug_robo_cima | INFO | 📋 GERAÇÃO DE SCRIPT CIMA
2025-11-15 11:45:20 | debug_robo_cima | INFO | ============================================================
2025-11-15 11:45:20 | debug_robo_cima | INFO | ℹ️ 🔄 === INÍCIO DO gerar_script() ===
2025-11-15 11:45:20 | debug_robo_cima | INFO | ℹ️ 🔄 Estado inicial das globais: ID=2498927432896, len=0
2025-11-15 11:45:20 | debug_robo_cima | WARNING | ⚠️ _globais_pilar_especial está vazio ou None!
2025-11-15 11:45:20 | debug_robo_cima | INFO | ℹ️ 🔄 Status pilar_rotacionado no inicio: False
2025-11-15 11:45:20 | debug_robo_cima | INFO | ℹ️ 🔄 Prestes a chamar _verificar_pilar_especial_ativo()...
2025-11-15 11:45:20 | debug_robo_cima | INFO | ℹ️ 🔄 Estado das globais ANTES da verificação: False
2025-11-15 11:45:20 | debug_robo_cima | INFO | 
----------------------------------------
2025-11-15 11:45:20 | debug_robo_cima | INFO | 📌 VERIFICAÇÃO DE PILAR ESPECIAL ATIVO
2025-11-15 11:45:20 | debug_robo_cima | INFO | ----------------------------------------
2025-11-15 11:45:20 | debug_robo_cima | INFO | ℹ️ 🔄 Verificando se pilar especial está ativo...
2025-11-15 11:45:20 | debug_robo_cima | INFO | ℹ️ 🔄 Status do checkbox pilar_rotacionado_var: False
2025-11-15 11:45:20 | debug_robo_cima | INFO | ℹ️ 🔄 Status do checkbox pilar_especial_ativo_var: True
2025-11-15 11:45:20 | debug_robo_cima | INFO | ℹ️ 🔄 Globais encontradas: 37 valores, tipo: 'L'
2025-11-15 11:45:20 | debug_robo_cima | INFO | ℹ️ ✅ Pilar especial ATIVO - pilar_rotacionado: False, pilar_especial: True, globais: True, tipo: L
2025-11-15 11:45:20 | debug_robo_cima | INFO | ℹ️ 🔄 Resultado da verificação: True
2025-11-15 11:45:20 | debug_robo_cima | INFO | ℹ️ 🔄 Estado das globais APÓS a verificação: False
2025-11-15 11:45:20 | debug_robo_cima | INFO | ℹ️ 🔄 Pilar especial ativo: True
2025-11-15 11:45:20 | debug_robo_cima | INFO | ℹ️ 🔄 PILAR ESPECIAL L - Coordenada X base ajustada (SEGUNDO PILAR): -40 -> -236
2025-11-15 11:45:20 | debug_robo_cima | INFO | ℹ️ 🔄 PILAR ESPECIAL L - Ajuste Y do Pilar 2:
2025-11-15 11:45:20 | debug_robo_cima | INFO | ℹ️    Comprimento Pilar 1: 100.0
2025-11-15 11:45:20 | debug_robo_cima | INFO | ℹ️    Largura Pilar 2: 20.0
2025-11-15 11:45:20 | debug_robo_cima | INFO | ℹ️    Largura Pilar 1: 20.0
2025-11-15 11:45:20 | debug_robo_cima | INFO | ℹ️    Deslocamento base: -100.0 + 20.0 = -80.0
2025-11-15 11:45:20 | debug_robo_cima | INFO | ℹ️    Ajuste largura 1: 20.0 - 20 = 0.0
2025-11-15 11:45:20 | debug_robo_cima | INFO | ℹ️    Ajuste largura 2: -(20.0 - 20) = -0.0
2025-11-15 11:45:20 | debug_robo_cima | INFO | ℹ️    Deslocamento total: -80.0
2025-11-15 11:45:20 | debug_robo_cima | INFO | ℹ️    Valor original Y: 70 -> Novo Y: -10.0
2025-11-15 11:45:20 | debug_robo_cima | INFO | ℹ️ 🔄 PILAR ESPECIAL L - Coordenada Y base ajustada (SEGUNDO PILAR): 70 -> -10.0
2025-11-15 11:45:20 | debug_robo_cima | INFO | 
----------------------------------------
2025-11-15 11:45:20 | debug_robo_cima | INFO | 📌 APLICAÇÃO DE ALTERAÇÕES PILAR ESPECIAL - PAI.B
2025-11-15 11:45:20 | debug_robo_cima | INFO | ----------------------------------------
2025-11-15 11:45:20 | debug_robo_cima | INFO | ℹ️ 🔄 Aplicando alterações do pilar especial para PAI.B...
2025-11-15 11:45:20 | debug_robo_cima | DEBUG | 🔍 Sem alteração para pilar1_paib_posicao - retornando valor original: -247
2025-11-15 11:45:20 | debug_robo_cima | DEBUG | 🔍 Sem alteração para pilar1_paib_posicao - retornando valor original: 10.0
2025-11-15 11:45:20 | debug_robo_cima | INFO | ℹ️ Aplicando tamanho pilar especial: 122.0 -> 76.9 (pilar1_paib_tamanho)
2025-11-15 11:45:20 | debug_robo_cima | INFO | ℹ️ 🔧 AJUSTE POSIÇÃO - PAI.B Pilar 2: Apenas comprimentos dos pilares especiais
2025-11-15 11:45:20 | debug_robo_cima | INFO | ℹ️    Posição base: -238.0
2025-11-15 11:45:20 | debug_robo_cima | INFO | ℹ️ 🔧 AJUSTE COMP-1 - PAI.B Pilar 2: Sem ajuste (comp_1=100.0cm = 100cm)
2025-11-15 11:45:20 | debug_robo_cima | INFO | ℹ️ 🔄 PAI.B - Posição X: -247 -> -238.0
2025-11-15 11:45:20 | debug_robo_cima | INFO | ℹ️ 🔄 PAI.B - Posição Y: 10.0 -> 10.0
2025-11-15 11:45:20 | debug_robo_cima | INFO | ℹ️ 🔄 PAI.B - Comprimento: 122.0 -> 113.0
2025-11-15 11:45:20 | debug_robo_cima | DEBUG | 🔍 Sem alteração para pilar1_paia_posicao - retornando valor original: -247
2025-11-15 11:45:20 | debug_robo_cima | DEBUG | 🔍 Sem alteração para pilar1_paia_posicao - retornando valor original: -10.0
2025-11-15 11:45:20 | debug_robo_cima | INFO | ℹ️ Aplicando tamanho pilar especial: 122.0 -> 122.0 (pilar1_paia_tamanho)
2025-11-15 11:45:20 | debug_robo_cima | INFO | ℹ️ 🔧 AJUSTE LARGURA - PAI.A Pilar 2 POSIÇÃO: larg_1=20.0cm, ajuste=-0.0cm
2025-11-15 11:45:20 | debug_robo_cima | INFO | ℹ️    Posição: -260.0 -> -260.0
2025-11-15 11:45:20 | debug_robo_cima | INFO | ℹ️ 🔧 AJUSTE LARGURA - PAI.A Pilar 2: larg_1=20.0cm, ajuste=+0.0cm
2025-11-15 11:45:20 | debug_robo_cima | INFO | ℹ️    Tamanho: 135.0 -> 135.0
2025-11-15 11:45:20 | debug_robo_cima | INFO | ℹ️ [REFERENCIA-DINAMICA] Parede esquerda PAI.A FINAL REAL registrada: -260.0
2025-11-15 11:45:20 | debug_robo_cima | INFO | ℹ️ 🔧 AJUSTE LARGURA - Metal A Pilar 2 POSIÇÃO: larg_1=20.0cm, ajuste=-0.0cm
2025-11-15 11:45:20 | debug_robo_cima | INFO | ℹ️    Posição: -269.0 -> -269.0
2025-11-15 11:45:20 | debug_robo_cima | INFO | ℹ️ 🔧 AJUSTE LARGURA - Metal A Pilar 2: larg_1=20.0cm, ajuste=+0.0cm
2025-11-15 11:45:20 | debug_robo_cima | INFO | ℹ️    Tamanho: 164.0 -> 164.0
2025-11-15 11:45:20 | debug_robo_cima | INFO | ℹ️ 🔧 METAL A - posX=-269.0, posY=-19.0, comp=164.0, endX=-129.0, largura=7
2025-11-15 11:45:20 | debug_robo_cima | INFO | ℹ️ 🔧 METAL B - posX=-224.0, posY=19.0, comp=118.99999999999999, endX=-129.0, largura=7
2025-11-15 11:45:20 | debug_robo_cima | INFO | ℹ️ Grade A - Pilar 2 Especial: ajuste fixo -13cm + largura 20.0cm (ajuste -0.0cm)
2025-11-15 11:45:20 | debug_robo_cima | INFO | ℹ️ Grade A - Pilar 2: -24.0 -> -24.0
2025-11-15 11:45:20 | debug_robo_cima | INFO | ℹ️ DEBUG: Valores lidos Grade A - grade1=111.0, grade2=0.0, grade3=0.0, dist1=0.0, dist2=0.0
2025-11-15 11:45:20 | debug_robo_cima | INFO | ℹ️ DEBUG: Condição Grade A - grade1 > 0: True, grade2 > 0: False, grade3 > 0: False
2025-11-15 11:45:20 | debug_robo_cima | INFO | ℹ️ DEBUG: Condição Grade A - grade1 > 0 or grade2 > 0 or grade3 > 0: True
2025-11-15 11:45:20 | debug_robo_cima | INFO | ℹ️ GRA.A usando valores específicos: comprimentos=[111.0, 0.0, 0.0], espacos=[0.0, 0.0]
2025-11-15 11:45:20 | debug_robo_cima | INFO | 
----------------------------------------
2025-11-15 11:45:20 | debug_robo_cima | INFO | 📌 VERIFICAÇÃO DE PILAR ESPECIAL ATIVO
2025-11-15 11:45:20 | debug_robo_cima | INFO | ----------------------------------------
2025-11-15 11:45:20 | debug_robo_cima | INFO | ℹ️ 🔄 Verificando se pilar especial está ativo...
2025-11-15 11:45:20 | debug_robo_cima | INFO | ℹ️ 🔄 Status do checkbox pilar_rotacionado_var: False
2025-11-15 11:45:20 | debug_robo_cima | INFO | ℹ️ 🔄 Status do checkbox pilar_especial_ativo_var: True
2025-11-15 11:45:20 | debug_robo_cima | INFO | ℹ️ 🔄 Globais encontradas: 37 valores, tipo: 'L'
2025-11-15 11:45:20 | debug_robo_cima | INFO | ℹ️ ✅ Pilar especial ATIVO - pilar_rotacionado: False, pilar_especial: True, globais: True, tipo: L
2025-11-15 11:45:20 | debug_robo_cima | INFO | ℹ️ [GRADE-E-OFFSET] Grade 1: offset_grade_e=+0.0 será aplicado a TODOS os blocks
2025-11-15 11:45:20 | debug_robo_cima | INFO | ℹ️ Grade B - Pilar 2 Especial: movendo 25.4cm para direita: -11.0 -> 14.399999999999999
2025-11-15 11:45:20 | debug_robo_cima | INFO | ℹ️ DEBUG: Valores lidos Grade B - grade1_grupo2=89.0, grade2_grupo2=0.0, grade3_grupo2=0.0, dist1_grupo2=0.0, dist2_grupo2=0.0
2025-11-15 11:45:20 | debug_robo_cima | INFO | ℹ️ DEBUG: Condição Grade B - grade1_grupo2 > 0: True, grade2_grupo2 > 0: False, grade3_grupo2 > 0: False
2025-11-15 11:45:20 | debug_robo_cima | INFO | ℹ️ DEBUG: Condição Grade B - grade1_grupo2 > 0 or grade2_grupo2 > 0 or grade3_grupo2 > 0: True
2025-11-15 11:45:20 | debug_robo_cima | INFO | ℹ️ GRA.B usando valores específicos: comprimentos=[89.0, 0.0, 0.0], espacos=[0.0, 0.0]
2025-11-15 11:45:20 | debug_robo_cima | INFO | 
----------------------------------------
2025-11-15 11:45:20 | debug_robo_cima | INFO | 📌 VERIFICAÇÃO DE PILAR ESPECIAL ATIVO
2025-11-15 11:45:20 | debug_robo_cima | INFO | ----------------------------------------
2025-11-15 11:45:20 | debug_robo_cima | INFO | ℹ️ 🔄 Verificando se pilar especial está ativo...
2025-11-15 11:45:20 | debug_robo_cima | INFO | ℹ️ 🔄 Status do checkbox pilar_rotacionado_var: False
2025-11-15 11:45:20 | debug_robo_cima | INFO | ℹ️ 🔄 Status do checkbox pilar_especial_ativo_var: True
2025-11-15 11:45:20 | debug_robo_cima | INFO | ℹ️ 🔄 Globais encontradas: 37 valores, tipo: 'L'
2025-11-15 11:45:20 | debug_robo_cima | INFO | ℹ️ ✅ Pilar especial ATIVO - pilar_rotacionado: False, pilar_especial: True, globais: True, tipo: L
2025-11-15 11:45:20 | debug_robo_cima | INFO | ℹ️ [GRADE-F-OFFSET] Grade 1: modo INI, offset=-2.4cm será aplicado a TODOS os blocks
2025-11-15 11:45:20 | debug_robo_cima | INFO | ℹ️ [GRADE-F-BLOCK] Grade 1, Block 1: offset_grade_f=-2.4, posicao_final=-224.0
2025-11-15 11:45:20 | debug_robo_cima | INFO | ℹ️ [GRADE-F-BLOCK] Grade 1, Block 2: offset_grade_f=-2.4, posicao_final=-195.75
2025-11-15 11:45:20 | debug_robo_cima | INFO | ℹ️ [GRADE-F-BLOCK] Grade 1, Block 3: offset_grade_f=-2.4, posicao_final=-165.75
2025-11-15 11:45:20 | debug_robo_cima | INFO | ℹ️ [GRADE-F-BLOCK] Grade 1, Block 4: offset_grade_f=-2.4, posicao_final=-135.0
2025-11-15 11:45:20 | debug_robo_cima | INFO | ℹ️ [GRADE-F-COTA] Grade 1: offset_grade_f=-2.4
2025-11-15 11:45:20 | debug_robo_cima | INFO | 
----------------------------------------
2025-11-15 11:45:20 | debug_robo_cima | INFO | 📌 PARAFUSOS ESPECIAIS - PILAR 2 (PARAFUSOS E)
2025-11-15 11:45:20 | debug_robo_cima | INFO | ----------------------------------------
2025-11-15 11:45:20 | debug_robo_cima | INFO | ℹ️ Pilar 2: Usando parafusos especiais: [39.0]
2025-11-15 11:45:20 | debug_robo_cima | INFO | ℹ️ Quantidade de parafusos: 1
2025-11-15 11:45:20 | debug_robo_cima | INFO | ℹ️ Start X = -186.5
2025-11-15 11:45:20 | debug_robo_cima | DEBUG | 🔍 Sem alteração para pilar1_parafuso_posicao - retornando valor original: -186.5
2025-11-15 11:45:20 | debug_robo_cima | ERROR | ❌ Erro ao gerar script: cannot access local variable 'modo_nova' where it is not associated with a value
2025-11-15 11:45:20 | debug_robo_cima | ERROR | ❌ Traceback: Traceback (most recent call last):
  File "c:\Users\Ryzen\Desktop\GITHUB\pilares\pilares-atualizado-09-25\src\robots\Robo_Pilar_Visao_Cima.py", line 4637, in gerar_script
    modo_ini = not modo_nova  # Modo INI é quando tipo_linha != "pline"
                   ^^^^^^^^^
UnboundLocalError: cannot access local variable 'modo_nova' where it is not associated with a value

