2025-09-15 12:49:17 | debug_robo_cima | INFO | Iniciando logs de depuração para robo_cima
2025-09-15 12:49:17 | debug_robo_cima | INFO | Arquivo de log: logs\depuracao\robo_cima_20250915_124917.log
2025-09-15 12:49:18 | debug_robo_cima | INFO | ℹ️ 🔄 Instância do GeradorPilar registrada globalmente
2025-09-15 12:49:18 | debug_robo_cima | INFO | ℹ️ 🔄 Globais do pilar especial inicializadas
2025-09-15 12:49:19 | debug_robo_cima | INFO | 
============================================================
2025-09-15 12:49:19 | debug_robo_cima | INFO | 📋 GERAÇÃO DE SCRIPT CIMA
2025-09-15 12:49:19 | debug_robo_cima | INFO | ============================================================
2025-09-15 12:49:19 | debug_robo_cima | INFO | ℹ️ 🔄 === INÍCIO DO gerar_script() ===
2025-09-15 12:49:19 | debug_robo_cima | INFO | ℹ️ 🔄 Estado inicial das globais: ID=2200560643520, len=0
2025-09-15 12:49:19 | debug_robo_cima | WARNING | ⚠️ _globais_pilar_especial está vazio ou None!
2025-09-15 12:49:19 | debug_robo_cima | INFO | ℹ️ 🔄 Status pilar_rotacionado no inicio: False
2025-09-15 12:49:19 | debug_robo_cima | INFO | ℹ️ 🔄 Prestes a chamar _verificar_pilar_especial_ativo()...
2025-09-15 12:49:19 | debug_robo_cima | INFO | ℹ️ 🔄 Estado das globais ANTES da verificação: False
2025-09-15 12:49:19 | debug_robo_cima | INFO | 
----------------------------------------
2025-09-15 12:49:19 | debug_robo_cima | INFO | 📌 VERIFICAÇÃO DE PILAR ESPECIAL ATIVO
2025-09-15 12:49:19 | debug_robo_cima | INFO | ----------------------------------------
2025-09-15 12:49:19 | debug_robo_cima | INFO | ℹ️ 🔄 Verificando se pilar especial está ativo...
2025-09-15 12:49:19 | debug_robo_cima | INFO | ℹ️ 🔄 Status do checkbox pilar_rotacionado_var: False
2025-09-15 12:49:19 | debug_robo_cima | INFO | ℹ️ 🔄 Status do checkbox pilar_especial_ativo_var: False
2025-09-15 12:49:19 | debug_robo_cima | INFO | ℹ️ Pilar especial INATIVO - pilar_rotacionado: False, pilar_especial: False, globais: False, tipo: ''
2025-09-15 12:49:19 | debug_robo_cima | INFO | ℹ️ 🔄 Resultado da verificação: False
2025-09-15 12:49:19 | debug_robo_cima | INFO | ℹ️ 🔄 Estado das globais APÓS a verificação: False
2025-09-15 12:49:19 | debug_robo_cima | INFO | ℹ️ 🔄 Pilar especial ativo: False
2025-09-15 12:49:19 | debug_robo_cima | INFO | 
----------------------------------------
2025-09-15 12:49:19 | debug_robo_cima | INFO | 📌 APLICAÇÃO DE ALTERAÇÕES PILAR ESPECIAL - PAI.B
2025-09-15 12:49:19 | debug_robo_cima | INFO | ----------------------------------------
2025-09-15 12:49:19 | debug_robo_cima | INFO | ℹ️ 🔄 Aplicando alterações do pilar especial para PAI.B...
2025-09-15 12:49:19 | debug_robo_cima | WARNING | ⚠️ Pilar especial INATIVO (sem globais no gerador) - retornando valor original: -51
2025-09-15 12:49:20 | debug_robo_cima | WARNING | ⚠️ Pilar especial INATIVO (sem globais no gerador) - retornando valor original: 92.0
2025-09-15 12:49:20 | debug_robo_cima | WARNING | ⚠️ Pilar especial INATIVO (sem globais no gerador) - retornando valor original: 222.0
2025-09-15 12:49:20 | debug_robo_cima | INFO | ℹ️ 🔄 PAI.B - Posição X: -51 -> -51
2025-09-15 12:49:20 | debug_robo_cima | INFO | ℹ️ 🔄 PAI.B - Posição Y: 92.0 -> 92.0
2025-09-15 12:49:20 | debug_robo_cima | INFO | ℹ️ 🔄 PAI.B - Comprimento: 222.0 -> 222.0
2025-09-15 12:49:20 | debug_robo_cima | WARNING | ⚠️ Pilar especial INATIVO (sem globais no gerador) - retornando valor original: -51
2025-09-15 12:49:20 | debug_robo_cima | WARNING | ⚠️ Pilar especial INATIVO (sem globais no gerador) - retornando valor original: 70
2025-09-15 12:49:20 | debug_robo_cima | WARNING | ⚠️ Pilar especial INATIVO (sem globais no gerador) - retornando valor original: 222.0
2025-09-15 12:49:20 | debug_robo_cima | ERROR | ❌ Erro ao gerar script: local variable 'y_cota_pai_b' referenced before assignment
2025-09-15 12:49:20 | debug_robo_cima | ERROR | ❌ Traceback: Traceback (most recent call last):
  File "C:\Users\rvene\Desktop\PILARES-V-1.0\PILARES\src\robots\Robo_Pilar_Visao_Cima.py", line 1719, in gerar_script
    {posicao_x_pai_b},{y_cota_pai_b}
UnboundLocalError: local variable 'y_cota_pai_b' referenced before assignment

