2025-11-03 22:36:57 | debug_run_script | INFO | Iniciando logs de depuração para run_script
2025-11-03 22:36:57 | debug_run_script | INFO | Arquivo de log: logs\depuracao\run_script_20251103_223657.log
2025-11-03 22:36:57 | debug_run_script | INFO | 
============================================================
2025-11-03 22:36:57 | debug_run_script | INFO | 📋 INICIALIZAÇÃO DO PILARANALYZER
2025-11-03 22:36:57 | debug_run_script | INFO | ============================================================
2025-11-03 22:36:57 | debug_run_script | INFO | ℹ️ Data/Hora de início: 2025-11-03 22:36:57
2025-11-03 22:36:57 | debug_run_script | INFO | ℹ️ Diretório do script: c:\Users\Ryzen\Desktop\GITHUB\pilares\pilares-atualizado-09-25
2025-11-03 22:36:57 | debug_run_script | INFO | ℹ️ Diretório src: c:\Users\Ryzen\Desktop\GITHUB\pilares\pilares-atualizado-09-25\src
2025-11-03 22:36:57 | debug_run_script | INFO | ℹ️ Ambiente frozen: False
2025-11-03 22:36:57 | debug_run_script | INFO | ℹ️ [INFO] Configurando paths do sistema...
2025-11-03 22:36:57 | debug_run_script | INFO | ℹ️ [OK] Paths configurados com sucesso
2025-11-03 22:36:57 | debug_run_script | INFO | 
----------------------------------------
2025-11-03 22:36:57 | debug_run_script | INFO | 📌 CARREGAMENTO DE MÓDULOS
2025-11-03 22:36:57 | debug_run_script | INFO | ----------------------------------------
2025-11-03 22:36:57 | debug_run_script | INFO | ℹ️ Importando módulo main...
2025-11-03 22:36:58 | debug_run_script | INFO | ℹ️ Módulos carregados com sucesso!
2025-11-03 22:36:58 | debug_run_script | INFO | 
----------------------------------------
2025-11-03 22:36:58 | debug_run_script | INFO | 📌 EXECUÇÃO DO PILARANALYZER
2025-11-03 22:36:58 | debug_run_script | INFO | ----------------------------------------
